#
# There is insufficient memory for the Java Runtime Environment to continue.
# Native memory allocation (mmap) failed to map 14680064 bytes for G1 virtual space
# Possible reasons:
#   The system is out of physical RAM or swap space
#   The process is running with CompressedOops enabled, and the Java Heap may be blocking the growth of the native heap
# Possible solutions:
#   Reduce memory load on the system
#   Increase physical memory or swap space
#   Check if swap backing store is full
#   Decrease Java heap size (-Xmx/-Xms)
#   Decrease number of Java threads
#   Decrease Java thread stack sizes (-Xss)
#   Set larger code cache with -XX:ReservedCodeCacheSize=
#   JVM is running with Unscaled Compressed Oops mode in which the Java heap is
#     placed in the first 4GB address space. The Java Heap base address is the
#     maximum limit for the native heap growth. Please use -XX:HeapBaseMinAddress
#     to set the Java Heap base and to place the Java Heap above 4GB virtual address.
# This output file may be truncated or incomplete.
#
#  Out of Memory Error (os_windows.cpp:3825), pid=7216, tid=17988
#
# JRE version: OpenJDK Runtime Environment (17.0.10) (build 17.0.10+0--11609105)
# Java VM: OpenJDK 64-Bit Server VM (17.0.10+0--11609105, mixed mode, tiered, compressed oops, compressed class ptrs, g1 gc, windows-amd64)
# No core dump will be written. Minidumps are not enabled by default on client versions of Windows
#

---------------  S U M M A R Y ------------

Command Line: --add-opens=java.base/java.util=ALL-UNNAMED --add-opens=java.base/java.lang=ALL-UNNAMED --add-opens=java.base/java.lang.invoke=ALL-UNNAMED --add-opens=java.prefs/java.util.prefs=ALL-UNNAMED --add-opens=java.base/java.nio.charset=ALL-UNNAMED --add-opens=java.base/java.net=ALL-UNNAMED --add-opens=java.base/java.util.concurrent.atomic=ALL-UNNAMED -Xmx2048m -Dfile.encoding=UTF-8 -Duser.country=US -Duser.language=en -Duser.variant -javaagent:C:\Users\Graphic\.gradle\wrapper\dists\gradle-8.7-bin\bhs2wmbdwecv87pi65oeuq5iu\gradle-8.7\lib\agents\gradle-instrumentation-agent-8.7.jar org.gradle.launcher.daemon.bootstrap.GradleDaemon 8.7

Host: 11th Gen Intel(R) Core(TM) i3-1115G4 @ 3.00GHz, 4 cores, 3G,  Windows 11 , 64 bit Build 22621 (10.0.22621.4391)
Time: Wed Dec  4 17:48:19 2024 Egypt Standard Time elapsed time: 8.905011 seconds (0d 0h 0m 8s)

---------------  T H R E A D  ---------------

Current thread (0x000001c1add45240):  VMThread "VM Thread" [stack: 0x0000007da3400000,0x0000007da3500000] [id=17988]

Stack: [0x0000007da3400000,0x0000007da3500000]
Native frames: (J=compiled Java code, j=interpreted, Vv=VM code, C=native code)
V  [jvm.dll+0x688de9]
V  [jvm.dll+0x8423da]
V  [jvm.dll+0x84401e]
V  [jvm.dll+0x844683]
V  [jvm.dll+0x24be0f]
V  [jvm.dll+0x685bb9]
V  [jvm.dll+0x67a46a]
V  [jvm.dll+0x30cbab]
V  [jvm.dll+0x314056]
V  [jvm.dll+0x363dce]
V  [jvm.dll+0x363fff]
V  [jvm.dll+0x2e2978]
V  [jvm.dll+0x2e5a66]
V  [jvm.dll+0x2f027a]
V  [jvm.dll+0x325240]
V  [jvm.dll+0x848d7b]
V  [jvm.dll+0x849ac1]
V  [jvm.dll+0x849fdd]
V  [jvm.dll+0x84a3b4]
V  [jvm.dll+0x84a480]
V  [jvm.dll+0x7f0c7a]
V  [jvm.dll+0x687c65]
C  [ucrtbase.dll+0x29333]
C  [KERNEL32.DLL+0x1259d]
C  [ntdll.dll+0x5af38]

VM_Operation (0x0000007da30ff800): G1PauseRemark, mode: safepoint, requested by thread 0x000001c19480ac70


---------------  P R O C E S S  ---------------

Threads class SMR info:
_java_thread_list=0x000001c1b6632220, length=42, elements={
0x000001c19479e830, 0x000001c1add48b90, 0x000001c1add49750, 0x000001c1add96290,
0x000001c1b200f0a0, 0x000001c1b2011680, 0x000001c1b2012040, 0x000001c1b2012d30,
0x000001c1b201f820, 0x000001c1b2031e20, 0x000001c1b2178b80, 0x000001c1b22473b0,
0x000001c1b3340550, 0x000001c1b3bfa1c0, 0x000001c1b43172a0, 0x000001c1b400b420,
0x000001c1b3a6e220, 0x000001c1b3fa39b0, 0x000001c1b43c6580, 0x000001c1b42fb060,
0x000001c1b42fc4a0, 0x000001c1b42fc9b0, 0x000001c1b42fddf0, 0x000001c1b42fbf90,
0x000001c1b42fb570, 0x000001c1b42fcec0, 0x000001c1b42fd8e0, 0x000001c1b42fba80,
0x000001c1b42fe300, 0x000001c1b42fe810, 0x000001c1b47e13d0, 0x000001c1b47e3c50,
0x000001c1b47e0ec0, 0x000001c1b47e5fc0, 0x000001c1b47e18e0, 0x000001c1b47dfa80,
0x000001c1b5e89640, 0x000001c1b47e69e0, 0x000001c1b47e4160, 0x000001c1b47e4670,
0x000001c1b47e5090, 0x000001c1b47dff90
}

Java Threads: ( => current thread )
  0x000001c19479e830 JavaThread "main" [_thread_blocked, id=7588, stack(0x0000007da2e00000,0x0000007da2f00000)]
  0x000001c1add48b90 JavaThread "Reference Handler" daemon [_thread_blocked, id=14892, stack(0x0000007da3500000,0x0000007da3600000)]
  0x000001c1add49750 JavaThread "Finalizer" daemon [_thread_blocked, id=9528, stack(0x0000007da3600000,0x0000007da3700000)]
  0x000001c1add96290 JavaThread "Signal Dispatcher" daemon [_thread_blocked, id=11276, stack(0x0000007da3700000,0x0000007da3800000)]
  0x000001c1b200f0a0 JavaThread "Attach Listener" daemon [_thread_blocked, id=16352, stack(0x0000007da3800000,0x0000007da3900000)]
  0x000001c1b2011680 JavaThread "Service Thread" daemon [_thread_blocked, id=16836, stack(0x0000007da3900000,0x0000007da3a00000)]
  0x000001c1b2012040 JavaThread "Monitor Deflation Thread" daemon [_thread_blocked, id=17156, stack(0x0000007da3a00000,0x0000007da3b00000)]
  0x000001c1b2012d30 JavaThread "C2 CompilerThread0" daemon [_thread_blocked, id=9512, stack(0x0000007da3b00000,0x0000007da3c00000)]
  0x000001c1b201f820 JavaThread "C1 CompilerThread0" daemon [_thread_blocked, id=11864, stack(0x0000007da3c00000,0x0000007da3d00000)]
  0x000001c1b2031e20 JavaThread "Sweeper thread" daemon [_thread_blocked, id=10524, stack(0x0000007da3d00000,0x0000007da3e00000)]
  0x000001c1b2178b80 JavaThread "Common-Cleaner" daemon [_thread_blocked, id=7192, stack(0x0000007da3e00000,0x0000007da3f00000)]
  0x000001c1b22473b0 JavaThread "Notification Thread" daemon [_thread_blocked, id=15444, stack(0x0000007da3f00000,0x0000007da4000000)]
  0x000001c1b3340550 JavaThread "Daemon health stats" [_thread_blocked, id=18072, stack(0x0000007da4500000,0x0000007da4600000)]
  0x000001c1b3bfa1c0 JavaThread "Incoming local TCP Connector on port 58904" [_thread_in_native, id=8272, stack(0x0000007da4400000,0x0000007da4500000)]
  0x000001c1b43172a0 JavaThread "Daemon periodic checks" [_thread_blocked, id=10404, stack(0x0000007da4600000,0x0000007da4700000)]
  0x000001c1b400b420 JavaThread "Daemon" [_thread_blocked, id=7552, stack(0x0000007da4700000,0x0000007da4800000)]
  0x000001c1b3a6e220 JavaThread "Handler for socket connection from /127.0.0.1:58904 to /127.0.0.1:58905" [_thread_in_native, id=4560, stack(0x0000007da4800000,0x0000007da4900000)]
  0x000001c1b3fa39b0 JavaThread "Cancel handler" [_thread_blocked, id=18836, stack(0x0000007da4900000,0x0000007da4a00000)]
  0x000001c1b43c6580 JavaThread "Daemon worker" [_thread_blocked, id=14824, stack(0x0000007da4a00000,0x0000007da4b00000)]
  0x000001c1b42fb060 JavaThread "Asynchronous log dispatcher for DefaultDaemonConnection: socket connection from /127.0.0.1:58904 to /127.0.0.1:58905" [_thread_blocked, id=15468, stack(0x0000007da4b00000,0x0000007da4c00000)]
  0x000001c1b42fc4a0 JavaThread "Stdin handler" [_thread_blocked, id=15576, stack(0x0000007da4c00000,0x0000007da4d00000)]
  0x000001c1b42fc9b0 JavaThread "Daemon client event forwarder" [_thread_blocked, id=12124, stack(0x0000007da4d00000,0x0000007da4e00000)]
  0x000001c1b42fddf0 JavaThread "Cache worker for journal cache (C:\Users\Graphic\.gradle\caches\journal-1)" [_thread_blocked, id=16456, stack(0x0000007da4e00000,0x0000007da4f00000)]
  0x000001c1b42fbf90 JavaThread "File lock request listener" [_thread_in_native, id=14452, stack(0x0000007da4f00000,0x0000007da5000000)]
  0x000001c1b42fb570 JavaThread "Cache worker for file hash cache (C:\Users\Graphic\.gradle\caches\8.7\fileHashes)" [_thread_blocked, id=1756, stack(0x0000007da5000000,0x0000007da5100000)]
  0x000001c1b42fcec0 JavaThread "Cache worker for file hash cache (C:\Users\Graphic\AndroidStudioProjects\NewsApplication\.gradle\8.7\fileHashes)" [_thread_blocked, id=10912, stack(0x0000007da5200000,0x0000007da5300000)]
  0x000001c1b42fd8e0 JavaThread "File watcher server" daemon [_thread_in_native, id=14748, stack(0x0000007da5300000,0x0000007da5400000)]
  0x000001c1b42fba80 JavaThread "File watcher consumer" daemon [_thread_blocked, id=18420, stack(0x0000007da5400000,0x0000007da5500000)]
  0x000001c1b42fe300 JavaThread "jar transforms" [_thread_blocked, id=13380, stack(0x0000007da5500000,0x0000007da5600000)]
  0x000001c1b42fe810 JavaThread "jar transforms Thread 2" [_thread_blocked, id=4296, stack(0x0000007da5600000,0x0000007da5700000)]
  0x000001c1b47e13d0 JavaThread "jar transforms Thread 3" [_thread_blocked, id=8408, stack(0x0000007da5700000,0x0000007da5800000)]
  0x000001c1b47e3c50 JavaThread "jar transforms Thread 4" [_thread_blocked, id=12564, stack(0x0000007da5800000,0x0000007da5900000)]
  0x000001c1b47e0ec0 JavaThread "Cache worker for checksums cache (C:\Users\Graphic\AndroidStudioProjects\NewsApplication\.gradle\8.7\checksums)" [_thread_blocked, id=14312, stack(0x0000007da5900000,0x0000007da5a00000)]
  0x000001c1b47e5fc0 JavaThread "Cache worker for cache directory md-supplier (C:\Users\Graphic\.gradle\caches\8.7\md-supplier)" [_thread_blocked, id=2112, stack(0x0000007da5a00000,0x0000007da5b00000)]
  0x000001c1b47e18e0 JavaThread "Cache worker for cache directory md-rule (C:\Users\Graphic\.gradle\caches\8.7\md-rule)" [_thread_blocked, id=18720, stack(0x0000007da5b00000,0x0000007da5c00000)]
  0x000001c1b47dfa80 JavaThread "Cache worker for file content cache (C:\Users\Graphic\.gradle\caches\8.7\fileContent)" [_thread_blocked, id=5224, stack(0x0000007da5c00000,0x0000007da5d00000)]
  0x000001c1b5e89640 JavaThread "C2 CompilerThread1" daemon [_thread_blocked, id=18956, stack(0x0000007da5100000,0x0000007da5200000)]
  0x000001c1b47e69e0 JavaThread "Unconstrained build operations" [_thread_blocked, id=19348, stack(0x0000007da5d00000,0x0000007da5e00000)]
  0x000001c1b47e4160 JavaThread "Unconstrained build operations Thread 2" [_thread_blocked, id=13600, stack(0x0000007da5e00000,0x0000007da5f00000)]
  0x000001c1b47e4670 JavaThread "Unconstrained build operations Thread 3" [_thread_blocked, id=6644, stack(0x0000007da5f00000,0x0000007da6000000)]
  0x000001c1b47e5090 JavaThread "Unconstrained build operations Thread 4" [_thread_blocked, id=11928, stack(0x0000007da6000000,0x0000007da6100000)]
  0x000001c1b47dff90 JavaThread "Unconstrained build operations Thread 5" [_thread_blocked, id=8684, stack(0x0000007da6100000,0x0000007da6200000)]

Other Threads:
=>0x000001c1add45240 VMThread "VM Thread" [stack: 0x0000007da3400000,0x0000007da3500000] [id=17988]
  0x000001c1b2247890 WatcherThread [stack: 0x0000007da4000000,0x0000007da4100000] [id=2200]
  0x000001c1947f9d20 GCTaskThread "GC Thread#0" [stack: 0x0000007da2f00000,0x0000007da3000000] [id=10364]
  0x000001c1b246c730 GCTaskThread "GC Thread#1" [stack: 0x0000007da4100000,0x0000007da4200000] [id=12908]
  0x000001c1b24c6fa0 GCTaskThread "GC Thread#2" [stack: 0x0000007da4200000,0x0000007da4300000] [id=9540]
  0x000001c1b2b88050 GCTaskThread "GC Thread#3" [stack: 0x0000007da4300000,0x0000007da4400000] [id=15132]
  0x000001c19480ac70 ConcurrentGCThread "G1 Main Marker" [stack: 0x0000007da3000000,0x0000007da3100000] [id=18064]
  0x000001c19480b690 ConcurrentGCThread "G1 Conc#0" [stack: 0x0000007da3100000,0x0000007da3200000] [id=10556]
  0x000001c194849990 ConcurrentGCThread "G1 Refine#0" [stack: 0x0000007da3200000,0x0000007da3300000] [id=7928]
  0x000001c19484b270 ConcurrentGCThread "G1 Service" [stack: 0x0000007da3300000,0x0000007da3400000] [id=11444]

Threads with active compile tasks:
C2 CompilerThread1     8937 4643       4       org.codehaus.groovy.runtime.metaclass.MetaMethodIndex::addMethodToList (128 bytes)

VM state: at safepoint (normal execution)

VM Mutex/Monitor currently owned by a thread:  ([mutex/lock_event])
[0x000001c19479a510] Threads_lock - owner thread: 0x000001c1add45240
[0x000001c194799550] Heap_lock - owner thread: 0x000001c19480ac70

Heap address: 0x0000000080000000, size: 2048 MB, Compressed Oops mode: 32-bit

CDS archive(s) not mapped
Compressed class space mapped at: 0x0000000100000000-0x0000000140000000, reserved size: 1073741824
Narrow klass base: 0x0000000000000000, Narrow klass shift: 3, Narrow klass range: 0x140000000

GC Precious Log:
 CPUs: 4 total, 4 available
 Memory: 3790M
 Large Page Support: Disabled
 NUMA Support: Disabled
 Compressed Oops: Enabled (32-bit)
 Heap Region Size: 1M
 Heap Min Capacity: 8M
 Heap Initial Capacity: 60M
 Heap Max Capacity: 2G
 Pre-touch: Disabled
 Parallel Workers: 4
 Concurrent Workers: 1
 Concurrent Refinement Workers: 4
 Periodic GC: Disabled

Heap:
 garbage-first heap   total 102400K, used 67667K [0x0000000080000000, 0x0000000100000000)
  region size 1024K, 5 young (5120K), 3 survivors (3072K)
 Metaspace       used 51084K, committed 51584K, reserved 1114112K
  class space    used 6900K, committed 7104K, reserved 1048576K

Heap Regions: E=young(eden), S=young(survivor), O=old, HS=humongous(starts), HC=humongous(continues), CS=collection set, F=free, OA=open archive, CA=closed archive, TAMS=top-at-mark-start (previous, next)
|   0|0x0000000080000000, 0x0000000080100000, 0x0000000080100000|100%| O|  |TAMS 0x0000000080100000, 0x0000000080000000| Untracked 
|   1|0x0000000080100000, 0x0000000080200000, 0x0000000080200000|100%| O|  |TAMS 0x0000000080200000, 0x0000000080100000| Untracked 
|   2|0x0000000080200000, 0x0000000080300000, 0x0000000080300000|100%|HS|  |TAMS 0x0000000080300000, 0x0000000080200000| Complete 
|   3|0x0000000080300000, 0x0000000080400000, 0x0000000080400000|100%|HC|  |TAMS 0x0000000080400000, 0x0000000080300000| Complete 
|   4|0x0000000080400000, 0x0000000080500000, 0x0000000080500000|100%|HC|  |TAMS 0x0000000080500000, 0x0000000080400000| Complete 
|   5|0x0000000080500000, 0x0000000080600000, 0x0000000080600000|100%|HC|  |TAMS 0x0000000080600000, 0x0000000080500000| Complete 
|   6|0x0000000080600000, 0x0000000080700000, 0x0000000080700000|100%| O|  |TAMS 0x0000000080700000, 0x0000000080600000| Untracked 
|   7|0x0000000080700000, 0x0000000080800000, 0x0000000080800000|100%| O|  |TAMS 0x0000000080800000, 0x0000000080700000| Untracked 
|   8|0x0000000080800000, 0x0000000080900000, 0x0000000080900000|100%| O|  |TAMS 0x0000000080900000, 0x0000000080800000| Untracked 
|   9|0x0000000080900000, 0x0000000080a00000, 0x0000000080a00000|100%| O|  |TAMS 0x0000000080a00000, 0x0000000080900000| Untracked 
|  10|0x0000000080a00000, 0x0000000080b00000, 0x0000000080b00000|100%| O|  |TAMS 0x0000000080b00000, 0x0000000080a00000| Untracked 
|  11|0x0000000080b00000, 0x0000000080c00000, 0x0000000080c00000|100%| O|  |TAMS 0x0000000080c00000, 0x0000000080b00000| Untracked 
|  12|0x0000000080c00000, 0x0000000080d00000, 0x0000000080d00000|100%| O|  |TAMS 0x0000000080d00000, 0x0000000080c00000| Untracked 
|  13|0x0000000080d00000, 0x0000000080e00000, 0x0000000080e00000|100%| O|  |TAMS 0x0000000080e00000, 0x0000000080d00000| Untracked 
|  14|0x0000000080e00000, 0x0000000080f00000, 0x0000000080f00000|100%| O|  |TAMS 0x0000000080f00000, 0x0000000080e00000| Untracked 
|  15|0x0000000080f00000, 0x0000000081000000, 0x0000000081000000|100%| O|  |TAMS 0x0000000081000000, 0x0000000080f00000| Untracked 
|  16|0x0000000081000000, 0x0000000081100000, 0x0000000081100000|100%| O|  |TAMS 0x0000000081100000, 0x0000000081000000| Untracked 
|  17|0x0000000081100000, 0x0000000081200000, 0x0000000081200000|100%| O|  |TAMS 0x0000000081200000, 0x0000000081100000| Untracked 
|  18|0x0000000081200000, 0x0000000081300000, 0x0000000081300000|100%| O|  |TAMS 0x0000000081300000, 0x0000000081200000| Untracked 
|  19|0x0000000081300000, 0x0000000081400000, 0x0000000081400000|100%| O|  |TAMS 0x0000000081400000, 0x0000000081300000| Untracked 
|  20|0x0000000081400000, 0x0000000081500000, 0x0000000081500000|100%|HS|  |TAMS 0x0000000081500000, 0x0000000081400000| Complete 
|  21|0x0000000081500000, 0x0000000081600000, 0x0000000081600000|100%|HC|  |TAMS 0x0000000081600000, 0x0000000081500000| Complete 
|  22|0x0000000081600000, 0x0000000081700000, 0x0000000081700000|100%|HC|  |TAMS 0x0000000081700000, 0x0000000081600000| Complete 
|  23|0x0000000081700000, 0x0000000081800000, 0x0000000081800000|100%|HC|  |TAMS 0x0000000081800000, 0x0000000081700000| Complete 
|  24|0x0000000081800000, 0x0000000081900000, 0x0000000081900000|100%|HC|  |TAMS 0x0000000081900000, 0x0000000081800000| Complete 
|  25|0x0000000081900000, 0x0000000081a00000, 0x0000000081a00000|100%| O|  |TAMS 0x0000000081a00000, 0x0000000081900000| Updating 
|  26|0x0000000081a00000, 0x0000000081b00000, 0x0000000081b00000|100%|HS|  |TAMS 0x0000000081b00000, 0x0000000081a00000| Complete 
|  27|0x0000000081b00000, 0x0000000081c00000, 0x0000000081c00000|100%|HC|  |TAMS 0x0000000081c00000, 0x0000000081b00000| Complete 
|  28|0x0000000081c00000, 0x0000000081d00000, 0x0000000081d00000|100%|HC|  |TAMS 0x0000000081d00000, 0x0000000081c00000| Complete 
|  29|0x0000000081d00000, 0x0000000081e00000, 0x0000000081e00000|100%| O|  |TAMS 0x0000000081e00000, 0x0000000081d00000| Updating 
|  30|0x0000000081e00000, 0x0000000081f00000, 0x0000000081f00000|100%| O|  |TAMS 0x0000000081f00000, 0x0000000081e00000| Untracked 
|  31|0x0000000081f00000, 0x0000000082000000, 0x0000000082000000|100%| O|  |TAMS 0x0000000082000000, 0x0000000081f00000| Untracked 
|  32|0x0000000082000000, 0x0000000082100000, 0x0000000082100000|100%|HS|  |TAMS 0x0000000082100000, 0x0000000082000000| Complete 
|  33|0x0000000082100000, 0x0000000082200000, 0x0000000082200000|100%|HC|  |TAMS 0x0000000082200000, 0x0000000082100000| Complete 
|  34|0x0000000082200000, 0x0000000082300000, 0x0000000082300000|100%|HC|  |TAMS 0x0000000082300000, 0x0000000082200000| Complete 
|  35|0x0000000082300000, 0x0000000082400000, 0x0000000082400000|100%|HS|  |TAMS 0x0000000082400000, 0x0000000082300000| Complete 
|  36|0x0000000082400000, 0x0000000082500000, 0x0000000082500000|100%| O|  |TAMS 0x0000000082500000, 0x0000000082400000| Untracked 
|  37|0x0000000082500000, 0x0000000082600000, 0x0000000082600000|100%| O|  |TAMS 0x0000000082600000, 0x0000000082500000| Untracked 
|  38|0x0000000082600000, 0x0000000082700000, 0x0000000082700000|100%| O|  |TAMS 0x0000000082700000, 0x0000000082600000| Untracked 
|  39|0x0000000082700000, 0x0000000082800000, 0x0000000082800000|100%| O|  |TAMS 0x0000000082800000, 0x0000000082700000| Untracked 
|  40|0x0000000082800000, 0x0000000082900000, 0x0000000082900000|100%| O|  |TAMS 0x0000000082900000, 0x0000000082800000| Untracked 
|  41|0x0000000082900000, 0x0000000082a00000, 0x0000000082a00000|100%| O|  |TAMS 0x0000000082a00000, 0x0000000082900000| Untracked 
|  42|0x0000000082a00000, 0x0000000082b00000, 0x0000000082b00000|100%| O|  |TAMS 0x0000000082b00000, 0x0000000082a00000| Untracked 
|  43|0x0000000082b00000, 0x0000000082c00000, 0x0000000082c00000|100%| O|  |TAMS 0x0000000082c00000, 0x0000000082b00000| Updating 
|  44|0x0000000082c00000, 0x0000000082d00000, 0x0000000082d00000|100%| O|  |TAMS 0x0000000082d00000, 0x0000000082c00000| Untracked 
|  45|0x0000000082d00000, 0x0000000082e00000, 0x0000000082e00000|100%| O|  |TAMS 0x0000000082d65e00, 0x0000000082d00000| Untracked 
|  46|0x0000000082e00000, 0x0000000082f00000, 0x0000000082f00000|100%|HS|  |TAMS 0x0000000082f00000, 0x0000000082e00000| Complete 
|  47|0x0000000082f00000, 0x0000000083000000, 0x0000000083000000|100%|HC|  |TAMS 0x0000000083000000, 0x0000000082f00000| Complete 
|  48|0x0000000083000000, 0x0000000083100000, 0x0000000083100000|100%|HC|  |TAMS 0x0000000083100000, 0x0000000083000000| Complete 
|  49|0x0000000083100000, 0x0000000083200000, 0x0000000083200000|100%| O|  |TAMS 0x0000000083200000, 0x0000000083100000| Untracked 
|  50|0x0000000083200000, 0x0000000083300000, 0x0000000083300000|100%|HS|  |TAMS 0x0000000083300000, 0x0000000083200000| Complete 
|  51|0x0000000083300000, 0x0000000083400000, 0x0000000083400000|100%|HC|  |TAMS 0x0000000083400000, 0x0000000083300000| Complete 
|  52|0x0000000083400000, 0x0000000083500000, 0x0000000083500000|100%|HC|  |TAMS 0x0000000083500000, 0x0000000083400000| Complete 
|  53|0x0000000083500000, 0x0000000083600000, 0x0000000083600000|100%|HC|  |TAMS 0x0000000083600000, 0x0000000083500000| Complete 
|  54|0x0000000083600000, 0x0000000083700000, 0x0000000083700000|100%|HC|  |TAMS 0x0000000083700000, 0x0000000083600000| Complete 
|  55|0x0000000083700000, 0x0000000083800000, 0x0000000083800000|100%| O|  |TAMS 0x0000000083700000, 0x0000000083700000| Untracked 
|  56|0x0000000083800000, 0x0000000083900000, 0x0000000083900000|100%| O|  |TAMS 0x0000000083800000, 0x0000000083800000| Untracked 
|  57|0x0000000083900000, 0x00000000839a4800, 0x0000000083a00000| 64%| O|  |TAMS 0x0000000083900000, 0x0000000083900000| Updating 
|  58|0x0000000083a00000, 0x0000000083b00000, 0x0000000083b00000|100%|HS|  |TAMS 0x0000000083a00000, 0x0000000083a00000| Complete 
|  59|0x0000000083b00000, 0x0000000083c00000, 0x0000000083c00000|100%|HC|  |TAMS 0x0000000083b00000, 0x0000000083b00000| Complete 
|  60|0x0000000083c00000, 0x0000000083d00000, 0x0000000083d00000|100%|HC|  |TAMS 0x0000000083c00000, 0x0000000083c00000| Complete 
|  61|0x0000000083d00000, 0x0000000083e00000, 0x0000000083e00000|100%|HC|  |TAMS 0x0000000083d00000, 0x0000000083d00000| Complete 
|  62|0x0000000083e00000, 0x0000000083f00000, 0x0000000083f00000|100%|HC|  |TAMS 0x0000000083e00000, 0x0000000083e00000| Complete 
|  63|0x0000000083f00000, 0x0000000083f00000, 0x0000000084000000|  0%| F|  |TAMS 0x0000000083f00000, 0x0000000083f00000| Untracked 
|  64|0x0000000084000000, 0x0000000084000000, 0x0000000084100000|  0%| F|  |TAMS 0x0000000084000000, 0x0000000084000000| Untracked 
|  65|0x0000000084100000, 0x0000000084100000, 0x0000000084200000|  0%| F|  |TAMS 0x0000000084100000, 0x0000000084100000| Untracked 
|  66|0x0000000084200000, 0x0000000084200000, 0x0000000084300000|  0%| F|  |TAMS 0x0000000084200000, 0x0000000084200000| Untracked 
|  67|0x0000000084300000, 0x0000000084300000, 0x0000000084400000|  0%| F|  |TAMS 0x0000000084300000, 0x0000000084300000| Untracked 
|  68|0x0000000084400000, 0x0000000084400000, 0x0000000084500000|  0%| F|  |TAMS 0x0000000084400000, 0x0000000084400000| Untracked 
|  69|0x0000000084500000, 0x0000000084500000, 0x0000000084600000|  0%| F|  |TAMS 0x0000000084500000, 0x0000000084500000| Untracked 
|  70|0x0000000084600000, 0x0000000084600000, 0x0000000084700000|  0%| F|  |TAMS 0x0000000084600000, 0x0000000084600000| Untracked 
|  71|0x0000000084700000, 0x0000000084700000, 0x0000000084800000|  0%| F|  |TAMS 0x0000000084700000, 0x0000000084700000| Untracked 
|  72|0x0000000084800000, 0x0000000084800000, 0x0000000084900000|  0%| F|  |TAMS 0x0000000084800000, 0x0000000084800000| Untracked 
|  73|0x0000000084900000, 0x0000000084900000, 0x0000000084a00000|  0%| F|  |TAMS 0x0000000084900000, 0x0000000084900000| Untracked 
|  74|0x0000000084a00000, 0x0000000084a00000, 0x0000000084b00000|  0%| F|  |TAMS 0x0000000084a00000, 0x0000000084a00000| Untracked 
|  75|0x0000000084b00000, 0x0000000084b00000, 0x0000000084c00000|  0%| F|  |TAMS 0x0000000084b00000, 0x0000000084b00000| Untracked 
|  76|0x0000000084c00000, 0x0000000084c00000, 0x0000000084d00000|  0%| F|  |TAMS 0x0000000084c00000, 0x0000000084c00000| Untracked 
|  77|0x0000000084d00000, 0x0000000084d00000, 0x0000000084e00000|  0%| F|  |TAMS 0x0000000084d00000, 0x0000000084d00000| Untracked 
|  78|0x0000000084e00000, 0x0000000084e00000, 0x0000000084f00000|  0%| F|  |TAMS 0x0000000084e00000, 0x0000000084e00000| Untracked 
|  79|0x0000000084f00000, 0x0000000084f00000, 0x0000000085000000|  0%| F|  |TAMS 0x0000000084f00000, 0x0000000084f00000| Untracked 
|  80|0x0000000085000000, 0x0000000085000000, 0x0000000085100000|  0%| F|  |TAMS 0x0000000085000000, 0x0000000085000000| Untracked 
|  81|0x0000000085100000, 0x0000000085100000, 0x0000000085200000|  0%| F|  |TAMS 0x0000000085100000, 0x0000000085100000| Untracked 
|  82|0x0000000085200000, 0x0000000085200000, 0x0000000085300000|  0%| F|  |TAMS 0x0000000085200000, 0x0000000085200000| Untracked 
|  83|0x0000000085300000, 0x0000000085300000, 0x0000000085400000|  0%| F|  |TAMS 0x0000000085300000, 0x0000000085300000| Untracked 
|  84|0x0000000085400000, 0x0000000085400000, 0x0000000085500000|  0%| F|  |TAMS 0x0000000085400000, 0x0000000085400000| Untracked 
|  85|0x0000000085500000, 0x0000000085500000, 0x0000000085600000|  0%| F|  |TAMS 0x0000000085500000, 0x0000000085500000| Untracked 
|  86|0x0000000085600000, 0x0000000085600000, 0x0000000085700000|  0%| F|  |TAMS 0x0000000085600000, 0x0000000085600000| Untracked 
|  87|0x0000000085700000, 0x0000000085700000, 0x0000000085800000|  0%| F|  |TAMS 0x0000000085700000, 0x0000000085700000| Untracked 
|  88|0x0000000085800000, 0x0000000085800000, 0x0000000085900000|  0%| F|  |TAMS 0x0000000085800000, 0x0000000085800000| Untracked 
|  89|0x0000000085900000, 0x0000000085900000, 0x0000000085a00000|  0%| F|  |TAMS 0x0000000085900000, 0x0000000085900000| Untracked 
|  90|0x0000000085a00000, 0x0000000085a00000, 0x0000000085b00000|  0%| F|  |TAMS 0x0000000085a00000, 0x0000000085a00000| Untracked 
|  91|0x0000000085b00000, 0x0000000085b704a0, 0x0000000085c00000| 43%| S|CS|TAMS 0x0000000085b00000, 0x0000000085b00000| Complete 
|  92|0x0000000085c00000, 0x0000000085d00000, 0x0000000085d00000|100%| S|CS|TAMS 0x0000000085c00000, 0x0000000085c00000| Complete 
|  93|0x0000000085d00000, 0x0000000085e00000, 0x0000000085e00000|100%| S|CS|TAMS 0x0000000085d00000, 0x0000000085d00000| Complete 
|  94|0x0000000085e00000, 0x0000000085e00000, 0x0000000085f00000|  0%| F|  |TAMS 0x0000000085e00000, 0x0000000085e00000| Untracked 
|  95|0x0000000085f00000, 0x0000000085f00000, 0x0000000086000000|  0%| F|  |TAMS 0x0000000085f00000, 0x0000000085f00000| Untracked 
|  96|0x0000000086000000, 0x0000000086000000, 0x0000000086100000|  0%| F|  |TAMS 0x0000000086000000, 0x0000000086000000| Untracked 
|  97|0x0000000086100000, 0x0000000086100000, 0x0000000086200000|  0%| F|  |TAMS 0x0000000086100000, 0x0000000086100000| Untracked 
|  98|0x0000000086200000, 0x000000008624b060, 0x0000000086300000| 29%| E|  |TAMS 0x0000000086200000, 0x0000000086200000| Complete 
|  99|0x0000000086300000, 0x0000000086400000, 0x0000000086400000|100%| E|CS|TAMS 0x0000000086300000, 0x0000000086300000| Complete 

Card table byte_map: [0x000001c1a7070000,0x000001c1a7470000] _byte_map_base: 0x000001c1a6c70000

Marking Bits (Prev, Next): (CMBitMap*) 0x000001c1947fa340, (CMBitMap*) 0x000001c1947fa380
 Prev Bits: [0x000001c1a7870000, 0x000001c1a9870000)
 Next Bits: [0x000001c1a9870000, 0x000001c1ab870000)

Polling page: 0x000001c192680000

Metaspace:

Usage:
  Non-class:     43.15 MB used.
      Class:      6.74 MB used.
       Both:     49.89 MB used.

Virtual space:
  Non-class space:       64.00 MB reserved,      43.44 MB ( 68%) committed,  1 nodes.
      Class space:        1.00 GB reserved,       6.94 MB ( <1%) committed,  1 nodes.
             Both:        1.06 GB reserved,      50.38 MB (  5%) committed. 

Chunk freelists:
   Non-Class:  4.16 MB
       Class:  9.02 MB
        Both:  13.18 MB

MaxMetaspaceSize: unlimited
CompressedClassSpaceSize: 1.00 GB
Initial GC threshold: 21.00 MB
Current GC threshold: 83.06 MB
CDS: off
MetaspaceReclaimPolicy: balanced
 - commit_granule_bytes: 65536.
 - commit_granule_words: 8192.
 - virtual_space_node_default_size: 8388608.
 - enlarge_chunks_in_place: 1.
 - new_chunks_are_fully_committed: 0.
 - uncommit_free_chunks: 1.
 - use_allocation_guard: 0.
 - handle_deallocations: 1.


Internal statistics:

num_allocs_failed_limit: 3.
num_arena_births: 502.
num_arena_deaths: 0.
num_vsnodes_births: 2.
num_vsnodes_deaths: 0.
num_space_committed: 806.
num_space_uncommitted: 0.
num_chunks_returned_to_freelist: 3.
num_chunks_taken_from_freelist: 2170.
num_chunk_merges: 3.
num_chunk_splits: 1384.
num_chunks_enlarged: 915.
num_inconsistent_stats: 0.

CodeHeap 'non-profiled nmethods': size=120000Kb used=2776Kb max_used=2776Kb free=117223Kb
 bounds [0x000001c19f740000, 0x000001c19fa00000, 0x000001c1a6c70000]
CodeHeap 'profiled nmethods': size=120000Kb used=9768Kb max_used=9768Kb free=110232Kb
 bounds [0x000001c197c70000, 0x000001c198600000, 0x000001c19f1a0000]
CodeHeap 'non-nmethods': size=5760Kb used=2315Kb max_used=2369Kb free=3444Kb
 bounds [0x000001c19f1a0000, 0x000001c19f410000, 0x000001c19f740000]
 total_blobs=5484 nmethods=4665 adapters=730
 compilation: enabled
              stopped_count=0, restarted_count=0
 full_count=0

Compilation events (20 events):
Event: 8.819 Thread 0x000001c1b201f820 4658       3       sun.reflect.generics.visitor.Reifier::reifyTypeArguments (38 bytes)
Event: 8.819 Thread 0x000001c1b201f820 nmethod 4658 0x000001c1985f6110 code [0x000001c1985f62e0, 0x000001c1985f67c8]
Event: 8.819 Thread 0x000001c1b201f820 4659       3       sun.reflect.generics.reflectiveObjects.LazyReflectiveObjectGenerator::<init> (10 bytes)
Event: 8.819 Thread 0x000001c1b2012d30 4660       4       java.util.Collections$UnmodifiableCollection$1::next (10 bytes)
Event: 8.819 Thread 0x000001c1b201f820 nmethod 4659 0x000001c1985f6990 code [0x000001c1985f6b20, 0x000001c1985f6cd8]
Event: 8.820 Thread 0x000001c1b2012d30 nmethod 4660 0x000001c19f9f3290 code [0x000001c19f9f3400, 0x000001c19f9f3498]
Event: 8.821 Thread 0x000001c1b201f820 4661       3       groovyjarjarasm.asm.Label::getCanonicalInstance (19 bytes)
Event: 8.821 Thread 0x000001c1b201f820 nmethod 4661 0x000001c1985f6d90 code [0x000001c1985f6f20, 0x000001c1985f7098]
Event: 8.825 Thread 0x000001c1b201f820 4662       3       java.lang.ThreadLocal$ThreadLocalMap::cleanSomeSlots (61 bytes)
Event: 8.825 Thread 0x000001c1b201f820 nmethod 4662 0x000001c1985f7190 code [0x000001c1985f7360, 0x000001c1985f7878]
Event: 8.827 Thread 0x000001c1b2012d30 4663   !   4       sun.nio.fs.WindowsPath::initOffsets (153 bytes)
Event: 8.831 Thread 0x000001c1b201f820 4664       3       com.google.common.collect.MapMakerInternalMap::putIfAbsent (29 bytes)
Event: 8.831 Thread 0x000001c1b201f820 nmethod 4664 0x000001c1985f7a90 code [0x000001c1985f7cc0, 0x000001c1985f83e8]
Event: 8.836 Thread 0x000001c1b201f820 4665   !   3       sun.reflect.misc.ReflectUtil::isPackageAccessible (12 bytes)
Event: 8.838 Thread 0x000001c1b201f820 nmethod 4665 0x000001c1985f8710 code [0x000001c1985f89e0, 0x000001c1985f99b8]
Event: 8.852 Thread 0x000001c1b2012d30 nmethod 4663 0x000001c19f9f3590 code [0x000001c19f9f37a0, 0x000001c19f9f5028]
Event: 8.891 Thread 0x000001c1b201f820 4666       1       com.google.common.collect.MapMakerInternalMap$StrongKeyWeakValueEntry::access$400 (5 bytes)
Event: 8.891 Thread 0x000001c1b201f820 nmethod 4666 0x000001c19f9f5d90 code [0x000001c19f9f5f20, 0x000001c19f9f5fd8]
Event: 8.891 Thread 0x000001c1b201f820 4667       1       com.google.common.collect.MapMakerInternalMap$StrongKeyWeakValueSegment::access$500 (5 bytes)
Event: 8.891 Thread 0x000001c1b201f820 nmethod 4667 0x000001c19f9f6090 code [0x000001c19f9f6220, 0x000001c19f9f62d8]

GC Heap History (20 events):
Event: 6.323 GC heap before
{Heap before GC invocations=13 (full 0):
 garbage-first heap   total 65536K, used 40611K [0x0000000080000000, 0x0000000100000000)
  region size 1024K, 3 young (3072K), 2 survivors (2048K)
 Metaspace       used 33730K, committed 34112K, reserved 1114112K
  class space    used 4568K, committed 4736K, reserved 1048576K
}
Event: 6.326 GC heap after
{Heap after GC invocations=14 (full 0):
 garbage-first heap   total 78848K, used 39401K [0x0000000080000000, 0x0000000100000000)
  region size 1024K, 1 young (1024K), 1 survivors (1024K)
 Metaspace       used 33730K, committed 34112K, reserved 1114112K
  class space    used 4568K, committed 4736K, reserved 1048576K
}
Event: 6.634 GC heap before
{Heap before GC invocations=14 (full 0):
 garbage-first heap   total 78848K, used 55785K [0x0000000080000000, 0x0000000100000000)
  region size 1024K, 17 young (17408K), 1 survivors (1024K)
 Metaspace       used 35563K, committed 35904K, reserved 1114112K
  class space    used 4885K, committed 5056K, reserved 1048576K
}
Event: 6.635 GC heap after
{Heap after GC invocations=15 (full 0):
 garbage-first heap   total 78848K, used 40103K [0x0000000080000000, 0x0000000100000000)
  region size 1024K, 1 young (1024K), 1 survivors (1024K)
 Metaspace       used 35563K, committed 35904K, reserved 1114112K
  class space    used 4885K, committed 5056K, reserved 1048576K
}
Event: 6.942 GC heap before
{Heap before GC invocations=16 (full 0):
 garbage-first heap   total 78848K, used 58535K [0x0000000080000000, 0x0000000100000000)
  region size 1024K, 19 young (19456K), 1 survivors (1024K)
 Metaspace       used 38175K, committed 38592K, reserved 1114112K
  class space    used 5299K, committed 5504K, reserved 1048576K
}
Event: 6.945 GC heap after
{Heap after GC invocations=17 (full 0):
 garbage-first heap   total 78848K, used 40776K [0x0000000080000000, 0x0000000100000000)
  region size 1024K, 2 young (2048K), 2 survivors (2048K)
 Metaspace       used 38175K, committed 38592K, reserved 1114112K
  class space    used 5299K, committed 5504K, reserved 1048576K
}
Event: 7.242 GC heap before
{Heap before GC invocations=17 (full 0):
 garbage-first heap   total 78848K, used 58184K [0x0000000080000000, 0x0000000100000000)
  region size 1024K, 20 young (20480K), 2 survivors (2048K)
 Metaspace       used 42098K, committed 42560K, reserved 1114112K
  class space    used 5733K, committed 5952K, reserved 1048576K
}
Event: 7.246 GC heap after
{Heap after GC invocations=18 (full 0):
 garbage-first heap   total 78848K, used 42750K [0x0000000080000000, 0x0000000100000000)
  region size 1024K, 3 young (3072K), 3 survivors (3072K)
 Metaspace       used 42098K, committed 42560K, reserved 1114112K
  class space    used 5733K, committed 5952K, reserved 1048576K
}
Event: 7.484 GC heap before
{Heap before GC invocations=19 (full 0):
 garbage-first heap   total 78848K, used 60158K [0x0000000080000000, 0x0000000100000000)
  region size 1024K, 21 young (21504K), 3 survivors (3072K)
 Metaspace       used 44578K, committed 44992K, reserved 1114112K
  class space    used 6021K, committed 6208K, reserved 1048576K
}
Event: 7.490 GC heap after
{Heap after GC invocations=20 (full 0):
 garbage-first heap   total 78848K, used 45258K [0x0000000080000000, 0x0000000100000000)
  region size 1024K, 3 young (3072K), 3 survivors (3072K)
 Metaspace       used 44578K, committed 44992K, reserved 1114112K
  class space    used 6021K, committed 6208K, reserved 1048576K
}
Event: 7.610 GC heap before
{Heap before GC invocations=20 (full 0):
 garbage-first heap   total 78848K, used 61642K [0x0000000080000000, 0x0000000100000000)
  region size 1024K, 19 young (19456K), 3 survivors (3072K)
 Metaspace       used 45060K, committed 45504K, reserved 1114112K
  class space    used 6069K, committed 6272K, reserved 1048576K
}
Event: 7.614 GC heap after
{Heap after GC invocations=21 (full 0):
 garbage-first heap   total 78848K, used 46019K [0x0000000080000000, 0x0000000100000000)
  region size 1024K, 2 young (2048K), 2 survivors (2048K)
 Metaspace       used 45060K, committed 45504K, reserved 1114112K
  class space    used 6069K, committed 6272K, reserved 1048576K
}
Event: 8.127 GC heap before
{Heap before GC invocations=22 (full 0):
 garbage-first heap   total 91136K, used 66499K [0x0000000080000000, 0x0000000100000000)
  region size 1024K, 18 young (18432K), 2 survivors (2048K)
 Metaspace       used 47868K, committed 48320K, reserved 1114112K
  class space    used 6365K, committed 6592K, reserved 1048576K
}
Event: 8.132 GC heap after
{Heap after GC invocations=23 (full 0):
 garbage-first heap   total 91136K, used 47653K [0x0000000080000000, 0x0000000100000000)
  region size 1024K, 2 young (2048K), 2 survivors (2048K)
 Metaspace       used 47868K, committed 48320K, reserved 1114112K
  class space    used 6365K, committed 6592K, reserved 1048576K
}
Event: 8.477 GC heap before
{Heap before GC invocations=23 (full 0):
 garbage-first heap   total 91136K, used 71205K [0x0000000080000000, 0x0000000100000000)
  region size 1024K, 26 young (26624K), 2 survivors (2048K)
 Metaspace       used 50562K, committed 51008K, reserved 1114112K
  class space    used 6834K, committed 7040K, reserved 1048576K
}
Event: 8.480 GC heap after
{Heap after GC invocations=24 (full 0):
 garbage-first heap   total 91136K, used 48986K [0x0000000080000000, 0x0000000100000000)
  region size 1024K, 3 young (3072K), 3 survivors (3072K)
 Metaspace       used 50562K, committed 51008K, reserved 1114112K
  class space    used 6834K, committed 7040K, reserved 1048576K
}
Event: 8.675 GC heap before
{Heap before GC invocations=25 (full 0):
 garbage-first heap   total 91136K, used 55130K [0x0000000080000000, 0x0000000100000000)
  region size 1024K, 10 young (10240K), 3 survivors (3072K)
 Metaspace       used 50721K, committed 51136K, reserved 1114112K
  class space    used 6848K, committed 7040K, reserved 1048576K
}
Event: 8.682 GC heap after
{Heap after GC invocations=26 (full 0):
 garbage-first heap   total 91136K, used 51060K [0x0000000080000000, 0x0000000100000000)
  region size 1024K, 4 young (4096K), 4 survivors (4096K)
 Metaspace       used 50721K, committed 51136K, reserved 1114112K
  class space    used 6848K, committed 7040K, reserved 1048576K
}
Event: 8.844 GC heap before
{Heap before GC invocations=27 (full 0):
 garbage-first heap   total 102400K, used 65396K [0x0000000080000000, 0x0000000100000000)
  region size 1024K, 11 young (11264K), 4 survivors (4096K)
 Metaspace       used 51004K, committed 51520K, reserved 1114112K
  class space    used 6896K, committed 7104K, reserved 1048576K
}
Event: 8.851 GC heap after
{Heap after GC invocations=28 (full 0):
 garbage-first heap   total 102400K, used 61523K [0x0000000080000000, 0x0000000100000000)
  region size 1024K, 3 young (3072K), 3 survivors (3072K)
 Metaspace       used 51004K, committed 51520K, reserved 1114112K
  class space    used 6896K, committed 7104K, reserved 1048576K
}

Dll operation events (3 events):
Event: 0.060 Loaded shared library C:\Users\Graphic\OneDrive - Sohag University\android.stadio\jbr\bin\java.dll
Event: 0.359 Loaded shared library C:\Users\Graphic\OneDrive - Sohag University\android.stadio\jbr\bin\zip.dll
Event: 1.034 Loaded shared library C:\Users\Graphic\OneDrive - Sohag University\android.stadio\jbr\bin\verify.dll

Deoptimization events (20 events):
Event: 8.476 Thread 0x000001c1b43c6580 DEOPT PACKING pc=0x000001c1980c10d4 sp=0x0000007da4af8f40
Event: 8.476 Thread 0x000001c1b43c6580 DEOPT UNPACKING pc=0x000001c19f1face3 sp=0x0000007da4af8498 mode 0
Event: 8.591 Thread 0x000001c1b47e4670 DEOPT PACKING pc=0x000001c197fbed08 sp=0x0000007da5ffdb70
Event: 8.591 Thread 0x000001c1b47e4670 DEOPT UNPACKING pc=0x000001c19f1face3 sp=0x0000007da5ffd078 mode 0
Event: 8.592 Thread 0x000001c1b43c6580 Uncommon trap: trap_request=0xffffffde fr.pc=0x000001c19f86cab0 relative=0x0000000000001290
Event: 8.592 Thread 0x000001c1b43c6580 Uncommon trap: reason=class_check action=maybe_recompile pc=0x000001c19f86cab0 method=java.util.concurrent.ConcurrentHashMap.putVal(Ljava/lang/Object;Ljava/lang/Object;Z)Ljava/lang/Object; @ 242 c2
Event: 8.592 Thread 0x000001c1b43c6580 DEOPT PACKING pc=0x000001c19f86cab0 sp=0x0000007da4af7f00
Event: 8.592 Thread 0x000001c1b43c6580 DEOPT UNPACKING pc=0x000001c19f1fa1a3 sp=0x0000007da4af7e70 mode 2
Event: 8.739 Thread 0x000001c1b43c6580 Uncommon trap: trap_request=0xffffff45 fr.pc=0x000001c19f89a4fc relative=0x000000000000433c
Event: 8.739 Thread 0x000001c1b43c6580 Uncommon trap: reason=unstable_if action=reinterpret pc=0x000001c19f89a4fc method=java.lang.StringLatin1.regionMatchesCI([BI[BII)Z @ 72 c2
Event: 8.739 Thread 0x000001c1b43c6580 DEOPT PACKING pc=0x000001c19f89a4fc sp=0x0000007da4af8c40
Event: 8.739 Thread 0x000001c1b43c6580 DEOPT UNPACKING pc=0x000001c19f1fa1a3 sp=0x0000007da4af89f8 mode 2
Event: 8.739 Thread 0x000001c1b43c6580 Uncommon trap: trap_request=0xffffff45 fr.pc=0x000001c19f83b268 relative=0x0000000000000628
Event: 8.739 Thread 0x000001c1b43c6580 Uncommon trap: reason=unstable_if action=reinterpret pc=0x000001c19f83b268 method=java.lang.StringLatin1.regionMatchesCI([BI[BII)Z @ 72 c2
Event: 8.739 Thread 0x000001c1b43c6580 DEOPT PACKING pc=0x000001c19f83b268 sp=0x0000007da4af8ac0
Event: 8.739 Thread 0x000001c1b43c6580 DEOPT UNPACKING pc=0x000001c19f1fa1a3 sp=0x0000007da4af8988 mode 2
Event: 8.777 Thread 0x000001c1b43c6580 Uncommon trap: trap_request=0xffffff76 fr.pc=0x000001c19f9336a4 relative=0x0000000000000204
Event: 8.777 Thread 0x000001c1b43c6580 Uncommon trap: reason=predicate action=maybe_recompile pc=0x000001c19f9336a4 method=sun.instrument.TransformerManager.transform(Ljava/lang/Module;Ljava/lang/ClassLoader;Ljava/lang/String;Ljava/lang/Class;Ljava/security/ProtectionDomain;[B)[B @ 21 c2
Event: 8.777 Thread 0x000001c1b43c6580 DEOPT PACKING pc=0x000001c19f9336a4 sp=0x0000007da4af6300
Event: 8.777 Thread 0x000001c1b43c6580 DEOPT UNPACKING pc=0x000001c19f1fa1a3 sp=0x0000007da4af6210 mode 2

Classes unloaded (0 events):
No events

Classes redefined (0 events):
No events

Internal exceptions (20 events):
Event: 8.764 Thread 0x000001c1b43c6580 Exception <a 'java/lang/ClassNotFoundException'{0x00000000862619c0}: JetGradlePluginBeanInfo> (0x00000000862619c0) 
thrown [s\src\hotspot\share\classfile\systemDictionary.cpp, line 256]
Event: 8.764 Thread 0x000001c1b43c6580 Exception <a 'java/lang/ClassNotFoundException'{0x000000008626e218}: JetGradlePluginCustomizer> (0x000000008626e218) 
thrown [s\src\hotspot\share\classfile\systemDictionary.cpp, line 256]
Event: 8.769 Thread 0x000001c1b43c6580 Exception <a 'java/lang/ClassNotFoundException'{0x00000000862b5e28}: groovy/lang/ReferenceBeanInfo> (0x00000000862b5e28) 
thrown [s\src\hotspot\share\classfile\systemDictionary.cpp, line 256]
Event: 8.770 Thread 0x000001c1b43c6580 Exception <a 'java/lang/ClassNotFoundException'{0x00000000862def88}: groovy/lang/ReferenceCustomizer> (0x00000000862def88) 
thrown [s\src\hotspot\share\classfile\systemDictionary.cpp, line 256]
Event: 8.781 Thread 0x000001c1b43c6580 Exception <a 'java/lang/ClassNotFoundException'{0x000000008613a530}: org/jetbrains/plugins/gradle/model/internal/DummyModelBeanInfo> (0x000000008613a530) 
thrown [s\src\hotspot\share\classfile\systemDictionary.cpp, line 256]
Event: 8.782 Thread 0x000001c1b43c6580 Exception <a 'java/lang/ClassNotFoundException'{0x0000000086145980}: org/jetbrains/plugins/gradle/model/internal/DummyModelCustomizer> (0x0000000086145980) 
thrown [s\src\hotspot\share\classfile\systemDictionary.cpp, line 256]
Event: 8.784 Thread 0x000001c1b43c6580 Exception <a 'java/lang/ClassNotFoundException'{0x00000000861758f8}: java/lang/ClassBeanInfo> (0x00000000861758f8) 
thrown [s\src\hotspot\share\classfile\systemDictionary.cpp, line 256]
Event: 8.785 Thread 0x000001c1b43c6580 Exception <a 'java/lang/ClassNotFoundException'{0x000000008617e070}: java/lang/ClassCustomizer> (0x000000008617e070) 
thrown [s\src\hotspot\share\classfile\systemDictionary.cpp, line 256]
Event: 8.798 Thread 0x000001c1b43c6580 Exception <a 'java/lang/ClassNotFoundException'{0x000000008603f680}: org/gradle/tooling/provider/model/internal/DefaultToolingModelBuilderRegistryBeanInfo> (0x000000008603f680) 
thrown [s\src\hotspot\share\classfile\systemDictionary.cpp, line 256]
Event: 8.799 Thread 0x000001c1b43c6580 Exception <a 'java/lang/ClassNotFoundException'{0x0000000086055470}: org/gradle/tooling/provider/model/internal/DefaultToolingModelBuilderRegistryCustomizer> (0x0000000086055470) 
thrown [s\src\hotspot\share\classfile\systemDictionary.cpp, line 256]
Event: 8.808 Thread 0x000001c1b43c6580 Exception <a 'java/lang/ClassNotFoundException'{0x00000000860afba8}: org/gradle/internal/service/scopes/GradleScopeServicesBeanInfo> (0x00000000860afba8) 
thrown [s\src\hotspot\share\classfile\systemDictionary.cpp, line 256]
Event: 8.808 Thread 0x000001c1b43c6580 Exception <a 'java/lang/ClassNotFoundException'{0x00000000860c4ef0}: org/gradle/internal/service/ScopedServiceRegistryBeanInfo> (0x00000000860c4ef0) 
thrown [s\src\hotspot\share\classfile\systemDictionary.cpp, line 256]
Event: 8.809 Thread 0x000001c1b43c6580 Exception <a 'java/lang/ClassNotFoundException'{0x00000000860da4d8}: org/gradle/internal/service/DefaultServiceRegistryBeanInfo> (0x00000000860da4d8) 
thrown [s\src\hotspot\share\classfile\systemDictionary.cpp, line 256]
Event: 8.809 Thread 0x000001c1b43c6580 Exception <a 'java/lang/ClassNotFoundException'{0x00000000860ef828}: org/gradle/internal/service/DefaultServiceRegistryCustomizer> (0x00000000860ef828) 
thrown [s\src\hotspot\share\classfile\systemDictionary.cpp, line 256]
Event: 8.811 Thread 0x000001c1b43c6580 Exception <a 'java/lang/ClassNotFoundException'{0x0000000085f141c0}: org/gradle/internal/service/ScopedServiceRegistryCustomizer> (0x0000000085f141c0) 
thrown [s\src\hotspot\share\classfile\systemDictionary.cpp, line 256]
Event: 8.812 Thread 0x000001c1b43c6580 Exception <a 'java/lang/ClassNotFoundException'{0x0000000085f2b9e8}: org/gradle/internal/service/scopes/GradleScopeServicesCustomizer> (0x0000000085f2b9e8) 
thrown [s\src\hotspot\share\classfile\systemDictionary.cpp, line 256]
Event: 8.817 Thread 0x000001c1b43c6580 Exception <a 'java/lang/ClassNotFoundException'{0x0000000085f777a8}: org/gradle/internal/extensibility/DefaultConventionBeanInfo> (0x0000000085f777a8) 
thrown [s\src\hotspot\share\classfile\systemDictionary.cpp, line 256]
Event: 8.818 Thread 0x000001c1b43c6580 Exception <a 'java/lang/ClassNotFoundException'{0x0000000085f8ccb8}: org/gradle/internal/extensibility/DefaultConventionCustomizer> (0x0000000085f8ccb8) 
thrown [s\src\hotspot\share\classfile\systemDictionary.cpp, line 256]
Event: 8.836 Thread 0x000001c1b43c6580 Exception <a 'java/lang/ClassNotFoundException'{0x0000000085e3b4d0}: com/intellij/gradle/toolingExtension/impl/modelBuilder/ExtraModelBuilderBeanInfo> (0x0000000085e3b4d0) 
thrown [s\src\hotspot\share\classfile\systemDictionary.cpp, line 256]
Event: 8.838 Thread 0x000001c1b43c6580 Exception <a 'java/lang/ClassNotFoundException'{0x0000000085e46a78}: com/intellij/gradle/toolingExtension/impl/modelBuilder/ExtraModelBuilderCustomizer> (0x0000000085e46a78) 
thrown [s\src\hotspot\share\classfile\systemDictionary.cpp, line 256]

VM Operations (20 events):
Event: 8.165 Executing VM operation: HandshakeAllThreads done
Event: 8.406 Executing VM operation: HandshakeAllThreads
Event: 8.406 Executing VM operation: HandshakeAllThreads done
Event: 8.477 Executing VM operation: G1CollectForAllocation
Event: 8.480 Executing VM operation: G1CollectForAllocation done
Event: 8.512 Executing VM operation: G1PauseRemark
Event: 8.514 Executing VM operation: G1PauseRemark done
Event: 8.527 Executing VM operation: G1PauseCleanup
Event: 8.527 Executing VM operation: G1PauseCleanup done
Event: 8.675 Executing VM operation: G1TryInitiateConcMark
Event: 8.682 Executing VM operation: G1TryInitiateConcMark done
Event: 8.725 Executing VM operation: G1PauseRemark
Event: 8.727 Executing VM operation: G1PauseRemark done
Event: 8.744 Executing VM operation: G1PauseCleanup
Event: 8.744 Executing VM operation: G1PauseCleanup done
Event: 8.803 Executing VM operation: HandshakeAllThreads
Event: 8.803 Executing VM operation: HandshakeAllThreads done
Event: 8.844 Executing VM operation: G1TryInitiateConcMark
Event: 8.853 Executing VM operation: G1TryInitiateConcMark done
Event: 8.897 Executing VM operation: G1PauseRemark

Events (20 events):
Event: 8.462 loading class java/util/stream/SortedOps$SizedRefSortingSink done
Event: 8.591 Thread 0x000001c1b47e4670 Thread added: 0x000001c1b47e4670
Event: 8.591 Thread 0x000001c1b47e5090 Thread added: 0x000001c1b47e5090
Event: 8.593 Thread 0x000001c1b47dff90 Thread added: 0x000001c1b47dff90
Event: 8.739 loading class sun/misc/SharedSecrets
Event: 8.739 loading class sun/misc/SharedSecrets done
Event: 8.784 loading class java/lang/ClassBeanInfo
Event: 8.784 loading class java/lang/ClassBeanInfo done
Event: 8.784 loading class java/lang/ClassBeanInfo
Event: 8.784 loading class java/lang/ClassBeanInfo done
Event: 8.784 loading class java/lang/ClassCustomizer
Event: 8.784 loading class java/lang/ClassCustomizer done
Event: 8.785 loading class java/lang/ClassCustomizer
Event: 8.785 loading class java/lang/ClassCustomizer done
Event: 8.785 loading class sun/reflect/generics/tree/BooleanSignature
Event: 8.785 loading class sun/reflect/generics/tree/BooleanSignature done
Event: 8.786 loading class sun/reflect/generics/reflectiveObjects/GenericArrayTypeImpl
Event: 8.786 loading class sun/reflect/generics/reflectiveObjects/GenericArrayTypeImpl done
Event: 8.789 loading class jdk/internal/vm/annotation/ForceInline
Event: 8.789 loading class jdk/internal/vm/annotation/ForceInline done


Dynamic libraries:
0x00007ff701440000 - 0x00007ff70144a000 	C:\Users\Graphic\OneDrive - Sohag University\android.stadio\jbr\bin\java.exe
0x00007ff8f1df0000 - 0x00007ff8f2007000 	C:\WINDOWS\SYSTEM32\ntdll.dll
0x00007ff8f0cb0000 - 0x00007ff8f0d74000 	C:\WINDOWS\System32\KERNEL32.DLL
0x00007ff8ef6c0000 - 0x00007ff8efa7a000 	C:\WINDOWS\System32\KERNELBASE.dll
0x00007ff8ef220000 - 0x00007ff8ef331000 	C:\WINDOWS\System32\ucrtbase.dll
0x00007ff8dc680000 - 0x00007ff8dc697000 	C:\Users\Graphic\OneDrive - Sohag University\android.stadio\jbr\bin\jli.dll
0x00007ff8df360000 - 0x00007ff8df37b000 	C:\Users\Graphic\OneDrive - Sohag University\android.stadio\jbr\bin\VCRUNTIME140.dll
0x00007ff8f1300000 - 0x00007ff8f14ae000 	C:\WINDOWS\System32\USER32.dll
0x00007ff8d7a50000 - 0x00007ff8d7ce2000 	C:\WINDOWS\WinSxS\amd64_microsoft.windows.common-controls_6595b64144ccf1df_6.0.22621.4541_none_2710d1c57384c085\COMCTL32.dll
0x00007ff8ef690000 - 0x00007ff8ef6b6000 	C:\WINDOWS\System32\win32u.dll
0x00007ff8efb00000 - 0x00007ff8efb29000 	C:\WINDOWS\System32\GDI32.dll
0x00007ff8ef400000 - 0x00007ff8ef51b000 	C:\WINDOWS\System32\gdi32full.dll
0x00007ff8efba0000 - 0x00007ff8efc47000 	C:\WINDOWS\System32\msvcrt.dll
0x00007ff8ef180000 - 0x00007ff8ef21a000 	C:\WINDOWS\System32\msvcp_win.dll
0x00007ff8f1bc0000 - 0x00007ff8f1bf1000 	C:\WINDOWS\System32\IMM32.DLL
0x00007ff8dfde0000 - 0x00007ff8dfdec000 	C:\Users\Graphic\OneDrive - Sohag University\android.stadio\jbr\bin\vcruntime140_1.dll
0x00007ff8b6e50000 - 0x00007ff8b6edd000 	C:\Users\Graphic\OneDrive - Sohag University\android.stadio\jbr\bin\msvcp140.dll
0x00007ff880210000 - 0x00007ff880e93000 	C:\Users\Graphic\OneDrive - Sohag University\android.stadio\jbr\bin\server\jvm.dll
0x00007ff8f1240000 - 0x00007ff8f12f2000 	C:\WINDOWS\System32\ADVAPI32.dll
0x00007ff8f0ba0000 - 0x00007ff8f0c47000 	C:\WINDOWS\System32\sechost.dll
0x00007ff8ef0d0000 - 0x00007ff8ef0f8000 	C:\WINDOWS\System32\bcrypt.dll
0x00007ff8effe0000 - 0x00007ff8f00f4000 	C:\WINDOWS\System32\RPCRT4.dll
0x00007ff8dc9f0000 - 0x00007ff8dc9f9000 	C:\WINDOWS\SYSTEM32\WSOCK32.dll
0x00007ff8e5170000 - 0x00007ff8e51a4000 	C:\WINDOWS\SYSTEM32\WINMM.dll
0x00007ff8f01e0000 - 0x00007ff8f0251000 	C:\WINDOWS\System32\WS2_32.dll
0x00007ff8e2e10000 - 0x00007ff8e2e1a000 	C:\WINDOWS\SYSTEM32\VERSION.dll
0x00007ff8eed40000 - 0x00007ff8eed8d000 	C:\WINDOWS\SYSTEM32\POWRPROF.dll
0x00007ff8eeb40000 - 0x00007ff8eeb53000 	C:\WINDOWS\SYSTEM32\UMPDC.dll
0x00007ff8ee0d0000 - 0x00007ff8ee0e8000 	C:\WINDOWS\SYSTEM32\kernel.appcore.dll
0x00007ff8e5290000 - 0x00007ff8e529a000 	C:\Users\Graphic\OneDrive - Sohag University\android.stadio\jbr\bin\jimage.dll
0x00007ff8ec9d0000 - 0x00007ff8ecc02000 	C:\WINDOWS\SYSTEM32\DBGHELP.DLL
0x00007ff8efc50000 - 0x00007ff8effdf000 	C:\WINDOWS\System32\combase.dll
0x00007ff8f1ae0000 - 0x00007ff8f1bb7000 	C:\WINDOWS\System32\OLEAUT32.dll
0x00007ff8c7510000 - 0x00007ff8c7542000 	C:\WINDOWS\SYSTEM32\dbgcore.DLL
0x00007ff8ef100000 - 0x00007ff8ef17b000 	C:\WINDOWS\System32\bcryptPrimitives.dll
0x00007ff8dcaf0000 - 0x00007ff8dcafe000 	C:\Users\Graphic\OneDrive - Sohag University\android.stadio\jbr\bin\instrument.dll
0x00007ff8debb0000 - 0x00007ff8debd5000 	C:\Users\Graphic\OneDrive - Sohag University\android.stadio\jbr\bin\java.dll
0x00007ff8deb90000 - 0x00007ff8deba8000 	C:\Users\Graphic\OneDrive - Sohag University\android.stadio\jbr\bin\zip.dll
0x00007ff8f0270000 - 0x00007ff8f0ae8000 	C:\WINDOWS\System32\SHELL32.dll
0x00007ff8ecfc0000 - 0x00007ff8ed8c8000 	C:\WINDOWS\SYSTEM32\windows.storage.dll
0x00007ff8ece80000 - 0x00007ff8ecfbf000 	C:\WINDOWS\SYSTEM32\wintypes.dll
0x00007ff8f0d80000 - 0x00007ff8f0e7a000 	C:\WINDOWS\System32\SHCORE.dll
0x00007ff8f0c50000 - 0x00007ff8f0cae000 	C:\WINDOWS\System32\shlwapi.dll
0x00007ff8ef000000 - 0x00007ff8ef02b000 	C:\WINDOWS\SYSTEM32\profapi.dll
0x00007ff8deb70000 - 0x00007ff8deb89000 	C:\Users\Graphic\OneDrive - Sohag University\android.stadio\jbr\bin\net.dll
0x00007ff8e6500000 - 0x00007ff8e6636000 	C:\WINDOWS\SYSTEM32\WINHTTP.dll
0x00007ff8ee540000 - 0x00007ff8ee5a9000 	C:\WINDOWS\system32\mswsock.dll
0x00007ff8deb50000 - 0x00007ff8deb66000 	C:\Users\Graphic\OneDrive - Sohag University\android.stadio\jbr\bin\nio.dll
0x00007ff8dcb00000 - 0x00007ff8dcb10000 	C:\Users\Graphic\OneDrive - Sohag University\android.stadio\jbr\bin\verify.dll
0x00007ff8df430000 - 0x00007ff8df457000 	C:\Users\Graphic\.gradle\native\c067742578af261105cb4f569cf0c3c89f3d7b1fecec35dd04571415982c5e48\windows-amd64\native-platform.dll
0x00007ff8dee70000 - 0x00007ff8defb4000 	C:\Users\Graphic\.gradle\native\38dada09dfb8b06ba9b0570ebf7e218e3eb74d4ef43ca46872605cf95ebc2f47\windows-amd64\native-platform-file-events.dll
0x00007ff8dcdd0000 - 0x00007ff8dcdd9000 	C:\Users\Graphic\OneDrive - Sohag University\android.stadio\jbr\bin\management.dll
0x00007ff8dcdc0000 - 0x00007ff8dcdcb000 	C:\Users\Graphic\OneDrive - Sohag University\android.stadio\jbr\bin\management_ext.dll
0x00007ff8f0260000 - 0x00007ff8f0268000 	C:\WINDOWS\System32\PSAPI.DLL
0x00007ff8ee890000 - 0x00007ff8ee8ab000 	C:\WINDOWS\SYSTEM32\CRYPTSP.dll
0x00007ff8ee030000 - 0x00007ff8ee065000 	C:\WINDOWS\system32\rsaenh.dll
0x00007ff8ee5e0000 - 0x00007ff8ee608000 	C:\WINDOWS\SYSTEM32\USERENV.dll
0x00007ff8ee870000 - 0x00007ff8ee87c000 	C:\WINDOWS\SYSTEM32\CRYPTBASE.dll
0x00007ff8edb30000 - 0x00007ff8edb5d000 	C:\WINDOWS\SYSTEM32\IPHLPAPI.DLL
0x00007ff8f0e80000 - 0x00007ff8f0e89000 	C:\WINDOWS\System32\NSI.dll
0x00007ff8e3d20000 - 0x00007ff8e3d39000 	C:\WINDOWS\SYSTEM32\dhcpcsvc6.DLL
0x00007ff8e3bb0000 - 0x00007ff8e3bcf000 	C:\WINDOWS\SYSTEM32\dhcpcsvc.DLL
0x00007ff8edba0000 - 0x00007ff8edca2000 	C:\WINDOWS\SYSTEM32\DNSAPI.dll
0x00007ff8e3b80000 - 0x00007ff8e3b89000 	C:\Users\Graphic\OneDrive - Sohag University\android.stadio\jbr\bin\extnet.dll
0x00007ff8e04c0000 - 0x00007ff8e04c8000 	C:\WINDOWS\system32\wshunix.dll

dbghelp: loaded successfully - version: 4.0.5 - missing functions: none
symbol engine: initialized successfully - sym options: 0x614 - pdb path: .;C:\Users\Graphic\OneDrive - Sohag University\android.stadio\jbr\bin;C:\WINDOWS\SYSTEM32;C:\WINDOWS\WinSxS\amd64_microsoft.windows.common-controls_6595b64144ccf1df_6.0.22621.4541_none_2710d1c57384c085;C:\Users\Graphic\OneDrive - Sohag University\android.stadio\jbr\bin\server;C:\Users\Graphic\.gradle\native\c067742578af261105cb4f569cf0c3c89f3d7b1fecec35dd04571415982c5e48\windows-amd64;C:\Users\Graphic\.gradle\native\38dada09dfb8b06ba9b0570ebf7e218e3eb74d4ef43ca46872605cf95ebc2f47\windows-amd64

VM Arguments:
jvm_args: --add-opens=java.base/java.util=ALL-UNNAMED --add-opens=java.base/java.lang=ALL-UNNAMED --add-opens=java.base/java.lang.invoke=ALL-UNNAMED --add-opens=java.prefs/java.util.prefs=ALL-UNNAMED --add-opens=java.base/java.nio.charset=ALL-UNNAMED --add-opens=java.base/java.net=ALL-UNNAMED --add-opens=java.base/java.util.concurrent.atomic=ALL-UNNAMED -Xmx2048m -Dfile.encoding=UTF-8 -Duser.country=US -Duser.language=en -Duser.variant -javaagent:C:\Users\Graphic\.gradle\wrapper\dists\gradle-8.7-bin\bhs2wmbdwecv87pi65oeuq5iu\gradle-8.7\lib\agents\gradle-instrumentation-agent-8.7.jar 
java_command: org.gradle.launcher.daemon.bootstrap.GradleDaemon 8.7
java_class_path (initial): C:\Users\Graphic\.gradle\wrapper\dists\gradle-8.7-bin\bhs2wmbdwecv87pi65oeuq5iu\gradle-8.7\lib\gradle-launcher-8.7.jar
Launcher Type: SUN_STANDARD

[Global flags]
     intx CICompilerCount                          = 3                                         {product} {ergonomic}
     uint ConcGCThreads                            = 1                                         {product} {ergonomic}
     uint G1ConcRefinementThreads                  = 4                                         {product} {ergonomic}
   size_t G1HeapRegionSize                         = 1048576                                   {product} {ergonomic}
    uintx GCDrainStackTargetSize                   = 64                                        {product} {ergonomic}
   size_t InitialHeapSize                          = 62914560                                  {product} {ergonomic}
   size_t MarkStackSize                            = 4194304                                   {product} {ergonomic}
   size_t MaxHeapSize                              = 2147483648                                {product} {command line}
   size_t MaxNewSize                               = 1287651328                                {product} {ergonomic}
   size_t MinHeapDeltaBytes                        = 1048576                                   {product} {ergonomic}
   size_t MinHeapSize                              = 8388608                                   {product} {ergonomic}
    uintx NonNMethodCodeHeapSize                   = 5832780                                {pd product} {ergonomic}
    uintx NonProfiledCodeHeapSize                  = 122912730                              {pd product} {ergonomic}
    uintx ProfiledCodeHeapSize                     = 122912730                              {pd product} {ergonomic}
    uintx ReservedCodeCacheSize                    = 251658240                              {pd product} {ergonomic}
     bool SegmentedCodeCache                       = true                                      {product} {ergonomic}
   size_t SoftMaxHeapSize                          = 2147483648                             {manageable} {ergonomic}
     bool UseCompressedClassPointers               = true                           {product lp64_product} {ergonomic}
     bool UseCompressedOops                        = true                           {product lp64_product} {ergonomic}
     bool UseG1GC                                  = true                                      {product} {ergonomic}
     bool UseLargePagesIndividualAllocation        = false                                  {pd product} {ergonomic}

Logging:
Log output configuration:
 #0: stdout all=warning uptime,level,tags
 #1: stderr all=off uptime,level,tags

Environment Variables:
PATH=C:\WINDOWS\system32;C:\WINDOWS;C:\WINDOWS\System32\Wbem;C:\WINDOWS\System32\WindowsPowerShell\v1.0\;C:\WINDOWS\System32\OpenSSH\;C:\msys64\mingw64\bin;C:\MinGW\bin;C:\Program Files (x86)\Microsoft SQL Server\160\Tools\Binn\;C:\Program Files\Microsoft SQL Server\160\Tools\Binn\;C:\Program Files\Microsoft SQL Server\Client SDK\ODBC\170\Tools\Binn\;C:\Program Files\Microsoft SQL Server\160\DTS\Binn\;C:\Program Files (x86)\Microsoft SQL Server\160\DTS\Binn\;C:\Program Files\Azure Data Studio\bin;C:\Program Files\Git\cmd;C:\Program Files (x86)\Windows Kits\10\Windows Performance Toolkit\;C:\Users\Graphic\AppData\Local\Microsoft\WindowsApps;C:\Program Files\Azure Data Studio\bin;C:\Program Files\JetBrains\IntelliJ IDEA 2024.1\bin;;C:\Program Files\JetBrains\IntelliJ IDEA Community Edition 2024.1\bin;;C:\Users\Graphic\Downloads\dartsdk-windows-x64-release.zip\dart-sdk\bin;C:\Users\Graphic\AppData\Local\Programs\Microsoft VS Code\bin
USERNAME=Graphic
OS=Windows_NT
PROCESSOR_IDENTIFIER=Intel64 Family 6 Model 140 Stepping 1, GenuineIntel
TMP=C:\Users\Graphic\AppData\Local\Temp
TEMP=C:\Users\Graphic\AppData\Local\Temp



Periodic native trim disabled

JNI global refs:
JNI global refs: 26, weak refs: 0

JNI global refs memory usage: 843, weak refs: 841

OOME stack traces (most recent first):
Classloader memory used:
Loader org.gradle.internal.classloader.VisitableURLClassLoader                         : 3029K
Loader bootstrap                                                                       : 2386K
Loader org.gradle.initialization.MixInLegacyTypesClassLoader                           : 744K
Loader org.gradle.internal.classloader.VisitableURLClassLoader                         : 81162B
Loader jdk.internal.loader.ClassLoaders$PlatformClassLoader                            : 65096B
Loader jdk.internal.loader.ClassLoaders$AppClassLoader                                 : 28766B
Loader jdk.internal.reflect.DelegatingClassLoader                                      : 26730B
Loader org.gradle.internal.classloader.VisitableURLClassLoader$InstrumentingVisitableURLClassLoader: 14196B
Loader org.gradle.groovy.scripts.internal.DefaultScriptCompilationHandler$ScriptClassLoader: 10713B
Loader org.codehaus.groovy.runtime.callsite.CallSiteClassLoader                        : 3640B

Classes loaded by more than one classloader:
Class org.gradle.api.GradleException                                                  : loaded 3 times (x 80B)
Class org.gradle.util.GradleVersion                                                   : loaded 2 times (x 81B)
Class org.gradle.internal.classpath.ClassPath                                         : loaded 2 times (x 68B)
Class org.gradle.api.internal.classpath.DefaultModuleRegistry                         : loaded 2 times (x 84B)
Class org.gradle.internal.exceptions.NonGradleCauseExceptionsHolder                   : loaded 2 times (x 68B)
Class org.gradle.api.Action                                                           : loaded 2 times (x 68B)
Class org.gradle.api.internal.DefaultClassPathProvider                                : loaded 2 times (x 74B)
Class org.gradle.internal.installation.GradleInstallation$1                           : loaded 2 times (x 73B)
Class org.gradle.internal.exceptions.DefaultMultiCauseException                       : loaded 2 times (x 93B)
Class org.gradle.internal.time.MonotonicClock                                         : loaded 2 times (x 75B)
Class org.gradle.internal.classloader.FilteringClassLoader                            : loaded 2 times (x 103B)
Class org.gradle.internal.classpath.DefaultClassPath$ImmutableUniqueList$Builder      : loaded 2 times (x 73B)
Class org.gradle.internal.classloader.ClassLoaderVisitor                              : loaded 2 times (x 74B)
Class org.gradle.internal.time.DefaultCountdownTimer                                  : loaded 2 times (x 86B)
Class org.gradle.internal.service.DefaultServiceLocator                               : loaded 2 times (x 81B)
Class org.gradle.internal.service.UnknownServiceException                             : loaded 2 times (x 81B)
Class org.gradle.internal.classloader.DefaultClassLoaderFactory                       : loaded 2 times (x 80B)
Class org.gradle.internal.classloader.VisitableURLClassLoader$Spec                    : loaded 2 times (x 72B)
Class org.gradle.tooling.model.ProjectModel                                           : loaded 2 times (x 68B)
Class org.gradle.internal.installation.GradleInstallation                             : loaded 2 times (x 73B)
Class org.gradle.api.internal.classpath.ModuleRegistry                                : loaded 2 times (x 68B)
Class org.gradle.api.internal.ClassPathProvider                                       : loaded 2 times (x 68B)
Class org.gradle.internal.classloader.ClasspathUtil$1                                 : loaded 2 times (x 74B)
Class org.gradle.internal.classloader.ClassLoaderFactory                              : loaded 2 times (x 68B)
Class org.gradle.api.internal.classpath.ManifestUtil                                  : loaded 2 times (x 69B)
Class org.gradle.api.specs.Spec                                                       : loaded 2 times (x 68B)
Class org.gradle.internal.IoActions                                                   : loaded 2 times (x 69B)
Class org.gradle.api.internal.classpath.EffectiveClassPath                            : loaded 2 times (x 88B)
Class org.gradle.internal.exceptions.ResolutionProvider                               : loaded 2 times (x 68B)
Class org.gradle.internal.installation.CurrentGradleInstallation                      : loaded 2 times (x 71B)
Class org.gradle.internal.agents.InstrumentingClassLoader                             : loaded 2 times (x 68B)
Class org.gradle.internal.installation.CurrentGradleInstallationLocator               : loaded 2 times (x 69B)
Class org.gradle.api.internal.classpath.Module                                        : loaded 2 times (x 68B)
Class org.gradle.internal.service.CachingServiceLocator                               : loaded 2 times (x 80B)
Class org.gradle.internal.time.Timer                                                  : loaded 2 times (x 68B)
Class org.gradle.internal.classpath.DefaultClassPath                                  : loaded 2 times (x 88B)
Class org.gradle.internal.time.Time                                                   : loaded 2 times (x 69B)
Class org.gradle.internal.time.TimeSource$1                                           : loaded 2 times (x 75B)
Class org.gradle.internal.classloader.SystemClassLoaderSpec                           : loaded 2 times (x 69B)
Class kotlin.Function                                                                 : loaded 2 times (x 68B)
Class sync_studio_tooling8_e54mj6z234ndgehhy56rnx9p0                                  : loaded 2 times (x 177B)
Class org.gradle.api.UncheckedIOException                                             : loaded 2 times (x 80B)
Class org.gradle.internal.time.CountdownTimer                                         : loaded 2 times (x 68B)
Class org.gradle.internal.time.Clock                                                  : loaded 2 times (x 68B)
Class org.gradle.internal.classloader.ClasspathUtil                                   : loaded 2 times (x 69B)
Class org.gradle.api.internal.DefaultClassPathRegistry                                : loaded 2 times (x 74B)
Class org.gradle.api.internal.classpath.DefaultModuleRegistry$DefaultModule           : loaded 2 times (x 84B)
Class org.gradle.internal.time.TimeSource                                             : loaded 2 times (x 68B)
Class org.gradle.api.internal.classpath.UnknownModuleException                        : loaded 2 times (x 80B)
Class org.gradle.internal.service.ServiceLookupException                              : loaded 2 times (x 80B)
Class org.gradle.cache.GlobalCache                                                    : loaded 2 times (x 68B)
Class [Lorg.gradle.api.internal.ClassPathProvider;                                    : loaded 2 times (x 67B)
Class org.gradle.internal.operations.MultipleBuildOperationFailures                   : loaded 2 times (x 93B)
Class org.gradle.util.internal.GUtil                                                  : loaded 2 times (x 69B)
Class org.gradle.internal.classloader.ClassLoaderSpec                                 : loaded 2 times (x 69B)
Class ijInit1_9my4fwjt6a5jaer62c14jxp6w                                               : loaded 2 times (x 177B)
Class org.gradle.internal.classloader.VisitableURLClassLoader                         : loaded 2 times (x 115B)
Class sync_studio_tooling8_e54mj6z234ndgehhy56rnx9p0$_run_closure1                    : loaded 2 times (x 137B)
Class org.gradle.internal.Cast                                                        : loaded 2 times (x 69B)
Class org.gradle.api.internal.ClassPathRegistry                                       : loaded 2 times (x 68B)
Class org.gradle.internal.classloader.VisitableURLClassLoader$InstrumentingVisitableURLClassLoader: loaded 2 times (x 121B)
Class org.gradle.internal.classloader.ClassLoaderHierarchy                            : loaded 2 times (x 68B)
Class org.gradle.internal.exceptions.MultiCauseException                              : loaded 2 times (x 68B)
Class org.gradle.internal.InternalTransformer                                         : loaded 2 times (x 68B)
Class org.gradle.internal.service.ServiceLocator                                      : loaded 2 times (x 68B)
Class org.gradle.internal.classpath.DefaultClassPath$ImmutableUniqueList              : loaded 2 times (x 159B)
Class org.gradle.internal.time.DefaultTimer                                           : loaded 2 times (x 78B)
Class org.gradle.internal.classpath.TransformedClassPath                              : loaded 2 times (x 94B)


---------------  S Y S T E M  ---------------

OS:
 Windows 11 , 64 bit Build 22621 (10.0.22621.4391)
OS uptime: 7 days 4:11 hours
Hyper-V role detected

CPU: total 4 (initial active 4) (2 cores per cpu, 2 threads per core) family 6 model 140 stepping 1 microcode 0xa4, cx8, cmov, fxsr, ht, mmx, 3dnowpref, sse, sse2, sse3, ssse3, sse4.1, sse4.2, popcnt, lzcnt, tsc, tscinvbit, avx, avx2, aes, erms, clmul, bmi1, bmi2, adx, avx512f, avx512dq, avx512cd, avx512bw, avx512vl, sha, fma, vzeroupper, avx512_vpopcntdq, avx512_vpclmulqdq, avx512_vaes, avx512_vnni, clflush, clflushopt, clwb, avx512_vbmi2, avx512_vbmi, hv
Processor Information for all 4 processors :
  Max Mhz: 2995, Current Mhz: 2995, Mhz Limit: 2995

Memory: 4k page, system-wide physical 3790M (596M free)
TotalPageFile size 15566M (AvailPageFile size 15M)
current process WorkingSet (physical memory assigned to process): 257M, peak: 259M
current process commit charge ("private bytes"): 285M, peak: 300M

vm_info: OpenJDK 64-Bit Server VM (17.0.10+0--11609105) for windows-amd64 JRE (17.0.10+0--11609105), built on Mar 21 2024 19:10:56 by "androidbuild" with MS VC++ 16.10 / 16.11 (VS2019)

END.
