#
# There is insufficient memory for the Java Runtime Environment to continue.
# Native memory allocation (malloc) failed to allocate 1018736 bytes. Error detail: Chunk::new
# Possible reasons:
#   The system is out of physical RAM or swap space
#   This process is running with CompressedOops enabled, and the Java Heap may be blocking the growth of the native heap
# Possible solutions:
#   Reduce memory load on the system
#   Increase physical memory or swap space
#   Check if swap backing store is full
#   Decrease Java heap size (-Xmx/-Xms)
#   Decrease number of Java threads
#   Decrease Java thread stack sizes (-Xss)
#   Set larger code cache with -XX:ReservedCodeCacheSize=
#   JVM is running with Unscaled Compressed Oops mode in which the Java heap is
#     placed in the first 4GB address space. The Java Heap base address is the
#     maximum limit for the native heap growth. Please use -XX:HeapBaseMinAddress
#     to set the Java Heap base and to place the Java Heap above 4GB virtual address.
# This output file may be truncated or incomplete.
#
#  Out of Memory Error (arena.cpp:168), pid=11432, tid=19432
#
# JRE version: OpenJDK Runtime Environment (21.0.4) (build 21.0.4+-12508038-b607.1)
# Java VM: OpenJDK 64-Bit Server VM (21.0.4+-12508038-b607.1, mixed mode, tiered, compressed oops, compressed class ptrs, g1 gc, windows-amd64)
# No core dump will be written. Minidumps are not enabled by default on client versions of Windows
#

---------------  S U M M A R Y ------------

Command Line: --add-opens=java.base/java.util=ALL-UNNAMED --add-opens=java.base/java.lang=ALL-UNNAMED --add-opens=java.base/java.lang.invoke=ALL-UNNAMED --add-opens=java.prefs/java.util.prefs=ALL-UNNAMED --add-exports=jdk.compiler/com.sun.tools.javac.api=ALL-UNNAMED --add-exports=jdk.compiler/com.sun.tools.javac.util=ALL-UNNAMED --add-opens=java.base/java.nio.charset=ALL-UNNAMED --add-opens=java.base/java.net=ALL-UNNAMED --add-opens=java.base/java.util.concurrent.atomic=ALL-UNNAMED -Xmx2048m -Dfile.encoding=UTF-8 -Duser.country=US -Duser.language=en -Duser.variant -javaagent:C:\Users\Graphic\.gradle\wrapper\dists\gradle-8.10.2-bin\a04bxjujx95o3nb99gddekhwo\gradle-8.10.2\lib\agents\gradle-instrumentation-agent-8.10.2.jar org.gradle.launcher.daemon.bootstrap.GradleDaemon 8.10.2

Host: 11th Gen Intel(R) Core(TM) i3-1115G4 @ 3.00GHz, 4 cores, 3G,  Windows 11 , 64 bit Build 22621 (10.0.22621.4830)
Time: Sat Feb 15 01:21:38 2025 Egypt Standard Time elapsed time: 12.569236 seconds (0d 0h 0m 12s)

---------------  T H R E A D  ---------------

Current thread (0x000001925f020ea0):  JavaThread "C2 CompilerThread0" daemon [_thread_in_native, id=19432, stack(0x0000004d5c600000,0x0000004d5c700000) (1024K)]


Current CompileTask:
C2:  12569 2667       4       java.lang.invoke.MethodType::makeImpl (109 bytes)

Stack: [0x0000004d5c600000,0x0000004d5c700000]
Native frames: (J=compiled Java code, j=interpreted, Vv=VM code, C=native code)
V  [jvm.dll+0x6ce539]
V  [jvm.dll+0x85bf03]
V  [jvm.dll+0x85e45e]
V  [jvm.dll+0x85eb43]
V  [jvm.dll+0x27dd06]
V  [jvm.dll+0xbf9cd]
V  [jvm.dll+0xbff03]
V  [jvm.dll+0x2f19c1]
V  [jvm.dll+0x5f8d79]
V  [jvm.dll+0x2503d2]
V  [jvm.dll+0x248daa]
V  [jvm.dll+0x2468be]
V  [jvm.dll+0x1c58a4]
V  [jvm.dll+0x255fec]
V  [jvm.dll+0x254536]
V  [jvm.dll+0x3efab6]
V  [jvm.dll+0x804418]
V  [jvm.dll+0x6cce0d]
C  [ucrtbase.dll+0x29333]
C  [KERNEL32.DLL+0x1259d]
C  [ntdll.dll+0x5af38]


---------------  P R O C E S S  ---------------

Threads class SMR info:
_java_thread_list=0x0000019260f96a70, length=24, elements={
0x0000019243d205d0, 0x000001925f031750, 0x000001925f036600, 0x000001925f01b070,
0x000001925f01dc40, 0x000001925f01f6b0, 0x000001925f020110, 0x000001925f020ea0,
0x000001925f0374f0, 0x0000019243dde220, 0x000001925f2df380, 0x000001925f66adb0,
0x0000019260c4a380, 0x000001925ff88540, 0x000001925f2a1ad0, 0x000001925fcdd7a0,
0x000001925f303b80, 0x00000192601f1d10, 0x000001925f5deea0, 0x000001925f5df530,
0x000001925f5dfbc0, 0x000001925f5e0250, 0x000001925f5e1c90, 0x000001925f5de810
}

Java Threads: ( => current thread )
  0x0000019243d205d0 JavaThread "main"                              [_thread_blocked, id=5684, stack(0x0000004d5b800000,0x0000004d5b900000) (1024K)]
  0x000001925f031750 JavaThread "Reference Handler"          daemon [_thread_blocked, id=7420, stack(0x0000004d5c000000,0x0000004d5c100000) (1024K)]
  0x000001925f036600 JavaThread "Finalizer"                  daemon [_thread_blocked, id=14052, stack(0x0000004d5c100000,0x0000004d5c200000) (1024K)]
  0x000001925f01b070 JavaThread "Signal Dispatcher"          daemon [_thread_blocked, id=17512, stack(0x0000004d5c200000,0x0000004d5c300000) (1024K)]
  0x000001925f01dc40 JavaThread "Attach Listener"            daemon [_thread_blocked, id=10572, stack(0x0000004d5c300000,0x0000004d5c400000) (1024K)]
  0x000001925f01f6b0 JavaThread "Service Thread"             daemon [_thread_blocked, id=17876, stack(0x0000004d5c400000,0x0000004d5c500000) (1024K)]
  0x000001925f020110 JavaThread "Monitor Deflation Thread"   daemon [_thread_blocked, id=4608, stack(0x0000004d5c500000,0x0000004d5c600000) (1024K)]
=>0x000001925f020ea0 JavaThread "C2 CompilerThread0"         daemon [_thread_in_native, id=19432, stack(0x0000004d5c600000,0x0000004d5c700000) (1024K)]
  0x000001925f0374f0 JavaThread "C1 CompilerThread0"         daemon [_thread_blocked, id=11036, stack(0x0000004d5c700000,0x0000004d5c800000) (1024K)]
  0x0000019243dde220 JavaThread "Common-Cleaner"             daemon [_thread_blocked, id=6884, stack(0x0000004d5c800000,0x0000004d5c900000) (1024K)]
  0x000001925f2df380 JavaThread "Notification Thread"        daemon [_thread_blocked, id=13508, stack(0x0000004d5c900000,0x0000004d5ca00000) (1024K)]
  0x000001925f66adb0 JavaThread "Daemon health stats"               [_thread_blocked, id=8736, stack(0x0000004d5cd00000,0x0000004d5ce00000) (1024K)]
  0x0000019260c4a380 JavaThread "Incoming local TCP Connector on port 49223"        [_thread_in_native, id=7812, stack(0x0000004d5ce00000,0x0000004d5cf00000) (1024K)]
  0x000001925ff88540 JavaThread "Daemon periodic checks"            [_thread_blocked, id=12184, stack(0x0000004d5cf00000,0x0000004d5d000000) (1024K)]
  0x000001925f2a1ad0 JavaThread "Daemon"                            [_thread_blocked, id=19228, stack(0x0000004d5d000000,0x0000004d5d100000) (1024K)]
  0x000001925fcdd7a0 JavaThread "Handler for socket connection from /127.0.0.1:49223 to /127.0.0.1:49225"        [_thread_in_native, id=8548, stack(0x0000004d5d100000,0x0000004d5d200000) (1024K)]
  0x000001925f303b80 JavaThread "Cancel handler"                    [_thread_blocked, id=4864, stack(0x0000004d5d200000,0x0000004d5d300000) (1024K)]
  0x00000192601f1d10 JavaThread "Daemon worker"                     [_thread_in_vm, id=16604, stack(0x0000004d5d300000,0x0000004d5d400000) (1024K)]
  0x000001925f5deea0 JavaThread "Asynchronous log dispatcher for DefaultDaemonConnection: socket connection from /127.0.0.1:49223 to /127.0.0.1:49225"        [_thread_blocked, id=18548, stack(0x0000004d5d400000,0x0000004d5d500000) (1024K)]
  0x000001925f5df530 JavaThread "Stdin handler"                     [_thread_blocked, id=4632, stack(0x0000004d5d500000,0x0000004d5d600000) (1024K)]
  0x000001925f5dfbc0 JavaThread "Daemon client event forwarder"        [_thread_blocked, id=16932, stack(0x0000004d5d600000,0x0000004d5d700000) (1024K)]
  0x000001925f5e0250 JavaThread "Cache worker for journal cache (C:\Users\Graphic\.gradle\caches\journal-1)"        [_thread_blocked, id=20268, stack(0x0000004d5d700000,0x0000004d5d800000) (1024K)]
  0x000001925f5e1c90 JavaThread "File lock request listener"        [_thread_in_native, id=6356, stack(0x0000004d5d800000,0x0000004d5d900000) (1024K)]
  0x000001925f5de810 JavaThread "Cache worker for file hash cache (C:\Users\Graphic\.gradle\caches\8.10.2\fileHashes)"        [_thread_blocked, id=4020, stack(0x0000004d5d900000,0x0000004d5da00000) (1024K)]
Total: 24

Other Threads:
  0x000001925ab4f7d0 VMThread "VM Thread"                           [id=20076, stack(0x0000004d5bf00000,0x0000004d5c000000) (1024K)]
  0x0000019243ddd170 WatcherThread "VM Periodic Task Thread"        [id=13816, stack(0x0000004d5be00000,0x0000004d5bf00000) (1024K)]
  0x0000019243d755e0 WorkerThread "GC Thread#0"                     [id=19908, stack(0x0000004d5b900000,0x0000004d5ba00000) (1024K)]
  0x000001925f3e41f0 WorkerThread "GC Thread#1"                     [id=13724, stack(0x0000004d5ca00000,0x0000004d5cb00000) (1024K)]
  0x000001925f3e51b0 WorkerThread "GC Thread#2"                     [id=2788, stack(0x0000004d5cb00000,0x0000004d5cc00000) (1024K)]
  0x000001925fd605a0 WorkerThread "GC Thread#3"                     [id=10496, stack(0x0000004d5cc00000,0x0000004d5cd00000) (1024K)]
  0x0000019241b7bf80 ConcurrentGCThread "G1 Main Marker"            [id=18460, stack(0x0000004d5ba00000,0x0000004d5bb00000) (1024K)]
  0x0000019241b7cbf0 WorkerThread "G1 Conc#0"                       [id=1184, stack(0x0000004d5bb00000,0x0000004d5bc00000) (1024K)]
  0x0000019243dd0220 ConcurrentGCThread "G1 Refine#0"               [id=13296, stack(0x0000004d5bc00000,0x0000004d5bd00000) (1024K)]
  0x000001925a9a10a0 ConcurrentGCThread "G1 Service"                [id=2584, stack(0x0000004d5bd00000,0x0000004d5be00000) (1024K)]
Total: 10

Threads with active compile tasks:
C2 CompilerThread0    12629 2667       4       java.lang.invoke.MethodType::makeImpl (109 bytes)
Total: 1

VM state: not at safepoint (normal execution)

VM Mutex/Monitor currently owned by a thread: None

Heap address: 0x0000000080000000, size: 2048 MB, Compressed Oops mode: 32-bit

CDS archive(s) not mapped
Compressed class space mapped at: 0x0000000100000000-0x0000000140000000, reserved size: 1073741824
Narrow klass base: 0x0000000000000000, Narrow klass shift: 3, Narrow klass range: 0x140000000

GC Precious Log:
 CardTable entry size: 512
 Card Set container configuration: InlinePtr #cards 5 size 8 Array Of Cards #cards 12 size 40 Howl #buckets 4 coarsen threshold 1843 Howl Bitmap #cards 512 size 80 coarsen threshold 460 Card regions per heap region 1 cards per card region 2048
 CPUs: 4 total, 4 available
 Memory: 3790M
 Large Page Support: Disabled
 NUMA Support: Disabled
 Compressed Oops: Enabled (32-bit)
 Heap Region Size: 1M
 Heap Min Capacity: 8M
 Heap Initial Capacity: 60M
 Heap Max Capacity: 2G
 Pre-touch: Disabled
 Parallel Workers: 4
 Concurrent Workers: 1
 Concurrent Refinement Workers: 4
 Periodic GC: Disabled

Heap:
 garbage-first heap   total 61440K, used 24578K [0x0000000080000000, 0x0000000100000000)
  region size 1024K, 5 young (5120K), 2 survivors (2048K)
 Metaspace       used 26298K, committed 26752K, reserved 1114112K
  class space    used 3166K, committed 3392K, reserved 1048576K

Heap Regions: E=young(eden), S=young(survivor), O=old, HS=humongous(starts), HC=humongous(continues), CS=collection set, F=free, TAMS=top-at-mark-start, PB=parsable bottom
|   0|0x0000000080000000, 0x0000000080100000, 0x0000000080100000|100%|HS|  |TAMS 0x0000000080000000| PB 0x0000000080000000| Complete 
|   1|0x0000000080100000, 0x0000000080200000, 0x0000000080200000|100%|HC|  |TAMS 0x0000000080100000| PB 0x0000000080100000| Complete 
|   2|0x0000000080200000, 0x0000000080300000, 0x0000000080300000|100%|HC|  |TAMS 0x0000000080200000| PB 0x0000000080200000| Complete 
|   3|0x0000000080300000, 0x0000000080400000, 0x0000000080400000|100%|HC|  |TAMS 0x0000000080300000| PB 0x0000000080300000| Complete 
|   4|0x0000000080400000, 0x0000000080500000, 0x0000000080500000|100%| O|  |TAMS 0x0000000080400000| PB 0x0000000080400000| Untracked 
|   5|0x0000000080500000, 0x0000000080600000, 0x0000000080600000|100%| O|  |TAMS 0x0000000080500000| PB 0x0000000080500000| Untracked 
|   6|0x0000000080600000, 0x0000000080700000, 0x0000000080700000|100%| O|  |TAMS 0x0000000080600000| PB 0x0000000080600000| Untracked 
|   7|0x0000000080700000, 0x0000000080800000, 0x0000000080800000|100%| O|  |TAMS 0x0000000080700000| PB 0x0000000080700000| Untracked 
|   8|0x0000000080800000, 0x0000000080900000, 0x0000000080900000|100%| O|  |TAMS 0x0000000080800000| PB 0x0000000080800000| Untracked 
|   9|0x0000000080900000, 0x0000000080a00000, 0x0000000080a00000|100%| O|  |TAMS 0x0000000080900000| PB 0x0000000080900000| Untracked 
|  10|0x0000000080a00000, 0x0000000080b00000, 0x0000000080b00000|100%| O|Cm|TAMS 0x0000000080a00000| PB 0x0000000080a00000| Complete 
|  11|0x0000000080b00000, 0x0000000080c00000, 0x0000000080c00000|100%|HS|  |TAMS 0x0000000080b00000| PB 0x0000000080b00000| Complete 
|  12|0x0000000080c00000, 0x0000000080d00000, 0x0000000080d00000|100%| O|  |TAMS 0x0000000080c00000| PB 0x0000000080c00000| Untracked 
|  13|0x0000000080d00000, 0x0000000080e00000, 0x0000000080e00000|100%| O|  |TAMS 0x0000000080d00000| PB 0x0000000080d00000| Untracked 
|  14|0x0000000080e00000, 0x0000000080f00000, 0x0000000080f00000|100%| O|  |TAMS 0x0000000080e00000| PB 0x0000000080e00000| Untracked 
|  15|0x0000000080f00000, 0x0000000081000000, 0x0000000081000000|100%| O|  |TAMS 0x0000000080f00000| PB 0x0000000080f00000| Untracked 
|  16|0x0000000081000000, 0x0000000081100000, 0x0000000081100000|100%| O|  |TAMS 0x0000000081000000| PB 0x0000000081000000| Untracked 
|  17|0x0000000081100000, 0x0000000081200000, 0x0000000081200000|100%| O|  |TAMS 0x0000000081100000| PB 0x0000000081100000| Untracked 
|  18|0x0000000081200000, 0x0000000081300000, 0x0000000081300000|100%| O|  |TAMS 0x0000000081200000| PB 0x0000000081200000| Untracked 
|  19|0x0000000081300000, 0x0000000081400000, 0x0000000081400000|100%| O|  |TAMS 0x0000000081300000| PB 0x0000000081300000| Untracked 
|  20|0x0000000081400000, 0x0000000081476120, 0x0000000081500000| 46%| O|  |TAMS 0x0000000081400000| PB 0x0000000081400000| Untracked 
|  21|0x0000000081500000, 0x0000000081500000, 0x0000000081600000|  0%| F|  |TAMS 0x0000000081500000| PB 0x0000000081500000| Untracked 
|  22|0x0000000081600000, 0x0000000081600000, 0x0000000081700000|  0%| F|  |TAMS 0x0000000081600000| PB 0x0000000081600000| Untracked 
|  23|0x0000000081700000, 0x0000000081700000, 0x0000000081800000|  0%| F|  |TAMS 0x0000000081700000| PB 0x0000000081700000| Untracked 
|  24|0x0000000081800000, 0x0000000081800000, 0x0000000081900000|  0%| F|  |TAMS 0x0000000081800000| PB 0x0000000081800000| Untracked 
|  25|0x0000000081900000, 0x0000000081900000, 0x0000000081a00000|  0%| F|  |TAMS 0x0000000081900000| PB 0x0000000081900000| Untracked 
|  26|0x0000000081a00000, 0x0000000081a00000, 0x0000000081b00000|  0%| F|  |TAMS 0x0000000081a00000| PB 0x0000000081a00000| Untracked 
|  27|0x0000000081b00000, 0x0000000081b00000, 0x0000000081c00000|  0%| F|  |TAMS 0x0000000081b00000| PB 0x0000000081b00000| Untracked 
|  28|0x0000000081c00000, 0x0000000081c00000, 0x0000000081d00000|  0%| F|  |TAMS 0x0000000081c00000| PB 0x0000000081c00000| Untracked 
|  29|0x0000000081d00000, 0x0000000081d00000, 0x0000000081e00000|  0%| F|  |TAMS 0x0000000081d00000| PB 0x0000000081d00000| Untracked 
|  30|0x0000000081e00000, 0x0000000081e00000, 0x0000000081f00000|  0%| F|  |TAMS 0x0000000081e00000| PB 0x0000000081e00000| Untracked 
|  31|0x0000000081f00000, 0x0000000081f8a900, 0x0000000082000000| 54%| S|CS|TAMS 0x0000000081f00000| PB 0x0000000081f00000| Complete 
|  32|0x0000000082000000, 0x0000000082100000, 0x0000000082100000|100%| S|CS|TAMS 0x0000000082000000| PB 0x0000000082000000| Complete 
|  33|0x0000000082100000, 0x0000000082100000, 0x0000000082200000|  0%| F|  |TAMS 0x0000000082100000| PB 0x0000000082100000| Untracked 
|  34|0x0000000082200000, 0x0000000082200000, 0x0000000082300000|  0%| F|  |TAMS 0x0000000082200000| PB 0x0000000082200000| Untracked 
|  35|0x0000000082300000, 0x0000000082300000, 0x0000000082400000|  0%| F|  |TAMS 0x0000000082300000| PB 0x0000000082300000| Untracked 
|  36|0x0000000082400000, 0x0000000082400000, 0x0000000082500000|  0%| F|  |TAMS 0x0000000082400000| PB 0x0000000082400000| Untracked 
|  37|0x0000000082500000, 0x0000000082500000, 0x0000000082600000|  0%| F|  |TAMS 0x0000000082500000| PB 0x0000000082500000| Untracked 
|  38|0x0000000082600000, 0x0000000082600000, 0x0000000082700000|  0%| F|  |TAMS 0x0000000082600000| PB 0x0000000082600000| Untracked 
|  39|0x0000000082700000, 0x0000000082700000, 0x0000000082800000|  0%| F|  |TAMS 0x0000000082700000| PB 0x0000000082700000| Untracked 
|  40|0x0000000082800000, 0x0000000082800000, 0x0000000082900000|  0%| F|  |TAMS 0x0000000082800000| PB 0x0000000082800000| Untracked 
|  41|0x0000000082900000, 0x0000000082900000, 0x0000000082a00000|  0%| F|  |TAMS 0x0000000082900000| PB 0x0000000082900000| Untracked 
|  42|0x0000000082a00000, 0x0000000082a00000, 0x0000000082b00000|  0%| F|  |TAMS 0x0000000082a00000| PB 0x0000000082a00000| Untracked 
|  43|0x0000000082b00000, 0x0000000082b00000, 0x0000000082c00000|  0%| F|  |TAMS 0x0000000082b00000| PB 0x0000000082b00000| Untracked 
|  44|0x0000000082c00000, 0x0000000082c00000, 0x0000000082d00000|  0%| F|  |TAMS 0x0000000082c00000| PB 0x0000000082c00000| Untracked 
|  45|0x0000000082d00000, 0x0000000082d00000, 0x0000000082e00000|  0%| F|  |TAMS 0x0000000082d00000| PB 0x0000000082d00000| Untracked 
|  46|0x0000000082e00000, 0x0000000082e00000, 0x0000000082f00000|  0%| F|  |TAMS 0x0000000082e00000| PB 0x0000000082e00000| Untracked 
|  47|0x0000000082f00000, 0x0000000082f00000, 0x0000000083000000|  0%| F|  |TAMS 0x0000000082f00000| PB 0x0000000082f00000| Untracked 
|  48|0x0000000083000000, 0x0000000083000000, 0x0000000083100000|  0%| F|  |TAMS 0x0000000083000000| PB 0x0000000083000000| Untracked 
|  49|0x0000000083100000, 0x0000000083100000, 0x0000000083200000|  0%| F|  |TAMS 0x0000000083100000| PB 0x0000000083100000| Untracked 
|  50|0x0000000083200000, 0x0000000083200000, 0x0000000083300000|  0%| F|  |TAMS 0x0000000083200000| PB 0x0000000083200000| Untracked 
|  51|0x0000000083300000, 0x0000000083300000, 0x0000000083400000|  0%| F|  |TAMS 0x0000000083300000| PB 0x0000000083300000| Untracked 
|  52|0x0000000083400000, 0x0000000083400000, 0x0000000083500000|  0%| F|  |TAMS 0x0000000083400000| PB 0x0000000083400000| Untracked 
|  53|0x0000000083500000, 0x0000000083500000, 0x0000000083600000|  0%| F|  |TAMS 0x0000000083500000| PB 0x0000000083500000| Untracked 
|  54|0x0000000083600000, 0x0000000083600000, 0x0000000083700000|  0%| F|  |TAMS 0x0000000083600000| PB 0x0000000083600000| Untracked 
|  55|0x0000000083700000, 0x0000000083700000, 0x0000000083800000|  0%| F|  |TAMS 0x0000000083700000| PB 0x0000000083700000| Untracked 
|  56|0x0000000083800000, 0x0000000083800000, 0x0000000083900000|  0%| F|  |TAMS 0x0000000083800000| PB 0x0000000083800000| Untracked 
|  57|0x0000000083900000, 0x00000000839eff78, 0x0000000083a00000| 93%| E|  |TAMS 0x0000000083900000| PB 0x0000000083900000| Complete 
|  58|0x0000000083a00000, 0x0000000083b00000, 0x0000000083b00000|100%| E|CS|TAMS 0x0000000083a00000| PB 0x0000000083a00000| Complete 
|  59|0x0000000083b00000, 0x0000000083c00000, 0x0000000083c00000|100%| E|CS|TAMS 0x0000000083b00000| PB 0x0000000083b00000| Complete 

Card table byte_map: [0x0000019256260000,0x0000019256660000] _byte_map_base: 0x0000019255e60000

Marking Bits: (CMBitMap*) 0x0000019243d75ce0
 Bits: [0x0000019256660000, 0x0000019258660000)

Polling page: 0x00000192434e0000

Metaspace:

Usage:
  Non-class:     22.59 MB used.
      Class:      3.09 MB used.
       Both:     25.69 MB used.

Virtual space:
  Non-class space:       64.00 MB reserved,      22.81 MB ( 36%) committed,  1 nodes.
      Class space:        1.00 GB reserved,       3.31 MB ( <1%) committed,  1 nodes.
             Both:        1.06 GB reserved,      26.12 MB (  2%) committed. 

Chunk freelists:
   Non-Class:  8.75 MB
       Class:  12.73 MB
        Both:  21.48 MB

MaxMetaspaceSize: unlimited
CompressedClassSpaceSize: 1.00 GB
Initial GC threshold: 21.00 MB
Current GC threshold: 35.12 MB
CDS: off
 - commit_granule_bytes: 65536.
 - commit_granule_words: 8192.
 - virtual_space_node_default_size: 8388608.
 - enlarge_chunks_in_place: 1.
 - use_allocation_guard: 0.


Internal statistics:

num_allocs_failed_limit: 3.
num_arena_births: 584.
num_arena_deaths: 0.
num_vsnodes_births: 2.
num_vsnodes_deaths: 0.
num_space_committed: 418.
num_space_uncommitted: 0.
num_chunks_returned_to_freelist: 3.
num_chunks_taken_from_freelist: 1180.
num_chunk_merges: 3.
num_chunk_splits: 747.
num_chunks_enlarged: 521.
num_inconsistent_stats: 0.

CodeHeap 'non-profiled nmethods': size=120000Kb used=1211Kb max_used=1211Kb free=118789Kb
 bounds [0x000001924e930000, 0x000001924eba0000, 0x0000019255e60000]
CodeHeap 'profiled nmethods': size=120000Kb used=5582Kb max_used=5582Kb free=114417Kb
 bounds [0x0000019246e60000, 0x00000192473e0000, 0x000001924e390000]
CodeHeap 'non-nmethods': size=5760Kb used=1615Kb max_used=1627Kb free=4144Kb
 bounds [0x000001924e390000, 0x000001924e600000, 0x000001924e930000]
 total_blobs=3272 nmethods=2713 adapters=463
 compilation: enabled
              stopped_count=0, restarted_count=0
 full_count=0

Compilation events (20 events):
Event: 12.547 Thread 0x000001925f0374f0 2705       3       com.google.common.collect.ImmutableList$Builder::add (34 bytes)
Event: 12.548 Thread 0x000001925f0374f0 nmethod 2705 0x00000192473c2b90 code [0x00000192473c2d60, 0x00000192473c31b0]
Event: 12.548 Thread 0x000001925f0374f0 2706       3       com.google.common.collect.ImmutableList$Builder::add (6 bytes)
Event: 12.548 Thread 0x000001925f0374f0 nmethod 2706 0x00000192473c3390 code [0x00000192473c3540, 0x00000192473c3678]
Event: 12.548 Thread 0x000001925f0374f0 2707       3       org.gradle.internal.file.FilePathUtil::sizeOfCommonPrefix (142 bytes)
Event: 12.550 Thread 0x000001925f0374f0 nmethod 2707 0x00000192473c3710 code [0x00000192473c3b40, 0x00000192473c5c88]
Event: 12.550 Thread 0x000001925f0374f0 2708       3       org.gradle.internal.file.FileHierarchySet$Node::sizeOfCommonPrefix (10 bytes)
Event: 12.550 Thread 0x000001925f0374f0 nmethod 2708 0x00000192473c6990 code [0x00000192473c6b40, 0x00000192473c6cd8]
Event: 12.550 Thread 0x000001925f0374f0 2709       3       org.gradle.internal.file.FilePathUtil::sizeOfCommonPrefix (10 bytes)
Event: 12.551 Thread 0x000001925f0374f0 nmethod 2709 0x00000192473c6d90 code [0x00000192473c6f40, 0x00000192473c7060]
Event: 12.551 Thread 0x000001925f0374f0 2710       3       org.gradle.internal.file.FileHierarchySet$Node::plusWithCommonPrefixLength (341 bytes)
Event: 12.553 Thread 0x000001925f0374f0 nmethod 2710 0x00000192473c7110 code [0x00000192473c7720, 0x00000192473cafa8]
Event: 12.553 Thread 0x000001925f0374f0 2711   !   3       java.lang.invoke.LambdaForm::lambdaName (49 bytes)
Event: 12.553 Thread 0x000001925f0374f0 nmethod 2711 0x00000192473cc410 code [0x00000192473cc5a0, 0x00000192473cc6c8]
Event: 12.553 Thread 0x000001925f0374f0 2712       3       java.lang.invoke.InvokerBytecodeGenerator::classFilePrologue (64 bytes)
Event: 12.554 Thread 0x000001925f0374f0 nmethod 2712 0x00000192473cc790 code [0x00000192473cc9e0, 0x00000192473cd130]
Event: 12.558 Thread 0x000001925f0374f0 2713       3       java.lang.invoke.BoundMethodHandle::speciesDataFor (32 bytes)
Event: 12.558 Thread 0x000001925f0374f0 nmethod 2713 0x00000192473cd410 code [0x00000192473cd5c0, 0x00000192473cd928]
Event: 12.558 Thread 0x000001925f0374f0 2714       3       java.lang.invoke.LambdaFormEditor::oldSpeciesData (8 bytes)
Event: 12.558 Thread 0x000001925f0374f0 nmethod 2714 0x00000192473cda90 code [0x00000192473cdc60, 0x00000192473ce048]

GC Heap History (12 events):
Event: 2.307 GC heap before
{Heap before GC invocations=0 (full 0):
 garbage-first heap   total 61440K, used 13312K [0x0000000080000000, 0x0000000100000000)
  region size 1024K, 13 young (13312K), 0 survivors (0K)
 Metaspace       used 7374K, committed 7488K, reserved 1114112K
  class space    used 665K, committed 704K, reserved 1048576K
}
Event: 2.316 GC heap after
{Heap after GC invocations=1 (full 0):
 garbage-first heap   total 61440K, used 1280K [0x0000000080000000, 0x0000000100000000)
  region size 1024K, 2 young (2048K), 2 survivors (2048K)
 Metaspace       used 7374K, committed 7488K, reserved 1114112K
  class space    used 665K, committed 704K, reserved 1048576K
}
Event: 4.714 GC heap before
{Heap before GC invocations=1 (full 0):
 garbage-first heap   total 61440K, used 29952K [0x0000000080000000, 0x0000000100000000)
  region size 1024K, 27 young (27648K), 2 survivors (2048K)
 Metaspace       used 11600K, committed 11712K, reserved 1114112K
  class space    used 1212K, committed 1280K, reserved 1048576K
}
Event: 4.723 GC heap after
{Heap after GC invocations=2 (full 0):
 garbage-first heap   total 61440K, used 10852K [0x0000000080000000, 0x0000000100000000)
  region size 1024K, 4 young (4096K), 4 survivors (4096K)
 Metaspace       used 11600K, committed 11712K, reserved 1114112K
  class space    used 1212K, committed 1280K, reserved 1048576K
}
Event: 6.713 GC heap before
{Heap before GC invocations=2 (full 0):
 garbage-first heap   total 61440K, used 40548K [0x0000000080000000, 0x0000000100000000)
  region size 1024K, 34 young (34816K), 4 survivors (4096K)
 Metaspace       used 12195K, committed 12480K, reserved 1114112K
  class space    used 1277K, committed 1408K, reserved 1048576K
}
Event: 6.722 GC heap after
{Heap after GC invocations=3 (full 0):
 garbage-first heap   total 61440K, used 11988K [0x0000000080000000, 0x0000000100000000)
  region size 1024K, 1 young (1024K), 1 survivors (1024K)
 Metaspace       used 12195K, committed 12480K, reserved 1114112K
  class space    used 1277K, committed 1408K, reserved 1048576K
}
Event: 9.325 GC heap before
{Heap before GC invocations=3 (full 0):
 garbage-first heap   total 61440K, used 44756K [0x0000000080000000, 0x0000000100000000)
  region size 1024K, 32 young (32768K), 1 survivors (1024K)
 Metaspace       used 14021K, committed 14272K, reserved 1114112K
  class space    used 1532K, committed 1664K, reserved 1048576K
}
Event: 9.331 GC heap after
{Heap after GC invocations=4 (full 0):
 garbage-first heap   total 61440K, used 17581K [0x0000000080000000, 0x0000000100000000)
  region size 1024K, 4 young (4096K), 4 survivors (4096K)
 Metaspace       used 14021K, committed 14272K, reserved 1114112K
  class space    used 1532K, committed 1664K, reserved 1048576K
}
Event: 11.512 GC heap before
{Heap before GC invocations=4 (full 0):
 garbage-first heap   total 61440K, used 37037K [0x0000000080000000, 0x0000000100000000)
  region size 1024K, 24 young (24576K), 4 survivors (4096K)
 Metaspace       used 21189K, committed 21504K, reserved 1114112K
  class space    used 2412K, committed 2560K, reserved 1048576K
}
Event: 11.522 GC heap after
{Heap after GC invocations=5 (full 0):
 garbage-first heap   total 61440K, used 20859K [0x0000000080000000, 0x0000000100000000)
  region size 1024K, 3 young (3072K), 3 survivors (3072K)
 Metaspace       used 21189K, committed 21504K, reserved 1114112K
  class space    used 2412K, committed 2560K, reserved 1048576K
}
Event: 12.535 GC heap before
{Heap before GC invocations=6 (full 0):
 garbage-first heap   total 61440K, used 44411K [0x0000000080000000, 0x0000000100000000)
  region size 1024K, 27 young (27648K), 3 survivors (3072K)
 Metaspace       used 25858K, committed 26240K, reserved 1114112K
  class space    used 3100K, committed 3264K, reserved 1048576K
}
Event: 12.540 GC heap after
{Heap after GC invocations=7 (full 0):
 garbage-first heap   total 61440K, used 22530K [0x0000000080000000, 0x0000000100000000)
  region size 1024K, 2 young (2048K), 2 survivors (2048K)
 Metaspace       used 25858K, committed 26240K, reserved 1114112K
  class space    used 3100K, committed 3264K, reserved 1048576K
}

Dll operation events (3 events):
Event: 0.050 Loaded shared library C:\Program Files\Android\Android Studio\jbr\bin\java.dll
Event: 0.058 Loaded shared library C:\Program Files\Android\Android Studio\jbr\bin\zip.dll
Event: 3.173 Loaded shared library C:\Program Files\Android\Android Studio\jbr\bin\verify.dll

Deoptimization events (20 events):
Event: 11.854 Thread 0x00000192601f1d10 Uncommon trap: trap_request=0xffffff45 fr.pc=0x000001924e9becbc relative=0x000000000000027c
Event: 11.854 Thread 0x00000192601f1d10 Uncommon trap: reason=unstable_if action=reinterpret pc=0x000001924e9becbc method=java.util.concurrent.ConcurrentHashMap.get(Ljava/lang/Object;)Ljava/lang/Object; @ 76 c2
Event: 11.854 Thread 0x00000192601f1d10 DEOPT PACKING pc=0x000001924e9becbc sp=0x0000004d5d3fbf70
Event: 11.854 Thread 0x00000192601f1d10 DEOPT UNPACKING pc=0x000001924e3e7da2 sp=0x0000004d5d3fbed8 mode 2
Event: 12.113 Thread 0x00000192601f1d10 Uncommon trap: trap_request=0xffffffde fr.pc=0x000001924e9f5ee4 relative=0x0000000000000304
Event: 12.113 Thread 0x00000192601f1d10 Uncommon trap: reason=class_check action=maybe_recompile pc=0x000001924e9f5ee4 method=java.util.regex.Pattern$BmpCharPropertyGreedy.match(Ljava/util/regex/Matcher;ILjava/lang/CharSequence;)Z @ 26 c2
Event: 12.113 Thread 0x00000192601f1d10 DEOPT PACKING pc=0x000001924e9f5ee4 sp=0x0000004d5d3fc520
Event: 12.113 Thread 0x00000192601f1d10 DEOPT UNPACKING pc=0x000001924e3e7da2 sp=0x0000004d5d3fc4d8 mode 2
Event: 12.113 Thread 0x00000192601f1d10 Uncommon trap: trap_request=0xffffffde fr.pc=0x000001924e9f5ee4 relative=0x0000000000000304
Event: 12.113 Thread 0x00000192601f1d10 Uncommon trap: reason=class_check action=maybe_recompile pc=0x000001924e9f5ee4 method=java.util.regex.Pattern$BmpCharPropertyGreedy.match(Ljava/util/regex/Matcher;ILjava/lang/CharSequence;)Z @ 26 c2
Event: 12.113 Thread 0x00000192601f1d10 DEOPT PACKING pc=0x000001924e9f5ee4 sp=0x0000004d5d3fc490
Event: 12.113 Thread 0x00000192601f1d10 DEOPT UNPACKING pc=0x000001924e3e7da2 sp=0x0000004d5d3fc448 mode 2
Event: 12.560 Thread 0x00000192601f1d10 Uncommon trap: trap_request=0xffffff45 fr.pc=0x000001924e9564b8 relative=0x0000000000000e38
Event: 12.560 Thread 0x00000192601f1d10 Uncommon trap: reason=unstable_if action=reinterpret pc=0x000001924e9564b8 method=java.io.WinNTFileSystem.resolve(Ljava/lang/String;Ljava/lang/String;)Ljava/lang/String; @ 19 c2
Event: 12.560 Thread 0x00000192601f1d10 DEOPT PACKING pc=0x000001924e9564b8 sp=0x0000004d5d3fb8e0
Event: 12.560 Thread 0x00000192601f1d10 DEOPT UNPACKING pc=0x000001924e3e7da2 sp=0x0000004d5d3fb878 mode 2
Event: 12.562 Thread 0x00000192601f1d10 Uncommon trap: trap_request=0xffffff45 fr.pc=0x000001924e9c0270 relative=0x0000000000000690
Event: 12.562 Thread 0x00000192601f1d10 Uncommon trap: reason=unstable_if action=reinterpret pc=0x000001924e9c0270 method=java.io.File.getName()Ljava/lang/String; @ 16 c2
Event: 12.562 Thread 0x00000192601f1d10 DEOPT PACKING pc=0x000001924e9c0270 sp=0x0000004d5d3fb8a0
Event: 12.562 Thread 0x00000192601f1d10 DEOPT UNPACKING pc=0x000001924e3e7da2 sp=0x0000004d5d3fb870 mode 2

Classes loaded (20 events):
Event: 12.137 Loading class java/util/concurrent/ArrayBlockingQueue
Event: 12.138 Loading class java/util/concurrent/ArrayBlockingQueue done
Event: 12.138 Loading class java/util/concurrent/locks/ReentrantLock$FairSync
Event: 12.138 Loading class java/util/concurrent/locks/ReentrantLock$FairSync done
Event: 12.142 Loading class sun/misc/Unsafe
Event: 12.143 Loading class sun/misc/Unsafe done
Event: 12.152 Loading class java/net/DatagramPacket
Event: 12.152 Loading class java/net/DatagramPacket done
Event: 12.153 Loading class sun/nio/ch/DatagramChannelImpl$DatagramPackets
Event: 12.153 Loading class sun/nio/ch/DatagramChannelImpl$DatagramPackets done
Event: 12.521 Loading class sun/security/provider/MD5
Event: 12.521 Loading class sun/security/provider/MD5 done
Event: 12.521 Loading class sun/security/provider/SHA5$SHA512
Event: 12.521 Loading class sun/security/provider/SHA5
Event: 12.522 Loading class sun/security/provider/SHA5 done
Event: 12.522 Loading class sun/security/provider/SHA5$SHA512 done
Event: 12.523 Loading class sun/security/provider/ByteArrayAccess$LE
Event: 12.523 Loading class sun/security/provider/ByteArrayAccess$LE done
Event: 12.561 Loading class java/io/File$TempDirectory
Event: 12.561 Loading class java/io/File$TempDirectory done

Classes unloaded (0 events):
No events

Classes redefined (0 events):
No events

Internal exceptions (20 events):
Event: 11.432 Thread 0x000001925fcdd7a0 Exception <a 'java/lang/NoSuchMethodError'{0x0000000082a99148}: 'long java.lang.invoke.Invokers$Holder.invokeExact_MT(java.lang.Object, java.lang.Object)'> (0x0000000082a99148) 
thrown [s\src\hotspot\share\interpreter\linkResolver.cpp, line 784]
Event: 11.439 Thread 0x000001925fcdd7a0 Exception <a 'java/lang/NoSuchMethodError'{0x0000000082abb1c8}: 'void java.lang.invoke.DirectMethodHandle$Holder.invokeSpecial(java.lang.Object, java.lang.Object, java.lang.Object)'> (0x0000000082abb1c8) 
thrown [s\src\hotspot\share\interpreter\linkResolver.cpp, line 784]
Event: 11.445 Thread 0x000001925fcdd7a0 Exception <a 'java/lang/NoSuchMethodError'{0x0000000082ae95b8}: static Lorg/gradle/tooling/internal/provider/serialization/ClassLoaderDetails;.<clinit>()V> (0x0000000082ae95b8) 
thrown [s\src\hotspot\share\prims\jni.cpp, line 1135]
Event: 11.450 Thread 0x000001925fcdd7a0 Exception <a 'java/lang/NoSuchMethodError'{0x00000000829041b0}: static Lorg/gradle/internal/classloader/ClassLoaderSpec;.<clinit>()V> (0x00000000829041b0) 
thrown [s\src\hotspot\share\prims\jni.cpp, line 1135]
Event: 11.452 Thread 0x000001925fcdd7a0 Exception <a 'java/lang/NoSuchMethodError'{0x000000008290dc98}: static Lorg/gradle/tooling/internal/provider/serialization/WellKnownClassLoaderRegistry$KnownClassLoaderSpec;.<clinit>()V> (0x000000008290dc98) 
thrown [s\src\hotspot\share\prims\jni.cpp, line 1135]
Event: 11.454 Thread 0x000001925fcdd7a0 Exception <a 'java/lang/NoSuchMethodError'{0x0000000082924400}: static Lorg/gradle/tooling/internal/provider/serialization/ClientOwnedClassLoaderSpec;.<clinit>()V> (0x0000000082924400) 
thrown [s\src\hotspot\share\prims\jni.cpp, line 1135]
Event: 11.681 Thread 0x00000192601f1d10 Exception <a 'java/lang/NoSuchMethodError'{0x0000000083977ec8}: 'long java.lang.invoke.DirectMethodHandle$Holder.invokeInterface(java.lang.Object, java.lang.Object)'> (0x0000000083977ec8) 
thrown [s\src\hotspot\share\interpreter\linkResolver.cpp, line 784]
Event: 11.808 Thread 0x00000192601f1d10 Exception <a 'java/lang/NoSuchMethodError'{0x00000000835bb738}: 'void java.lang.invoke.DirectMethodHandle$Holder.invokeStatic(java.lang.Object, java.lang.Object)'> (0x00000000835bb738) 
thrown [s\src\hotspot\share\interpreter\linkResolver.cpp, line 784]
Event: 11.815 Thread 0x00000192601f1d10 Exception <a 'java/lang/NoSuchMethodError'{0x00000000835fe670}: 'java.lang.Object java.lang.invoke.DirectMethodHandle$Holder.invokeVirtual(java.lang.Object, java.lang.Object, java.lang.Object, java.lang.Object, java.lang.Object, java.lang.Object, java.lang.Object, java.lang.Object, java.lang.Object, java.lang.Object, java.lang.Object, java.lang.Object)'> (0x00000000835fe670) 
thrown [s\src\hotspot\share\interpreter\linkResolver.cpp, line 784]
Event: 11.815 Thread 0x00000192601f1d10 Exception <a 'java/lang/NoSuchMethodError'{0x0000000083403df8}: 'java.lang.Object java.lang.invoke.DirectMethodHandle$Holder.invokeSpecial(java.lang.Object, java.lang.Object, java.lang.Object, java.lang.Object, java.lang.Object, java.lang.Object, java.lang.Object, java.lang.Object, java.lang.Object, java.lang.Object, java.lang.Object, java.lang.Object, java.lang.Object)'> (0x0000000083403df8) 
thrown [s\src\hotspot\share\interpreter\linkResolver.cpp, line 784]
Event: 11.860 Thread 0x00000192601f1d10 Exception <a 'java/lang/NoSuchMethodError'{0x00000000833ee048}: 'int java.lang.invoke.DirectMethodHandle$Holder.invokeVirtual(java.lang.Object, java.lang.Object, java.lang.Object)'> (0x00000000833ee048) 
thrown [s\src\hotspot\share\interpreter\linkResolver.cpp, line 784]
Event: 11.904 Thread 0x00000192601f1d10 Exception <a 'java/lang/NoSuchMethodError'{0x0000000083049600}: 'java.lang.Object java.lang.invoke.DirectMethodHandle$Holder.newInvokeSpecial(java.lang.Object, java.lang.Object, java.lang.Object, java.lang.Object, java.lang.Object, java.lang.Object)'> (0x0000000083049600) 
thrown [s\src\hotspot\share\interpreter\linkResolver.cpp, line 784]
Event: 11.906 Thread 0x00000192601f1d10 Exception <a 'java/lang/NoSuchMethodError'{0x000000008306bb00}: 'void java.lang.invoke.DirectMethodHandle$Holder.invokeStaticInit(java.lang.Object, java.lang.Object)'> (0x000000008306bb00) 
thrown [s\src\hotspot\share\interpreter\linkResolver.cpp, line 784]
Event: 11.963 Thread 0x00000192601f1d10 Exception <a 'java/lang/NoSuchMethodError'{0x0000000082eff678}: 'void java.lang.invoke.DelegatingMethodHandle$Holder.reinvoke_L(java.lang.Object, java.lang.Object, java.lang.Object, java.lang.Object, java.lang.Object, java.lang.Object, java.lang.Object, java.lang.Object, java.lang.Object, java.lang.Object)'> (0x0000000082eff678) 
thrown [s\src\hotspot\share\interpreter\linkResolver.cpp, line 784]
Event: 11.978 Thread 0x00000192601f1d10 Exception <a 'java/lang/NoSuchMethodError'{0x0000000082d077d0}: 'java.lang.Object java.lang.invoke.Invokers$Holder.invoker(java.lang.Object, java.lang.Object, java.lang.Object, java.lang.Object, java.lang.Object, java.lang.Object, java.lang.Object, java.lang.Object, java.lang.Object, java.lang.Object)'> (0x0000000082d077d0) 
thrown [s\src\hotspot\share\interpreter\linkResolver.cpp, line 784]
Event: 12.075 Thread 0x00000192601f1d10 Exception <a 'java/lang/NoSuchMethodError'{0x0000000082ae9ca0}: 'void java.lang.invoke.DirectMethodHandle$Holder.invokeVirtual(java.lang.Object, java.lang.Object, java.lang.Object, java.lang.Object, java.lang.Object)'> (0x0000000082ae9ca0) 
thrown [s\src\hotspot\share\interpreter\linkResolver.cpp, line 784]
Event: 12.111 Thread 0x00000192601f1d10 Exception <a 'java/lang/NoSuchMethodError'{0x0000000082890298}: 'void java.lang.invoke.DirectMethodHandle$Holder.invokeInterface(java.lang.Object, java.lang.Object)'> (0x0000000082890298) 
thrown [s\src\hotspot\share\interpreter\linkResolver.cpp, line 784]
Event: 12.111 Thread 0x00000192601f1d10 Exception <a 'java/lang/IncompatibleClassChangeError'{0x0000000082893818}: Found class java.lang.Object, but interface was expected> (0x0000000082893818) 
thrown [s\src\hotspot\share\interpreter\linkResolver.cpp, line 851]
Event: 12.140 Thread 0x00000192601f1d10 Exception <a 'java/lang/NoSuchMethodError'{0x00000000824b7310}: 'java.lang.Object java.lang.invoke.DirectMethodHandle$Holder.newInvokeSpecial(java.lang.Object, java.lang.Object, int)'> (0x00000000824b7310) 
thrown [s\src\hotspot\share\interpreter\linkResolver.cpp, line 784]
Event: 12.479 Thread 0x00000192601f1d10 Exception <a 'java/lang/NoSuchMethodError'{0x00000000823768d8}: 'java.lang.Object java.lang.invoke.DirectMethodHandle$Holder.invokeVirtual(java.lang.Object, java.lang.Object, java.lang.Object, java.lang.Object, java.lang.Object, java.lang.Object, java.lang.Object, java.lang.Object)'> (0x00000000823768d8) 
thrown [s\src\hotspot\share\interpreter\linkResolver.cpp, line 784]

ZGC Phase Switch (0 events):
No events

VM Operations (20 events):
Event: 10.106 Executing VM operation: HandshakeAllThreads (Deoptimize)
Event: 10.106 Executing VM operation: HandshakeAllThreads (Deoptimize) done
Event: 10.294 Executing VM operation: HandshakeAllThreads (Deoptimize)
Event: 10.295 Executing VM operation: HandshakeAllThreads (Deoptimize) done
Event: 10.820 Executing VM operation: HandshakeAllThreads (Deoptimize)
Event: 10.820 Executing VM operation: HandshakeAllThreads (Deoptimize) done
Event: 10.820 Executing VM operation: Cleanup
Event: 10.820 Executing VM operation: Cleanup done
Event: 11.019 Executing VM operation: HandshakeAllThreads (Deoptimize)
Event: 11.019 Executing VM operation: HandshakeAllThreads (Deoptimize) done
Event: 11.511 Executing VM operation: CollectForMetadataAllocation (Metadata GC Threshold)
Event: 11.522 Executing VM operation: CollectForMetadataAllocation (Metadata GC Threshold) done
Event: 11.537 Executing VM operation: G1PauseRemark
Event: 11.541 Executing VM operation: G1PauseRemark done
Event: 11.544 Executing VM operation: G1PauseCleanup
Event: 11.545 Executing VM operation: G1PauseCleanup done
Event: 12.138 Executing VM operation: HandshakeAllThreads (Deoptimize)
Event: 12.139 Executing VM operation: HandshakeAllThreads (Deoptimize) done
Event: 12.535 Executing VM operation: G1CollectForAllocation (G1 Evacuation Pause)
Event: 12.540 Executing VM operation: G1CollectForAllocation (G1 Evacuation Pause) done

Memory protections (0 events):
No events

Nmethod flushes (0 events):
No events

Events (20 events):
Event: 0.824 Thread 0x0000019243d205d0 Thread added: 0x000001925f2df380
Event: 2.479 Loaded shared library C:\Program Files\Android\Android Studio\jbr\bin\jimage.dll
Event: 3.592 Loaded shared library C:\Users\Graphic\.gradle\native\c067742578af261105cb4f569cf0c3c89f3d7b1fecec35dd04571415982c5e48\windows-amd64\native-platform.dll
Event: 3.713 Loaded shared library C:\Users\Graphic\.gradle\native\100fb08df4bc3b14c8652ba06237920a3bd2aa13389f12d3474272988ae205f9\windows-amd64\native-platform-file-events.dll
Event: 9.583 Loaded shared library C:\Program Files\Android\Android Studio\jbr\bin\management.dll
Event: 9.602 Loaded shared library C:\Program Files\Android\Android Studio\jbr\bin\management_ext.dll
Event: 9.763 Thread 0x0000019243d205d0 Thread added: 0x000001925f66adb0
Event: 10.425 Loaded shared library C:\Program Files\Android\Android Studio\jbr\bin\extnet.dll
Event: 10.698 Thread 0x0000019243d205d0 Thread added: 0x0000019260c4a380
Event: 10.905 Thread 0x0000019243d205d0 Thread added: 0x000001925ff88540
Event: 11.111 Thread 0x0000019260c4a380 Thread added: 0x000001925f2a1ad0
Event: 11.145 Thread 0x000001925f2a1ad0 Thread added: 0x000001925fcdd7a0
Event: 11.472 Thread 0x000001925f2a1ad0 Thread added: 0x000001925f303b80
Event: 11.480 Thread 0x000001925f2a1ad0 Thread added: 0x00000192601f1d10
Event: 11.502 Thread 0x00000192601f1d10 Thread added: 0x000001925f5deea0
Event: 11.508 Thread 0x00000192601f1d10 Thread added: 0x000001925f5df530
Event: 11.511 Thread 0x00000192601f1d10 Thread added: 0x000001925f5dfbc0
Event: 12.139 Thread 0x00000192601f1d10 Thread added: 0x000001925f5e0250
Event: 12.152 Thread 0x00000192601f1d10 Thread added: 0x000001925f5e1c90
Event: 12.511 Thread 0x00000192601f1d10 Thread added: 0x000001925f5de810


Dynamic libraries:
0x00007ff7009e0000 - 0x00007ff7009ea000 	C:\Program Files\Android\Android Studio\jbr\bin\java.exe
0x00007ff900bf0000 - 0x00007ff900e07000 	C:\WINDOWS\SYSTEM32\ntdll.dll
0x00007ff8ff0f0000 - 0x00007ff8ff1b4000 	C:\WINDOWS\System32\KERNEL32.DLL
0x00007ff8fdf40000 - 0x00007ff8fe310000 	C:\WINDOWS\System32\KERNELBASE.dll
0x00007ff8f5190000 - 0x00007ff8f51a8000 	C:\Program Files\Android\Android Studio\jbr\bin\jli.dll
0x00007ff8fe310000 - 0x00007ff8fe421000 	C:\WINDOWS\System32\ucrtbase.dll
0x00007ff8f40b0000 - 0x00007ff8f40cb000 	C:\Program Files\Android\Android Studio\jbr\bin\VCRUNTIME140.dll
0x00007ff8fe9b0000 - 0x00007ff8feb5e000 	C:\WINDOWS\System32\USER32.dll
0x00007ff8fe7f0000 - 0x00007ff8fe816000 	C:\WINDOWS\System32\win32u.dll
0x00007ff8ff0c0000 - 0x00007ff8ff0e9000 	C:\WINDOWS\System32\GDI32.dll
0x00007ff8fe650000 - 0x00007ff8fe76b000 	C:\WINDOWS\System32\gdi32full.dll
0x00007ff8fdea0000 - 0x00007ff8fdf3a000 	C:\WINDOWS\System32\msvcp_win.dll
0x00007ff8fd090000 - 0x00007ff8fd322000 	C:\WINDOWS\WinSxS\amd64_microsoft.windows.common-controls_6595b64144ccf1df_6.0.22621.4830_none_270fe7d773858e80\COMCTL32.dll
0x00007ff9007c0000 - 0x00007ff900867000 	C:\WINDOWS\System32\msvcrt.dll
0x00007ff900870000 - 0x00007ff9008a1000 	C:\WINDOWS\System32\IMM32.DLL
0x00007ff8f5150000 - 0x00007ff8f515c000 	C:\Program Files\Android\Android Studio\jbr\bin\vcruntime140_1.dll
0x00007ff8e8790000 - 0x00007ff8e881d000 	C:\Program Files\Android\Android Studio\jbr\bin\msvcp140.dll
0x00007ff8b1b90000 - 0x00007ff8b2813000 	C:\Program Files\Android\Android Studio\jbr\bin\server\jvm.dll
0x00007ff8ffd70000 - 0x00007ff8ffe21000 	C:\WINDOWS\System32\ADVAPI32.dll
0x00007ff900640000 - 0x00007ff9006e7000 	C:\WINDOWS\System32\sechost.dll
0x00007ff8fe430000 - 0x00007ff8fe458000 	C:\WINDOWS\System32\bcrypt.dll
0x00007ff8ff2c0000 - 0x00007ff8ff3d4000 	C:\WINDOWS\System32\RPCRT4.dll
0x00007ff8ff040000 - 0x00007ff8ff0b1000 	C:\WINDOWS\System32\WS2_32.dll
0x00007ff8f4260000 - 0x00007ff8f4294000 	C:\WINDOWS\SYSTEM32\WINMM.dll
0x00007ff8fc680000 - 0x00007ff8fc68a000 	C:\WINDOWS\SYSTEM32\VERSION.dll
0x00007ff8fdbc0000 - 0x00007ff8fdc0d000 	C:\WINDOWS\SYSTEM32\POWRPROF.dll
0x00007ff8fdba0000 - 0x00007ff8fdbb3000 	C:\WINDOWS\SYSTEM32\UMPDC.dll
0x00007ff8fbf60000 - 0x00007ff8fbf78000 	C:\WINDOWS\SYSTEM32\kernel.appcore.dll
0x00007ff8f5110000 - 0x00007ff8f511a000 	C:\Program Files\Android\Android Studio\jbr\bin\jimage.dll
0x00007ff8fd880000 - 0x00007ff8fdab2000 	C:\WINDOWS\SYSTEM32\DBGHELP.DLL
0x00007ff8ffe30000 - 0x00007ff9001c0000 	C:\WINDOWS\System32\combase.dll
0x00007ff8ff1e0000 - 0x00007ff8ff2b7000 	C:\WINDOWS\System32\OLEAUT32.dll
0x00007ff8fd600000 - 0x00007ff8fd632000 	C:\WINDOWS\SYSTEM32\dbgcore.DLL
0x00007ff8fe5d0000 - 0x00007ff8fe64b000 	C:\WINDOWS\System32\bcryptPrimitives.dll
0x00007ff8fcfd0000 - 0x00007ff8fcfde000 	C:\Program Files\Android\Android Studio\jbr\bin\instrument.dll
0x00007ff8ea9d0000 - 0x00007ff8ea9f0000 	C:\Program Files\Android\Android Studio\jbr\bin\java.dll
0x00007ff8ea570000 - 0x00007ff8ea588000 	C:\Program Files\Android\Android Studio\jbr\bin\zip.dll
0x00007ff8ff3e0000 - 0x00007ff8ffc58000 	C:\WINDOWS\System32\SHELL32.dll
0x00007ff8fae70000 - 0x00007ff8fb780000 	C:\WINDOWS\SYSTEM32\windows.storage.dll
0x00007ff8fad30000 - 0x00007ff8fae6f000 	C:\WINDOWS\SYSTEM32\wintypes.dll
0x00007ff8ffc60000 - 0x00007ff8ffd6a000 	C:\WINDOWS\System32\SHCORE.dll
0x00007ff9008b0000 - 0x00007ff90090e000 	C:\WINDOWS\System32\shlwapi.dll
0x00007ff8fddd0000 - 0x00007ff8fddfb000 	C:\WINDOWS\SYSTEM32\profapi.dll
0x00007ff8f40a0000 - 0x00007ff8f40b0000 	C:\Program Files\Android\Android Studio\jbr\bin\net.dll
0x00007ff8f9100000 - 0x00007ff8f922c000 	C:\WINDOWS\SYSTEM32\WINHTTP.dll
0x00007ff8fc340000 - 0x00007ff8fc3a9000 	C:\WINDOWS\system32\mswsock.dll
0x00007ff8ea4b0000 - 0x00007ff8ea4c6000 	C:\Program Files\Android\Android Studio\jbr\bin\nio.dll
0x00007ff8f4d80000 - 0x00007ff8f4d90000 	C:\Program Files\Android\Android Studio\jbr\bin\verify.dll
0x00007ff8ea4d0000 - 0x00007ff8ea4f7000 	C:\Users\Graphic\.gradle\native\c067742578af261105cb4f569cf0c3c89f3d7b1fecec35dd04571415982c5e48\windows-amd64\native-platform.dll
0x00007ff8ce8d0000 - 0x00007ff8cea14000 	C:\Users\Graphic\.gradle\native\100fb08df4bc3b14c8652ba06237920a3bd2aa13389f12d3474272988ae205f9\windows-amd64\native-platform-file-events.dll
0x00007ff8ea560000 - 0x00007ff8ea569000 	C:\Program Files\Android\Android Studio\jbr\bin\management.dll
0x00007ff8ea4a0000 - 0x00007ff8ea4ab000 	C:\Program Files\Android\Android Studio\jbr\bin\management_ext.dll
0x00007ff8fe9a0000 - 0x00007ff8fe9a8000 	C:\WINDOWS\System32\PSAPI.DLL
0x00007ff8fdac0000 - 0x00007ff8fdadb000 	C:\WINDOWS\SYSTEM32\CRYPTSP.dll
0x00007ff8fbec0000 - 0x00007ff8fbef5000 	C:\WINDOWS\system32\rsaenh.dll
0x00007ff8fc3e0000 - 0x00007ff8fc408000 	C:\WINDOWS\SYSTEM32\USERENV.dll
0x00007ff8fc670000 - 0x00007ff8fc67c000 	C:\WINDOWS\SYSTEM32\CRYPTBASE.dll
0x00007ff8fb9e0000 - 0x00007ff8fba0d000 	C:\WINDOWS\SYSTEM32\IPHLPAPI.DLL
0x00007ff8fe8e0000 - 0x00007ff8fe8e9000 	C:\WINDOWS\System32\NSI.dll
0x00007ff8ea9c0000 - 0x00007ff8ea9c9000 	C:\Program Files\Android\Android Studio\jbr\bin\extnet.dll
0x00007ff8eafa0000 - 0x00007ff8eafa8000 	C:\WINDOWS\system32\wshunix.dll

dbghelp: loaded successfully - version: 4.0.5 - missing functions: none
symbol engine: initialized successfully - sym options: 0x614 - pdb path: .;C:\Program Files\Android\Android Studio\jbr\bin;C:\WINDOWS\SYSTEM32;C:\WINDOWS\WinSxS\amd64_microsoft.windows.common-controls_6595b64144ccf1df_6.0.22621.4830_none_270fe7d773858e80;C:\Program Files\Android\Android Studio\jbr\bin\server;C:\Users\Graphic\.gradle\native\c067742578af261105cb4f569cf0c3c89f3d7b1fecec35dd04571415982c5e48\windows-amd64;C:\Users\Graphic\.gradle\native\100fb08df4bc3b14c8652ba06237920a3bd2aa13389f12d3474272988ae205f9\windows-amd64

VM Arguments:
jvm_args: --add-opens=java.base/java.util=ALL-UNNAMED --add-opens=java.base/java.lang=ALL-UNNAMED --add-opens=java.base/java.lang.invoke=ALL-UNNAMED --add-opens=java.prefs/java.util.prefs=ALL-UNNAMED --add-exports=jdk.compiler/com.sun.tools.javac.api=ALL-UNNAMED --add-exports=jdk.compiler/com.sun.tools.javac.util=ALL-UNNAMED --add-opens=java.base/java.nio.charset=ALL-UNNAMED --add-opens=java.base/java.net=ALL-UNNAMED --add-opens=java.base/java.util.concurrent.atomic=ALL-UNNAMED -Xmx2048m -Dfile.encoding=UTF-8 -Duser.country=US -Duser.language=en -Duser.variant -javaagent:C:\Users\Graphic\.gradle\wrapper\dists\gradle-8.10.2-bin\a04bxjujx95o3nb99gddekhwo\gradle-8.10.2\lib\agents\gradle-instrumentation-agent-8.10.2.jar 
java_command: org.gradle.launcher.daemon.bootstrap.GradleDaemon 8.10.2
java_class_path (initial): C:\Users\Graphic\.gradle\wrapper\dists\gradle-8.10.2-bin\a04bxjujx95o3nb99gddekhwo\gradle-8.10.2\lib\gradle-daemon-main-8.10.2.jar
Launcher Type: SUN_STANDARD

[Global flags]
     intx CICompilerCount                          = 3                                         {product} {ergonomic}
     uint ConcGCThreads                            = 1                                         {product} {ergonomic}
     uint G1ConcRefinementThreads                  = 4                                         {product} {ergonomic}
   size_t G1HeapRegionSize                         = 1048576                                   {product} {ergonomic}
    uintx GCDrainStackTargetSize                   = 64                                        {product} {ergonomic}
   size_t InitialHeapSize                          = 62914560                                  {product} {ergonomic}
   size_t MarkStackSize                            = 4194304                                   {product} {ergonomic}
   size_t MaxHeapSize                              = 2147483648                                {product} {command line}
   size_t MaxNewSize                               = 1287651328                                {product} {ergonomic}
   size_t MinHeapDeltaBytes                        = 1048576                                   {product} {ergonomic}
   size_t MinHeapSize                              = 8388608                                   {product} {ergonomic}
    uintx NonNMethodCodeHeapSize                   = 5832780                                {pd product} {ergonomic}
    uintx NonProfiledCodeHeapSize                  = 122912730                              {pd product} {ergonomic}
    uintx ProfiledCodeHeapSize                     = 122912730                              {pd product} {ergonomic}
    uintx ReservedCodeCacheSize                    = 251658240                              {pd product} {ergonomic}
     bool SegmentedCodeCache                       = true                                      {product} {ergonomic}
   size_t SoftMaxHeapSize                          = 2147483648                             {manageable} {ergonomic}
     bool UseCompressedOops                        = true                           {product lp64_product} {ergonomic}
     bool UseG1GC                                  = true                                      {product} {ergonomic}
     bool UseLargePagesIndividualAllocation        = false                                  {pd product} {ergonomic}

Logging:
Log output configuration:
 #0: stdout all=warning uptime,level,tags foldmultilines=false
 #1: stderr all=off uptime,level,tags foldmultilines=false

Environment Variables:
PATH=C:\WINDOWS\system32;C:\WINDOWS;C:\WINDOWS\System32\Wbem;C:\WINDOWS\System32\WindowsPowerShell\v1.0\;C:\WINDOWS\System32\OpenSSH\;C:\msys64\mingw64\bin;C:\MinGW\bin;C:\Program Files (x86)\Microsoft SQL Server\160\Tools\Binn\;C:\Program Files\Microsoft SQL Server\160\Tools\Binn\;C:\Program Files\Microsoft SQL Server\Client SDK\ODBC\170\Tools\Binn\;C:\Program Files\Microsoft SQL Server\160\DTS\Binn\;C:\Program Files (x86)\Microsoft SQL Server\160\DTS\Binn\;C:\Program Files\Azure Data Studio\bin;C:\Program Files\Git\cmd;C:\Program Files (x86)\Windows Kits\10\Windows Performance Toolkit\;C:\Users\Graphic\AppData\Local\Microsoft\WindowsApps;C:\Program Files\Azure Data Studio\bin;C:\Program Files\JetBrains\IntelliJ IDEA 2024.1\bin;;C:\Program Files\JetBrains\IntelliJ IDEA Community Edition 2024.1\bin;;C:\Users\Graphic\Downloads\dartsdk-windows-x64-release.zip\dart-sdk\bin;C:\Users\Graphic\AppData\Local\Programs\Microsoft VS Code\bin
USERNAME=Graphic
OS=Windows_NT
PROCESSOR_IDENTIFIER=Intel64 Family 6 Model 140 Stepping 1, GenuineIntel
TMP=C:\Users\Graphic\AppData\Local\Temp
TEMP=C:\Users\Graphic\AppData\Local\Temp




Periodic native trim disabled

JNI global refs:
JNI global refs: 23, weak refs: 0

JNI global refs memory usage: 835, weak refs: 833

Process memory usage:
Resident Set Size: 134804K (3% of 3881580K total physical memory with 40808K free physical memory)

OOME stack traces (most recent first):
Classloader memory used:
Loader bootstrap                                                                       : 16391K
Loader org.gradle.internal.classloader.VisitableURLClassLoader                         : 8974K
Loader org.gradle.initialization.MixInLegacyTypesClassLoader                           : 581K
Loader jdk.internal.loader.ClassLoaders$AppClassLoader                                 : 234K
Loader jdk.internal.loader.ClassLoaders$PlatformClassLoader                            : 114K
Loader jdk.internal.reflect.DelegatingClassLoader                                      : 37752B

Classes loaded by more than one classloader:
Class org.gradle.internal.classloader.FilteringClassLoader                            : loaded 2 times (x 101B)
Class org.gradle.internal.classloader.ClassLoaderHierarchy                            : loaded 2 times (x 66B)
Class org.gradle.api.internal.classpath.ManifestUtil                                  : loaded 2 times (x 67B)
Class org.gradle.internal.classloader.ClassLoaderVisitor                              : loaded 2 times (x 72B)
Class org.gradle.api.internal.classpath.EffectiveClassPath                            : loaded 2 times (x 86B)
Class org.gradle.api.internal.DefaultClassPathProvider                                : loaded 2 times (x 72B)
Class [Lorg.gradle.api.internal.ClassPathProvider;                                    : loaded 2 times (x 65B)
Class org.gradle.api.internal.ClassPathProvider                                       : loaded 2 times (x 66B)
Class org.gradle.internal.service.UnknownServiceException                             : loaded 2 times (x 79B)
Class org.gradle.internal.classpath.TransformedClassPath                              : loaded 2 times (x 92B)
Class org.gradle.internal.classloader.InstrumentingClassLoader                        : loaded 2 times (x 66B)
Class org.gradle.internal.service.ServiceLocator                                      : loaded 2 times (x 66B)
Class org.gradle.internal.InternalTransformer                                         : loaded 2 times (x 66B)
Class org.gradle.internal.classloader.ClasspathUtil$1                                 : loaded 2 times (x 72B)
Class org.gradle.api.internal.classpath.DefaultModuleRegistry$DefaultModule           : loaded 2 times (x 82B)
Class org.gradle.api.internal.classpath.Module                                        : loaded 2 times (x 66B)
Class org.gradle.api.internal.classpath.UnknownModuleException                        : loaded 2 times (x 78B)
Class org.gradle.api.internal.DefaultClassPathRegistry                                : loaded 2 times (x 72B)
Class org.gradle.api.internal.ClassPathRegistry                                       : loaded 2 times (x 66B)
Class org.gradle.internal.classpath.DefaultClassPath$ImmutableUniqueList              : loaded 2 times (x 195B)
Class org.gradle.internal.classpath.ClassPath                                         : loaded 2 times (x 66B)
Class org.gradle.api.UncheckedIOException                                             : loaded 2 times (x 78B)
Class org.gradle.internal.installation.GradleInstallation$1                           : loaded 2 times (x 71B)
Class org.gradle.api.internal.classpath.ModuleRegistry                                : loaded 2 times (x 66B)
Class org.gradle.api.internal.classpath.DefaultModuleRegistry                         : loaded 2 times (x 82B)
Class org.gradle.internal.service.ServiceLookupException                              : loaded 2 times (x 78B)
Class org.gradle.internal.classloader.ClassLoaderFactory                              : loaded 2 times (x 66B)
Class org.gradle.internal.service.CachingServiceLocator                               : loaded 2 times (x 78B)
Class org.gradle.internal.classloader.ClasspathUtil                                   : loaded 2 times (x 67B)
Class org.gradle.api.specs.Spec                                                       : loaded 2 times (x 66B)
Class org.gradle.internal.classloader.VisitableURLClassLoader$InstrumentingVisitableURLClassLoader: loaded 2 times (x 119B)
Class org.gradle.internal.classloader.VisitableURLClassLoader$Spec                    : loaded 2 times (x 70B)
Class org.gradle.internal.classpath.DefaultClassPath                                  : loaded 2 times (x 86B)
Class org.gradle.internal.classloader.ClassLoaderSpec                                 : loaded 2 times (x 67B)
Class org.gradle.internal.classloader.VisitableURLClassLoader                         : loaded 2 times (x 113B)
Class org.gradle.internal.Cast                                                        : loaded 2 times (x 67B)
Class org.gradle.api.Action                                                           : loaded 2 times (x 66B)
Class org.gradle.internal.classpath.DefaultClassPath$ImmutableUniqueList$Builder      : loaded 2 times (x 71B)
Class org.gradle.api.GradleException                                                  : loaded 2 times (x 78B)
Class org.gradle.internal.IoActions                                                   : loaded 2 times (x 67B)
Class org.gradle.internal.classloader.SystemClassLoaderSpec                           : loaded 2 times (x 67B)
Class org.gradle.api.internal.classpath.GlobalCacheRootsProvider                      : loaded 2 times (x 66B)
Class org.gradle.internal.installation.CurrentGradleInstallationLocator               : loaded 2 times (x 67B)
Class org.gradle.internal.service.DefaultServiceLocator                               : loaded 2 times (x 79B)
Class org.gradle.internal.installation.CurrentGradleInstallation                      : loaded 2 times (x 69B)
Class org.gradle.util.internal.GUtil                                                  : loaded 2 times (x 67B)
Class org.gradle.internal.installation.GradleInstallation                             : loaded 2 times (x 71B)

---------------  S Y S T E M  ---------------

OS:
 Windows 11 , 64 bit Build 22621 (10.0.22621.4830)
OS uptime: 9 days 21:14 hours
Hyper-V role detected

CPU: total 4 (initial active 4) (2 cores per cpu, 2 threads per core) family 6 model 140 stepping 1 microcode 0xa4, cx8, cmov, fxsr, ht, mmx, 3dnowpref, sse, sse2, sse3, ssse3, sse4.1, sse4.2, popcnt, lzcnt, tsc, tscinvbit, avx, avx2, aes, erms, clmul, bmi1, bmi2, adx, avx512f, avx512dq, avx512cd, avx512bw, avx512vl, sha, fma, vzeroupper, avx512_vpopcntdq, avx512_vpclmulqdq, avx512_vaes, avx512_vnni, clflush, clflushopt, clwb, avx512_vbmi2, avx512_vbmi, hv, rdtscp, rdpid, fsrm, gfni, avx512_bitalg, f16c, cet_ibt, cet_ss, avx512_ifma
Processor Information for all 4 processors :
  Max Mhz: 2995, Current Mhz: 2995, Mhz Limit: 2995

Memory: 4k page, system-wide physical 3790M (39M free)
TotalPageFile size 15566M (AvailPageFile size 5M)
current process WorkingSet (physical memory assigned to process): 131M, peak: 131M
current process commit charge ("private bytes"): 186M, peak: 188M

vm_info: OpenJDK 64-Bit Server VM (21.0.4+-12508038-b607.1) for windows-amd64 JRE (21.0.4+-12508038-b607.1), built on 2024-10-16T17:23:34Z by "builder" with MS VC++ 16.10 / 16.11 (VS2019)

END.
