#
# There is insufficient memory for the Java Runtime Environment to continue.
# Native memory allocation (malloc) failed to allocate 1228656 bytes. Error detail: Chunk::new
# Possible reasons:
#   The system is out of physical RAM or swap space
#   This process is running with CompressedOops enabled, and the Java Heap may be blocking the growth of the native heap
# Possible solutions:
#   Reduce memory load on the system
#   Increase physical memory or swap space
#   Check if swap backing store is full
#   Decrease Java heap size (-Xmx/-Xms)
#   Decrease number of Java threads
#   Decrease Java thread stack sizes (-Xss)
#   Set larger code cache with -XX:ReservedCodeCacheSize=
#   JVM is running with Unscaled Compressed Oops mode in which the Java heap is
#     placed in the first 4GB address space. The Java Heap base address is the
#     maximum limit for the native heap growth. Please use -XX:HeapBaseMinAddress
#     to set the Java Heap base and to place the Java Heap above 4GB virtual address.
# This output file may be truncated or incomplete.
#
#  Out of Memory Error (arena.cpp:168), pid=17908, tid=3064
#
# JRE version: OpenJDK Runtime Environment (21.0.4) (build 21.0.4+-12508038-b607.1)
# Java VM: OpenJDK 64-Bit Server VM (21.0.4+-12508038-b607.1, mixed mode, tiered, compressed oops, compressed class ptrs, g1 gc, windows-amd64)
# No core dump will be written. Minidumps are not enabled by default on client versions of Windows
#

---------------  S U M M A R Y ------------

Command Line: org.jetbrains.kotlin.cli.jvm.K2JVMCompiler @C:\Users\Graphic\AndroidStudioProjects\NewsApplication\app\build\20250306_2612650031412582146.compiler.options

Host: 11th Gen Intel(R) Core(TM) i3-1115G4 @ 3.00GHz, 4 cores, 3G,  Windows 11 , 64 bit Build 22621 (10.0.22621.4974)
Time: Thu Mar  6 23:19:36 2025 Egypt Standard Time elapsed time: 13.095722 seconds (0d 0h 0m 13s)

---------------  T H R E A D  ---------------

Current thread (0x0000019d50ec8f10):  JavaThread "C2 CompilerThread0" daemon [_thread_in_native, id=3064, stack(0x000000581b800000,0x000000581b900000) (1024K)]


Current CompileTask:
C2:  13095 15068       4       org.jetbrains.kotlin.resolve.OverridingUtil::generateOverridesInFunctionGroup (123 bytes)

Stack: [0x000000581b800000,0x000000581b900000]
Native frames: (J=compiled Java code, j=interpreted, Vv=VM code, C=native code)
V  [jvm.dll+0x6ce539]
V  [jvm.dll+0x85bf03]
V  [jvm.dll+0x85e45e]
V  [jvm.dll+0x85eb43]
V  [jvm.dll+0x27dd06]
V  [jvm.dll+0xbf9cd]
V  [jvm.dll+0xbff03]
V  [jvm.dll+0x3b4db1]
V  [jvm.dll+0x380f07]
V  [jvm.dll+0x38037a]
V  [jvm.dll+0x2473f2]
V  [jvm.dll+0x2469c1]
V  [jvm.dll+0x1c58a4]
V  [jvm.dll+0x255fec]
V  [jvm.dll+0x254536]
V  [jvm.dll+0x3efab6]
V  [jvm.dll+0x804418]
V  [jvm.dll+0x6cce0d]
C  [ucrtbase.dll+0x29333]
C  [KERNEL32.DLL+0x1259d]
C  [ntdll.dll+0x5af38]


---------------  P R O C E S S  ---------------

Threads class SMR info:
_java_thread_list=0x0000019d55cb0850, length=11, elements={
0x0000019d3947f820, 0x0000019d551205a0, 0x0000019d50eb3e30, 0x0000019d50eb8110,
0x0000019d50eb8b70, 0x0000019d50ebdcb0, 0x0000019d50ebf720, 0x0000019d50ec8f10,
0x0000019d50ecd2c0, 0x0000019d552c4170, 0x0000019d552c6dc0
}

Java Threads: ( => current thread )
  0x0000019d3947f820 JavaThread "main"                              [_thread_in_Java, id=13672, stack(0x000000581aa00000,0x000000581ab00000) (1024K)]
  0x0000019d551205a0 JavaThread "Reference Handler"          daemon [_thread_blocked, id=9868, stack(0x000000581b200000,0x000000581b300000) (1024K)]
  0x0000019d50eb3e30 JavaThread "Finalizer"                  daemon [_thread_blocked, id=11448, stack(0x000000581b300000,0x000000581b400000) (1024K)]
  0x0000019d50eb8110 JavaThread "Signal Dispatcher"          daemon [_thread_blocked, id=4112, stack(0x000000581b400000,0x000000581b500000) (1024K)]
  0x0000019d50eb8b70 JavaThread "Attach Listener"            daemon [_thread_blocked, id=2640, stack(0x000000581b500000,0x000000581b600000) (1024K)]
  0x0000019d50ebdcb0 JavaThread "Service Thread"             daemon [_thread_blocked, id=1980, stack(0x000000581b600000,0x000000581b700000) (1024K)]
  0x0000019d50ebf720 JavaThread "Monitor Deflation Thread"   daemon [_thread_blocked, id=13500, stack(0x000000581b700000,0x000000581b800000) (1024K)]
=>0x0000019d50ec8f10 JavaThread "C2 CompilerThread0"         daemon [_thread_in_native, id=3064, stack(0x000000581b800000,0x000000581b900000) (1024K)]
  0x0000019d50ecd2c0 JavaThread "C1 CompilerThread0"         daemon [_thread_in_vm, id=16040, stack(0x000000581b900000,0x000000581ba00000) (1024K)]
  0x0000019d552c4170 JavaThread "Notification Thread"        daemon [_thread_blocked, id=16192, stack(0x000000581ba00000,0x000000581bb00000) (1024K)]
  0x0000019d552c6dc0 JavaThread "Common-Cleaner"             daemon [_thread_blocked, id=8540, stack(0x000000581bb00000,0x000000581bc00000) (1024K)]
Total: 11

Other Threads:
  0x0000019d50e36e90 VMThread "VM Thread"                           [id=12452, stack(0x000000581b100000,0x000000581b200000) (1024K)]
  0x0000019d50dec2c0 WatcherThread "VM Periodic Task Thread"        [id=3440, stack(0x000000581b000000,0x000000581b100000) (1024K)]
  0x0000019d3b6af7c0 WorkerThread "GC Thread#0"                     [id=11784, stack(0x000000581ab00000,0x000000581ac00000) (1024K)]
  0x0000019d55817a30 WorkerThread "GC Thread#1"                     [id=14884, stack(0x000000581bd00000,0x000000581be00000) (1024K)]
  0x0000019d5587f6b0 WorkerThread "GC Thread#2"                     [id=11504, stack(0x000000581be00000,0x000000581bf00000) (1024K)]
  0x0000019d5587fa50 WorkerThread "GC Thread#3"                     [id=10248, stack(0x000000581bf00000,0x000000581c000000) (1024K)]
  0x0000019d3b6b7f90 ConcurrentGCThread "G1 Main Marker"            [id=7284, stack(0x000000581ac00000,0x000000581ad00000) (1024K)]
  0x0000019d3b6b92a0 WorkerThread "G1 Conc#0"                       [id=18092, stack(0x000000581ad00000,0x000000581ae00000) (1024K)]
  0x0000019d3b716830 ConcurrentGCThread "G1 Refine#0"               [id=3120, stack(0x000000581ae00000,0x000000581af00000) (1024K)]
  0x0000019d3b7183b0 ConcurrentGCThread "G1 Service"                [id=1612, stack(0x000000581af00000,0x000000581b000000) (1024K)]
Total: 10

Threads with active compile tasks:
C2 CompilerThread0    13109 15068       4       org.jetbrains.kotlin.resolve.OverridingUtil::generateOverridesInFunctionGroup (123 bytes)
C1 CompilerThread0    13109 15248       3       org.jetbrains.kotlin.ir.declarations.lazy.IrLazyFunction$typeParameters$2$1::invoke (223 bytes)
Total: 2

VM state: not at safepoint (normal execution)

VM Mutex/Monitor currently owned by a thread: None

Heap address: 0x00000000c4c00000, size: 948 MB, Compressed Oops mode: 32-bit

CDS archive(s) not mapped
Compressed class space mapped at: 0x0000000100000000-0x0000000140000000, reserved size: 1073741824
Narrow klass base: 0x0000000000000000, Narrow klass shift: 3, Narrow klass range: 0x140000000

GC Precious Log:
 CardTable entry size: 512
 Card Set container configuration: InlinePtr #cards 5 size 8 Array Of Cards #cards 12 size 40 Howl #buckets 4 coarsen threshold 1843 Howl Bitmap #cards 512 size 80 coarsen threshold 460 Card regions per heap region 1 cards per card region 2048
 CPUs: 4 total, 4 available
 Memory: 3790M
 Large Page Support: Disabled
 NUMA Support: Disabled
 Compressed Oops: Enabled (32-bit)
 Heap Region Size: 1M
 Heap Min Capacity: 8M
 Heap Initial Capacity: 60M
 Heap Max Capacity: 948M
 Pre-touch: Disabled
 Parallel Workers: 4
 Concurrent Workers: 1
 Concurrent Refinement Workers: 4
 Periodic GC: Disabled

Heap:
 garbage-first heap   total 138240K, used 97812K [0x00000000c4c00000, 0x0000000100000000)
  region size 1024K, 25 young (25600K), 2 survivors (2048K)
 Metaspace       used 89788K, committed 90560K, reserved 1179648K
  class space    used 9764K, committed 10112K, reserved 1048576K

Heap Regions: E=young(eden), S=young(survivor), O=old, HS=humongous(starts), HC=humongous(continues), CS=collection set, F=free, TAMS=top-at-mark-start, PB=parsable bottom
|   0|0x00000000c4c00000, 0x00000000c4d00000, 0x00000000c4d00000|100%|HS|  |TAMS 0x00000000c4c00000| PB 0x00000000c4c00000| Complete 
|   1|0x00000000c4d00000, 0x00000000c4e00000, 0x00000000c4e00000|100%|HC|  |TAMS 0x00000000c4d00000| PB 0x00000000c4d00000| Complete 
|   2|0x00000000c4e00000, 0x00000000c4f00000, 0x00000000c4f00000|100%|HC|  |TAMS 0x00000000c4e00000| PB 0x00000000c4e00000| Complete 
|   3|0x00000000c4f00000, 0x00000000c5000000, 0x00000000c5000000|100%|HC|  |TAMS 0x00000000c4f00000| PB 0x00000000c4f00000| Complete 
|   4|0x00000000c5000000, 0x00000000c50f7fe8, 0x00000000c5100000| 96%| O|  |TAMS 0x00000000c5000000| PB 0x00000000c5000000| Untracked 
|   5|0x00000000c5100000, 0x00000000c5200000, 0x00000000c5200000|100%| O|  |TAMS 0x00000000c5100000| PB 0x00000000c5100000| Untracked 
|   6|0x00000000c5200000, 0x00000000c5300000, 0x00000000c5300000|100%| O|  |TAMS 0x00000000c5200000| PB 0x00000000c5200000| Untracked 
|   7|0x00000000c5300000, 0x00000000c5400000, 0x00000000c5400000|100%| O|  |TAMS 0x00000000c5300000| PB 0x00000000c5300000| Untracked 
|   8|0x00000000c5400000, 0x00000000c5500000, 0x00000000c5500000|100%| O|  |TAMS 0x00000000c5400000| PB 0x00000000c5400000| Untracked 
|   9|0x00000000c5500000, 0x00000000c5600000, 0x00000000c5600000|100%| O|  |TAMS 0x00000000c5500000| PB 0x00000000c5500000| Untracked 
|  10|0x00000000c5600000, 0x00000000c5700000, 0x00000000c5700000|100%| O|  |TAMS 0x00000000c5600000| PB 0x00000000c5600000| Untracked 
|  11|0x00000000c5700000, 0x00000000c5800000, 0x00000000c5800000|100%| O|  |TAMS 0x00000000c5700000| PB 0x00000000c5700000| Untracked 
|  12|0x00000000c5800000, 0x00000000c5900000, 0x00000000c5900000|100%| O|  |TAMS 0x00000000c5800000| PB 0x00000000c5800000| Untracked 
|  13|0x00000000c5900000, 0x00000000c5a00000, 0x00000000c5a00000|100%| O|  |TAMS 0x00000000c5900000| PB 0x00000000c5900000| Untracked 
|  14|0x00000000c5a00000, 0x00000000c5b00000, 0x00000000c5b00000|100%| O|  |TAMS 0x00000000c5a00000| PB 0x00000000c5a00000| Untracked 
|  15|0x00000000c5b00000, 0x00000000c5c00000, 0x00000000c5c00000|100%| O|  |TAMS 0x00000000c5b00000| PB 0x00000000c5b00000| Untracked 
|  16|0x00000000c5c00000, 0x00000000c5d00000, 0x00000000c5d00000|100%| O|  |TAMS 0x00000000c5c00000| PB 0x00000000c5c00000| Untracked 
|  17|0x00000000c5d00000, 0x00000000c5e00000, 0x00000000c5e00000|100%| O|  |TAMS 0x00000000c5d00000| PB 0x00000000c5d00000| Untracked 
|  18|0x00000000c5e00000, 0x00000000c5f00000, 0x00000000c5f00000|100%| O|  |TAMS 0x00000000c5e00000| PB 0x00000000c5e00000| Untracked 
|  19|0x00000000c5f00000, 0x00000000c6000000, 0x00000000c6000000|100%|HS|  |TAMS 0x00000000c5f00000| PB 0x00000000c5f00000| Complete 
|  20|0x00000000c6000000, 0x00000000c6100000, 0x00000000c6100000|100%|HC|  |TAMS 0x00000000c6000000| PB 0x00000000c6000000| Complete 
|  21|0x00000000c6100000, 0x00000000c6200000, 0x00000000c6200000|100%| O|  |TAMS 0x00000000c6100000| PB 0x00000000c6100000| Untracked 
|  22|0x00000000c6200000, 0x00000000c6300000, 0x00000000c6300000|100%| O|  |TAMS 0x00000000c6200000| PB 0x00000000c6200000| Untracked 
|  23|0x00000000c6300000, 0x00000000c6400000, 0x00000000c6400000|100%| O|  |TAMS 0x00000000c6300000| PB 0x00000000c6300000| Untracked 
|  24|0x00000000c6400000, 0x00000000c6500000, 0x00000000c6500000|100%| O|  |TAMS 0x00000000c6400000| PB 0x00000000c6400000| Untracked 
|  25|0x00000000c6500000, 0x00000000c6600000, 0x00000000c6600000|100%| O|  |TAMS 0x00000000c6500000| PB 0x00000000c6500000| Untracked 
|  26|0x00000000c6600000, 0x00000000c6700000, 0x00000000c6700000|100%| O|  |TAMS 0x00000000c6600000| PB 0x00000000c6600000| Untracked 
|  27|0x00000000c6700000, 0x00000000c6800000, 0x00000000c6800000|100%| O|  |TAMS 0x00000000c6700000| PB 0x00000000c6700000| Untracked 
|  28|0x00000000c6800000, 0x00000000c6900000, 0x00000000c6900000|100%| O|  |TAMS 0x00000000c6800000| PB 0x00000000c6800000| Untracked 
|  29|0x00000000c6900000, 0x00000000c6a00000, 0x00000000c6a00000|100%| O|  |TAMS 0x00000000c6900000| PB 0x00000000c6900000| Untracked 
|  30|0x00000000c6a00000, 0x00000000c6b00000, 0x00000000c6b00000|100%| O|  |TAMS 0x00000000c6a00000| PB 0x00000000c6a00000| Untracked 
|  31|0x00000000c6b00000, 0x00000000c6c00000, 0x00000000c6c00000|100%| O|  |TAMS 0x00000000c6b00000| PB 0x00000000c6b00000| Untracked 
|  32|0x00000000c6c00000, 0x00000000c6d00000, 0x00000000c6d00000|100%| O|  |TAMS 0x00000000c6c00000| PB 0x00000000c6c00000| Untracked 
|  33|0x00000000c6d00000, 0x00000000c6e00000, 0x00000000c6e00000|100%| O|  |TAMS 0x00000000c6d00000| PB 0x00000000c6d00000| Untracked 
|  34|0x00000000c6e00000, 0x00000000c6f00000, 0x00000000c6f00000|100%| O|  |TAMS 0x00000000c6e00000| PB 0x00000000c6e00000| Untracked 
|  35|0x00000000c6f00000, 0x00000000c7000000, 0x00000000c7000000|100%| O|  |TAMS 0x00000000c6f00000| PB 0x00000000c6f00000| Untracked 
|  36|0x00000000c7000000, 0x00000000c7100000, 0x00000000c7100000|100%| O|  |TAMS 0x00000000c7000000| PB 0x00000000c7000000| Untracked 
|  37|0x00000000c7100000, 0x00000000c7200000, 0x00000000c7200000|100%| O|  |TAMS 0x00000000c7100000| PB 0x00000000c7100000| Untracked 
|  38|0x00000000c7200000, 0x00000000c7300000, 0x00000000c7300000|100%| O|  |TAMS 0x00000000c7200000| PB 0x00000000c7200000| Untracked 
|  39|0x00000000c7300000, 0x00000000c7400000, 0x00000000c7400000|100%| O|  |TAMS 0x00000000c7300000| PB 0x00000000c7300000| Untracked 
|  40|0x00000000c7400000, 0x00000000c7500000, 0x00000000c7500000|100%| O|  |TAMS 0x00000000c7400000| PB 0x00000000c7400000| Untracked 
|  41|0x00000000c7500000, 0x00000000c7600000, 0x00000000c7600000|100%| O|  |TAMS 0x00000000c7500000| PB 0x00000000c7500000| Untracked 
|  42|0x00000000c7600000, 0x00000000c7700000, 0x00000000c7700000|100%| O|  |TAMS 0x00000000c7600000| PB 0x00000000c7600000| Untracked 
|  43|0x00000000c7700000, 0x00000000c7800000, 0x00000000c7800000|100%| O|  |TAMS 0x00000000c7700000| PB 0x00000000c7700000| Untracked 
|  44|0x00000000c7800000, 0x00000000c7900000, 0x00000000c7900000|100%| O|  |TAMS 0x00000000c7800000| PB 0x00000000c7800000| Untracked 
|  45|0x00000000c7900000, 0x00000000c7a00000, 0x00000000c7a00000|100%| O|  |TAMS 0x00000000c7900000| PB 0x00000000c7900000| Untracked 
|  46|0x00000000c7a00000, 0x00000000c7b00000, 0x00000000c7b00000|100%| O|  |TAMS 0x00000000c7a00000| PB 0x00000000c7a00000| Untracked 
|  47|0x00000000c7b00000, 0x00000000c7c00000, 0x00000000c7c00000|100%| O|  |TAMS 0x00000000c7b00000| PB 0x00000000c7b00000| Untracked 
|  48|0x00000000c7c00000, 0x00000000c7d00000, 0x00000000c7d00000|100%| O|  |TAMS 0x00000000c7c00000| PB 0x00000000c7c00000| Untracked 
|  49|0x00000000c7d00000, 0x00000000c7e00000, 0x00000000c7e00000|100%| O|  |TAMS 0x00000000c7d00000| PB 0x00000000c7d00000| Untracked 
|  50|0x00000000c7e00000, 0x00000000c7f00000, 0x00000000c7f00000|100%| O|  |TAMS 0x00000000c7e00000| PB 0x00000000c7e00000| Untracked 
|  51|0x00000000c7f00000, 0x00000000c8000000, 0x00000000c8000000|100%| O|Cm|TAMS 0x00000000c7f00000| PB 0x00000000c7f00000| Complete 
|  52|0x00000000c8000000, 0x00000000c8100000, 0x00000000c8100000|100%| O|  |TAMS 0x00000000c8000000| PB 0x00000000c8000000| Untracked 
|  53|0x00000000c8100000, 0x00000000c8200000, 0x00000000c8200000|100%| O|  |TAMS 0x00000000c8100000| PB 0x00000000c8100000| Untracked 
|  54|0x00000000c8200000, 0x00000000c8300000, 0x00000000c8300000|100%| O|  |TAMS 0x00000000c8200000| PB 0x00000000c8200000| Untracked 
|  55|0x00000000c8300000, 0x00000000c8400000, 0x00000000c8400000|100%| O|  |TAMS 0x00000000c8300000| PB 0x00000000c8300000| Untracked 
|  56|0x00000000c8400000, 0x00000000c8500000, 0x00000000c8500000|100%| O|  |TAMS 0x00000000c8400000| PB 0x00000000c8400000| Untracked 
|  57|0x00000000c8500000, 0x00000000c8600000, 0x00000000c8600000|100%| O|  |TAMS 0x00000000c8500000| PB 0x00000000c8500000| Untracked 
|  58|0x00000000c8600000, 0x00000000c8700000, 0x00000000c8700000|100%| O|  |TAMS 0x00000000c8600000| PB 0x00000000c8600000| Untracked 
|  59|0x00000000c8700000, 0x00000000c8800000, 0x00000000c8800000|100%| O|  |TAMS 0x00000000c8700000| PB 0x00000000c8700000| Untracked 
|  60|0x00000000c8800000, 0x00000000c8900000, 0x00000000c8900000|100%| O|  |TAMS 0x00000000c8800000| PB 0x00000000c8800000| Untracked 
|  61|0x00000000c8900000, 0x00000000c8a00000, 0x00000000c8a00000|100%| O|  |TAMS 0x00000000c8900000| PB 0x00000000c8900000| Untracked 
|  62|0x00000000c8a00000, 0x00000000c8b00000, 0x00000000c8b00000|100%| O|  |TAMS 0x00000000c8a00000| PB 0x00000000c8a00000| Untracked 
|  63|0x00000000c8b00000, 0x00000000c8c00000, 0x00000000c8c00000|100%| O|  |TAMS 0x00000000c8b00000| PB 0x00000000c8b00000| Untracked 
|  64|0x00000000c8c00000, 0x00000000c8d00000, 0x00000000c8d00000|100%| O|Cm|TAMS 0x00000000c8c00000| PB 0x00000000c8c00000| Complete 
|  65|0x00000000c8d00000, 0x00000000c8e00000, 0x00000000c8e00000|100%| O|  |TAMS 0x00000000c8d00000| PB 0x00000000c8d00000| Untracked 
|  66|0x00000000c8e00000, 0x00000000c8f00000, 0x00000000c8f00000|100%| O|Cm|TAMS 0x00000000c8e00000| PB 0x00000000c8e00000| Complete 
|  67|0x00000000c8f00000, 0x00000000c9000000, 0x00000000c9000000|100%| O|  |TAMS 0x00000000c8f00000| PB 0x00000000c8f00000| Untracked 
|  68|0x00000000c9000000, 0x00000000c9100000, 0x00000000c9100000|100%| O|  |TAMS 0x00000000c9000000| PB 0x00000000c9000000| Untracked 
|  69|0x00000000c9100000, 0x00000000c91b8e00, 0x00000000c9200000| 72%| O|  |TAMS 0x00000000c9100000| PB 0x00000000c9100000| Untracked 
|  70|0x00000000c9200000, 0x00000000c9200000, 0x00000000c9300000|  0%| F|  |TAMS 0x00000000c9200000| PB 0x00000000c9200000| Untracked 
|  71|0x00000000c9300000, 0x00000000c9300000, 0x00000000c9400000|  0%| F|  |TAMS 0x00000000c9300000| PB 0x00000000c9300000| Untracked 
|  72|0x00000000c9400000, 0x00000000c9400000, 0x00000000c9500000|  0%| F|  |TAMS 0x00000000c9400000| PB 0x00000000c9400000| Untracked 
|  73|0x00000000c9500000, 0x00000000c9500000, 0x00000000c9600000|  0%| F|  |TAMS 0x00000000c9500000| PB 0x00000000c9500000| Untracked 
|  74|0x00000000c9600000, 0x00000000c9600000, 0x00000000c9700000|  0%| F|  |TAMS 0x00000000c9600000| PB 0x00000000c9600000| Untracked 
|  75|0x00000000c9700000, 0x00000000c9700000, 0x00000000c9800000|  0%| F|  |TAMS 0x00000000c9700000| PB 0x00000000c9700000| Untracked 
|  76|0x00000000c9800000, 0x00000000c9800000, 0x00000000c9900000|  0%| F|  |TAMS 0x00000000c9800000| PB 0x00000000c9800000| Untracked 
|  77|0x00000000c9900000, 0x00000000c9900000, 0x00000000c9a00000|  0%| F|  |TAMS 0x00000000c9900000| PB 0x00000000c9900000| Untracked 
|  78|0x00000000c9a00000, 0x00000000c9a00000, 0x00000000c9b00000|  0%| F|  |TAMS 0x00000000c9a00000| PB 0x00000000c9a00000| Untracked 
|  79|0x00000000c9b00000, 0x00000000c9b00000, 0x00000000c9c00000|  0%| F|  |TAMS 0x00000000c9b00000| PB 0x00000000c9b00000| Untracked 
|  80|0x00000000c9c00000, 0x00000000c9cd4280, 0x00000000c9d00000| 82%| S|CS|TAMS 0x00000000c9c00000| PB 0x00000000c9c00000| Complete 
|  81|0x00000000c9d00000, 0x00000000c9e00000, 0x00000000c9e00000|100%| S|CS|TAMS 0x00000000c9d00000| PB 0x00000000c9d00000| Complete 
|  82|0x00000000c9e00000, 0x00000000c9e00000, 0x00000000c9f00000|  0%| F|  |TAMS 0x00000000c9e00000| PB 0x00000000c9e00000| Untracked 
|  83|0x00000000c9f00000, 0x00000000c9f00000, 0x00000000ca000000|  0%| F|  |TAMS 0x00000000c9f00000| PB 0x00000000c9f00000| Untracked 
|  84|0x00000000ca000000, 0x00000000ca000000, 0x00000000ca100000|  0%| F|  |TAMS 0x00000000ca000000| PB 0x00000000ca000000| Untracked 
|  85|0x00000000ca100000, 0x00000000ca100000, 0x00000000ca200000|  0%| F|  |TAMS 0x00000000ca100000| PB 0x00000000ca100000| Untracked 
|  86|0x00000000ca200000, 0x00000000ca200000, 0x00000000ca300000|  0%| F|  |TAMS 0x00000000ca200000| PB 0x00000000ca200000| Untracked 
|  87|0x00000000ca300000, 0x00000000ca300000, 0x00000000ca400000|  0%| F|  |TAMS 0x00000000ca300000| PB 0x00000000ca300000| Untracked 
|  88|0x00000000ca400000, 0x00000000ca400000, 0x00000000ca500000|  0%| F|  |TAMS 0x00000000ca400000| PB 0x00000000ca400000| Untracked 
|  89|0x00000000ca500000, 0x00000000ca500000, 0x00000000ca600000|  0%| F|  |TAMS 0x00000000ca500000| PB 0x00000000ca500000| Untracked 
|  90|0x00000000ca600000, 0x00000000ca600000, 0x00000000ca700000|  0%| F|  |TAMS 0x00000000ca600000| PB 0x00000000ca600000| Untracked 
|  91|0x00000000ca700000, 0x00000000ca700000, 0x00000000ca800000|  0%| F|  |TAMS 0x00000000ca700000| PB 0x00000000ca700000| Untracked 
|  92|0x00000000ca800000, 0x00000000ca800000, 0x00000000ca900000|  0%| F|  |TAMS 0x00000000ca800000| PB 0x00000000ca800000| Untracked 
|  93|0x00000000ca900000, 0x00000000ca900000, 0x00000000caa00000|  0%| F|  |TAMS 0x00000000ca900000| PB 0x00000000ca900000| Untracked 
|  94|0x00000000caa00000, 0x00000000caa00000, 0x00000000cab00000|  0%| F|  |TAMS 0x00000000caa00000| PB 0x00000000caa00000| Untracked 
|  95|0x00000000cab00000, 0x00000000cab00000, 0x00000000cac00000|  0%| F|  |TAMS 0x00000000cab00000| PB 0x00000000cab00000| Untracked 
|  96|0x00000000cac00000, 0x00000000cac00000, 0x00000000cad00000|  0%| F|  |TAMS 0x00000000cac00000| PB 0x00000000cac00000| Untracked 
|  97|0x00000000cad00000, 0x00000000cad00000, 0x00000000cae00000|  0%| F|  |TAMS 0x00000000cad00000| PB 0x00000000cad00000| Untracked 
|  98|0x00000000cae00000, 0x00000000cae00000, 0x00000000caf00000|  0%| F|  |TAMS 0x00000000cae00000| PB 0x00000000cae00000| Untracked 
|  99|0x00000000caf00000, 0x00000000caf00000, 0x00000000cb000000|  0%| F|  |TAMS 0x00000000caf00000| PB 0x00000000caf00000| Untracked 
| 100|0x00000000cb000000, 0x00000000cb000000, 0x00000000cb100000|  0%| F|  |TAMS 0x00000000cb000000| PB 0x00000000cb000000| Untracked 
| 101|0x00000000cb100000, 0x00000000cb100000, 0x00000000cb200000|  0%| F|  |TAMS 0x00000000cb100000| PB 0x00000000cb100000| Untracked 
| 102|0x00000000cb200000, 0x00000000cb200000, 0x00000000cb300000|  0%| F|  |TAMS 0x00000000cb200000| PB 0x00000000cb200000| Untracked 
| 103|0x00000000cb300000, 0x00000000cb300000, 0x00000000cb400000|  0%| F|  |TAMS 0x00000000cb300000| PB 0x00000000cb300000| Untracked 
| 104|0x00000000cb400000, 0x00000000cb400000, 0x00000000cb500000|  0%| F|  |TAMS 0x00000000cb400000| PB 0x00000000cb400000| Untracked 
| 105|0x00000000cb500000, 0x00000000cb500000, 0x00000000cb600000|  0%| F|  |TAMS 0x00000000cb500000| PB 0x00000000cb500000| Untracked 
| 106|0x00000000cb600000, 0x00000000cb600000, 0x00000000cb700000|  0%| F|  |TAMS 0x00000000cb600000| PB 0x00000000cb600000| Untracked 
| 107|0x00000000cb700000, 0x00000000cb700000, 0x00000000cb800000|  0%| F|  |TAMS 0x00000000cb700000| PB 0x00000000cb700000| Untracked 
| 108|0x00000000cb800000, 0x00000000cb800000, 0x00000000cb900000|  0%| F|  |TAMS 0x00000000cb800000| PB 0x00000000cb800000| Untracked 
| 109|0x00000000cb900000, 0x00000000cba00000, 0x00000000cba00000|100%| E|  |TAMS 0x00000000cb900000| PB 0x00000000cb900000| Complete 
| 110|0x00000000cba00000, 0x00000000cbb00000, 0x00000000cbb00000|100%| E|CS|TAMS 0x00000000cba00000| PB 0x00000000cba00000| Complete 
| 111|0x00000000cbb00000, 0x00000000cbc00000, 0x00000000cbc00000|100%| E|CS|TAMS 0x00000000cbb00000| PB 0x00000000cbb00000| Complete 
| 112|0x00000000cbc00000, 0x00000000cbd00000, 0x00000000cbd00000|100%| E|CS|TAMS 0x00000000cbc00000| PB 0x00000000cbc00000| Complete 
| 113|0x00000000cbd00000, 0x00000000cbe00000, 0x00000000cbe00000|100%| E|CS|TAMS 0x00000000cbd00000| PB 0x00000000cbd00000| Complete 
| 114|0x00000000cbe00000, 0x00000000cbf00000, 0x00000000cbf00000|100%| E|CS|TAMS 0x00000000cbe00000| PB 0x00000000cbe00000| Complete 
| 115|0x00000000cbf00000, 0x00000000cc000000, 0x00000000cc000000|100%| E|CS|TAMS 0x00000000cbf00000| PB 0x00000000cbf00000| Complete 
| 116|0x00000000cc000000, 0x00000000cc100000, 0x00000000cc100000|100%| E|CS|TAMS 0x00000000cc000000| PB 0x00000000cc000000| Complete 
| 117|0x00000000cc100000, 0x00000000cc200000, 0x00000000cc200000|100%| E|CS|TAMS 0x00000000cc100000| PB 0x00000000cc100000| Complete 
| 118|0x00000000cc200000, 0x00000000cc300000, 0x00000000cc300000|100%| E|CS|TAMS 0x00000000cc200000| PB 0x00000000cc200000| Complete 
| 119|0x00000000cc300000, 0x00000000cc400000, 0x00000000cc400000|100%| E|CS|TAMS 0x00000000cc300000| PB 0x00000000cc300000| Complete 
| 120|0x00000000cc400000, 0x00000000cc500000, 0x00000000cc500000|100%| E|CS|TAMS 0x00000000cc400000| PB 0x00000000cc400000| Complete 
| 121|0x00000000cc500000, 0x00000000cc600000, 0x00000000cc600000|100%| E|CS|TAMS 0x00000000cc500000| PB 0x00000000cc500000| Complete 
| 122|0x00000000cc600000, 0x00000000cc700000, 0x00000000cc700000|100%| E|CS|TAMS 0x00000000cc600000| PB 0x00000000cc600000| Complete 
| 123|0x00000000cc700000, 0x00000000cc800000, 0x00000000cc800000|100%| E|CS|TAMS 0x00000000cc700000| PB 0x00000000cc700000| Complete 
| 124|0x00000000cc800000, 0x00000000cc900000, 0x00000000cc900000|100%| E|CS|TAMS 0x00000000cc800000| PB 0x00000000cc800000| Complete 
| 125|0x00000000cc900000, 0x00000000cca00000, 0x00000000cca00000|100%| E|CS|TAMS 0x00000000cc900000| PB 0x00000000cc900000| Complete 
| 126|0x00000000cca00000, 0x00000000ccb00000, 0x00000000ccb00000|100%| E|CS|TAMS 0x00000000cca00000| PB 0x00000000cca00000| Complete 
| 127|0x00000000ccb00000, 0x00000000ccc00000, 0x00000000ccc00000|100%| E|CS|TAMS 0x00000000ccb00000| PB 0x00000000ccb00000| Complete 
| 128|0x00000000ccc00000, 0x00000000ccd00000, 0x00000000ccd00000|100%| E|CS|TAMS 0x00000000ccc00000| PB 0x00000000ccc00000| Complete 
| 129|0x00000000ccd00000, 0x00000000cce00000, 0x00000000cce00000|100%| E|CS|TAMS 0x00000000ccd00000| PB 0x00000000ccd00000| Complete 
| 130|0x00000000cce00000, 0x00000000ccf00000, 0x00000000ccf00000|100%| E|CS|TAMS 0x00000000cce00000| PB 0x00000000cce00000| Complete 
| 131|0x00000000ccf00000, 0x00000000cd000000, 0x00000000cd000000|100%| E|CS|TAMS 0x00000000ccf00000| PB 0x00000000ccf00000| Complete 
| 945|0x00000000ffd00000, 0x00000000ffe00000, 0x00000000ffe00000|100%| O|  |TAMS 0x00000000ffd00000| PB 0x00000000ffd00000| Untracked 
| 946|0x00000000ffe00000, 0x00000000fff00000, 0x00000000fff00000|100%| E|CS|TAMS 0x00000000ffe00000| PB 0x00000000ffe00000| Complete 
| 947|0x00000000fff00000, 0x0000000100000000, 0x0000000100000000|100%| O|  |TAMS 0x00000000fff00000| PB 0x00000000fff00000| Untracked 

Card table byte_map: [0x0000019d4d7c0000,0x0000019d4d9a0000] _byte_map_base: 0x0000019d4d19a000

Marking Bits: (CMBitMap*) 0x0000019d3b6afec0
 Bits: [0x0000019d4d9a0000, 0x0000019d4e870000)

Polling page: 0x0000019d39660000

Metaspace:

Usage:
  Non-class:     78.15 MB used.
      Class:      9.54 MB used.
       Both:     87.68 MB used.

Virtual space:
  Non-class space:      128.00 MB reserved,      78.56 MB ( 61%) committed,  2 nodes.
      Class space:        1.00 GB reserved,       9.88 MB ( <1%) committed,  1 nodes.
             Both:        1.12 GB reserved,      88.44 MB (  8%) committed. 

Chunk freelists:
   Non-Class:  1.47 MB
       Class:  6.14 MB
        Both:  7.61 MB

MaxMetaspaceSize: unlimited
CompressedClassSpaceSize: 1.00 GB
Initial GC threshold: 21.00 MB
Current GC threshold: 143.88 MB
CDS: off
 - commit_granule_bytes: 65536.
 - commit_granule_words: 8192.
 - virtual_space_node_default_size: 8388608.
 - enlarge_chunks_in_place: 1.
 - use_allocation_guard: 0.


Internal statistics:

num_allocs_failed_limit: 6.
num_arena_births: 1344.
num_arena_deaths: 0.
num_vsnodes_births: 3.
num_vsnodes_deaths: 0.
num_space_committed: 1413.
num_space_uncommitted: 0.
num_chunks_returned_to_freelist: 6.
num_chunks_taken_from_freelist: 4373.
num_chunk_merges: 6.
num_chunk_splits: 3416.
num_chunks_enlarged: 2787.
num_inconsistent_stats: 0.

CodeHeap 'non-profiled nmethods': size=120000Kb used=6776Kb max_used=7123Kb free=113223Kb
 bounds [0x0000019d46290000, 0x0000019d46990000, 0x0000019d4d7c0000]
CodeHeap 'profiled nmethods': size=120000Kb used=37657Kb max_used=41081Kb free=82342Kb
 bounds [0x0000019d3e7c0000, 0x0000019d40ff0000, 0x0000019d45cf0000]
CodeHeap 'non-nmethods': size=5760Kb used=1945Kb max_used=1965Kb free=3814Kb
 bounds [0x0000019d45cf0000, 0x0000019d45f60000, 0x0000019d46290000]
 total_blobs=13651 nmethods=12892 adapters=658
 compilation: enabled
              stopped_count=0, restarted_count=0
 full_count=0

Compilation events (20 events):
Event: 13.090 Thread 0x0000019d50ecd2c0 nmethod 15202 0x0000019d3ef5fc90 code [0x0000019d3ef5ffa0, 0x0000019d3ef61350]
Event: 13.090 Thread 0x0000019d50ecd2c0 15192       3       org.jetbrains.org.objectweb.asm.Type::getSize (86 bytes)
Event: 13.090 Thread 0x0000019d50ecd2c0 nmethod 15192 0x0000019d4071c090 code [0x0000019d4071c260, 0x0000019d4071c620]
Event: 13.090 Thread 0x0000019d50ecd2c0 15198       3       org.jetbrains.kotlin.backend.jvm.mapping.IrTypeCheckerContextForTypeMapping::getPrimitiveArrayType (18 bytes)
Event: 13.090 Thread 0x0000019d50ecd2c0 nmethod 15198 0x0000019d4083a190 code [0x0000019d4083a3c0, 0x0000019d4083aa30]
Event: 13.090 Thread 0x0000019d50ecd2c0 15200       3       org.jetbrains.kotlin.backend.jvm.JvmIrTypeSystemContext::getPrimitiveArrayType (6 bytes)
Event: 13.090 Thread 0x0000019d50ecd2c0 nmethod 15200 0x0000019d3f172710 code [0x0000019d3f1728c0, 0x0000019d3f1729f8]
Event: 13.090 Thread 0x0000019d50ecd2c0 15201       3       org.jetbrains.kotlin.ir.types.IrTypeSystemContext$DefaultImpls::getPrimitiveArrayType (38 bytes)
Event: 13.091 Thread 0x0000019d50ecd2c0 nmethod 15201 0x0000019d3f8b1a10 code [0x0000019d3f8b1c60, 0x0000019d3f8b22e0]
Event: 13.091 Thread 0x0000019d50ecd2c0 15197       3       org.jetbrains.kotlin.backend.jvm.mapping.IrTypeCheckerContextForTypeMapping::isUnderKotlinPackage (18 bytes)
Event: 13.091 Thread 0x0000019d50ecd2c0 nmethod 15197 0x0000019d3f944510 code [0x0000019d3f944740, 0x0000019d3f944db0]
Event: 13.091 Thread 0x0000019d50ecd2c0 15203       3       org.jetbrains.kotlin.backend.jvm.JvmIrTypeSystemContext::isUnderKotlinPackage (6 bytes)
Event: 13.091 Thread 0x0000019d50ecd2c0 nmethod 15203 0x0000019d3f1ef790 code [0x0000019d3f1ef940, 0x0000019d3f1efa78]
Event: 13.091 Thread 0x0000019d50ecd2c0 15199       3       org.jetbrains.kotlin.ir.types.IrTypePredicatesKt::isArray (14 bytes)
Event: 13.091 Thread 0x0000019d50ecd2c0 nmethod 15199 0x0000019d3fa05f90 code [0x0000019d3fa061c0, 0x0000019d3fa06850]
Event: 13.091 Thread 0x0000019d50ecd2c0 15205       3       org.jetbrains.kotlin.descriptors.impl.FunctionDescriptorImpl::substitute (41 bytes)
Event: 13.092 Thread 0x0000019d50ecd2c0 nmethod 15205 0x0000019d3ecdbf10 code [0x0000019d3ecdc180, 0x0000019d3ecdcae8]
Event: 13.092 Thread 0x0000019d50ecd2c0 15206       3       org.jetbrains.kotlin.backend.jvm.mapping.MethodSignatureMapper::shouldBoxSingleValueParameterForSpecialCaseOfRemove (214 bytes)
Event: 13.093 Thread 0x0000019d50ecd2c0 nmethod 15206 0x0000019d3f0c0b90 code [0x0000019d3f0c1120, 0x0000019d3f0c3aa8]
Event: 13.093 Thread 0x0000019d50ecd2c0 15208       3       org.jetbrains.kotlin.backend.jvm.mapping.MethodSignatureMapper::mapReturnType (144 bytes)

GC Heap History (20 events):
Event: 6.132 GC heap before
{Heap before GC invocations=20 (full 0):
 garbage-first heap   total 71680K, used 62508K [0x00000000c4c00000, 0x0000000100000000)
  region size 1024K, 18 young (18432K), 2 survivors (2048K)
 Metaspace       used 60936K, committed 61696K, reserved 1114112K
  class space    used 7113K, committed 7488K, reserved 1048576K
}
Event: 6.137 GC heap after
{Heap after GC invocations=21 (full 0):
 garbage-first heap   total 95232K, used 47434K [0x00000000c4c00000, 0x0000000100000000)
  region size 1024K, 3 young (3072K), 3 survivors (3072K)
 Metaspace       used 60936K, committed 61696K, reserved 1114112K
  class space    used 7113K, committed 7488K, reserved 1048576K
}
Event: 7.422 GC heap before
{Heap before GC invocations=22 (full 0):
 garbage-first heap   total 95232K, used 82250K [0x00000000c4c00000, 0x0000000100000000)
  region size 1024K, 37 young (37888K), 3 survivors (3072K)
 Metaspace       used 65560K, committed 66304K, reserved 1114112K
  class space    used 7642K, committed 8000K, reserved 1048576K
}
Event: 7.434 GC heap after
{Heap after GC invocations=23 (full 0):
 garbage-first heap   total 95232K, used 52363K [0x00000000c4c00000, 0x0000000100000000)
  region size 1024K, 5 young (5120K), 5 survivors (5120K)
 Metaspace       used 65560K, committed 66304K, reserved 1114112K
  class space    used 7642K, committed 8000K, reserved 1048576K
}
Event: 8.601 GC heap before
{Heap before GC invocations=23 (full 0):
 garbage-first heap   total 95232K, used 82059K [0x00000000c4c00000, 0x0000000100000000)
  region size 1024K, 34 young (34816K), 5 survivors (5120K)
 Metaspace       used 67657K, committed 68416K, reserved 1114112K
  class space    used 7730K, committed 8064K, reserved 1048576K
}
Event: 8.623 GC heap after
{Heap after GC invocations=24 (full 0):
 garbage-first heap   total 95232K, used 56894K [0x00000000c4c00000, 0x0000000100000000)
  region size 1024K, 5 young (5120K), 5 survivors (5120K)
 Metaspace       used 67657K, committed 68416K, reserved 1114112K
  class space    used 7730K, committed 8064K, reserved 1048576K
}
Event: 9.446 GC heap before
{Heap before GC invocations=24 (full 0):
 garbage-first heap   total 95232K, used 83518K [0x00000000c4c00000, 0x0000000100000000)
  region size 1024K, 31 young (31744K), 5 survivors (5120K)
 Metaspace       used 69445K, committed 70208K, reserved 1114112K
  class space    used 7878K, committed 8256K, reserved 1048576K
}
Event: 9.460 GC heap after
{Heap after GC invocations=25 (full 0):
 garbage-first heap   total 95232K, used 60323K [0x00000000c4c00000, 0x0000000100000000)
  region size 1024K, 4 young (4096K), 4 survivors (4096K)
 Metaspace       used 69445K, committed 70208K, reserved 1114112K
  class space    used 7878K, committed 8256K, reserved 1048576K
}
Event: 10.345 GC heap before
{Heap before GC invocations=26 (full 0):
 garbage-first heap   total 102400K, used 83875K [0x00000000c4c00000, 0x0000000100000000)
  region size 1024K, 27 young (27648K), 4 survivors (4096K)
 Metaspace       used 70261K, committed 70976K, reserved 1114112K
  class space    used 7920K, committed 8256K, reserved 1048576K
}
Event: 10.357 GC heap after
{Heap after GC invocations=27 (full 0):
 garbage-first heap   total 102400K, used 63380K [0x00000000c4c00000, 0x0000000100000000)
  region size 1024K, 3 young (3072K), 3 survivors (3072K)
 Metaspace       used 70261K, committed 70976K, reserved 1114112K
  class space    used 7920K, committed 8256K, reserved 1048576K
}
Event: 10.783 GC heap before
{Heap before GC invocations=27 (full 0):
 garbage-first heap   total 102400K, used 91028K [0x00000000c4c00000, 0x0000000100000000)
  region size 1024K, 31 young (31744K), 3 survivors (3072K)
 Metaspace       used 75051K, committed 75840K, reserved 1179648K
  class space    used 8397K, committed 8768K, reserved 1048576K
}
Event: 10.793 GC heap after
{Heap after GC invocations=28 (full 0):
 garbage-first heap   total 102400K, used 64428K [0x00000000c4c00000, 0x0000000100000000)
  region size 1024K, 3 young (3072K), 3 survivors (3072K)
 Metaspace       used 75051K, committed 75840K, reserved 1179648K
  class space    used 8397K, committed 8768K, reserved 1048576K
}
Event: 11.507 GC heap before
{Heap before GC invocations=28 (full 0):
 garbage-first heap   total 102400K, used 92076K [0x00000000c4c00000, 0x0000000100000000)
  region size 1024K, 30 young (30720K), 3 survivors (3072K)
 Metaspace       used 77665K, committed 78400K, reserved 1179648K
  class space    used 8627K, committed 8960K, reserved 1048576K
}
Event: 11.517 GC heap after
{Heap after GC invocations=29 (full 0):
 garbage-first heap   total 102400K, used 68265K [0x00000000c4c00000, 0x0000000100000000)
  region size 1024K, 4 young (4096K), 4 survivors (4096K)
 Metaspace       used 77665K, committed 78400K, reserved 1179648K
  class space    used 8627K, committed 8960K, reserved 1048576K
}
Event: 11.913 GC heap before
{Heap before GC invocations=30 (full 0):
 garbage-first heap   total 114688K, used 90793K [0x00000000c4c00000, 0x0000000100000000)
  region size 1024K, 26 young (26624K), 4 survivors (4096K)
 Metaspace       used 82299K, committed 83008K, reserved 1179648K
  class space    used 9081K, committed 9408K, reserved 1048576K
}
Event: 11.923 GC heap after
{Heap after GC invocations=31 (full 0):
 garbage-first heap   total 114688K, used 69961K [0x00000000c4c00000, 0x0000000100000000)
  region size 1024K, 2 young (2048K), 2 survivors (2048K)
 Metaspace       used 82299K, committed 83008K, reserved 1179648K
  class space    used 9081K, committed 9408K, reserved 1048576K
}
Event: 12.314 GC heap before
{Heap before GC invocations=31 (full 0):
 garbage-first heap   total 114688K, used 102729K [0x00000000c4c00000, 0x0000000100000000)
  region size 1024K, 35 young (35840K), 2 survivors (2048K)
 Metaspace       used 85728K, committed 86464K, reserved 1179648K
  class space    used 9410K, committed 9792K, reserved 1048576K
}
Event: 12.327 GC heap after
{Heap after GC invocations=32 (full 0):
 garbage-first heap   total 114688K, used 73376K [0x00000000c4c00000, 0x0000000100000000)
  region size 1024K, 5 young (5120K), 5 survivors (5120K)
 Metaspace       used 85728K, committed 86464K, reserved 1179648K
  class space    used 9410K, committed 9792K, reserved 1048576K
}
Event: 12.702 GC heap before
{Heap before GC invocations=32 (full 0):
 garbage-first heap   total 114688K, used 102048K [0x00000000c4c00000, 0x0000000100000000)
  region size 1024K, 33 young (33792K), 5 survivors (5120K)
 Metaspace       used 87341K, committed 88128K, reserved 1179648K
  class space    used 9550K, committed 9920K, reserved 1048576K
}
Event: 12.714 GC heap after
{Heap after GC invocations=33 (full 0):
 garbage-first heap   total 138240K, used 75284K [0x00000000c4c00000, 0x0000000100000000)
  region size 1024K, 2 young (2048K), 2 survivors (2048K)
 Metaspace       used 87341K, committed 88128K, reserved 1179648K
  class space    used 9550K, committed 9920K, reserved 1048576K
}

Dll operation events (3 events):
Event: 0.008 Loaded shared library C:\Program Files\Android\Android Studio\jbr\bin\java.dll
Event: 0.012 Loaded shared library C:\Program Files\Android\Android Studio\jbr\bin\zip.dll
Event: 1.367 Loaded shared library C:\Program Files\Android\Android Studio\jbr\bin\verify.dll

Deoptimization events (20 events):
Event: 13.027 Thread 0x0000019d3947f820 Uncommon trap: trap_request=0xffffffc6 fr.pc=0x0000019d4672f9b4 relative=0x0000000000001434
Event: 13.027 Thread 0x0000019d3947f820 Uncommon trap: reason=bimorphic_or_optimized_type_check action=maybe_recompile pc=0x0000019d4672f9b4 method=org.jetbrains.kotlin.ir.types.IrTypePredicatesKt.hasFqNameEqualToSignature(Lorg/jetbrains/kotlin/ir/declarations/IrClass;Lorg/jetbrains/kotlin/ir/u
Event: 13.027 Thread 0x0000019d3947f820 DEOPT PACKING pc=0x0000019d4672f9b4 sp=0x000000581aafd320
Event: 13.027 Thread 0x0000019d3947f820 DEOPT UNPACKING pc=0x0000019d45d47da2 sp=0x000000581aafd280 mode 2
Event: 13.027 Thread 0x0000019d3947f820 Uncommon trap: trap_request=0xffffffc6 fr.pc=0x0000019d4672f9b4 relative=0x0000000000001434
Event: 13.027 Thread 0x0000019d3947f820 Uncommon trap: reason=bimorphic_or_optimized_type_check action=maybe_recompile pc=0x0000019d4672f9b4 method=org.jetbrains.kotlin.ir.types.IrTypePredicatesKt.hasFqNameEqualToSignature(Lorg/jetbrains/kotlin/ir/declarations/IrClass;Lorg/jetbrains/kotlin/ir/u
Event: 13.027 Thread 0x0000019d3947f820 DEOPT PACKING pc=0x0000019d4672f9b4 sp=0x000000581aafced0
Event: 13.027 Thread 0x0000019d3947f820 DEOPT UNPACKING pc=0x0000019d45d47da2 sp=0x000000581aafce30 mode 2
Event: 13.038 Thread 0x0000019d3947f820 Uncommon trap: trap_request=0xffffffc6 fr.pc=0x0000019d4654b3c0 relative=0x0000000000000760
Event: 13.038 Thread 0x0000019d3947f820 Uncommon trap: reason=bimorphic_or_optimized_type_check action=maybe_recompile pc=0x0000019d4654b3c0 method=java.util.regex.Matcher.search(I)Z @ 121 c2
Event: 13.038 Thread 0x0000019d3947f820 DEOPT PACKING pc=0x0000019d4654b3c0 sp=0x000000581aafcd80
Event: 13.038 Thread 0x0000019d3947f820 DEOPT UNPACKING pc=0x0000019d45d47da2 sp=0x000000581aafcd60 mode 2
Event: 13.063 Thread 0x0000019d3947f820 Uncommon trap: trap_request=0xffffffc6 fr.pc=0x0000019d4654b3c0 relative=0x0000000000000760
Event: 13.063 Thread 0x0000019d3947f820 Uncommon trap: reason=bimorphic_or_optimized_type_check action=maybe_recompile pc=0x0000019d4654b3c0 method=java.util.regex.Matcher.search(I)Z @ 121 c2
Event: 13.063 Thread 0x0000019d3947f820 DEOPT PACKING pc=0x0000019d4654b3c0 sp=0x000000581aafcd80
Event: 13.063 Thread 0x0000019d3947f820 DEOPT UNPACKING pc=0x0000019d45d47da2 sp=0x000000581aafcd60 mode 2
Event: 13.079 Thread 0x0000019d3947f820 Uncommon trap: trap_request=0xffffff45 fr.pc=0x0000019d4676610c relative=0x0000000000000d0c
Event: 13.079 Thread 0x0000019d3947f820 Uncommon trap: reason=unstable_if action=reinterpret pc=0x0000019d4676610c method=org.jetbrains.kotlin.utils.SmartSet.add(Ljava/lang/Object;)Z @ 32 c2
Event: 13.079 Thread 0x0000019d3947f820 DEOPT PACKING pc=0x0000019d4676610c sp=0x000000581aafdc30
Event: 13.079 Thread 0x0000019d3947f820 DEOPT UNPACKING pc=0x0000019d45d47da2 sp=0x000000581aafdc08 mode 2

Classes loaded (20 events):
Event: 10.557 Loading class jdk/internal/math/FloatingDecimal$ASCIIToBinaryConverter done
Event: 10.557 Loading class jdk/internal/math/FloatingDecimal$PreparedASCIIToBinaryBuffer done
Event: 10.558 Loading class jdk/internal/math/FloatingDecimal$ASCIIToBinaryBuffer
Event: 10.558 Loading class jdk/internal/math/FloatingDecimal$ASCIIToBinaryBuffer done
Event: 10.568 Loading class java/lang/invoke/DirectMethodHandle$1
Event: 10.568 Loading class java/lang/invoke/DirectMethodHandle$1 done
Event: 10.575 Loading class java/text/FieldPosition
Event: 10.575 Loading class java/text/FieldPosition done
Event: 10.575 Loading class java/util/Date
Event: 10.576 Loading class java/util/Date done
Event: 10.576 Loading class java/text/MessageFormat$Field
Event: 10.576 Loading class java/text/Format$Field
Event: 10.576 Loading class java/text/AttributedCharacterIterator$Attribute
Event: 10.577 Loading class java/text/AttributedCharacterIterator$Attribute done
Event: 10.577 Loading class java/text/Format$Field done
Event: 10.577 Loading class java/text/MessageFormat$Field done
Event: 12.977 Loading class java/util/Vector$Itr
Event: 12.978 Loading class java/util/Vector$Itr done
Event: 13.037 Loading class java/util/regex/Pattern$Dollar
Event: 13.037 Loading class java/util/regex/Pattern$Dollar done

Classes unloaded (0 events):
No events

Classes redefined (0 events):
No events

Internal exceptions (20 events):
Event: 6.403 Thread 0x0000019d3947f820 Exception <a 'java/lang/IncompatibleClassChangeError'{0x00000000ca09b430}: Found class java.lang.Object, but interface was expected> (0x00000000ca09b430) 
thrown [s\src\hotspot\share\interpreter\linkResolver.cpp, line 851]
Event: 6.411 Thread 0x0000019d3947f820 Implicit null exception at 0x0000019d465f1aef to 0x0000019d465f3370
Event: 6.462 Thread 0x0000019d3947f820 Exception <a 'java/lang/NoSuchMethodError'{0x00000000c9eabfb0}: 'int java.lang.invoke.DirectMethodHandle$Holder.invokeStaticInit(java.lang.Object, int)'> (0x00000000c9eabfb0) 
thrown [s\src\hotspot\share\interpreter\linkResolver.cpp, line 784]
Event: 6.562 Thread 0x0000019d3947f820 Exception <a 'java/lang/NoSuchMethodError'{0x00000000c9c5c778}: 'java.lang.Object java.lang.invoke.DirectMethodHandle$Holder.newInvokeSpecial(java.lang.Object, int, java.lang.Object, java.lang.Object)'> (0x00000000c9c5c778) 
thrown [s\src\hotspot\share\interpreter\linkResolver.cpp, line 784]
Event: 6.807 Thread 0x0000019d3947f820 Implicit null exception at 0x0000019d465e01ca to 0x0000019d465e041c
Event: 6.966 Thread 0x0000019d3947f820 Exception <a 'java/lang/NoSuchMethodError'{0x00000000c92ac190}: 'void java.lang.invoke.DirectMethodHandle$Holder.invokeSpecial(java.lang.Object, java.lang.Object, int, java.lang.Object)'> (0x00000000c92ac190) 
thrown [s\src\hotspot\share\interpreter\linkResolver.cpp, line 784]
Event: 7.083 Thread 0x0000019d3947f820 Exception <a 'java/lang/IncompatibleClassChangeError'{0x00000000c8fb2748}: Found class java.lang.Object, but interface was expected> (0x00000000c8fb2748) 
thrown [s\src\hotspot\share\interpreter\linkResolver.cpp, line 851]
Event: 7.853 Thread 0x0000019d3947f820 Implicit null exception at 0x0000019d46712bda to 0x0000019d46712d40
Event: 7.904 Thread 0x0000019d3947f820 Exception <a 'java/lang/NoSuchMethodError'{0x00000000c9bdc320}: 'java.lang.Object java.lang.invoke.DirectMethodHandle$Holder.invokeStatic(java.lang.Object, int, java.lang.Object)'> (0x00000000c9bdc320) 
thrown [s\src\hotspot\share\interpreter\linkResolver.cpp, line 784]
Event: 8.652 Thread 0x0000019d3947f820 Implicit null exception at 0x0000019d466ffd4d to 0x0000019d46700680
Event: 9.076 Thread 0x0000019d3947f820 Implicit null exception at 0x0000019d46754f1b to 0x0000019d46754fe3
Event: 10.531 Thread 0x0000019d3947f820 Exception <a 'java/lang/NoSuchMethodError'{0x00000000ca4a7ee0}: 'int java.lang.invoke.Invokers$Holder.invokeExact_MT(java.lang.Object, java.lang.Object, java.lang.Object)'> (0x00000000ca4a7ee0) 
thrown [s\src\hotspot\share\interpreter\linkResolver.cpp, line 784]
Event: 10.531 Thread 0x0000019d3947f820 Exception <a 'java/lang/NoSuchMethodError'{0x00000000ca4ac618}: 'void java.lang.invoke.Invokers$Holder.invokeExact_MT(java.lang.Object, java.lang.Object, java.lang.Object, java.lang.Object)'> (0x00000000ca4ac618) 
thrown [s\src\hotspot\share\interpreter\linkResolver.cpp, line 784]
Event: 10.538 Thread 0x0000019d3947f820 Implicit null exception at 0x0000019d467592ca to 0x0000019d46759b20
Event: 10.549 Thread 0x0000019d3947f820 Exception <a 'java/lang/NoSuchMethodError'{0x00000000ca3d0d40}: 'java.lang.Object java.lang.invoke.DirectMethodHandle$Holder.invokeStaticInit(java.lang.Object, java.lang.Object, java.lang.Object, java.lang.Object)'> (0x00000000ca3d0d40) 
thrown [s\src\hotspot\share\interpreter\linkResolver.cpp, line 784]
Event: 10.744 Thread 0x0000019d3947f820 Exception <a 'java/lang/NoSuchMethodError'{0x00000000c91db950}: 'java.lang.Object java.lang.invoke.DirectMethodHandle$Holder.newInvokeSpecial(java.lang.Object, java.lang.Object, java.lang.Object, int, int)'> (0x00000000c91db950) 
thrown [s\src\hotspot\share\interpreter\linkResolver.cpp, line 784]
Event: 10.744 Thread 0x0000019d3947f820 Exception <a 'java/lang/NoSuchMethodError'{0x00000000c91df530}: 'java.lang.Object java.lang.invoke.DirectMethodHandle$Holder.invokeSpecial(java.lang.Object, java.lang.Object, java.lang.Object, java.lang.Object, int, int)'> (0x00000000c91df530) 
thrown [s\src\hotspot\share\interpreter\linkResolver.cpp, line 784]
Event: 10.772 Thread 0x0000019d3947f820 Exception <a 'java/lang/NoSuchMethodError'{0x00000000c8f8ebb8}: 'java.lang.Object java.lang.invoke.DirectMethodHandle$Holder.invokeSpecial(java.lang.Object, java.lang.Object, int, int, java.lang.Object, java.lang.Object, java.lang.Object, java.lang.Object, java.lang.Object)'> (0x00000000c8f8ebb8) 
thrown [s\src\hotspot\share\interpreter\linkResolver.cpp, line 784]
Event: 11.301 Thread 0x0000019d3947f820 Implicit null exception at 0x0000019d46308d20 to 0x0000019d46308fa0
Event: 12.571 Thread 0x0000019d3947f820 Implicit null exception at 0x0000019d46728ce0 to 0x0000019d46728d99

ZGC Phase Switch (0 events):
No events

VM Operations (20 events):
Event: 12.545 Executing VM operation: ICBufferFull
Event: 12.545 Executing VM operation: ICBufferFull done
Event: 12.608 Executing VM operation: ICBufferFull
Event: 12.608 Executing VM operation: ICBufferFull done
Event: 12.701 Executing VM operation: G1CollectForAllocation (G1 Evacuation Pause)
Event: 12.714 Executing VM operation: G1CollectForAllocation (G1 Evacuation Pause) done
Event: 12.845 Executing VM operation: G1PauseRemark
Event: 12.861 Executing VM operation: G1PauseRemark done
Event: 12.878 Executing VM operation: HandshakeAllThreads (Deoptimize)
Event: 12.878 Executing VM operation: HandshakeAllThreads (Deoptimize) done
Event: 12.889 Executing VM operation: HandshakeAllThreads (Deoptimize)
Event: 12.889 Executing VM operation: HandshakeAllThreads (Deoptimize) done
Event: 12.892 Executing VM operation: HandshakeAllThreads (Deoptimize)
Event: 12.892 Executing VM operation: HandshakeAllThreads (Deoptimize) done
Event: 12.915 Executing VM operation: G1PauseCleanup
Event: 12.916 Executing VM operation: G1PauseCleanup done
Event: 12.941 Executing VM operation: HandshakeAllThreads (Deoptimize)
Event: 12.941 Executing VM operation: HandshakeAllThreads (Deoptimize) done
Event: 12.999 Executing VM operation: HandshakeAllThreads (Deoptimize)
Event: 12.999 Executing VM operation: HandshakeAllThreads (Deoptimize) done

Memory protections (0 events):
No events

Nmethod flushes (20 events):
Event: 12.860 Thread 0x0000019d50e36e90 flushing  nmethod 0x0000019d40795710
Event: 12.860 Thread 0x0000019d50e36e90 flushing  nmethod 0x0000019d40795a90
Event: 12.860 Thread 0x0000019d50e36e90 flushing  nmethod 0x0000019d40796b90
Event: 12.860 Thread 0x0000019d50e36e90 flushing  nmethod 0x0000019d40797c10
Event: 12.860 Thread 0x0000019d50e36e90 flushing  nmethod 0x0000019d407bea10
Event: 12.860 Thread 0x0000019d50e36e90 flushing  nmethod 0x0000019d407c8990
Event: 12.860 Thread 0x0000019d50e36e90 flushing  nmethod 0x0000019d407d0110
Event: 12.860 Thread 0x0000019d50e36e90 flushing  nmethod 0x0000019d40830a10
Event: 12.860 Thread 0x0000019d50e36e90 flushing  nmethod 0x0000019d4083a190
Event: 12.860 Thread 0x0000019d50e36e90 flushing  nmethod 0x0000019d40861e10
Event: 12.860 Thread 0x0000019d50e36e90 flushing  nmethod 0x0000019d4086e890
Event: 12.860 Thread 0x0000019d50e36e90 flushing  nmethod 0x0000019d40875390
Event: 12.860 Thread 0x0000019d50e36e90 flushing  nmethod 0x0000019d408aec10
Event: 12.860 Thread 0x0000019d50e36e90 flushing  nmethod 0x0000019d408b4410
Event: 12.860 Thread 0x0000019d50e36e90 flushing  nmethod 0x0000019d40910210
Event: 12.860 Thread 0x0000019d50e36e90 flushing  nmethod 0x0000019d4097b590
Event: 12.860 Thread 0x0000019d50e36e90 flushing  nmethod 0x0000019d40996210
Event: 12.860 Thread 0x0000019d50e36e90 flushing  nmethod 0x0000019d4099ad90
Event: 12.860 Thread 0x0000019d50e36e90 flushing  nmethod 0x0000019d40a8c110
Event: 12.860 Thread 0x0000019d50e36e90 flushing  nmethod 0x0000019d40a93090

Events (17 events):
Event: 0.011 Thread 0x0000019d3947f820 Thread added: 0x0000019d3947f820
Event: 0.051 Thread 0x0000019d3947f820 Thread added: 0x0000019d551205a0
Event: 0.051 Thread 0x0000019d3947f820 Thread added: 0x0000019d50eb3e30
Event: 0.052 Thread 0x0000019d3947f820 Thread added: 0x0000019d50eb8110
Event: 0.052 Thread 0x0000019d3947f820 Thread added: 0x0000019d50eb8b70
Event: 0.052 Thread 0x0000019d3947f820 Thread added: 0x0000019d50ebdcb0
Event: 0.052 Thread 0x0000019d3947f820 Thread added: 0x0000019d50ebf720
Event: 0.052 Thread 0x0000019d3947f820 Thread added: 0x0000019d50ec8f10
Event: 0.052 Thread 0x0000019d3947f820 Thread added: 0x0000019d50ecd2c0
Event: 0.083 Thread 0x0000019d3947f820 Thread added: 0x0000019d552c4170
Event: 0.087 Thread 0x0000019d3947f820 Thread added: 0x0000019d552c6dc0
Event: 0.094 Loaded shared library C:\Program Files\Android\Android Studio\jbr\bin\net.dll
Event: 0.095 Loaded shared library C:\Program Files\Android\Android Studio\jbr\bin\nio.dll
Event: 0.117 Thread 0x0000019d50ec8f10 Thread added: 0x0000019d55360d90
Event: 0.127 Loaded shared library C:\Program Files\Android\Android Studio\jbr\bin\zip.dll
Event: 0.156 Loaded shared library C:\Program Files\Android\Android Studio\jbr\bin\jimage.dll
Event: 11.582 Thread 0x0000019d55360d90 Thread exited: 0x0000019d55360d90


Dynamic libraries:
0x00007ff7c23b0000 - 0x00007ff7c23ba000 	C:\Program Files\Android\Android Studio\jbr\bin\java.exe
0x00007ffb39b70000 - 0x00007ffb39d87000 	C:\WINDOWS\SYSTEM32\ntdll.dll
0x00007ffb38af0000 - 0x00007ffb38bb4000 	C:\WINDOWS\System32\KERNEL32.DLL
0x00007ffb36dd0000 - 0x00007ffb371a1000 	C:\WINDOWS\System32\KERNELBASE.dll
0x00007ffb371b0000 - 0x00007ffb372c1000 	C:\WINDOWS\System32\ucrtbase.dll
0x00007ffb292c0000 - 0x00007ffb292db000 	C:\Program Files\Android\Android Studio\jbr\bin\VCRUNTIME140.dll
0x00007ffb1e3d0000 - 0x00007ffb1e3e8000 	C:\Program Files\Android\Android Studio\jbr\bin\jli.dll
0x00007ffb390e0000 - 0x00007ffb39291000 	C:\WINDOWS\System32\USER32.dll
0x00007ffb376a0000 - 0x00007ffb376c6000 	C:\WINDOWS\System32\win32u.dll
0x00007ffb38d80000 - 0x00007ffb38da9000 	C:\WINDOWS\System32\GDI32.dll
0x00007ffb36cb0000 - 0x00007ffb36dcb000 	C:\WINDOWS\System32\gdi32full.dll
0x00007ffb37600000 - 0x00007ffb3769a000 	C:\WINDOWS\System32\msvcp_win.dll
0x00007ffb1e890000 - 0x00007ffb1eb22000 	C:\WINDOWS\WinSxS\amd64_microsoft.windows.common-controls_6595b64144ccf1df_6.0.22621.4830_none_270fe7d773858e80\COMCTL32.dll
0x00007ffb37a10000 - 0x00007ffb37ab7000 	C:\WINDOWS\System32\msvcrt.dll
0x00007ffb38cf0000 - 0x00007ffb38d21000 	C:\WINDOWS\System32\IMM32.DLL
0x00007ffb28bf0000 - 0x00007ffb28bfc000 	C:\Program Files\Android\Android Studio\jbr\bin\vcruntime140_1.dll
0x00007ffaf4b50000 - 0x00007ffaf4bdd000 	C:\Program Files\Android\Android Studio\jbr\bin\msvcp140.dll
0x00007ffad5c70000 - 0x00007ffad68f3000 	C:\Program Files\Android\Android Studio\jbr\bin\server\jvm.dll
0x00007ffb38c30000 - 0x00007ffb38ce1000 	C:\WINDOWS\System32\ADVAPI32.dll
0x00007ffb39440000 - 0x00007ffb394e7000 	C:\WINDOWS\System32\sechost.dll
0x00007ffb37490000 - 0x00007ffb374b8000 	C:\WINDOWS\System32\bcrypt.dll
0x00007ffb37b20000 - 0x00007ffb37c34000 	C:\WINDOWS\System32\RPCRT4.dll
0x00007ffb37c40000 - 0x00007ffb37cb1000 	C:\WINDOWS\System32\WS2_32.dll
0x00007ffb369d0000 - 0x00007ffb36a1d000 	C:\WINDOWS\SYSTEM32\POWRPROF.dll
0x00007ffb2dc10000 - 0x00007ffb2dc1a000 	C:\WINDOWS\SYSTEM32\VERSION.dll
0x00007ffb2e020000 - 0x00007ffb2e054000 	C:\WINDOWS\SYSTEM32\WINMM.dll
0x00007ffb369b0000 - 0x00007ffb369c3000 	C:\WINDOWS\SYSTEM32\UMPDC.dll
0x00007ffb35cc0000 - 0x00007ffb35cd8000 	C:\WINDOWS\SYSTEM32\kernel.appcore.dll
0x00007ffb28bc0000 - 0x00007ffb28bca000 	C:\Program Files\Android\Android Studio\jbr\bin\jimage.dll
0x00007ffb346c0000 - 0x00007ffb348f2000 	C:\WINDOWS\SYSTEM32\DBGHELP.DLL
0x00007ffb37ed0000 - 0x00007ffb38260000 	C:\WINDOWS\System32\combase.dll
0x00007ffb392b0000 - 0x00007ffb39387000 	C:\WINDOWS\System32\OLEAUT32.dll
0x00007ffb0c2a0000 - 0x00007ffb0c2d2000 	C:\WINDOWS\SYSTEM32\dbgcore.DLL
0x00007ffb37350000 - 0x00007ffb373cb000 	C:\WINDOWS\System32\bcryptPrimitives.dll
0x00007ffb28ad0000 - 0x00007ffb28af0000 	C:\Program Files\Android\Android Studio\jbr\bin\java.dll
0x00007ffb28ab0000 - 0x00007ffb28ac8000 	C:\Program Files\Android\Android Studio\jbr\bin\zip.dll
0x00007ffb38260000 - 0x00007ffb38ae8000 	C:\WINDOWS\System32\SHELL32.dll
0x00007ffb374c0000 - 0x00007ffb375ff000 	C:\WINDOWS\System32\wintypes.dll
0x00007ffb34bc0000 - 0x00007ffb354cc000 	C:\WINDOWS\SYSTEM32\windows.storage.dll
0x00007ffb38e30000 - 0x00007ffb38f3a000 	C:\WINDOWS\System32\SHCORE.dll
0x00007ffb37cc0000 - 0x00007ffb37d1e000 	C:\WINDOWS\System32\shlwapi.dll
0x00007ffb36be0000 - 0x00007ffb36c0b000 	C:\WINDOWS\SYSTEM32\profapi.dll
0x00007ffb28a40000 - 0x00007ffb28a50000 	C:\Program Files\Android\Android Studio\jbr\bin\net.dll
0x00007ffb2ded0000 - 0x00007ffb2dffc000 	C:\WINDOWS\SYSTEM32\WINHTTP.dll
0x00007ffb36120000 - 0x00007ffb3618a000 	C:\WINDOWS\system32\mswsock.dll
0x00007ffb28250000 - 0x00007ffb28266000 	C:\Program Files\Android\Android Studio\jbr\bin\nio.dll
0x00007ffb280b0000 - 0x00007ffb280c0000 	C:\Program Files\Android\Android Studio\jbr\bin\verify.dll

dbghelp: loaded successfully - version: 4.0.5 - missing functions: none
symbol engine: initialized successfully - sym options: 0x614 - pdb path: .;C:\Program Files\Android\Android Studio\jbr\bin;C:\WINDOWS\SYSTEM32;C:\WINDOWS\WinSxS\amd64_microsoft.windows.common-controls_6595b64144ccf1df_6.0.22621.4830_none_270fe7d773858e80;C:\Program Files\Android\Android Studio\jbr\bin\server

VM Arguments:
java_command: org.jetbrains.kotlin.cli.jvm.K2JVMCompiler @C:\Users\Graphic\AndroidStudioProjects\NewsApplication\app\build\20250306_2612650031412582146.compiler.options
java_class_path (initial): C:\Users\Graphic\.gradle\caches\modules-2\files-2.1\org.jetbrains.kotlin\kotlin-compiler-embeddable\1.9.0\2c8c3a7402becca891f12739b3e9fd2dc2adbd7a\kotlin-compiler-embeddable-1.9.0.jar;C:\Users\Graphic\.gradle\caches\modules-2\files-2.1\org.jetbrains.kotlin\kotlin-stdlib\1.9.0\8ee15ef0c67dc83d874f412d84378d7f0eb50b63\kotlin-stdlib-1.9.0.jar;C:\Users\Graphic\.gradle\caches\modules-2\files-2.1\org.jetbrains.kotlin\kotlin-script-runtime\1.9.0\4b3102cbbb7e1b58d9d1adf89563f00069ffa7d1\kotlin-script-runtime-1.9.0.jar;C:\Users\Graphic\.gradle\caches\modules-2\files-2.1\org.jetbrains.kotlin\kotlin-reflect\1.6.10\1cbe9c92c12a94eea200d23c2bbaedaf3daf5132\kotlin-reflect-1.6.10.jar;C:\Users\Graphic\.gradle\caches\modules-2\files-2.1\org.jetbrains.kotlin\kotlin-daemon-embeddable\1.9.0\186543f5e28cf8d9a0290fecc2cf34301c40a65c\kotlin-daemon-embeddable-1.9.0.jar;C:\Users\Graphic\.gradle\caches\modules-2\files-2.1\org.jetbrains.intellij.deps\trove4j\1.0.20200330\3afb14d5f9ceb459d724e907a21145e8ff394f02\trove4j-1.0.20200330.jar;C:\Users\Graphic\.gradle\caches\modules-2\files-2.1\org.jetbrains.kotlin\kotlin-stdlib-common\1.9.0\cd65c21cfd1eec4d44ef09f9f52b6d9f8a720636\kotlin-stdlib-common-1.9.0.jar;C:\Users\Graphic\.gradle\caches\modules-2\files-2.1\org.jetbrains\annotations\13.0\919f0dfe192fb4e063e7dacadee7f8bb9a2672a9\annotations-13.0.jar
Launcher Type: SUN_STANDARD

[Global flags]
     intx CICompilerCount                          = 3                                         {product} {ergonomic}
     uint ConcGCThreads                            = 1                                         {product} {ergonomic}
     uint G1ConcRefinementThreads                  = 4                                         {product} {ergonomic}
   size_t G1HeapRegionSize                         = 1048576                                   {product} {ergonomic}
    uintx GCDrainStackTargetSize                   = 64                                        {product} {ergonomic}
   size_t InitialHeapSize                          = 62914560                                  {product} {ergonomic}
   size_t MarkStackSize                            = 4194304                                   {product} {ergonomic}
   size_t MaxHeapSize                              = 994050048                                 {product} {ergonomic}
   size_t MaxNewSize                               = 595591168                                 {product} {ergonomic}
   size_t MinHeapDeltaBytes                        = 1048576                                   {product} {ergonomic}
   size_t MinHeapSize                              = 8388608                                   {product} {ergonomic}
    uintx NonNMethodCodeHeapSize                   = 5832780                                {pd product} {ergonomic}
    uintx NonProfiledCodeHeapSize                  = 122912730                              {pd product} {ergonomic}
    uintx ProfiledCodeHeapSize                     = 122912730                              {pd product} {ergonomic}
    uintx ReservedCodeCacheSize                    = 251658240                              {pd product} {ergonomic}
     bool SegmentedCodeCache                       = true                                      {product} {ergonomic}
   size_t SoftMaxHeapSize                          = 994050048                              {manageable} {ergonomic}
     bool UseCompressedOops                        = true                           {product lp64_product} {ergonomic}
     bool UseG1GC                                  = true                                      {product} {ergonomic}
     bool UseLargePagesIndividualAllocation        = false                                  {pd product} {ergonomic}

Logging:
Log output configuration:
 #0: stdout all=warning uptime,level,tags foldmultilines=false
 #1: stderr all=off uptime,level,tags foldmultilines=false

Environment Variables:
PATH=C:\WINDOWS\system32;C:\WINDOWS;C:\WINDOWS\System32\Wbem;C:\WINDOWS\System32\WindowsPowerShell\v1.0\;C:\WINDOWS\System32\OpenSSH\;C:\msys64\mingw64\bin;C:\MinGW\bin;C:\Program Files (x86)\Microsoft SQL Server\160\Tools\Binn\;C:\Program Files\Microsoft SQL Server\160\Tools\Binn\;C:\Program Files\Microsoft SQL Server\Client SDK\ODBC\170\Tools\Binn\;C:\Program Files\Microsoft SQL Server\160\DTS\Binn\;C:\Program Files (x86)\Microsoft SQL Server\160\DTS\Binn\;C:\Program Files\Azure Data Studio\bin;C:\Program Files\Git\cmd;C:\Program Files (x86)\Windows Kits\10\Windows Performance Toolkit\;C:\Users\Graphic\AppData\Local\Programs\Python\Launcher\;C:\Users\Graphic\AppData\Local\Microsoft\WindowsApps;C:\Program Files\Azure Data Studio\bin;C:\Program Files\JetBrains\IntelliJ IDEA 2024.1\bin;;C:\Program Files\JetBrains\IntelliJ IDEA Community Edition 2024.1\bin;;C:\Users\Graphic\Downloads\dartsdk-windows-x64-release.zip\dart-sdk\bin;C:\Program Files\JetBrains\PyCharm 2024.3.3\bin;;C:\Program Files\JetBrains\PyCharm Community Edition 2024.3.3\bin;
USERNAME=Graphic
OS=Windows_NT
PROCESSOR_IDENTIFIER=Intel64 Family 6 Model 140 Stepping 1, GenuineIntel
TMP=C:\Users\Graphic\AppData\Local\Temp
TEMP=C:\Users\Graphic\AppData\Local\Temp




Periodic native trim disabled

JNI global refs:
JNI global refs: 11, weak refs: 29

JNI global refs memory usage: 835, weak refs: 833

Process memory usage:
Resident Set Size: 409956K (10% of 3881580K total physical memory with 190868K free physical memory)

OOME stack traces (most recent first):
Classloader memory used:
Loader jdk.internal.loader.ClassLoaders$AppClassLoader                                 : 76760K
Loader bootstrap                                                                       : 13028K

---------------  S Y S T E M  ---------------

OS:
 Windows 11 , 64 bit Build 22621 (10.0.22621.4974)
OS uptime: 8 days 4:27 hours
Hyper-V role detected

CPU: total 4 (initial active 4) (2 cores per cpu, 2 threads per core) family 6 model 140 stepping 1 microcode 0xa4, cx8, cmov, fxsr, ht, mmx, 3dnowpref, sse, sse2, sse3, ssse3, sse4.1, sse4.2, popcnt, lzcnt, tsc, tscinvbit, avx, avx2, aes, erms, clmul, bmi1, bmi2, adx, avx512f, avx512dq, avx512cd, avx512bw, avx512vl, sha, fma, vzeroupper, avx512_vpopcntdq, avx512_vpclmulqdq, avx512_vaes, avx512_vnni, clflush, clflushopt, clwb, avx512_vbmi2, avx512_vbmi, hv, rdtscp, rdpid, fsrm, gfni, avx512_bitalg, f16c, cet_ibt, cet_ss, avx512_ifma
Processor Information for all 4 processors :
  Max Mhz: 2995, Current Mhz: 2995, Mhz Limit: 2995

Memory: 4k page, system-wide physical 3790M (186M free)
TotalPageFile size 15566M (AvailPageFile size 6M)
current process WorkingSet (physical memory assigned to process): 400M, peak: 400M
current process commit charge ("private bytes"): 426M, peak: 428M

vm_info: OpenJDK 64-Bit Server VM (21.0.4+-12508038-b607.1) for windows-amd64 JRE (21.0.4+-12508038-b607.1), built on 2024-10-16T17:23:34Z by "builder" with MS VC++ 16.10 / 16.11 (VS2019)

END.
