#
# There is insufficient memory for the Java Runtime Environment to continue.
# Native memory allocation (mmap) failed to map 11534336 bytes. Error detail: G1 virtual space
# Possible reasons:
#   The system is out of physical RAM or swap space
#   This process is running with CompressedOops enabled, and the Java Heap may be blocking the growth of the native heap
# Possible solutions:
#   Reduce memory load on the system
#   Increase physical memory or swap space
#   Check if swap backing store is full
#   Decrease Java heap size (-Xmx/-Xms)
#   Decrease number of Java threads
#   Decrease Java thread stack sizes (-Xss)
#   Set larger code cache with -XX:ReservedCodeCacheSize=
#   JVM is running with Unscaled Compressed Oops mode in which the Java heap is
#     placed in the first 4GB address space. The Java Heap base address is the
#     maximum limit for the native heap growth. Please use -XX:HeapBaseMinAddress
#     to set the Java Heap base and to place the Java Heap above 4GB virtual address.
# This output file may be truncated or incomplete.
#
#  Out of Memory Error (os_windows.cpp:3828), pid=16960, tid=13880
#
# JRE version: OpenJDK Runtime Environment (21.0.4) (build 21.0.4+-12508038-b607.1)
# Java VM: OpenJDK 64-Bit Server VM (21.0.4+-12508038-b607.1, mixed mode, tiered, compressed oops, compressed class ptrs, g1 gc, windows-amd64)
# No core dump will be written. Minidumps are not enabled by default on client versions of Windows
#

---------------  S U M M A R Y ------------

Command Line: org.jetbrains.kotlin.cli.jvm.K2JVMCompiler @C:\Users\Graphic\AndroidStudioProjects\NewsApplication\app\build\20250306_9325775316373366695.compiler.options

Host: 11th Gen Intel(R) Core(TM) i3-1115G4 @ 3.00GHz, 4 cores, 3G,  Windows 11 , 64 bit Build 22621 (10.0.22621.4974)
Time: Thu Mar  6 23:02:30 2025 Egypt Standard Time elapsed time: 13.783900 seconds (0d 0h 0m 13s)

---------------  T H R E A D  ---------------

Current thread (0x000001f77c490370):  VMThread "VM Thread"          [id=13880, stack(0x000000066db00000,0x000000066dc00000) (1024K)]

Stack: [0x000000066db00000,0x000000066dc00000]
Native frames: (J=compiled Java code, j=interpreted, Vv=VM code, C=native code)
V  [jvm.dll+0x6ce539]
V  [jvm.dll+0x85bf03]
V  [jvm.dll+0x85e45e]
V  [jvm.dll+0x85eb43]
V  [jvm.dll+0x27dd06]
V  [jvm.dll+0x6cada5]
V  [jvm.dll+0x6bf27a]
V  [jvm.dll+0x3541fb]
V  [jvm.dll+0x35be36]
V  [jvm.dll+0x3adbc6]
V  [jvm.dll+0x3ade98]
V  [jvm.dll+0x32691c]
V  [jvm.dll+0x329326]
V  [jvm.dll+0x33325d]
V  [jvm.dll+0x36a865]
V  [jvm.dll+0x8648c8]
V  [jvm.dll+0x865c44]
V  [jvm.dll+0x866180]
V  [jvm.dll+0x866413]
V  [jvm.dll+0x804418]
V  [jvm.dll+0x6cce0d]
C  [ucrtbase.dll+0x29333]
C  [KERNEL32.DLL+0x1259d]
C  [ntdll.dll+0x5af38]

VM_Operation (0x000000066d6ff2d0): G1PauseRemark, mode: safepoint, requested by thread 0x000001f77e5db320


---------------  P R O C E S S  ---------------

Threads class SMR info:
_java_thread_list=0x000001f7193562f0, length=12, elements={
0x000001f77e59f950, 0x000001f77fd6b3d0, 0x000001f77fd6ca90, 0x000001f77fd5dc30,
0x000001f77fd5e950, 0x000001f77fd613d0, 0x000001f77fd625d0, 0x000001f71419a7a0,
0x000001f7141ac5c0, 0x000001f71433a500, 0x000001f71436c7e0, 0x000001f71aa183c0
}

Java Threads: ( => current thread )
  0x000001f77e59f950 JavaThread "main"                              [_thread_blocked, id=1408, stack(0x000000066d400000,0x000000066d500000) (1024K)]
  0x000001f77fd6b3d0 JavaThread "Reference Handler"          daemon [_thread_blocked, id=14100, stack(0x000000066dc00000,0x000000066dd00000) (1024K)]
  0x000001f77fd6ca90 JavaThread "Finalizer"                  daemon [_thread_blocked, id=7368, stack(0x000000066dd00000,0x000000066de00000) (1024K)]
  0x000001f77fd5dc30 JavaThread "Signal Dispatcher"          daemon [_thread_blocked, id=13900, stack(0x000000066de00000,0x000000066df00000) (1024K)]
  0x000001f77fd5e950 JavaThread "Attach Listener"            daemon [_thread_blocked, id=3288, stack(0x000000066df00000,0x000000066e000000) (1024K)]
  0x000001f77fd613d0 JavaThread "Service Thread"             daemon [_thread_blocked, id=17196, stack(0x000000066e000000,0x000000066e100000) (1024K)]
  0x000001f77fd625d0 JavaThread "Monitor Deflation Thread"   daemon [_thread_blocked, id=10652, stack(0x000000066e100000,0x000000066e200000) (1024K)]
  0x000001f71419a7a0 JavaThread "C2 CompilerThread0"         daemon [_thread_blocked, id=11100, stack(0x000000066e200000,0x000000066e300000) (1024K)]
  0x000001f7141ac5c0 JavaThread "C1 CompilerThread0"         daemon [_thread_blocked, id=7496, stack(0x000000066e300000,0x000000066e400000) (1024K)]
  0x000001f71433a500 JavaThread "Notification Thread"        daemon [_thread_blocked, id=14836, stack(0x000000066e400000,0x000000066e500000) (1024K)]
  0x000001f71436c7e0 JavaThread "Common-Cleaner"             daemon [_thread_blocked, id=10772, stack(0x000000066e500000,0x000000066e600000) (1024K)]
  0x000001f71aa183c0 JavaThread "C2 CompilerThread1"         daemon [_thread_blocked, id=14880, stack(0x000000066e600000,0x000000066e700000) (1024K)]
Total: 12

Other Threads:
=>0x000001f77c490370 VMThread "VM Thread"                           [id=13880, stack(0x000000066db00000,0x000000066dc00000) (1024K)]
  0x000001f77e646f20 WatcherThread "VM Periodic Task Thread"        [id=3468, stack(0x000000066da00000,0x000000066db00000) (1024K)]
  0x000001f77c48ea10 WorkerThread "GC Thread#0"                     [id=13500, stack(0x000000066d500000,0x000000066d600000) (1024K)]
  0x000001f77c48f4f0 WorkerThread "GC Thread#1"                     [id=11856, stack(0x000000066e700000,0x000000066e800000) (1024K)]
  0x000001f7148eff70 WorkerThread "GC Thread#2"                     [id=9256, stack(0x000000066e800000,0x000000066e900000) (1024K)]
  0x000001f7148f2010 WorkerThread "GC Thread#3"                     [id=14808, stack(0x000000066e900000,0x000000066ea00000) (1024K)]
  0x000001f77e5db320 ConcurrentGCThread "G1 Main Marker"            [id=9472, stack(0x000000066d600000,0x000000066d700000) (1024K)]
  0x000001f77c48ffd0 WorkerThread "G1 Conc#0"                       [id=12580, stack(0x000000066d700000,0x000000066d800000) (1024K)]
  0x000001f77e6342f0 ConcurrentGCThread "G1 Refine#0"               [id=7976, stack(0x000000066d800000,0x000000066d900000) (1024K)]
  0x000001f77e635e70 ConcurrentGCThread "G1 Service"                [id=17396, stack(0x000000066d900000,0x000000066da00000) (1024K)]
Total: 10

Threads with active compile tasks:
C2 CompilerThread0    13818 12870       4       org.jetbrains.kotlin.load.java.descriptors.JavaMethodDescriptor::initialize (87 bytes)
C1 CompilerThread0    13818 12937       1       org.jetbrains.kotlin.ir.declarations.lazy.IrLazyConstructor::getStubGenerator (5 bytes)
Total: 2

VM state: at safepoint (normal execution)

VM Mutex/Monitor currently owned by a thread:  ([mutex/lock_event])
[0x00007ffad68172f8] Threads_lock - owner thread: 0x000001f77c490370
[0x00007ffad68173f8] Heap_lock - owner thread: 0x000001f77e5db320

Heap address: 0x00000000c4c00000, size: 948 MB, Compressed Oops mode: 32-bit

CDS archive(s) not mapped
Compressed class space mapped at: 0x0000000100000000-0x0000000140000000, reserved size: 1073741824
Narrow klass base: 0x0000000000000000, Narrow klass shift: 3, Narrow klass range: 0x140000000

GC Precious Log:
 CardTable entry size: 512
 Card Set container configuration: InlinePtr #cards 5 size 8 Array Of Cards #cards 12 size 40 Howl #buckets 4 coarsen threshold 1843 Howl Bitmap #cards 512 size 80 coarsen threshold 460 Card regions per heap region 1 cards per card region 2048
 CPUs: 4 total, 4 available
 Memory: 3790M
 Large Page Support: Disabled
 NUMA Support: Disabled
 Compressed Oops: Enabled (32-bit)
 Heap Region Size: 1M
 Heap Min Capacity: 8M
 Heap Initial Capacity: 60M
 Heap Max Capacity: 948M
 Pre-touch: Disabled
 Parallel Workers: 4
 Concurrent Workers: 1
 Concurrent Refinement Workers: 4
 Periodic GC: Disabled

Heap:
 garbage-first heap   total 101376K, used 69632K [0x00000000c4c00000, 0x0000000100000000)
  region size 1024K, 7 young (7168K), 4 survivors (4096K)
 Metaspace       used 77083K, committed 77824K, reserved 1179648K
  class space    used 8543K, committed 8896K, reserved 1048576K

Heap Regions: E=young(eden), S=young(survivor), O=old, HS=humongous(starts), HC=humongous(continues), CS=collection set, F=free, TAMS=top-at-mark-start, PB=parsable bottom
|   0|0x00000000c4c00000, 0x00000000c4d00000, 0x00000000c4d00000|100%|HS|  |TAMS 0x00000000c4d00000| PB 0x00000000c4c00000| Complete 
|   1|0x00000000c4d00000, 0x00000000c4e00000, 0x00000000c4e00000|100%|HC|  |TAMS 0x00000000c4e00000| PB 0x00000000c4d00000| Complete 
|   2|0x00000000c4e00000, 0x00000000c4f00000, 0x00000000c4f00000|100%|HC|  |TAMS 0x00000000c4f00000| PB 0x00000000c4e00000| Complete 
|   3|0x00000000c4f00000, 0x00000000c5000000, 0x00000000c5000000|100%|HC|  |TAMS 0x00000000c5000000| PB 0x00000000c4f00000| Complete 
|   4|0x00000000c5000000, 0x00000000c5100000, 0x00000000c5100000|100%| O|  |TAMS 0x00000000c5100000| PB 0x00000000c5100000| Untracked 
|   5|0x00000000c5100000, 0x00000000c5200000, 0x00000000c5200000|100%| O|  |TAMS 0x00000000c5200000| PB 0x00000000c5200000| Untracked 
|   6|0x00000000c5200000, 0x00000000c5300000, 0x00000000c5300000|100%| O|  |TAMS 0x00000000c5300000| PB 0x00000000c5300000| Untracked 
|   7|0x00000000c5300000, 0x00000000c5400000, 0x00000000c5400000|100%| O|  |TAMS 0x00000000c5300000| PB 0x00000000c5300000| Untracked 
|   8|0x00000000c5400000, 0x00000000c5500000, 0x00000000c5500000|100%| O|  |TAMS 0x00000000c5500000| PB 0x00000000c5500000| Untracked 
|   9|0x00000000c5500000, 0x00000000c5600000, 0x00000000c5600000|100%| O|  |TAMS 0x00000000c5600000| PB 0x00000000c5600000| Untracked 
|  10|0x00000000c5600000, 0x00000000c5700000, 0x00000000c5700000|100%| O|  |TAMS 0x00000000c5700000| PB 0x00000000c5700000| Updating 
|  11|0x00000000c5700000, 0x00000000c5800000, 0x00000000c5800000|100%| O|  |TAMS 0x00000000c5800000| PB 0x00000000c5800000| Untracked 
|  12|0x00000000c5800000, 0x00000000c5900000, 0x00000000c5900000|100%| O|  |TAMS 0x00000000c5900000| PB 0x00000000c5900000| Untracked 
|  13|0x00000000c5900000, 0x00000000c5a00000, 0x00000000c5a00000|100%| O|  |TAMS 0x00000000c5a00000| PB 0x00000000c5a00000| Untracked 
|  14|0x00000000c5a00000, 0x00000000c5b00000, 0x00000000c5b00000|100%| O|  |TAMS 0x00000000c5b00000| PB 0x00000000c5b00000| Untracked 
|  15|0x00000000c5b00000, 0x00000000c5c00000, 0x00000000c5c00000|100%| O|  |TAMS 0x00000000c5c00000| PB 0x00000000c5c00000| Untracked 
|  16|0x00000000c5c00000, 0x00000000c5d00000, 0x00000000c5d00000|100%| O|  |TAMS 0x00000000c5d00000| PB 0x00000000c5d00000| Untracked 
|  17|0x00000000c5d00000, 0x00000000c5e00000, 0x00000000c5e00000|100%| O|  |TAMS 0x00000000c5e00000| PB 0x00000000c5e00000| Updating 
|  18|0x00000000c5e00000, 0x00000000c5f00000, 0x00000000c5f00000|100%|HS|  |TAMS 0x00000000c5f00000| PB 0x00000000c5e00000| Complete 
|  19|0x00000000c5f00000, 0x00000000c6000000, 0x00000000c6000000|100%|HC|  |TAMS 0x00000000c6000000| PB 0x00000000c5f00000| Complete 
|  20|0x00000000c6000000, 0x00000000c6100000, 0x00000000c6100000|100%| O|  |TAMS 0x00000000c6100000| PB 0x00000000c6100000| Untracked 
|  21|0x00000000c6100000, 0x00000000c6200000, 0x00000000c6200000|100%| O|  |TAMS 0x00000000c6200000| PB 0x00000000c6200000| Untracked 
|  22|0x00000000c6200000, 0x00000000c6300000, 0x00000000c6300000|100%| O|  |TAMS 0x00000000c6300000| PB 0x00000000c6300000| Untracked 
|  23|0x00000000c6300000, 0x00000000c6400000, 0x00000000c6400000|100%| O|  |TAMS 0x00000000c6400000| PB 0x00000000c6400000| Untracked 
|  24|0x00000000c6400000, 0x00000000c6500000, 0x00000000c6500000|100%| O|  |TAMS 0x00000000c6500000| PB 0x00000000c6500000| Untracked 
|  25|0x00000000c6500000, 0x00000000c6600000, 0x00000000c6600000|100%| O|  |TAMS 0x00000000c6600000| PB 0x00000000c6600000| Updating 
|  26|0x00000000c6600000, 0x00000000c6700000, 0x00000000c6700000|100%| O|  |TAMS 0x00000000c6700000| PB 0x00000000c6700000| Untracked 
|  27|0x00000000c6700000, 0x00000000c6800000, 0x00000000c6800000|100%| O|  |TAMS 0x00000000c6800000| PB 0x00000000c6800000| Untracked 
|  28|0x00000000c6800000, 0x00000000c6900000, 0x00000000c6900000|100%| O|  |TAMS 0x00000000c6900000| PB 0x00000000c6900000| Updating 
|  29|0x00000000c6900000, 0x00000000c6a00000, 0x00000000c6a00000|100%| O|  |TAMS 0x00000000c6a00000| PB 0x00000000c6a00000| Untracked 
|  30|0x00000000c6a00000, 0x00000000c6b00000, 0x00000000c6b00000|100%| O|  |TAMS 0x00000000c6b00000| PB 0x00000000c6b00000| Untracked 
|  31|0x00000000c6b00000, 0x00000000c6c00000, 0x00000000c6c00000|100%| O|  |TAMS 0x00000000c6c00000| PB 0x00000000c6c00000| Untracked 
|  32|0x00000000c6c00000, 0x00000000c6d00000, 0x00000000c6d00000|100%| O|  |TAMS 0x00000000c6d00000| PB 0x00000000c6d00000| Untracked 
|  33|0x00000000c6d00000, 0x00000000c6e00000, 0x00000000c6e00000|100%| O|  |TAMS 0x00000000c6e00000| PB 0x00000000c6e00000| Updating 
|  34|0x00000000c6e00000, 0x00000000c6f00000, 0x00000000c6f00000|100%| O|  |TAMS 0x00000000c6f00000| PB 0x00000000c6f00000| Untracked 
|  35|0x00000000c6f00000, 0x00000000c7000000, 0x00000000c7000000|100%| O|  |TAMS 0x00000000c7000000| PB 0x00000000c7000000| Untracked 
|  36|0x00000000c7000000, 0x00000000c7100000, 0x00000000c7100000|100%| O|  |TAMS 0x00000000c7100000| PB 0x00000000c7100000| Untracked 
|  37|0x00000000c7100000, 0x00000000c7200000, 0x00000000c7200000|100%| O|  |TAMS 0x00000000c7200000| PB 0x00000000c7200000| Updating 
|  38|0x00000000c7200000, 0x00000000c7300000, 0x00000000c7300000|100%| O|  |TAMS 0x00000000c7300000| PB 0x00000000c7300000| Untracked 
|  39|0x00000000c7300000, 0x00000000c7400000, 0x00000000c7400000|100%| O|  |TAMS 0x00000000c7400000| PB 0x00000000c7400000| Untracked 
|  40|0x00000000c7400000, 0x00000000c7500000, 0x00000000c7500000|100%| O|  |TAMS 0x00000000c7500000| PB 0x00000000c7500000| Untracked 
|  41|0x00000000c7500000, 0x00000000c7600000, 0x00000000c7600000|100%| O|  |TAMS 0x00000000c7600000| PB 0x00000000c7600000| Untracked 
|  42|0x00000000c7600000, 0x00000000c7700000, 0x00000000c7700000|100%| O|  |TAMS 0x00000000c7700000| PB 0x00000000c7700000| Updating 
|  43|0x00000000c7700000, 0x00000000c7800000, 0x00000000c7800000|100%| O|  |TAMS 0x00000000c7800000| PB 0x00000000c7800000| Untracked 
|  44|0x00000000c7800000, 0x00000000c7900000, 0x00000000c7900000|100%| O|  |TAMS 0x00000000c7900000| PB 0x00000000c7900000| Untracked 
|  45|0x00000000c7900000, 0x00000000c7a00000, 0x00000000c7a00000|100%| O|  |TAMS 0x00000000c7a00000| PB 0x00000000c7a00000| Updating 
|  46|0x00000000c7a00000, 0x00000000c7b00000, 0x00000000c7b00000|100%| O|  |TAMS 0x00000000c7b00000| PB 0x00000000c7b00000| Untracked 
|  47|0x00000000c7b00000, 0x00000000c7c00000, 0x00000000c7c00000|100%| O|  |TAMS 0x00000000c7c00000| PB 0x00000000c7c00000| Untracked 
|  48|0x00000000c7c00000, 0x00000000c7d00000, 0x00000000c7d00000|100%| O|  |TAMS 0x00000000c7d00000| PB 0x00000000c7d00000| Untracked 
|  49|0x00000000c7d00000, 0x00000000c7e00000, 0x00000000c7e00000|100%| O|  |TAMS 0x00000000c7e00000| PB 0x00000000c7e00000| Updating 
|  50|0x00000000c7e00000, 0x00000000c7e00000, 0x00000000c7f00000|  0%| F|  |TAMS 0x00000000c7e00000| PB 0x00000000c7e00000| Untracked 
|  51|0x00000000c7f00000, 0x00000000c8000000, 0x00000000c8000000|100%| O|  |TAMS 0x00000000c8000000| PB 0x00000000c8000000| Untracked 
|  52|0x00000000c8000000, 0x00000000c8100000, 0x00000000c8100000|100%| O|  |TAMS 0x00000000c8100000| PB 0x00000000c8100000| Untracked 
|  53|0x00000000c8100000, 0x00000000c8200000, 0x00000000c8200000|100%| O|  |TAMS 0x00000000c8200000| PB 0x00000000c8200000| Untracked 
|  54|0x00000000c8200000, 0x00000000c8300000, 0x00000000c8300000|100%| O|  |TAMS 0x00000000c8300000| PB 0x00000000c8300000| Updating 
|  55|0x00000000c8300000, 0x00000000c8400000, 0x00000000c8400000|100%| O|  |TAMS 0x00000000c8400000| PB 0x00000000c8400000| Updating 
|  56|0x00000000c8400000, 0x00000000c8500000, 0x00000000c8500000|100%| O|  |TAMS 0x00000000c8500000| PB 0x00000000c8500000| Updating 
|  57|0x00000000c8500000, 0x00000000c8600000, 0x00000000c8600000|100%| O|  |TAMS 0x00000000c8600000| PB 0x00000000c8600000| Untracked 
|  58|0x00000000c8600000, 0x00000000c8700000, 0x00000000c8700000|100%| O|  |TAMS 0x00000000c8700000| PB 0x00000000c8700000| Untracked 
|  59|0x00000000c8700000, 0x00000000c8800000, 0x00000000c8800000|100%| O|  |TAMS 0x00000000c8800000| PB 0x00000000c8800000| Untracked 
|  60|0x00000000c8800000, 0x00000000c8900000, 0x00000000c8900000|100%| O|  |TAMS 0x00000000c8900000| PB 0x00000000c8900000| Updating 
|  61|0x00000000c8900000, 0x00000000c8900000, 0x00000000c8a00000|  0%| F|  |TAMS 0x00000000c8900000| PB 0x00000000c8900000| Untracked 
|  62|0x00000000c8a00000, 0x00000000c8a00000, 0x00000000c8b00000|  0%| F|  |TAMS 0x00000000c8a00000| PB 0x00000000c8a00000| Untracked 
|  63|0x00000000c8b00000, 0x00000000c8b00000, 0x00000000c8c00000|  0%| F|  |TAMS 0x00000000c8b00000| PB 0x00000000c8b00000| Untracked 
|  64|0x00000000c8c00000, 0x00000000c8c00000, 0x00000000c8d00000|  0%| F|  |TAMS 0x00000000c8c00000| PB 0x00000000c8c00000| Untracked 
|  65|0x00000000c8d00000, 0x00000000c8d00000, 0x00000000c8e00000|  0%| F|  |TAMS 0x00000000c8d00000| PB 0x00000000c8d00000| Untracked 
|  66|0x00000000c8e00000, 0x00000000c8e00000, 0x00000000c8f00000|  0%| F|  |TAMS 0x00000000c8e00000| PB 0x00000000c8e00000| Untracked 
|  67|0x00000000c8f00000, 0x00000000c9000000, 0x00000000c9000000|100%| S|CS|TAMS 0x00000000c8f00000| PB 0x00000000c8f00000| Complete 
|  68|0x00000000c9000000, 0x00000000c9100000, 0x00000000c9100000|100%| S|CS|TAMS 0x00000000c9000000| PB 0x00000000c9000000| Complete 
|  69|0x00000000c9100000, 0x00000000c9200000, 0x00000000c9200000|100%| S|CS|TAMS 0x00000000c9100000| PB 0x00000000c9100000| Complete 
|  70|0x00000000c9200000, 0x00000000c9300000, 0x00000000c9300000|100%| S|CS|TAMS 0x00000000c9200000| PB 0x00000000c9200000| Complete 
|  71|0x00000000c9300000, 0x00000000c9300000, 0x00000000c9400000|  0%| F|  |TAMS 0x00000000c9300000| PB 0x00000000c9300000| Untracked 
|  72|0x00000000c9400000, 0x00000000c9400000, 0x00000000c9500000|  0%| F|  |TAMS 0x00000000c9400000| PB 0x00000000c9400000| Untracked 
|  73|0x00000000c9500000, 0x00000000c9500000, 0x00000000c9600000|  0%| F|  |TAMS 0x00000000c9500000| PB 0x00000000c9500000| Untracked 
|  74|0x00000000c9600000, 0x00000000c9600000, 0x00000000c9700000|  0%| F|  |TAMS 0x00000000c9600000| PB 0x00000000c9600000| Untracked 
|  75|0x00000000c9700000, 0x00000000c9700000, 0x00000000c9800000|  0%| F|  |TAMS 0x00000000c9700000| PB 0x00000000c9700000| Untracked 
|  76|0x00000000c9800000, 0x00000000c9800000, 0x00000000c9900000|  0%| F|  |TAMS 0x00000000c9800000| PB 0x00000000c9800000| Untracked 
|  77|0x00000000c9900000, 0x00000000c9900000, 0x00000000c9a00000|  0%| F|  |TAMS 0x00000000c9900000| PB 0x00000000c9900000| Untracked 
|  78|0x00000000c9a00000, 0x00000000c9a00000, 0x00000000c9b00000|  0%| F|  |TAMS 0x00000000c9a00000| PB 0x00000000c9a00000| Untracked 
|  79|0x00000000c9b00000, 0x00000000c9b00000, 0x00000000c9c00000|  0%| F|  |TAMS 0x00000000c9b00000| PB 0x00000000c9b00000| Untracked 
|  80|0x00000000c9c00000, 0x00000000c9c00000, 0x00000000c9d00000|  0%| F|  |TAMS 0x00000000c9c00000| PB 0x00000000c9c00000| Untracked 
|  81|0x00000000c9d00000, 0x00000000c9d00000, 0x00000000c9e00000|  0%| F|  |TAMS 0x00000000c9d00000| PB 0x00000000c9d00000| Untracked 
|  82|0x00000000c9e00000, 0x00000000c9e00000, 0x00000000c9f00000|  0%| F|  |TAMS 0x00000000c9e00000| PB 0x00000000c9e00000| Untracked 
|  83|0x00000000c9f00000, 0x00000000c9f00000, 0x00000000ca000000|  0%| F|  |TAMS 0x00000000c9f00000| PB 0x00000000c9f00000| Untracked 
|  84|0x00000000ca000000, 0x00000000ca000000, 0x00000000ca100000|  0%| F|  |TAMS 0x00000000ca000000| PB 0x00000000ca000000| Untracked 
|  85|0x00000000ca100000, 0x00000000ca100000, 0x00000000ca200000|  0%| F|  |TAMS 0x00000000ca100000| PB 0x00000000ca100000| Untracked 
|  86|0x00000000ca200000, 0x00000000ca200000, 0x00000000ca300000|  0%| F|  |TAMS 0x00000000ca200000| PB 0x00000000ca200000| Untracked 
|  87|0x00000000ca300000, 0x00000000ca300000, 0x00000000ca400000|  0%| F|  |TAMS 0x00000000ca300000| PB 0x00000000ca300000| Untracked 
|  88|0x00000000ca400000, 0x00000000ca400000, 0x00000000ca500000|  0%| F|  |TAMS 0x00000000ca400000| PB 0x00000000ca400000| Untracked 
|  89|0x00000000ca500000, 0x00000000ca500000, 0x00000000ca600000|  0%| F|  |TAMS 0x00000000ca500000| PB 0x00000000ca500000| Untracked 
|  90|0x00000000ca600000, 0x00000000ca600000, 0x00000000ca700000|  0%| F|  |TAMS 0x00000000ca600000| PB 0x00000000ca600000| Untracked 
|  91|0x00000000ca700000, 0x00000000ca700000, 0x00000000ca800000|  0%| F|  |TAMS 0x00000000ca700000| PB 0x00000000ca700000| Untracked 
|  92|0x00000000ca800000, 0x00000000ca800000, 0x00000000ca900000|  0%| F|  |TAMS 0x00000000ca800000| PB 0x00000000ca800000| Untracked 
|  93|0x00000000ca900000, 0x00000000ca900000, 0x00000000caa00000|  0%| F|  |TAMS 0x00000000ca900000| PB 0x00000000ca900000| Untracked 
| 943|0x00000000ffb00000, 0x00000000ffbf5ad0, 0x00000000ffc00000| 95%| E|  |TAMS 0x00000000ffb00000| PB 0x00000000ffb00000| Complete 
| 944|0x00000000ffc00000, 0x00000000ffd00000, 0x00000000ffd00000|100%| E|CS|TAMS 0x00000000ffc00000| PB 0x00000000ffc00000| Complete 
| 945|0x00000000ffd00000, 0x00000000ffe00000, 0x00000000ffe00000|100%| O|  |TAMS 0x00000000ffe00000| PB 0x00000000ffe00000| Updating 
| 946|0x00000000ffe00000, 0x00000000fff00000, 0x00000000fff00000|100%| E|CS|TAMS 0x00000000ffe00000| PB 0x00000000ffe00000| Complete 
| 947|0x00000000fff00000, 0x0000000100000000, 0x0000000100000000|100%| O|  |TAMS 0x0000000100000000| PB 0x0000000100000000| Updating 

Card table byte_map: [0x000001f77e660000,0x000001f77e840000] _byte_map_base: 0x000001f77e03a000

Marking Bits: (CMBitMap*) 0x000001f77e5d2a40
 Bits: [0x000001f77e840000, 0x000001f77f710000)

Polling page: 0x000001f77c470000

Metaspace:

Usage:
  Non-class:     66.93 MB used.
      Class:      8.34 MB used.
       Both:     75.28 MB used.

Virtual space:
  Non-class space:      128.00 MB reserved,      67.31 MB ( 53%) committed,  2 nodes.
      Class space:        1.00 GB reserved,       8.69 MB ( <1%) committed,  1 nodes.
             Both:        1.12 GB reserved,      76.00 MB (  7%) committed. 

Chunk freelists:
   Non-Class:  12.42 MB
       Class:  7.34 MB
        Both:  19.77 MB

MaxMetaspaceSize: unlimited
CompressedClassSpaceSize: 1.00 GB
Initial GC threshold: 21.00 MB
Current GC threshold: 113.88 MB
CDS: off
 - commit_granule_bytes: 65536.
 - commit_granule_words: 8192.
 - virtual_space_node_default_size: 8388608.
 - enlarge_chunks_in_place: 1.
 - use_allocation_guard: 0.


Internal statistics:

num_allocs_failed_limit: 6.
num_arena_births: 1328.
num_arena_deaths: 0.
num_vsnodes_births: 3.
num_vsnodes_deaths: 0.
num_space_committed: 1214.
num_space_uncommitted: 0.
num_chunks_returned_to_freelist: 6.
num_chunks_taken_from_freelist: 3965.
num_chunk_merges: 6.
num_chunk_splits: 3019.
num_chunks_enlarged: 2398.
num_inconsistent_stats: 0.

CodeHeap 'non-profiled nmethods': size=120000Kb used=5950Kb max_used=6433Kb free=114049Kb
 bounds [0x000001f70ab50000, 0x000001f70b1a0000, 0x000001f712080000]
CodeHeap 'profiled nmethods': size=120000Kb used=33885Kb max_used=35689Kb free=86115Kb
 bounds [0x000001f703080000, 0x000001f705360000, 0x000001f70a5b0000]
CodeHeap 'non-nmethods': size=5760Kb used=1895Kb max_used=1945Kb free=3864Kb
 bounds [0x000001f70a5b0000, 0x000001f70a820000, 0x000001f70ab50000]
 total_blobs=11909 nmethods=11180 adapters=631
 compilation: enabled
              stopped_count=0, restarted_count=0
 full_count=0

Compilation events (20 events):
Event: 13.745 Thread 0x000001f7141ac5c0 12928       1       org.jetbrains.kotlin.psi2ir.generators.DeclarationStubGeneratorImpl::getTypeTranslator (5 bytes)
Event: 13.745 Thread 0x000001f7141ac5c0 nmethod 12928 0x000001f70b196f10 code [0x000001f70b1970a0, 0x000001f70b197168]
Event: 13.745 Thread 0x000001f7141ac5c0 12929       1       org.jetbrains.kotlin.ir.declarations.lazy.IrLazyClass::getSymbol (5 bytes)
Event: 13.745 Thread 0x000001f7141ac5c0 nmethod 12929 0x000001f70b197210 code [0x000001f70b1973a0, 0x000001f70b197468]
Event: 13.745 Thread 0x000001f71aa183c0 12930       4       org.jetbrains.kotlin.ir.symbols.impl.IrBindableSymbolBase::bind (77 bytes)
Event: 13.745 Thread 0x000001f7141ac5c0 12931       1       org.jetbrains.kotlin.load.java.lazy.descriptors.LazyJavaClassDescriptor::isCompanionObject (2 bytes)
Event: 13.745 Thread 0x000001f7141ac5c0 nmethod 12931 0x000001f70b197510 code [0x000001f70b1976a0, 0x000001f70b197768]
Event: 13.746 Thread 0x000001f71aa183c0 nmethod 12930 0x000001f70b197810 code [0x000001f70b1979a0, 0x000001f70b197b38]
Event: 13.746 Thread 0x000001f71aa183c0 12932       4       org.jetbrains.kotlin.ir.declarations.IrDeclarationBase::<init> (5 bytes)
Event: 13.747 Thread 0x000001f71aa183c0 nmethod 12932 0x000001f70b197c10 code [0x000001f70b197d80, 0x000001f70b197e08]
Event: 13.747 Thread 0x000001f7141ac5c0 12933       3       org.jetbrains.kotlin.ir.declarations.IrClass::<init> (5 bytes)
Event: 13.747 Thread 0x000001f7141ac5c0 nmethod 12933 0x000001f705357910 code [0x000001f705357ac0, 0x000001f705357ce8]
Event: 13.747 Thread 0x000001f7141ac5c0 12934   !   3       org.jetbrains.kotlin.ir.util.SymbolTable::declareClass (206 bytes)
Event: 13.748 Thread 0x000001f7141ac5c0 nmethod 12934 0x000001f705357e10 code [0x000001f7053581c0, 0x000001f705359c88]
Event: 13.748 Thread 0x000001f7141ac5c0 12935       3       kotlin.collections.builders.MapBuilder$KeysItr::next (58 bytes)
Event: 13.748 Thread 0x000001f7141ac5c0 nmethod 12935 0x000001f70535a810 code [0x000001f70535a9e0, 0x000001f70535ad30]
Event: 13.748 Thread 0x000001f7141ac5c0 12936       1       org.jetbrains.kotlin.load.java.lazy.descriptors.LazyJavaClassDescriptor::isData (2 bytes)
Event: 13.748 Thread 0x000001f7141ac5c0 nmethod 12936 0x000001f70b197f10 code [0x000001f70b1980a0, 0x000001f70b198168]
Event: 13.756 Thread 0x000001f7141ac5c0 12937       1       org.jetbrains.kotlin.ir.declarations.lazy.IrLazyConstructor::getStubGenerator (5 bytes)
Event: 13.757 Thread 0x000001f7141ac5c0 nmethod 12937 0x000001f70b198210 code [0x000001f70b1983a0, 0x000001f70b198468]

GC Heap History (20 events):
Event: 6.851 GC heap before
{Heap before GC invocations=16 (full 0):
 garbage-first heap   total 75776K, used 63418K [0x00000000c4c00000, 0x0000000100000000)
  region size 1024K, 28 young (28672K), 2 survivors (2048K)
 Metaspace       used 59562K, committed 60288K, reserved 1114112K
  class space    used 6953K, committed 7296K, reserved 1048576K
}
Event: 6.860 GC heap after
{Heap after GC invocations=17 (full 0):
 garbage-first heap   total 75776K, used 41853K [0x00000000c4c00000, 0x0000000100000000)
  region size 1024K, 4 young (4096K), 4 survivors (4096K)
 Metaspace       used 59562K, committed 60288K, reserved 1114112K
  class space    used 6953K, committed 7296K, reserved 1048576K
}
Event: 7.331 GC heap before
{Heap before GC invocations=18 (full 0):
 garbage-first heap   total 75776K, used 64381K [0x00000000c4c00000, 0x0000000100000000)
  region size 1024K, 26 young (26624K), 4 survivors (4096K)
 Metaspace       used 60028K, committed 60736K, reserved 1114112K
  class space    used 6995K, committed 7360K, reserved 1048576K
}
Event: 7.343 GC heap after
{Heap after GC invocations=19 (full 0):
 garbage-first heap   total 75776K, used 46349K [0x00000000c4c00000, 0x0000000100000000)
  region size 1024K, 4 young (4096K), 4 survivors (4096K)
 Metaspace       used 60028K, committed 60736K, reserved 1114112K
  class space    used 6995K, committed 7360K, reserved 1048576K
}
Event: 7.483 GC heap before
{Heap before GC invocations=19 (full 0):
 garbage-first heap   total 75776K, used 65805K [0x00000000c4c00000, 0x0000000100000000)
  region size 1024K, 23 young (23552K), 4 survivors (4096K)
 Metaspace       used 60876K, committed 61632K, reserved 1114112K
  class space    used 7107K, committed 7488K, reserved 1048576K
}
Event: 7.490 GC heap after
{Heap after GC invocations=20 (full 0):
 garbage-first heap   total 75776K, used 46080K [0x00000000c4c00000, 0x0000000100000000)
  region size 1024K, 1 young (1024K), 1 survivors (1024K)
 Metaspace       used 60876K, committed 61632K, reserved 1114112K
  class space    used 7107K, committed 7488K, reserved 1048576K
}
Event: 8.087 GC heap before
{Heap before GC invocations=20 (full 0):
 garbage-first heap   total 75776K, used 66560K [0x00000000c4c00000, 0x0000000100000000)
  region size 1024K, 21 young (21504K), 1 survivors (1024K)
 Metaspace       used 62969K, committed 63744K, reserved 1114112K
  class space    used 7328K, committed 7680K, reserved 1048576K
}
Event: 8.093 GC heap after
{Heap after GC invocations=21 (full 0):
 garbage-first heap   total 75776K, used 48569K [0x00000000c4c00000, 0x0000000100000000)
  region size 1024K, 3 young (3072K), 3 survivors (3072K)
 Metaspace       used 62969K, committed 63744K, reserved 1114112K
  class space    used 7328K, committed 7680K, reserved 1048576K
}
Event: 8.702 GC heap before
{Heap before GC invocations=22 (full 0):
 garbage-first heap   total 81920K, used 67001K [0x00000000c4c00000, 0x0000000100000000)
  region size 1024K, 21 young (21504K), 3 survivors (3072K)
 Metaspace       used 65482K, committed 66240K, reserved 1114112K
  class space    used 7635K, committed 8000K, reserved 1048576K
}
Event: 8.709 GC heap after
{Heap after GC invocations=23 (full 0):
 garbage-first heap   total 81920K, used 51696K [0x00000000c4c00000, 0x0000000100000000)
  region size 1024K, 3 young (3072K), 3 survivors (3072K)
 Metaspace       used 65482K, committed 66240K, reserved 1114112K
  class space    used 7635K, committed 8000K, reserved 1048576K
}
Event: 9.415 GC heap before
{Heap before GC invocations=23 (full 0):
 garbage-first heap   total 81920K, used 73200K [0x00000000c4c00000, 0x0000000100000000)
  region size 1024K, 24 young (24576K), 3 survivors (3072K)
 Metaspace       used 66914K, committed 67648K, reserved 1114112K
  class space    used 7706K, committed 8064K, reserved 1048576K
}
Event: 9.425 GC heap after
{Heap after GC invocations=24 (full 0):
 garbage-first heap   total 98304K, used 54771K [0x00000000c4c00000, 0x0000000100000000)
  region size 1024K, 3 young (3072K), 3 survivors (3072K)
 Metaspace       used 66914K, committed 67648K, reserved 1114112K
  class space    used 7706K, committed 8064K, reserved 1048576K
}
Event: 10.624 GC heap before
{Heap before GC invocations=24 (full 0):
 garbage-first heap   total 98304K, used 84467K [0x00000000c4c00000, 0x0000000100000000)
  region size 1024K, 33 young (33792K), 3 survivors (3072K)
 Metaspace       used 69179K, committed 69888K, reserved 1114112K
  class space    used 7851K, committed 8192K, reserved 1048576K
}
Event: 10.636 GC heap after
{Heap after GC invocations=25 (full 0):
 garbage-first heap   total 98304K, used 59690K [0x00000000c4c00000, 0x0000000100000000)
  region size 1024K, 5 young (5120K), 5 survivors (5120K)
 Metaspace       used 69179K, committed 69888K, reserved 1114112K
  class space    used 7851K, committed 8192K, reserved 1048576K
}
Event: 12.244 GC heap before
{Heap before GC invocations=26 (full 0):
 garbage-first heap   total 101376K, used 86314K [0x00000000c4c00000, 0x0000000100000000)
  region size 1024K, 31 young (31744K), 5 survivors (5120K)
 Metaspace       used 70055K, committed 70784K, reserved 1114112K
  class space    used 7896K, committed 8256K, reserved 1048576K
}
Event: 12.262 GC heap after
{Heap after GC invocations=27 (full 0):
 garbage-first heap   total 101376K, used 63160K [0x00000000c4c00000, 0x0000000100000000)
  region size 1024K, 4 young (4096K), 4 survivors (4096K)
 Metaspace       used 70055K, committed 70784K, reserved 1114112K
  class space    used 7896K, committed 8256K, reserved 1048576K
}
Event: 12.881 GC heap before
{Heap before GC invocations=27 (full 0):
 garbage-first heap   total 101376K, used 89784K [0x00000000c4c00000, 0x0000000100000000)
  region size 1024K, 30 young (30720K), 4 survivors (4096K)
 Metaspace       used 73978K, committed 74688K, reserved 1179648K
  class space    used 8259K, committed 8576K, reserved 1048576K
}
Event: 12.891 GC heap after
{Heap after GC invocations=28 (full 0):
 garbage-first heap   total 101376K, used 64500K [0x00000000c4c00000, 0x0000000100000000)
  region size 1024K, 2 young (2048K), 2 survivors (2048K)
 Metaspace       used 73978K, committed 74688K, reserved 1179648K
  class space    used 8259K, committed 8576K, reserved 1048576K
}
Event: 13.619 GC heap before
{Heap before GC invocations=28 (full 0):
 garbage-first heap   total 101376K, used 91124K [0x00000000c4c00000, 0x0000000100000000)
  region size 1024K, 28 young (28672K), 2 survivors (2048K)
 Metaspace       used 76882K, committed 77632K, reserved 1179648K
  class space    used 8521K, committed 8896K, reserved 1048576K
}
Event: 13.633 GC heap after
{Heap after GC invocations=29 (full 0):
 garbage-first heap   total 101376K, used 67584K [0x00000000c4c00000, 0x0000000100000000)
  region size 1024K, 4 young (4096K), 4 survivors (4096K)
 Metaspace       used 76882K, committed 77632K, reserved 1179648K
  class space    used 8521K, committed 8896K, reserved 1048576K
}

Dll operation events (3 events):
Event: 0.023 Loaded shared library C:\Program Files\Android\Android Studio\jbr\bin\java.dll
Event: 0.028 Loaded shared library C:\Program Files\Android\Android Studio\jbr\bin\zip.dll
Event: 1.730 Loaded shared library C:\Program Files\Android\Android Studio\jbr\bin\verify.dll

Deoptimization events (20 events):
Event: 13.466 Thread 0x000001f77e59f950 Uncommon trap: trap_request=0xffffffc6 fr.pc=0x000001f70af85380 relative=0x0000000000000620
Event: 13.466 Thread 0x000001f77e59f950 Uncommon trap: reason=bimorphic_or_optimized_type_check action=maybe_recompile pc=0x000001f70af85380 method=org.jetbrains.kotlin.storage.LockBasedStorageManager$LockBasedLazyValue.invoke()Ljava/lang/Object; @ 24 c2
Event: 13.466 Thread 0x000001f77e59f950 DEOPT PACKING pc=0x000001f70af85380 sp=0x000000066d4fce00
Event: 13.466 Thread 0x000001f77e59f950 DEOPT UNPACKING pc=0x000001f70a607da2 sp=0x000000066d4fcda8 mode 2
Event: 13.499 Thread 0x000001f77e59f950 Uncommon trap: trap_request=0xffffff45 fr.pc=0x000001f70abc7794 relative=0x00000000000002d4
Event: 13.499 Thread 0x000001f77e59f950 Uncommon trap: reason=unstable_if action=reinterpret pc=0x000001f70abc7794 method=java.util.HashMap.hash(Ljava/lang/Object;)I @ 1 c2
Event: 13.499 Thread 0x000001f77e59f950 DEOPT PACKING pc=0x000001f70abc7794 sp=0x000000066d4fc330
Event: 13.499 Thread 0x000001f77e59f950 DEOPT UNPACKING pc=0x000001f70a607da2 sp=0x000000066d4fc1c8 mode 2
Event: 13.648 Thread 0x000001f77e59f950 Uncommon trap: trap_request=0xffffffc6 fr.pc=0x000001f70b1601fc relative=0x000000000000427c
Event: 13.648 Thread 0x000001f77e59f950 Uncommon trap: reason=bimorphic_or_optimized_type_check action=maybe_recompile pc=0x000001f70b1601fc method=org.jetbrains.kotlin.ir.util.TypeTranslator.translateTypeAnnotations(Lorg/jetbrains/kotlin/types/KotlinType;Lorg/jetbrains/kotlin/types/KotlinType;
Event: 13.648 Thread 0x000001f77e59f950 DEOPT PACKING pc=0x000001f70b1601fc sp=0x000000066d4fd080
Event: 13.648 Thread 0x000001f77e59f950 DEOPT UNPACKING pc=0x000001f70a607da2 sp=0x000000066d4fcfa0 mode 2
Event: 13.659 Thread 0x000001f77e59f950 Uncommon trap: trap_request=0xffffff45 fr.pc=0x000001f70b17d9a4 relative=0x00000000000006a4
Event: 13.659 Thread 0x000001f77e59f950 Uncommon trap: reason=unstable_if action=reinterpret pc=0x000001f70b17d9a4 method=org.jetbrains.kotlin.ir.declarations.IrFunction.acceptChildren(Lorg/jetbrains/kotlin/ir/visitors/IrElementVisitor;Ljava/lang/Object;)V @ 90 c2
Event: 13.659 Thread 0x000001f77e59f950 DEOPT PACKING pc=0x000001f70b17d9a4 sp=0x000000066d4fc7d0
Event: 13.659 Thread 0x000001f77e59f950 DEOPT UNPACKING pc=0x000001f70a607da2 sp=0x000000066d4fc750 mode 2
Event: 13.755 Thread 0x000001f77e59f950 Uncommon trap: trap_request=0xffffff45 fr.pc=0x000001f70ada0d70 relative=0x0000000000000410
Event: 13.755 Thread 0x000001f77e59f950 Uncommon trap: reason=unstable_if action=reinterpret pc=0x000001f70ada0d70 method=kotlin.LazyKt__LazyJVMKt.lazy(Lkotlin/LazyThreadSafetyMode;Lkotlin/jvm/functions/Function0;)Lkotlin/Lazy; @ 21 c2
Event: 13.755 Thread 0x000001f77e59f950 DEOPT PACKING pc=0x000001f70ada0d70 sp=0x000000066d4fe060
Event: 13.755 Thread 0x000001f77e59f950 DEOPT UNPACKING pc=0x000001f70a607da2 sp=0x000000066d4fe020 mode 2

Classes loaded (20 events):
Event: 12.655 Loading class jdk/internal/math/FloatingDecimal$1
Event: 12.655 Loading class jdk/internal/math/FloatingDecimal$1 done
Event: 12.655 Loading class jdk/internal/math/FloatingDecimal$PreparedASCIIToBinaryBuffer
Event: 12.655 Loading class jdk/internal/math/FloatingDecimal$ASCIIToBinaryConverter
Event: 12.655 Loading class jdk/internal/math/FloatingDecimal$ASCIIToBinaryConverter done
Event: 12.655 Loading class jdk/internal/math/FloatingDecimal$PreparedASCIIToBinaryBuffer done
Event: 12.655 Loading class jdk/internal/math/FloatingDecimal$ASCIIToBinaryBuffer
Event: 12.655 Loading class jdk/internal/math/FloatingDecimal$ASCIIToBinaryBuffer done
Event: 12.671 Loading class java/lang/invoke/DirectMethodHandle$1
Event: 12.671 Loading class java/lang/invoke/DirectMethodHandle$1 done
Event: 12.682 Loading class java/text/FieldPosition
Event: 12.682 Loading class java/text/FieldPosition done
Event: 12.682 Loading class java/util/Date
Event: 12.683 Loading class java/util/Date done
Event: 12.683 Loading class java/text/MessageFormat$Field
Event: 12.683 Loading class java/text/Format$Field
Event: 12.683 Loading class java/text/AttributedCharacterIterator$Attribute
Event: 12.683 Loading class java/text/AttributedCharacterIterator$Attribute done
Event: 12.683 Loading class java/text/Format$Field done
Event: 12.683 Loading class java/text/MessageFormat$Field done

Classes unloaded (0 events):
No events

Classes redefined (0 events):
No events

Internal exceptions (20 events):
Event: 7.708 Thread 0x000001f77e59f950 Implicit null exception at 0x000001f70aea36e9 to 0x000001f70aea3e9e
Event: 7.724 Thread 0x000001f77e59f950 Exception <a 'java/lang/NoSuchMethodError'{0x00000000c8752798}: 'java.lang.Object java.lang.invoke.DirectMethodHandle$Holder.invokeInterface(java.lang.Object, java.lang.Object, java.lang.Object)'> (0x00000000c8752798) 
thrown [s\src\hotspot\share\interpreter\linkResolver.cpp, line 784]
Event: 7.725 Thread 0x000001f77e59f950 Exception <a 'java/lang/IncompatibleClassChangeError'{0x00000000c8755e40}: Found class java.lang.Object, but interface was expected> (0x00000000c8755e40) 
thrown [s\src\hotspot\share\interpreter\linkResolver.cpp, line 851]
Event: 7.804 Thread 0x000001f77e59f950 Exception <a 'java/lang/NoSuchMethodError'{0x00000000c8564cb0}: 'int java.lang.invoke.DirectMethodHandle$Holder.invokeStaticInit(java.lang.Object, int)'> (0x00000000c8564cb0) 
thrown [s\src\hotspot\share\interpreter\linkResolver.cpp, line 784]
Event: 7.909 Thread 0x000001f77e59f950 Exception <a 'java/lang/NoSuchMethodError'{0x00000000c830bd00}: 'java.lang.Object java.lang.invoke.DirectMethodHandle$Holder.newInvokeSpecial(java.lang.Object, int, java.lang.Object, java.lang.Object)'> (0x00000000c830bd00) 
thrown [s\src\hotspot\share\interpreter\linkResolver.cpp, line 784]
Event: 8.290 Thread 0x000001f77e59f950 Implicit null exception at 0x000001f70aeaf16a to 0x000001f70aeaf835
Event: 8.423 Thread 0x000001f77e59f950 Exception <a 'java/lang/NoSuchMethodError'{0x00000000c93560c0}: 'void java.lang.invoke.DirectMethodHandle$Holder.invokeSpecial(java.lang.Object, java.lang.Object, int, java.lang.Object)'> (0x00000000c93560c0) 
thrown [s\src\hotspot\share\interpreter\linkResolver.cpp, line 784]
Event: 8.501 Thread 0x000001f77e59f950 Exception <a 'java/lang/IncompatibleClassChangeError'{0x00000000c905b350}: Found class java.lang.Object, but interface was expected> (0x00000000c905b350) 
thrown [s\src\hotspot\share\interpreter\linkResolver.cpp, line 851]
Event: 9.026 Thread 0x000001f77e59f950 Exception <a 'java/lang/NoSuchMethodError'{0x00000000c8c75ca8}: 'java.lang.Object java.lang.invoke.DirectMethodHandle$Holder.invokeStatic(java.lang.Object, int, java.lang.Object)'> (0x00000000c8c75ca8) 
thrown [s\src\hotspot\share\interpreter\linkResolver.cpp, line 784]
Event: 9.717 Thread 0x000001f77e59f950 Implicit null exception at 0x000001f70afd01c8 to 0x000001f70afd0ab8
Event: 12.597 Thread 0x000001f77e59f950 Implicit null exception at 0x000001f70b0a6d41 to 0x000001f70b0a6ec4
Event: 12.618 Thread 0x000001f77e59f950 Exception <a 'java/lang/NoSuchMethodError'{0x00000000ca06be58}: 'int java.lang.invoke.Invokers$Holder.invokeExact_MT(java.lang.Object, java.lang.Object, java.lang.Object)'> (0x00000000ca06be58) 
thrown [s\src\hotspot\share\interpreter\linkResolver.cpp, line 784]
Event: 12.618 Thread 0x000001f77e59f950 Exception <a 'java/lang/NoSuchMethodError'{0x00000000ca070590}: 'void java.lang.invoke.Invokers$Holder.invokeExact_MT(java.lang.Object, java.lang.Object, java.lang.Object, java.lang.Object)'> (0x00000000ca070590) 
thrown [s\src\hotspot\share\interpreter\linkResolver.cpp, line 784]
Event: 12.626 Thread 0x000001f77e59f950 Implicit null exception at 0x000001f70b09a2c9 to 0x000001f70b09ab6c
Event: 12.626 Thread 0x000001f77e59f950 Implicit null exception at 0x000001f70ae861e3 to 0x000001f70ae86600
Event: 12.639 Thread 0x000001f77e59f950 Exception <a 'java/lang/NoSuchMethodError'{0x00000000c9f93680}: 'java.lang.Object java.lang.invoke.DirectMethodHandle$Holder.invokeStaticInit(java.lang.Object, java.lang.Object, java.lang.Object, java.lang.Object)'> (0x00000000c9f93680) 
thrown [s\src\hotspot\share\interpreter\linkResolver.cpp, line 784]
Event: 12.931 Thread 0x000001f77e59f950 Exception <a 'java/lang/NoSuchMethodError'{0x00000000ffbab238}: 'java.lang.Object java.lang.invoke.DirectMethodHandle$Holder.newInvokeSpecial(java.lang.Object, java.lang.Object, java.lang.Object, int, int)'> (0x00000000ffbab238) 
thrown [s\src\hotspot\share\interpreter\linkResolver.cpp, line 784]
Event: 12.932 Thread 0x000001f77e59f950 Exception <a 'java/lang/NoSuchMethodError'{0x00000000ffbaee18}: 'java.lang.Object java.lang.invoke.DirectMethodHandle$Holder.invokeSpecial(java.lang.Object, java.lang.Object, java.lang.Object, java.lang.Object, int, int)'> (0x00000000ffbaee18) 
thrown [s\src\hotspot\share\interpreter\linkResolver.cpp, line 784]
Event: 12.967 Thread 0x000001f77e59f950 Exception <a 'java/lang/NoSuchMethodError'{0x00000000ca85e640}: 'java.lang.Object java.lang.invoke.DirectMethodHandle$Holder.invokeSpecial(java.lang.Object, java.lang.Object, int, int, java.lang.Object, java.lang.Object, java.lang.Object, java.lang.Object, java.lang.Object)'> (0x00000000ca85e640) 
thrown [s\src\hotspot\share\interpreter\linkResolver.cpp, line 784]
Event: 13.499 Thread 0x000001f77e59f950 Implicit null exception at 0x000001f70abc7525 to 0x000001f70abc7770

ZGC Phase Switch (0 events):
No events

VM Operations (20 events):
Event: 13.340 Executing VM operation: ICBufferFull done
Event: 13.394 Executing VM operation: ICBufferFull
Event: 13.394 Executing VM operation: ICBufferFull done
Event: 13.488 Executing VM operation: ICBufferFull
Event: 13.488 Executing VM operation: ICBufferFull done
Event: 13.613 Executing VM operation: ICBufferFull
Event: 13.614 Executing VM operation: ICBufferFull done
Event: 13.618 Executing VM operation: G1CollectForAllocation (G1 Evacuation Pause)
Event: 13.633 Executing VM operation: G1CollectForAllocation (G1 Evacuation Pause) done
Event: 13.685 Executing VM operation: ICBufferFull
Event: 13.686 Executing VM operation: ICBufferFull done
Event: 13.730 Executing VM operation: HandshakeAllThreads (Deoptimize)
Event: 13.730 Executing VM operation: HandshakeAllThreads (Deoptimize) done
Event: 13.734 Executing VM operation: HandshakeAllThreads (Deoptimize)
Event: 13.734 Executing VM operation: HandshakeAllThreads (Deoptimize) done
Event: 13.752 Executing VM operation: HandshakeAllThreads (Deoptimize)
Event: 13.752 Executing VM operation: HandshakeAllThreads (Deoptimize) done
Event: 13.753 Executing VM operation: HandshakeAllThreads (Deoptimize)
Event: 13.753 Executing VM operation: HandshakeAllThreads (Deoptimize) done
Event: 13.757 Executing VM operation: G1PauseRemark

Memory protections (0 events):
No events

Nmethod flushes (20 events):
Event: 13.777 Thread 0x000001f77c490370 flushing  nmethod 0x000001f7041dbc10
Event: 13.777 Thread 0x000001f77c490370 flushing  nmethod 0x000001f7041e2010
Event: 13.777 Thread 0x000001f77c490370 flushing  nmethod 0x000001f7041ebf10
Event: 13.777 Thread 0x000001f77c490370 flushing  nmethod 0x000001f7041ec810
Event: 13.777 Thread 0x000001f77c490370 flushing  nmethod 0x000001f7041ee890
Event: 13.777 Thread 0x000001f77c490370 flushing  nmethod 0x000001f7041ef010
Event: 13.777 Thread 0x000001f77c490370 flushing  nmethod 0x000001f7041f6510
Event: 13.777 Thread 0x000001f77c490370 flushing  nmethod 0x000001f7041f9410
Event: 13.777 Thread 0x000001f77c490370 flushing  nmethod 0x000001f704240390
Event: 13.777 Thread 0x000001f77c490370 flushing  nmethod 0x000001f704278a10
Event: 13.777 Thread 0x000001f77c490370 flushing  nmethod 0x000001f704295b90
Event: 13.777 Thread 0x000001f77c490370 flushing  nmethod 0x000001f7042e1a10
Event: 13.777 Thread 0x000001f77c490370 flushing  nmethod 0x000001f704353090
Event: 13.777 Thread 0x000001f77c490370 flushing  nmethod 0x000001f704434d90
Event: 13.777 Thread 0x000001f77c490370 flushing osr nmethod 0x000001f70450f090
Event: 13.777 Thread 0x000001f77c490370 flushing  nmethod 0x000001f70459da90
Event: 13.777 Thread 0x000001f77c490370 flushing  nmethod 0x000001f7045aab90
Event: 13.777 Thread 0x000001f77c490370 flushing  nmethod 0x000001f704822610
Event: 13.777 Thread 0x000001f77c490370 flushing  nmethod 0x000001f70482bf10
Event: 13.777 Thread 0x000001f77c490370 flushing  nmethod 0x000001f704a74990

Events (20 events):
Event: 0.027 Thread 0x000001f77e59f950 Thread added: 0x000001f77e59f950
Event: 0.076 Thread 0x000001f77e59f950 Thread added: 0x000001f77fd6b3d0
Event: 0.076 Thread 0x000001f77e59f950 Thread added: 0x000001f77fd6ca90
Event: 0.077 Thread 0x000001f77e59f950 Thread added: 0x000001f77fd5dc30
Event: 0.077 Thread 0x000001f77e59f950 Thread added: 0x000001f77fd5e950
Event: 0.077 Thread 0x000001f77e59f950 Thread added: 0x000001f77fd613d0
Event: 0.077 Thread 0x000001f77e59f950 Thread added: 0x000001f77fd625d0
Event: 0.077 Thread 0x000001f77e59f950 Thread added: 0x000001f71419a7a0
Event: 0.078 Thread 0x000001f77e59f950 Thread added: 0x000001f7141ac5c0
Event: 0.119 Thread 0x000001f77e59f950 Thread added: 0x000001f71433a500
Event: 0.124 Thread 0x000001f77e59f950 Thread added: 0x000001f71436c7e0
Event: 0.132 Loaded shared library C:\Program Files\Android\Android Studio\jbr\bin\net.dll
Event: 0.133 Loaded shared library C:\Program Files\Android\Android Studio\jbr\bin\nio.dll
Event: 0.163 Thread 0x000001f71419a7a0 Thread added: 0x000001f714365f00
Event: 0.176 Loaded shared library C:\Program Files\Android\Android Studio\jbr\bin\zip.dll
Event: 0.216 Loaded shared library C:\Program Files\Android\Android Studio\jbr\bin\jimage.dll
Event: 3.159 Thread 0x000001f714365f00 Thread exited: 0x000001f714365f00
Event: 3.302 Thread 0x000001f7141ac5c0 Thread added: 0x000001f7148698d0
Event: 8.200 Thread 0x000001f7148698d0 Thread exited: 0x000001f7148698d0
Event: 12.553 Thread 0x000001f7141ac5c0 Thread added: 0x000001f71aa183c0


Dynamic libraries:
0x00007ff7c23b0000 - 0x00007ff7c23ba000 	C:\Program Files\Android\Android Studio\jbr\bin\java.exe
0x00007ffb39b70000 - 0x00007ffb39d87000 	C:\WINDOWS\SYSTEM32\ntdll.dll
0x00007ffb38af0000 - 0x00007ffb38bb4000 	C:\WINDOWS\System32\KERNEL32.DLL
0x00007ffb36dd0000 - 0x00007ffb371a1000 	C:\WINDOWS\System32\KERNELBASE.dll
0x00007ffb371b0000 - 0x00007ffb372c1000 	C:\WINDOWS\System32\ucrtbase.dll
0x00007ffb292c0000 - 0x00007ffb292db000 	C:\Program Files\Android\Android Studio\jbr\bin\VCRUNTIME140.dll
0x00007ffb1e3d0000 - 0x00007ffb1e3e8000 	C:\Program Files\Android\Android Studio\jbr\bin\jli.dll
0x00007ffb390e0000 - 0x00007ffb39291000 	C:\WINDOWS\System32\USER32.dll
0x00007ffb376a0000 - 0x00007ffb376c6000 	C:\WINDOWS\System32\win32u.dll
0x00007ffb1e890000 - 0x00007ffb1eb22000 	C:\WINDOWS\WinSxS\amd64_microsoft.windows.common-controls_6595b64144ccf1df_6.0.22621.4830_none_270fe7d773858e80\COMCTL32.dll
0x00007ffb38d80000 - 0x00007ffb38da9000 	C:\WINDOWS\System32\GDI32.dll
0x00007ffb36cb0000 - 0x00007ffb36dcb000 	C:\WINDOWS\System32\gdi32full.dll
0x00007ffb37600000 - 0x00007ffb3769a000 	C:\WINDOWS\System32\msvcp_win.dll
0x00007ffb37a10000 - 0x00007ffb37ab7000 	C:\WINDOWS\System32\msvcrt.dll
0x00007ffb38cf0000 - 0x00007ffb38d21000 	C:\WINDOWS\System32\IMM32.DLL
0x00007ffb28bf0000 - 0x00007ffb28bfc000 	C:\Program Files\Android\Android Studio\jbr\bin\vcruntime140_1.dll
0x00007ffaf4b50000 - 0x00007ffaf4bdd000 	C:\Program Files\Android\Android Studio\jbr\bin\msvcp140.dll
0x00007ffad5c70000 - 0x00007ffad68f3000 	C:\Program Files\Android\Android Studio\jbr\bin\server\jvm.dll
0x00007ffb38c30000 - 0x00007ffb38ce1000 	C:\WINDOWS\System32\ADVAPI32.dll
0x00007ffb39440000 - 0x00007ffb394e7000 	C:\WINDOWS\System32\sechost.dll
0x00007ffb37490000 - 0x00007ffb374b8000 	C:\WINDOWS\System32\bcrypt.dll
0x00007ffb37b20000 - 0x00007ffb37c34000 	C:\WINDOWS\System32\RPCRT4.dll
0x00007ffb37c40000 - 0x00007ffb37cb1000 	C:\WINDOWS\System32\WS2_32.dll
0x00007ffb369d0000 - 0x00007ffb36a1d000 	C:\WINDOWS\SYSTEM32\POWRPROF.dll
0x00007ffb2e020000 - 0x00007ffb2e054000 	C:\WINDOWS\SYSTEM32\WINMM.dll
0x00007ffb2dc10000 - 0x00007ffb2dc1a000 	C:\WINDOWS\SYSTEM32\VERSION.dll
0x00007ffb369b0000 - 0x00007ffb369c3000 	C:\WINDOWS\SYSTEM32\UMPDC.dll
0x00007ffb35cc0000 - 0x00007ffb35cd8000 	C:\WINDOWS\SYSTEM32\kernel.appcore.dll
0x00007ffb28bc0000 - 0x00007ffb28bca000 	C:\Program Files\Android\Android Studio\jbr\bin\jimage.dll
0x00007ffb346c0000 - 0x00007ffb348f2000 	C:\WINDOWS\SYSTEM32\DBGHELP.DLL
0x00007ffb37ed0000 - 0x00007ffb38260000 	C:\WINDOWS\System32\combase.dll
0x00007ffb392b0000 - 0x00007ffb39387000 	C:\WINDOWS\System32\OLEAUT32.dll
0x00007ffb0c2a0000 - 0x00007ffb0c2d2000 	C:\WINDOWS\SYSTEM32\dbgcore.DLL
0x00007ffb37350000 - 0x00007ffb373cb000 	C:\WINDOWS\System32\bcryptPrimitives.dll
0x00007ffb28ad0000 - 0x00007ffb28af0000 	C:\Program Files\Android\Android Studio\jbr\bin\java.dll
0x00007ffb28ab0000 - 0x00007ffb28ac8000 	C:\Program Files\Android\Android Studio\jbr\bin\zip.dll
0x00007ffb38260000 - 0x00007ffb38ae8000 	C:\WINDOWS\System32\SHELL32.dll
0x00007ffb374c0000 - 0x00007ffb375ff000 	C:\WINDOWS\System32\wintypes.dll
0x00007ffb34bc0000 - 0x00007ffb354cc000 	C:\WINDOWS\SYSTEM32\windows.storage.dll
0x00007ffb38e30000 - 0x00007ffb38f3a000 	C:\WINDOWS\System32\SHCORE.dll
0x00007ffb37cc0000 - 0x00007ffb37d1e000 	C:\WINDOWS\System32\shlwapi.dll
0x00007ffb36be0000 - 0x00007ffb36c0b000 	C:\WINDOWS\SYSTEM32\profapi.dll
0x00007ffb28a40000 - 0x00007ffb28a50000 	C:\Program Files\Android\Android Studio\jbr\bin\net.dll
0x00007ffb2ded0000 - 0x00007ffb2dffc000 	C:\WINDOWS\SYSTEM32\WINHTTP.dll
0x00007ffb36120000 - 0x00007ffb3618a000 	C:\WINDOWS\system32\mswsock.dll
0x00007ffb28250000 - 0x00007ffb28266000 	C:\Program Files\Android\Android Studio\jbr\bin\nio.dll
0x00007ffb280b0000 - 0x00007ffb280c0000 	C:\Program Files\Android\Android Studio\jbr\bin\verify.dll

dbghelp: loaded successfully - version: 4.0.5 - missing functions: none
symbol engine: initialized successfully - sym options: 0x614 - pdb path: .;C:\Program Files\Android\Android Studio\jbr\bin;C:\WINDOWS\SYSTEM32;C:\WINDOWS\WinSxS\amd64_microsoft.windows.common-controls_6595b64144ccf1df_6.0.22621.4830_none_270fe7d773858e80;C:\Program Files\Android\Android Studio\jbr\bin\server

VM Arguments:
java_command: org.jetbrains.kotlin.cli.jvm.K2JVMCompiler @C:\Users\Graphic\AndroidStudioProjects\NewsApplication\app\build\20250306_9325775316373366695.compiler.options
java_class_path (initial): C:\Users\Graphic\.gradle\caches\modules-2\files-2.1\org.jetbrains.kotlin\kotlin-compiler-embeddable\1.9.0\2c8c3a7402becca891f12739b3e9fd2dc2adbd7a\kotlin-compiler-embeddable-1.9.0.jar;C:\Users\Graphic\.gradle\caches\modules-2\files-2.1\org.jetbrains.kotlin\kotlin-stdlib\1.9.0\8ee15ef0c67dc83d874f412d84378d7f0eb50b63\kotlin-stdlib-1.9.0.jar;C:\Users\Graphic\.gradle\caches\modules-2\files-2.1\org.jetbrains.kotlin\kotlin-script-runtime\1.9.0\4b3102cbbb7e1b58d9d1adf89563f00069ffa7d1\kotlin-script-runtime-1.9.0.jar;C:\Users\Graphic\.gradle\caches\modules-2\files-2.1\org.jetbrains.kotlin\kotlin-reflect\1.6.10\1cbe9c92c12a94eea200d23c2bbaedaf3daf5132\kotlin-reflect-1.6.10.jar;C:\Users\Graphic\.gradle\caches\modules-2\files-2.1\org.jetbrains.kotlin\kotlin-daemon-embeddable\1.9.0\186543f5e28cf8d9a0290fecc2cf34301c40a65c\kotlin-daemon-embeddable-1.9.0.jar;C:\Users\Graphic\.gradle\caches\modules-2\files-2.1\org.jetbrains.intellij.deps\trove4j\1.0.20200330\3afb14d5f9ceb459d724e907a21145e8ff394f02\trove4j-1.0.20200330.jar;C:\Users\Graphic\.gradle\caches\modules-2\files-2.1\org.jetbrains.kotlin\kotlin-stdlib-common\1.9.0\cd65c21cfd1eec4d44ef09f9f52b6d9f8a720636\kotlin-stdlib-common-1.9.0.jar;C:\Users\Graphic\.gradle\caches\modules-2\files-2.1\org.jetbrains\annotations\13.0\919f0dfe192fb4e063e7dacadee7f8bb9a2672a9\annotations-13.0.jar
Launcher Type: SUN_STANDARD

[Global flags]
     intx CICompilerCount                          = 3                                         {product} {ergonomic}
     uint ConcGCThreads                            = 1                                         {product} {ergonomic}
     uint G1ConcRefinementThreads                  = 4                                         {product} {ergonomic}
   size_t G1HeapRegionSize                         = 1048576                                   {product} {ergonomic}
    uintx GCDrainStackTargetSize                   = 64                                        {product} {ergonomic}
   size_t InitialHeapSize                          = 62914560                                  {product} {ergonomic}
   size_t MarkStackSize                            = 4194304                                   {product} {ergonomic}
   size_t MaxHeapSize                              = 994050048                                 {product} {ergonomic}
   size_t MaxNewSize                               = 595591168                                 {product} {ergonomic}
   size_t MinHeapDeltaBytes                        = 1048576                                   {product} {ergonomic}
   size_t MinHeapSize                              = 8388608                                   {product} {ergonomic}
    uintx NonNMethodCodeHeapSize                   = 5832780                                {pd product} {ergonomic}
    uintx NonProfiledCodeHeapSize                  = 122912730                              {pd product} {ergonomic}
    uintx ProfiledCodeHeapSize                     = 122912730                              {pd product} {ergonomic}
    uintx ReservedCodeCacheSize                    = 251658240                              {pd product} {ergonomic}
     bool SegmentedCodeCache                       = true                                      {product} {ergonomic}
   size_t SoftMaxHeapSize                          = 994050048                              {manageable} {ergonomic}
     bool UseCompressedOops                        = true                           {product lp64_product} {ergonomic}
     bool UseG1GC                                  = true                                      {product} {ergonomic}
     bool UseLargePagesIndividualAllocation        = false                                  {pd product} {ergonomic}

Logging:
Log output configuration:
 #0: stdout all=warning uptime,level,tags foldmultilines=false
 #1: stderr all=off uptime,level,tags foldmultilines=false

Environment Variables:
PATH=C:\WINDOWS\system32;C:\WINDOWS;C:\WINDOWS\System32\Wbem;C:\WINDOWS\System32\WindowsPowerShell\v1.0\;C:\WINDOWS\System32\OpenSSH\;C:\msys64\mingw64\bin;C:\MinGW\bin;C:\Program Files (x86)\Microsoft SQL Server\160\Tools\Binn\;C:\Program Files\Microsoft SQL Server\160\Tools\Binn\;C:\Program Files\Microsoft SQL Server\Client SDK\ODBC\170\Tools\Binn\;C:\Program Files\Microsoft SQL Server\160\DTS\Binn\;C:\Program Files (x86)\Microsoft SQL Server\160\DTS\Binn\;C:\Program Files\Azure Data Studio\bin;C:\Program Files\Git\cmd;C:\Program Files (x86)\Windows Kits\10\Windows Performance Toolkit\;C:\Users\Graphic\AppData\Local\Programs\Python\Launcher\;C:\Users\Graphic\AppData\Local\Microsoft\WindowsApps;C:\Program Files\Azure Data Studio\bin;C:\Program Files\JetBrains\IntelliJ IDEA 2024.1\bin;;C:\Program Files\JetBrains\IntelliJ IDEA Community Edition 2024.1\bin;;C:\Users\Graphic\Downloads\dartsdk-windows-x64-release.zip\dart-sdk\bin;C:\Program Files\JetBrains\PyCharm 2024.3.3\bin;;C:\Program Files\JetBrains\PyCharm Community Edition 2024.3.3\bin;
USERNAME=Graphic
OS=Windows_NT
PROCESSOR_IDENTIFIER=Intel64 Family 6 Model 140 Stepping 1, GenuineIntel
TMP=C:\Users\Graphic\AppData\Local\Temp
TEMP=C:\Users\Graphic\AppData\Local\Temp




Periodic native trim disabled

JNI global refs:
JNI global refs: 11, weak refs: 0

JNI global refs memory usage: 835, weak refs: 833

Process memory usage:
Resident Set Size: 302400K (7% of 3881580K total physical memory with 509124K free physical memory)

OOME stack traces (most recent first):
Classloader memory used:
Loader jdk.internal.loader.ClassLoaders$AppClassLoader                                 : 64088K
Loader bootstrap                                                                       : 12995K

---------------  S Y S T E M  ---------------

OS:
 Windows 11 , 64 bit Build 22621 (10.0.22621.4974)
OS uptime: 8 days 4:10 hours
Hyper-V role detected

CPU: total 4 (initial active 4) (2 cores per cpu, 2 threads per core) family 6 model 140 stepping 1 microcode 0xa4, cx8, cmov, fxsr, ht, mmx, 3dnowpref, sse, sse2, sse3, ssse3, sse4.1, sse4.2, popcnt, lzcnt, tsc, tscinvbit, avx, avx2, aes, erms, clmul, bmi1, bmi2, adx, avx512f, avx512dq, avx512cd, avx512bw, avx512vl, sha, fma, vzeroupper, avx512_vpopcntdq, avx512_vpclmulqdq, avx512_vaes, avx512_vnni, clflush, clflushopt, clwb, avx512_vbmi2, avx512_vbmi, hv, rdtscp, rdpid, fsrm, gfni, avx512_bitalg, f16c, cet_ibt, cet_ss, avx512_ifma
Processor Information for all 4 processors :
  Max Mhz: 2995, Current Mhz: 2995, Mhz Limit: 2995

Memory: 4k page, system-wide physical 3790M (492M free)
TotalPageFile size 15566M (AvailPageFile size 16M)
current process WorkingSet (physical memory assigned to process): 295M, peak: 298M
current process commit charge ("private bytes"): 354M, peak: 366M

vm_info: OpenJDK 64-Bit Server VM (21.0.4+-12508038-b607.1) for windows-amd64 JRE (21.0.4+-12508038-b607.1), built on 2024-10-16T17:23:34Z by "builder" with MS VC++ 16.10 / 16.11 (VS2019)

END.
