#
# There is insufficient memory for the Java Runtime Environment to continue.
# Native memory allocation (malloc) failed to allocate 1722000 bytes. Error detail: Chunk::new
# Possible reasons:
#   The system is out of physical RAM or swap space
#   This process is running with CompressedOops enabled, and the Java Heap may be blocking the growth of the native heap
# Possible solutions:
#   Reduce memory load on the system
#   Increase physical memory or swap space
#   Check if swap backing store is full
#   Decrease Java heap size (-Xmx/-Xms)
#   Decrease number of Java threads
#   Decrease Java thread stack sizes (-Xss)
#   Set larger code cache with -XX:ReservedCodeCacheSize=
#   JVM is running with Unscaled Compressed Oops mode in which the Java heap is
#     placed in the first 4GB address space. The Java Heap base address is the
#     maximum limit for the native heap growth. Please use -XX:HeapBaseMinAddress
#     to set the Java Heap base and to place the Java Heap above 4GB virtual address.
# This output file may be truncated or incomplete.
#
#  Out of Memory Error (arena.cpp:168), pid=15264, tid=9504
#
# JRE version: OpenJDK Runtime Environment (21.0.4) (build 21.0.4+-12508038-b607.1)
# Java VM: OpenJDK 64-Bit Server VM (21.0.4+-12508038-b607.1, mixed mode, tiered, compressed oops, compressed class ptrs, g1 gc, windows-amd64)
# No core dump will be written. Minidumps are not enabled by default on client versions of Windows
#

---------------  S U M M A R Y ------------

Command Line: org.jetbrains.kotlin.cli.jvm.K2JVMCompiler @C:\Users\Graphic\AndroidStudioProjects\NewsApplication\app\build\20250306_14101988093126023000.compiler.options

Host: 11th Gen Intel(R) Core(TM) i3-1115G4 @ 3.00GHz, 4 cores, 3G,  Windows 11 , 64 bit Build 22621 (10.0.22621.4974)
Time: Thu Mar  6 23:37:27 2025 Egypt Standard Time elapsed time: 15.492456 seconds (0d 0h 0m 15s)

---------------  T H R E A D  ---------------

Current thread (0x000001b220bc8e60):  JavaThread "C2 CompilerThread0" daemon [_thread_in_native, id=9504, stack(0x0000001b0e300000,0x0000001b0e400000) (1024K)]


Current CompileTask:
C2:  15492 14115       4       org.jetbrains.kotlin.backend.jvm.MemoizedValueClassAbstractReplacements$replaceOverriddenSymbolsImpl$1::invoke (118 bytes)

Stack: [0x0000001b0e300000,0x0000001b0e400000]
Native frames: (J=compiled Java code, j=interpreted, Vv=VM code, C=native code)
V  [jvm.dll+0x6ce539]
V  [jvm.dll+0x85bf03]
V  [jvm.dll+0x85e45e]
V  [jvm.dll+0x85eb43]
V  [jvm.dll+0x27dd06]
V  [jvm.dll+0xbf9cd]
V  [jvm.dll+0xbff03]
V  [jvm.dll+0x3b4deb]
V  [jvm.dll+0x1de1f2]
V  [jvm.dll+0x247544]
V  [jvm.dll+0x2469c1]
V  [jvm.dll+0x1c58a4]
V  [jvm.dll+0x255fec]
V  [jvm.dll+0x254536]
V  [jvm.dll+0x3efab6]
V  [jvm.dll+0x804418]
V  [jvm.dll+0x6cce0d]
C  [ucrtbase.dll+0x29333]
C  [KERNEL32.DLL+0x1259d]
C  [ntdll.dll+0x5af38]


---------------  P R O C E S S  ---------------

Threads class SMR info:
_java_thread_list=0x000001b226641bf0, length=12, elements={
0x000001b209012230, 0x000001b2250105a0, 0x000001b220bb27c0, 0x000001b220bbe6c0,
0x000001b220bbee90, 0x000001b220bc1910, 0x000001b2250210a0, 0x000001b220bc8e60,
0x000001b220bcb520, 0x000001b2250e0110, 0x000001b2250e1b50, 0x000001b227cb22a0
}

Java Threads: ( => current thread )
  0x000001b209012230 JavaThread "main"                              [_thread_in_Java, id=15820, stack(0x0000001b0d500000,0x0000001b0d600000) (1024K)]
  0x000001b2250105a0 JavaThread "Reference Handler"          daemon [_thread_blocked, id=17836, stack(0x0000001b0dd00000,0x0000001b0de00000) (1024K)]
  0x000001b220bb27c0 JavaThread "Finalizer"                  daemon [_thread_blocked, id=12488, stack(0x0000001b0de00000,0x0000001b0df00000) (1024K)]
  0x000001b220bbe6c0 JavaThread "Signal Dispatcher"          daemon [_thread_blocked, id=10740, stack(0x0000001b0df00000,0x0000001b0e000000) (1024K)]
  0x000001b220bbee90 JavaThread "Attach Listener"            daemon [_thread_blocked, id=340, stack(0x0000001b0e000000,0x0000001b0e100000) (1024K)]
  0x000001b220bc1910 JavaThread "Service Thread"             daemon [_thread_blocked, id=12776, stack(0x0000001b0e100000,0x0000001b0e200000) (1024K)]
  0x000001b2250210a0 JavaThread "Monitor Deflation Thread"   daemon [_thread_blocked, id=1048, stack(0x0000001b0e200000,0x0000001b0e300000) (1024K)]
=>0x000001b220bc8e60 JavaThread "C2 CompilerThread0"         daemon [_thread_in_native, id=9504, stack(0x0000001b0e300000,0x0000001b0e400000) (1024K)]
  0x000001b220bcb520 JavaThread "C1 CompilerThread0"         daemon [_thread_in_native, id=11992, stack(0x0000001b0e400000,0x0000001b0e500000) (1024K)]
  0x000001b2250e0110 JavaThread "Notification Thread"        daemon [_thread_blocked, id=612, stack(0x0000001b0e500000,0x0000001b0e600000) (1024K)]
  0x000001b2250e1b50 JavaThread "Common-Cleaner"             daemon [_thread_blocked, id=8400, stack(0x0000001b0e600000,0x0000001b0e700000) (1024K)]
  0x000001b227cb22a0 JavaThread "C2 CompilerThread1"         daemon [_thread_in_native, id=3280, stack(0x0000001b0e700000,0x0000001b0e800000) (1024K)]
Total: 12

Other Threads:
  0x000001b20b37e210 VMThread "VM Thread"                           [id=2880, stack(0x0000001b0dc00000,0x0000001b0dd00000) (1024K)]
  0x000001b220aec2c0 WatcherThread "VM Periodic Task Thread"        [id=7556, stack(0x0000001b0db00000,0x0000001b0dc00000) (1024K)]
  0x000001b20b2f0500 WorkerThread "GC Thread#0"                     [id=18020, stack(0x0000001b0d600000,0x0000001b0d700000) (1024K)]
  0x000001b22572bd40 WorkerThread "GC Thread#1"                     [id=18128, stack(0x0000001b0e800000,0x0000001b0e900000) (1024K)]
  0x000001b2256df1b0 WorkerThread "GC Thread#2"                     [id=12364, stack(0x0000001b0e900000,0x0000001b0ea00000) (1024K)]
  0x000001b2256df550 WorkerThread "GC Thread#3"                     [id=1844, stack(0x0000001b0ea00000,0x0000001b0eb00000) (1024K)]
  0x000001b20b2f8cd0 ConcurrentGCThread "G1 Main Marker"            [id=14504, stack(0x0000001b0d700000,0x0000001b0d800000) (1024K)]
  0x000001b20b2f9fe0 WorkerThread "G1 Conc#0"                       [id=7684, stack(0x0000001b0d800000,0x0000001b0d900000) (1024K)]
  0x000001b20b3556d0 ConcurrentGCThread "G1 Refine#0"               [id=16888, stack(0x0000001b0d900000,0x0000001b0da00000) (1024K)]
  0x000001b20b357250 ConcurrentGCThread "G1 Service"                [id=12268, stack(0x0000001b0da00000,0x0000001b0db00000) (1024K)]
Total: 10

Threads with active compile tasks:
C2 CompilerThread0    15516 14115       4       org.jetbrains.kotlin.backend.jvm.MemoizedValueClassAbstractReplacements$replaceOverriddenSymbolsImpl$1::invoke (118 bytes)
C1 CompilerThread0    15516 14383       3       org.jetbrains.kotlin.backend.jvm.lower.InlineCallableReferenceToLambdaVisitor::visitExpression (13 bytes)
C2 CompilerThread1    15516 14295       4       org.jetbrains.kotlin.load.kotlin.TypeSignatureMappingKt::mapBuiltInType (339 bytes)
Total: 3

VM state: not at safepoint (normal execution)

VM Mutex/Monitor currently owned by a thread: None

Heap address: 0x00000000c4c00000, size: 948 MB, Compressed Oops mode: 32-bit

CDS archive(s) not mapped
Compressed class space mapped at: 0x0000000100000000-0x0000000140000000, reserved size: 1073741824
Narrow klass base: 0x0000000000000000, Narrow klass shift: 3, Narrow klass range: 0x140000000

GC Precious Log:
 CardTable entry size: 512
 Card Set container configuration: InlinePtr #cards 5 size 8 Array Of Cards #cards 12 size 40 Howl #buckets 4 coarsen threshold 1843 Howl Bitmap #cards 512 size 80 coarsen threshold 460 Card regions per heap region 1 cards per card region 2048
 CPUs: 4 total, 4 available
 Memory: 3790M
 Large Page Support: Disabled
 NUMA Support: Disabled
 Compressed Oops: Enabled (32-bit)
 Heap Region Size: 1M
 Heap Min Capacity: 8M
 Heap Initial Capacity: 60M
 Heap Max Capacity: 948M
 Pre-touch: Disabled
 Parallel Workers: 4
 Concurrent Workers: 1
 Concurrent Refinement Workers: 4
 Periodic GC: Disabled

Heap:
 garbage-first heap   total 119808K, used 90472K [0x00000000c4c00000, 0x0000000100000000)
  region size 1024K, 21 young (21504K), 4 survivors (4096K)
 Metaspace       used 86865K, committed 87616K, reserved 1179648K
  class space    used 9527K, committed 9856K, reserved 1048576K

Heap Regions: E=young(eden), S=young(survivor), O=old, HS=humongous(starts), HC=humongous(continues), CS=collection set, F=free, TAMS=top-at-mark-start, PB=parsable bottom
|   0|0x00000000c4c00000, 0x00000000c4d00000, 0x00000000c4d00000|100%|HS|  |TAMS 0x00000000c4c00000| PB 0x00000000c4c00000| Complete 
|   1|0x00000000c4d00000, 0x00000000c4e00000, 0x00000000c4e00000|100%|HC|  |TAMS 0x00000000c4d00000| PB 0x00000000c4d00000| Complete 
|   2|0x00000000c4e00000, 0x00000000c4f00000, 0x00000000c4f00000|100%|HC|  |TAMS 0x00000000c4e00000| PB 0x00000000c4e00000| Complete 
|   3|0x00000000c4f00000, 0x00000000c5000000, 0x00000000c5000000|100%|HC|  |TAMS 0x00000000c4f00000| PB 0x00000000c4f00000| Complete 
|   4|0x00000000c5000000, 0x00000000c5100000, 0x00000000c5100000|100%| O|  |TAMS 0x00000000c5000000| PB 0x00000000c5000000| Untracked 
|   5|0x00000000c5100000, 0x00000000c5200000, 0x00000000c5200000|100%| O|  |TAMS 0x00000000c5100000| PB 0x00000000c5100000| Untracked 
|   6|0x00000000c5200000, 0x00000000c5300000, 0x00000000c5300000|100%| O|  |TAMS 0x00000000c5200000| PB 0x00000000c5200000| Untracked 
|   7|0x00000000c5300000, 0x00000000c5400000, 0x00000000c5400000|100%| O|  |TAMS 0x00000000c5300000| PB 0x00000000c5300000| Untracked 
|   8|0x00000000c5400000, 0x00000000c5500000, 0x00000000c5500000|100%| O|  |TAMS 0x00000000c5400000| PB 0x00000000c5400000| Untracked 
|   9|0x00000000c5500000, 0x00000000c5600000, 0x00000000c5600000|100%| O|  |TAMS 0x00000000c5500000| PB 0x00000000c5500000| Untracked 
|  10|0x00000000c5600000, 0x00000000c5700000, 0x00000000c5700000|100%| O|  |TAMS 0x00000000c5600000| PB 0x00000000c5600000| Untracked 
|  11|0x00000000c5700000, 0x00000000c5800000, 0x00000000c5800000|100%| O|  |TAMS 0x00000000c5700000| PB 0x00000000c5700000| Untracked 
|  12|0x00000000c5800000, 0x00000000c5900000, 0x00000000c5900000|100%| O|  |TAMS 0x00000000c5800000| PB 0x00000000c5800000| Untracked 
|  13|0x00000000c5900000, 0x00000000c5a00000, 0x00000000c5a00000|100%|HS|  |TAMS 0x00000000c5900000| PB 0x00000000c5900000| Complete 
|  14|0x00000000c5a00000, 0x00000000c5b00000, 0x00000000c5b00000|100%|HC|  |TAMS 0x00000000c5a00000| PB 0x00000000c5a00000| Complete 
|  15|0x00000000c5b00000, 0x00000000c5c00000, 0x00000000c5c00000|100%| O|  |TAMS 0x00000000c5b00000| PB 0x00000000c5b00000| Untracked 
|  16|0x00000000c5c00000, 0x00000000c5d00000, 0x00000000c5d00000|100%| O|  |TAMS 0x00000000c5c00000| PB 0x00000000c5c00000| Untracked 
|  17|0x00000000c5d00000, 0x00000000c5e00000, 0x00000000c5e00000|100%| O|  |TAMS 0x00000000c5d00000| PB 0x00000000c5d00000| Untracked 
|  18|0x00000000c5e00000, 0x00000000c5f00000, 0x00000000c5f00000|100%| O|  |TAMS 0x00000000c5e00000| PB 0x00000000c5e00000| Untracked 
|  19|0x00000000c5f00000, 0x00000000c6000000, 0x00000000c6000000|100%| O|  |TAMS 0x00000000c5f00000| PB 0x00000000c5f00000| Untracked 
|  20|0x00000000c6000000, 0x00000000c6100000, 0x00000000c6100000|100%| O|  |TAMS 0x00000000c6000000| PB 0x00000000c6000000| Untracked 
|  21|0x00000000c6100000, 0x00000000c6200000, 0x00000000c6200000|100%| O|  |TAMS 0x00000000c6100000| PB 0x00000000c6100000| Untracked 
|  22|0x00000000c6200000, 0x00000000c6300000, 0x00000000c6300000|100%| O|  |TAMS 0x00000000c6200000| PB 0x00000000c6200000| Untracked 
|  23|0x00000000c6300000, 0x00000000c6400000, 0x00000000c6400000|100%| O|  |TAMS 0x00000000c6300000| PB 0x00000000c6300000| Untracked 
|  24|0x00000000c6400000, 0x00000000c6500000, 0x00000000c6500000|100%| O|  |TAMS 0x00000000c6400000| PB 0x00000000c6400000| Untracked 
|  25|0x00000000c6500000, 0x00000000c6600000, 0x00000000c6600000|100%| O|  |TAMS 0x00000000c6500000| PB 0x00000000c6500000| Untracked 
|  26|0x00000000c6600000, 0x00000000c6700000, 0x00000000c6700000|100%| O|  |TAMS 0x00000000c6600000| PB 0x00000000c6600000| Untracked 
|  27|0x00000000c6700000, 0x00000000c6800000, 0x00000000c6800000|100%| O|  |TAMS 0x00000000c6700000| PB 0x00000000c6700000| Untracked 
|  28|0x00000000c6800000, 0x00000000c6900000, 0x00000000c6900000|100%| O|  |TAMS 0x00000000c6800000| PB 0x00000000c6800000| Untracked 
|  29|0x00000000c6900000, 0x00000000c6a00000, 0x00000000c6a00000|100%| O|  |TAMS 0x00000000c6900000| PB 0x00000000c6900000| Untracked 
|  30|0x00000000c6a00000, 0x00000000c6b00000, 0x00000000c6b00000|100%| O|  |TAMS 0x00000000c6a00000| PB 0x00000000c6a00000| Untracked 
|  31|0x00000000c6b00000, 0x00000000c6c00000, 0x00000000c6c00000|100%| O|  |TAMS 0x00000000c6b00000| PB 0x00000000c6b00000| Untracked 
|  32|0x00000000c6c00000, 0x00000000c6d00000, 0x00000000c6d00000|100%| O|  |TAMS 0x00000000c6c00000| PB 0x00000000c6c00000| Untracked 
|  33|0x00000000c6d00000, 0x00000000c6e00000, 0x00000000c6e00000|100%| O|  |TAMS 0x00000000c6d00000| PB 0x00000000c6d00000| Untracked 
|  34|0x00000000c6e00000, 0x00000000c6f00000, 0x00000000c6f00000|100%| O|  |TAMS 0x00000000c6e00000| PB 0x00000000c6e00000| Untracked 
|  35|0x00000000c6f00000, 0x00000000c7000000, 0x00000000c7000000|100%| O|  |TAMS 0x00000000c6f00000| PB 0x00000000c6f00000| Untracked 
|  36|0x00000000c7000000, 0x00000000c7100000, 0x00000000c7100000|100%| O|  |TAMS 0x00000000c7000000| PB 0x00000000c7000000| Untracked 
|  37|0x00000000c7100000, 0x00000000c7200000, 0x00000000c7200000|100%| O|  |TAMS 0x00000000c7100000| PB 0x00000000c7100000| Untracked 
|  38|0x00000000c7200000, 0x00000000c7300000, 0x00000000c7300000|100%| O|  |TAMS 0x00000000c7200000| PB 0x00000000c7200000| Untracked 
|  39|0x00000000c7300000, 0x00000000c7400000, 0x00000000c7400000|100%| O|  |TAMS 0x00000000c7300000| PB 0x00000000c7300000| Untracked 
|  40|0x00000000c7400000, 0x00000000c7500000, 0x00000000c7500000|100%| O|  |TAMS 0x00000000c7400000| PB 0x00000000c7400000| Untracked 
|  41|0x00000000c7500000, 0x00000000c7600000, 0x00000000c7600000|100%| O|  |TAMS 0x00000000c7500000| PB 0x00000000c7500000| Untracked 
|  42|0x00000000c7600000, 0x00000000c7700000, 0x00000000c7700000|100%| O|  |TAMS 0x00000000c7600000| PB 0x00000000c7600000| Untracked 
|  43|0x00000000c7700000, 0x00000000c7800000, 0x00000000c7800000|100%| O|  |TAMS 0x00000000c7700000| PB 0x00000000c7700000| Untracked 
|  44|0x00000000c7800000, 0x00000000c7900000, 0x00000000c7900000|100%| O|  |TAMS 0x00000000c7800000| PB 0x00000000c7800000| Untracked 
|  45|0x00000000c7900000, 0x00000000c7a00000, 0x00000000c7a00000|100%| O|  |TAMS 0x00000000c7900000| PB 0x00000000c7900000| Untracked 
|  46|0x00000000c7a00000, 0x00000000c7b00000, 0x00000000c7b00000|100%| O|  |TAMS 0x00000000c7a00000| PB 0x00000000c7a00000| Untracked 
|  47|0x00000000c7b00000, 0x00000000c7c00000, 0x00000000c7c00000|100%| O|  |TAMS 0x00000000c7b00000| PB 0x00000000c7b00000| Untracked 
|  48|0x00000000c7c00000, 0x00000000c7d00000, 0x00000000c7d00000|100%| O|  |TAMS 0x00000000c7c00000| PB 0x00000000c7c00000| Untracked 
|  49|0x00000000c7d00000, 0x00000000c7e00000, 0x00000000c7e00000|100%| O|  |TAMS 0x00000000c7d00000| PB 0x00000000c7d00000| Untracked 
|  50|0x00000000c7e00000, 0x00000000c7f00000, 0x00000000c7f00000|100%| O|  |TAMS 0x00000000c7e00000| PB 0x00000000c7e00000| Untracked 
|  51|0x00000000c7f00000, 0x00000000c8000000, 0x00000000c8000000|100%| O|  |TAMS 0x00000000c7f00000| PB 0x00000000c7f00000| Untracked 
|  52|0x00000000c8000000, 0x00000000c8100000, 0x00000000c8100000|100%| O|  |TAMS 0x00000000c8000000| PB 0x00000000c8000000| Untracked 
|  53|0x00000000c8100000, 0x00000000c8200000, 0x00000000c8200000|100%| O|  |TAMS 0x00000000c8100000| PB 0x00000000c8100000| Untracked 
|  54|0x00000000c8200000, 0x00000000c8300000, 0x00000000c8300000|100%| O|  |TAMS 0x00000000c8200000| PB 0x00000000c8200000| Untracked 
|  55|0x00000000c8300000, 0x00000000c8400000, 0x00000000c8400000|100%| O|Cm|TAMS 0x00000000c8300000| PB 0x00000000c8300000| Complete 
|  56|0x00000000c8400000, 0x00000000c8500000, 0x00000000c8500000|100%| O|  |TAMS 0x00000000c8400000| PB 0x00000000c8400000| Untracked 
|  57|0x00000000c8500000, 0x00000000c8600000, 0x00000000c8600000|100%| O|  |TAMS 0x00000000c8500000| PB 0x00000000c8500000| Untracked 
|  58|0x00000000c8600000, 0x00000000c8700000, 0x00000000c8700000|100%| O|  |TAMS 0x00000000c8600000| PB 0x00000000c8600000| Untracked 
|  59|0x00000000c8700000, 0x00000000c8800000, 0x00000000c8800000|100%| O|Cm|TAMS 0x00000000c8700000| PB 0x00000000c8700000| Complete 
|  60|0x00000000c8800000, 0x00000000c8900000, 0x00000000c8900000|100%| O|  |TAMS 0x00000000c8800000| PB 0x00000000c8800000| Untracked 
|  61|0x00000000c8900000, 0x00000000c8a00000, 0x00000000c8a00000|100%| O|Cm|TAMS 0x00000000c8900000| PB 0x00000000c8900000| Complete 
|  62|0x00000000c8a00000, 0x00000000c8b00000, 0x00000000c8b00000|100%| O|  |TAMS 0x00000000c8a00000| PB 0x00000000c8a00000| Untracked 
|  63|0x00000000c8b00000, 0x00000000c8c00000, 0x00000000c8c00000|100%| O|  |TAMS 0x00000000c8b00000| PB 0x00000000c8b00000| Untracked 
|  64|0x00000000c8c00000, 0x00000000c8d00000, 0x00000000c8d00000|100%| O|  |TAMS 0x00000000c8c00000| PB 0x00000000c8c00000| Untracked 
|  65|0x00000000c8d00000, 0x00000000c8e00000, 0x00000000c8e00000|100%| O|  |TAMS 0x00000000c8d00000| PB 0x00000000c8d00000| Untracked 
|  66|0x00000000c8e00000, 0x00000000c8f00000, 0x00000000c8f00000|100%| O|  |TAMS 0x00000000c8e00000| PB 0x00000000c8e00000| Untracked 
|  67|0x00000000c8f00000, 0x00000000c8f5a1f8, 0x00000000c9000000| 35%| O|  |TAMS 0x00000000c8f00000| PB 0x00000000c8f00000| Untracked 
|  68|0x00000000c9000000, 0x00000000c9000000, 0x00000000c9100000|  0%| F|  |TAMS 0x00000000c9000000| PB 0x00000000c9000000| Untracked 
|  69|0x00000000c9100000, 0x00000000c9100000, 0x00000000c9200000|  0%| F|  |TAMS 0x00000000c9100000| PB 0x00000000c9100000| Untracked 
|  70|0x00000000c9200000, 0x00000000c9200000, 0x00000000c9300000|  0%| F|  |TAMS 0x00000000c9200000| PB 0x00000000c9200000| Untracked 
|  71|0x00000000c9300000, 0x00000000c9300000, 0x00000000c9400000|  0%| F|  |TAMS 0x00000000c9300000| PB 0x00000000c9300000| Untracked 
|  72|0x00000000c9400000, 0x00000000c9400000, 0x00000000c9500000|  0%| F|  |TAMS 0x00000000c9400000| PB 0x00000000c9400000| Untracked 
|  73|0x00000000c9500000, 0x00000000c9500000, 0x00000000c9600000|  0%| F|  |TAMS 0x00000000c9500000| PB 0x00000000c9500000| Untracked 
|  74|0x00000000c9600000, 0x00000000c9600000, 0x00000000c9700000|  0%| F|  |TAMS 0x00000000c9600000| PB 0x00000000c9600000| Untracked 
|  75|0x00000000c9700000, 0x00000000c9700000, 0x00000000c9800000|  0%| F|  |TAMS 0x00000000c9700000| PB 0x00000000c9700000| Untracked 
|  76|0x00000000c9800000, 0x00000000c9800000, 0x00000000c9900000|  0%| F|  |TAMS 0x00000000c9800000| PB 0x00000000c9800000| Untracked 
|  77|0x00000000c9900000, 0x00000000c9900000, 0x00000000c9a00000|  0%| F|  |TAMS 0x00000000c9900000| PB 0x00000000c9900000| Untracked 
|  78|0x00000000c9a00000, 0x00000000c9a00000, 0x00000000c9b00000|  0%| F|  |TAMS 0x00000000c9a00000| PB 0x00000000c9a00000| Untracked 
|  79|0x00000000c9b00000, 0x00000000c9b00000, 0x00000000c9c00000|  0%| F|  |TAMS 0x00000000c9b00000| PB 0x00000000c9b00000| Untracked 
|  80|0x00000000c9c00000, 0x00000000c9c00000, 0x00000000c9d00000|  0%| F|  |TAMS 0x00000000c9c00000| PB 0x00000000c9c00000| Untracked 
|  81|0x00000000c9d00000, 0x00000000c9d00000, 0x00000000c9e00000|  0%| F|  |TAMS 0x00000000c9d00000| PB 0x00000000c9d00000| Untracked 
|  82|0x00000000c9e00000, 0x00000000c9e00000, 0x00000000c9f00000|  0%| F|  |TAMS 0x00000000c9e00000| PB 0x00000000c9e00000| Untracked 
|  83|0x00000000c9f00000, 0x00000000c9f00000, 0x00000000ca000000|  0%| F|  |TAMS 0x00000000c9f00000| PB 0x00000000c9f00000| Untracked 
|  84|0x00000000ca000000, 0x00000000ca000000, 0x00000000ca100000|  0%| F|  |TAMS 0x00000000ca000000| PB 0x00000000ca000000| Untracked 
|  85|0x00000000ca100000, 0x00000000ca100000, 0x00000000ca200000|  0%| F|  |TAMS 0x00000000ca100000| PB 0x00000000ca100000| Untracked 
|  86|0x00000000ca200000, 0x00000000ca300000, 0x00000000ca300000|100%| S|CS|TAMS 0x00000000ca200000| PB 0x00000000ca200000| Complete 
|  87|0x00000000ca300000, 0x00000000ca400000, 0x00000000ca400000|100%| S|CS|TAMS 0x00000000ca300000| PB 0x00000000ca300000| Complete 
|  88|0x00000000ca400000, 0x00000000ca500000, 0x00000000ca500000|100%| S|CS|TAMS 0x00000000ca400000| PB 0x00000000ca400000| Complete 
|  89|0x00000000ca500000, 0x00000000ca600000, 0x00000000ca600000|100%| S|CS|TAMS 0x00000000ca500000| PB 0x00000000ca500000| Complete 
|  90|0x00000000ca600000, 0x00000000ca600000, 0x00000000ca700000|  0%| F|  |TAMS 0x00000000ca600000| PB 0x00000000ca600000| Untracked 
|  91|0x00000000ca700000, 0x00000000ca700000, 0x00000000ca800000|  0%| F|  |TAMS 0x00000000ca700000| PB 0x00000000ca700000| Untracked 
|  92|0x00000000ca800000, 0x00000000ca800000, 0x00000000ca900000|  0%| F|  |TAMS 0x00000000ca800000| PB 0x00000000ca800000| Untracked 
|  93|0x00000000ca900000, 0x00000000ca900000, 0x00000000caa00000|  0%| F|  |TAMS 0x00000000ca900000| PB 0x00000000ca900000| Untracked 
|  94|0x00000000caa00000, 0x00000000caa00000, 0x00000000cab00000|  0%| F|  |TAMS 0x00000000caa00000| PB 0x00000000caa00000| Untracked 
|  95|0x00000000cab00000, 0x00000000cab00000, 0x00000000cac00000|  0%| F|  |TAMS 0x00000000cab00000| PB 0x00000000cab00000| Untracked 
|  96|0x00000000cac00000, 0x00000000cac00000, 0x00000000cad00000|  0%| F|  |TAMS 0x00000000cac00000| PB 0x00000000cac00000| Untracked 
|  97|0x00000000cad00000, 0x00000000cad00000, 0x00000000cae00000|  0%| F|  |TAMS 0x00000000cad00000| PB 0x00000000cad00000| Untracked 
|  98|0x00000000cae00000, 0x00000000cae7a720, 0x00000000caf00000| 47%| E|  |TAMS 0x00000000cae00000| PB 0x00000000cae00000| Complete 
|  99|0x00000000caf00000, 0x00000000cb000000, 0x00000000cb000000|100%| E|CS|TAMS 0x00000000caf00000| PB 0x00000000caf00000| Complete 
| 100|0x00000000cb000000, 0x00000000cb100000, 0x00000000cb100000|100%| E|CS|TAMS 0x00000000cb000000| PB 0x00000000cb000000| Complete 
| 101|0x00000000cb100000, 0x00000000cb200000, 0x00000000cb200000|100%| E|  |TAMS 0x00000000cb100000| PB 0x00000000cb100000| Complete 
| 102|0x00000000cb200000, 0x00000000cb300000, 0x00000000cb300000|100%| E|CS|TAMS 0x00000000cb200000| PB 0x00000000cb200000| Complete 
| 103|0x00000000cb300000, 0x00000000cb400000, 0x00000000cb400000|100%| E|CS|TAMS 0x00000000cb300000| PB 0x00000000cb300000| Complete 
| 104|0x00000000cb400000, 0x00000000cb500000, 0x00000000cb500000|100%| E|CS|TAMS 0x00000000cb400000| PB 0x00000000cb400000| Complete 
| 105|0x00000000cb500000, 0x00000000cb600000, 0x00000000cb600000|100%| E|CS|TAMS 0x00000000cb500000| PB 0x00000000cb500000| Complete 
| 106|0x00000000cb600000, 0x00000000cb700000, 0x00000000cb700000|100%| E|CS|TAMS 0x00000000cb600000| PB 0x00000000cb600000| Complete 
| 107|0x00000000cb700000, 0x00000000cb800000, 0x00000000cb800000|100%| E|CS|TAMS 0x00000000cb700000| PB 0x00000000cb700000| Complete 
| 108|0x00000000cb800000, 0x00000000cb900000, 0x00000000cb900000|100%| E|CS|TAMS 0x00000000cb800000| PB 0x00000000cb800000| Complete 
| 109|0x00000000cb900000, 0x00000000cba00000, 0x00000000cba00000|100%| E|CS|TAMS 0x00000000cb900000| PB 0x00000000cb900000| Complete 
| 110|0x00000000cba00000, 0x00000000cbb00000, 0x00000000cbb00000|100%| E|CS|TAMS 0x00000000cba00000| PB 0x00000000cba00000| Complete 
| 111|0x00000000cbb00000, 0x00000000cbc00000, 0x00000000cbc00000|100%| E|CS|TAMS 0x00000000cbb00000| PB 0x00000000cbb00000| Complete 
| 112|0x00000000cbc00000, 0x00000000cbd00000, 0x00000000cbd00000|100%| E|CS|TAMS 0x00000000cbc00000| PB 0x00000000cbc00000| Complete 
| 944|0x00000000ffc00000, 0x00000000ffd00000, 0x00000000ffd00000|100%| E|CS|TAMS 0x00000000ffc00000| PB 0x00000000ffc00000| Complete 
| 945|0x00000000ffd00000, 0x00000000ffe00000, 0x00000000ffe00000|100%| O|  |TAMS 0x00000000ffd00000| PB 0x00000000ffd00000| Untracked 
| 946|0x00000000ffe00000, 0x00000000fff00000, 0x00000000fff00000|100%| E|CS|TAMS 0x00000000ffe00000| PB 0x00000000ffe00000| Complete 
| 947|0x00000000fff00000, 0x0000000100000000, 0x0000000100000000|100%| O|  |TAMS 0x00000000fff00000| PB 0x00000000fff00000| Untracked 

Card table byte_map: [0x000001b21d5e0000,0x000001b21d7c0000] _byte_map_base: 0x000001b21cfba000

Marking Bits: (CMBitMap*) 0x000001b20b2f0c00
 Bits: [0x000001b21d7c0000, 0x000001b21e690000)

Polling page: 0x000001b209260000

Metaspace:

Usage:
  Non-class:     75.53 MB used.
      Class:      9.30 MB used.
       Both:     84.83 MB used.

Virtual space:
  Non-class space:      128.00 MB reserved,      75.94 MB ( 59%) committed,  2 nodes.
      Class space:        1.00 GB reserved,       9.62 MB ( <1%) committed,  1 nodes.
             Both:        1.12 GB reserved,      85.56 MB (  7%) committed. 

Chunk freelists:
   Non-Class:  3.78 MB
       Class:  6.38 MB
        Both:  10.16 MB

MaxMetaspaceSize: unlimited
CompressedClassSpaceSize: 1.00 GB
Initial GC threshold: 21.00 MB
Current GC threshold: 135.44 MB
CDS: off
 - commit_granule_bytes: 65536.
 - commit_granule_words: 8192.
 - virtual_space_node_default_size: 8388608.
 - enlarge_chunks_in_place: 1.
 - use_allocation_guard: 0.


Internal statistics:

num_allocs_failed_limit: 6.
num_arena_births: 1330.
num_arena_deaths: 0.
num_vsnodes_births: 3.
num_vsnodes_deaths: 0.
num_space_committed: 1367.
num_space_uncommitted: 0.
num_chunks_returned_to_freelist: 6.
num_chunks_taken_from_freelist: 4342.
num_chunk_merges: 6.
num_chunk_splits: 3322.
num_chunks_enlarged: 2631.
num_inconsistent_stats: 0.

CodeHeap 'non-profiled nmethods': size=120000Kb used=7107Kb max_used=7379Kb free=112892Kb
 bounds [0x000001b215ed0000, 0x000001b216620000, 0x000001b21d400000]
CodeHeap 'profiled nmethods': size=120000Kb used=37882Kb max_used=37882Kb free=82117Kb
 bounds [0x000001b20e400000, 0x000001b210940000, 0x000001b215930000]
CodeHeap 'non-nmethods': size=5760Kb used=1934Kb max_used=1990Kb free=3825Kb
 bounds [0x000001b215930000, 0x000001b215ba0000, 0x000001b215ed0000]
 total_blobs=13184 nmethods=12434 adapters=651
 compilation: enabled
              stopped_count=0, restarted_count=0
 full_count=0

Compilation events (20 events):
Event: 15.475 Thread 0x000001b220bcb520 nmethod 14342 0x000001b210908f10 code [0x000001b2109091c0, 0x000001b210909e08]
Event: 15.475 Thread 0x000001b220bcb520 14343       3       org.jetbrains.kotlin.backend.common.lower.loops.handlers.CharSequenceIterationHandler::<init> (13 bytes)
Event: 15.476 Thread 0x000001b220bcb520 nmethod 14343 0x000001b21090a310 code [0x000001b21090a5a0, 0x000001b21090b0c8]
Event: 15.476 Thread 0x000001b220bcb520 14345       3       org.jetbrains.kotlin.ir.IrElementsKt::transformStatement (33 bytes)
Event: 15.477 Thread 0x000001b220bcb520 nmethod 14345 0x000001b21090b510 code [0x000001b21090b820, 0x000001b21090c7d0]
Event: 15.478 Thread 0x000001b220bcb520 14346       3       org.jetbrains.kotlin.backend.common.lower.SharedVariablesLowering$SharedVariablesTransformer$collectSharedVariables$1::visitExpression (13 bytes)
Event: 15.479 Thread 0x000001b220bcb520 nmethod 14346 0x000001b21090cd90 code [0x000001b21090d060, 0x000001b21090ddf0]
Event: 15.481 Thread 0x000001b220bcb520 14347       3       org.jetbrains.kotlin.backend.common.lower.LocalDeclarationsLowering$LocalDeclarationsTransformer$collectLocalDeclarations$1::visitDeclarationReference (13 bytes)
Event: 15.482 Thread 0x000001b220bcb520 nmethod 14347 0x000001b21090e290 code [0x000001b21090e500, 0x000001b21090eef0]
Event: 15.482 Thread 0x000001b220bcb520 14348       3       org.jetbrains.kotlin.backend.common.lower.LocalDeclarationsLowering$LocalDeclarationsTransformer$collectLocalDeclarations$1::visitDeclarationReference (8 bytes)
Event: 15.483 Thread 0x000001b220bcb520 nmethod 14348 0x000001b21090f290 code [0x000001b21090f540, 0x000001b2109100a0]
Event: 15.485 Thread 0x000001b220bcb520 14349       3       org.jetbrains.kotlin.ir.declarations.impl.IrFieldImpl::getParent (17 bytes)
Event: 15.486 Thread 0x000001b220bcb520 nmethod 14349 0x000001b210910510 code [0x000001b2109107a0, 0x000001b210911158]
Event: 15.487 Thread 0x000001b220bcb520 14350       3       kotlin.collections.CollectionsKt__ReversedViewsKt::access$reversePositionIndex (6 bytes)
Event: 15.487 Thread 0x000001b220bcb520 nmethod 14350 0x000001b20ed5d390 code [0x000001b20ed5d540, 0x000001b20ed5d658]
Event: 15.487 Thread 0x000001b220bcb520 14351       3       org.jetbrains.kotlin.backend.common.BodyLoweringVisitor::visitFieldAccess (13 bytes)
Event: 15.488 Thread 0x000001b220bcb520 nmethod 14351 0x000001b210911510 code [0x000001b2109117c0, 0x000001b210912440]
Event: 15.488 Thread 0x000001b220bcb520 14352       3       org.jetbrains.kotlin.backend.common.BodyLoweringVisitor::visitFieldAccess (8 bytes)
Event: 15.489 Thread 0x000001b220bcb520 nmethod 14352 0x000001b210912890 code [0x000001b210912b60, 0x000001b210913918]
Event: 15.489 Thread 0x000001b220bcb520 14353       3       org.jetbrains.kotlin.backend.common.BodyLoweringVisitor::visitClass (168 bytes)

GC Heap History (20 events):
Event: 7.354 GC heap before
{Heap before GC invocations=19 (full 0):
 garbage-first heap   total 76800K, used 60928K [0x00000000c4c00000, 0x0000000100000000)
  region size 1024K, 18 young (18432K), 3 survivors (3072K)
 Metaspace       used 60051K, committed 60736K, reserved 1114112K
  class space    used 6996K, committed 7360K, reserved 1048576K
}
Event: 7.360 GC heap after
{Heap after GC invocations=20 (full 0):
 garbage-first heap   total 76800K, used 47564K [0x00000000c4c00000, 0x0000000100000000)
  region size 1024K, 2 young (2048K), 2 survivors (2048K)
 Metaspace       used 60051K, committed 60736K, reserved 1114112K
  class space    used 6996K, committed 7360K, reserved 1048576K
}
Event: 7.618 GC heap before
{Heap before GC invocations=20 (full 0):
 garbage-first heap   total 76800K, used 67020K [0x00000000c4c00000, 0x0000000100000000)
  region size 1024K, 21 young (21504K), 2 survivors (2048K)
 Metaspace       used 61208K, committed 61952K, reserved 1114112K
  class space    used 7152K, committed 7488K, reserved 1048576K
}
Event: 7.625 GC heap after
{Heap after GC invocations=21 (full 0):
 garbage-first heap   total 76800K, used 47731K [0x00000000c4c00000, 0x0000000100000000)
  region size 1024K, 3 young (3072K), 3 survivors (3072K)
 Metaspace       used 61208K, committed 61952K, reserved 1114112K
  class space    used 7152K, committed 7488K, reserved 1048576K
}
Event: 8.430 GC heap before
{Heap before GC invocations=21 (full 0):
 garbage-first heap   total 76800K, used 68211K [0x00000000c4c00000, 0x0000000100000000)
  region size 1024K, 23 young (23552K), 3 survivors (3072K)
 Metaspace       used 64173K, committed 64960K, reserved 1114112K
  class space    used 7491K, committed 7872K, reserved 1048576K
}
Event: 8.440 GC heap after
{Heap after GC invocations=22 (full 0):
 garbage-first heap   total 98304K, used 50144K [0x00000000c4c00000, 0x0000000100000000)
  region size 1024K, 3 young (3072K), 3 survivors (3072K)
 Metaspace       used 64173K, committed 64960K, reserved 1114112K
  class space    used 7491K, committed 7872K, reserved 1048576K
}
Event: 10.159 GC heap before
{Heap before GC invocations=23 (full 0):
 garbage-first heap   total 98304K, used 83936K [0x00000000c4c00000, 0x0000000100000000)
  region size 1024K, 36 young (36864K), 3 survivors (3072K)
 Metaspace       used 67139K, committed 67904K, reserved 1114112K
  class space    used 7710K, committed 8064K, reserved 1048576K
}
Event: 10.180 GC heap after
{Heap after GC invocations=24 (full 0):
 garbage-first heap   total 98304K, used 56165K [0x00000000c4c00000, 0x0000000100000000)
  region size 1024K, 5 young (5120K), 5 survivors (5120K)
 Metaspace       used 67139K, committed 67904K, reserved 1114112K
  class space    used 7710K, committed 8064K, reserved 1048576K
}
Event: 11.319 GC heap before
{Heap before GC invocations=24 (full 0):
 garbage-first heap   total 98304K, used 83813K [0x00000000c4c00000, 0x0000000100000000)
  region size 1024K, 32 young (32768K), 5 survivors (5120K)
 Metaspace       used 69079K, committed 69824K, reserved 1114112K
  class space    used 7843K, committed 8192K, reserved 1048576K
}
Event: 11.333 GC heap after
{Heap after GC invocations=25 (full 0):
 garbage-first heap   total 98304K, used 59790K [0x00000000c4c00000, 0x0000000100000000)
  region size 1024K, 4 young (4096K), 4 survivors (4096K)
 Metaspace       used 69079K, committed 69824K, reserved 1114112K
  class space    used 7843K, committed 8192K, reserved 1048576K
}
Event: 12.420 GC heap before
{Heap before GC invocations=25 (full 0):
 garbage-first heap   total 98304K, used 86414K [0x00000000c4c00000, 0x0000000100000000)
  region size 1024K, 30 young (30720K), 4 survivors (4096K)
 Metaspace       used 69916K, committed 70720K, reserved 1114112K
  class space    used 7887K, committed 8256K, reserved 1048576K
}
Event: 12.436 GC heap after
{Heap after GC invocations=26 (full 0):
 garbage-first heap   total 98304K, used 63739K [0x00000000c4c00000, 0x0000000100000000)
  region size 1024K, 4 young (4096K), 4 survivors (4096K)
 Metaspace       used 69916K, committed 70720K, reserved 1114112K
  class space    used 7887K, committed 8256K, reserved 1048576K
}
Event: 12.984 GC heap before
{Heap before GC invocations=27 (full 0):
 garbage-first heap   total 107520K, used 87291K [0x00000000c4c00000, 0x0000000100000000)
  region size 1024K, 27 young (27648K), 4 survivors (4096K)
 Metaspace       used 72979K, committed 73728K, reserved 1114112K
  class space    used 8186K, committed 8512K, reserved 1048576K
}
Event: 12.993 GC heap after
{Heap after GC invocations=28 (full 0):
 garbage-first heap   total 107520K, used 65211K [0x00000000c4c00000, 0x0000000100000000)
  region size 1024K, 2 young (2048K), 2 survivors (2048K)
 Metaspace       used 72979K, committed 73728K, reserved 1114112K
  class space    used 8186K, committed 8512K, reserved 1048576K
}
Event: 13.839 GC heap before
{Heap before GC invocations=28 (full 0):
 garbage-first heap   total 107520K, used 94907K [0x00000000c4c00000, 0x0000000100000000)
  region size 1024K, 32 young (32768K), 2 survivors (2048K)
 Metaspace       used 76812K, committed 77632K, reserved 1179648K
  class space    used 8519K, committed 8896K, reserved 1048576K
}
Event: 13.855 GC heap after
{Heap after GC invocations=29 (full 0):
 garbage-first heap   total 107520K, used 67930K [0x00000000c4c00000, 0x0000000100000000)
  region size 1024K, 4 young (4096K), 4 survivors (4096K)
 Metaspace       used 76812K, committed 77632K, reserved 1179648K
  class space    used 8519K, committed 8896K, reserved 1048576K
}
Event: 14.553 GC heap before
{Heap before GC invocations=29 (full 0):
 garbage-first heap   total 107520K, used 96602K [0x00000000c4c00000, 0x0000000100000000)
  region size 1024K, 32 young (32768K), 4 survivors (4096K)
 Metaspace       used 82242K, committed 83008K, reserved 1179648K
  class space    used 9068K, committed 9408K, reserved 1048576K
}
Event: 14.568 GC heap after
{Heap after GC invocations=30 (full 0):
 garbage-first heap   total 107520K, used 70890K [0x00000000c4c00000, 0x0000000100000000)
  region size 1024K, 3 young (3072K), 3 survivors (3072K)
 Metaspace       used 82242K, committed 83008K, reserved 1179648K
  class space    used 9068K, committed 9408K, reserved 1048576K
}
Event: 15.092 GC heap before
{Heap before GC invocations=31 (full 0):
 garbage-first heap   total 119808K, used 96490K [0x00000000c4c00000, 0x0000000100000000)
  region size 1024K, 28 young (28672K), 3 survivors (3072K)
 Metaspace       used 84434K, committed 85184K, reserved 1179648K
  class space    used 9267K, committed 9600K, reserved 1048576K
}
Event: 15.105 GC heap after
{Heap after GC invocations=32 (full 0):
 garbage-first heap   total 119808K, used 75112K [0x00000000c4c00000, 0x0000000100000000)
  region size 1024K, 4 young (4096K), 4 survivors (4096K)
 Metaspace       used 84434K, committed 85184K, reserved 1179648K
  class space    used 9267K, committed 9600K, reserved 1048576K
}

Dll operation events (3 events):
Event: 0.019 Loaded shared library C:\Program Files\Android\Android Studio\jbr\bin\java.dll
Event: 0.025 Loaded shared library C:\Program Files\Android\Android Studio\jbr\bin\zip.dll
Event: 1.836 Loaded shared library C:\Program Files\Android\Android Studio\jbr\bin\verify.dll

Deoptimization events (20 events):
Event: 15.423 Thread 0x000001b209012230 Uncommon trap: trap_request=0xffffff76 fr.pc=0x000001b2161ce10c relative=0x00000000000021cc
Event: 15.423 Thread 0x000001b209012230 Uncommon trap: reason=predicate action=maybe_recompile pc=0x000001b2161ce10c method=org.jetbrains.kotlin.ir.util.TransformKt.transformIfNeeded(Ljava/util/List;Lorg/jetbrains/kotlin/ir/visitors/IrElementTransformer;Ljava/lang/Object;)Ljava/util/List; @ 32 
Event: 15.423 Thread 0x000001b209012230 DEOPT PACKING pc=0x000001b2161ce10c sp=0x0000001b0d5fcfb0
Event: 15.423 Thread 0x000001b209012230 DEOPT UNPACKING pc=0x000001b215987da2 sp=0x0000001b0d5fcf40 mode 2
Event: 15.423 Thread 0x000001b209012230 Uncommon trap: trap_request=0xffffff76 fr.pc=0x000001b21638c78c relative=0x0000000000000a2c
Event: 15.423 Thread 0x000001b209012230 Uncommon trap: reason=predicate action=maybe_recompile pc=0x000001b21638c78c method=org.jetbrains.kotlin.ir.declarations.IrFunction.acceptChildren(Lorg/jetbrains/kotlin/ir/visitors/IrElementVisitor;Ljava/lang/Object;)V @ 129 c2
Event: 15.423 Thread 0x000001b209012230 DEOPT PACKING pc=0x000001b21638c78c sp=0x0000001b0d5fcfd0
Event: 15.423 Thread 0x000001b209012230 DEOPT UNPACKING pc=0x000001b215987da2 sp=0x0000001b0d5fcf58 mode 2
Event: 15.446 Thread 0x000001b209012230 Uncommon trap: trap_request=0xffffff45 fr.pc=0x000001b2164c2974 relative=0x0000000000000234
Event: 15.446 Thread 0x000001b209012230 Uncommon trap: reason=unstable_if action=reinterpret pc=0x000001b2164c2974 method=kotlin.text.StringsKt__StringsKt.substringAfter(Ljava/lang/String;Ljava/lang/String;Ljava/lang/String;)Ljava/lang/String; @ 36 c2
Event: 15.446 Thread 0x000001b209012230 DEOPT PACKING pc=0x000001b2164c2974 sp=0x0000001b0d5faf50
Event: 15.446 Thread 0x000001b209012230 DEOPT UNPACKING pc=0x000001b215987da2 sp=0x0000001b0d5faee0 mode 2
Event: 15.450 Thread 0x000001b209012230 Uncommon trap: trap_request=0xffffffc6 fr.pc=0x000001b2160ddb98 relative=0x0000000000000438
Event: 15.450 Thread 0x000001b209012230 Uncommon trap: reason=bimorphic_or_optimized_type_check action=maybe_recompile pc=0x000001b2160ddb98 method=org.jetbrains.kotlin.ir.declarations.IrDeclarationsKt.isSingleFieldValueClass(Lorg/jetbrains/kotlin/ir/declarations/IrClass;)Z @ 7 c2
Event: 15.450 Thread 0x000001b209012230 DEOPT PACKING pc=0x000001b2160ddb98 sp=0x0000001b0d5fbbd0
Event: 15.450 Thread 0x000001b209012230 DEOPT UNPACKING pc=0x000001b215987da2 sp=0x0000001b0d5fbbb0 mode 2
Event: 15.476 Thread 0x000001b209012230 Uncommon trap: trap_request=0xffffffc6 fr.pc=0x000001b2160ddb98 relative=0x0000000000000438
Event: 15.476 Thread 0x000001b209012230 Uncommon trap: reason=bimorphic_or_optimized_type_check action=maybe_recompile pc=0x000001b2160ddb98 method=org.jetbrains.kotlin.ir.declarations.IrDeclarationsKt.isSingleFieldValueClass(Lorg/jetbrains/kotlin/ir/declarations/IrClass;)Z @ 7 c2
Event: 15.476 Thread 0x000001b209012230 DEOPT PACKING pc=0x000001b2160ddb98 sp=0x0000001b0d5fc1b0
Event: 15.476 Thread 0x000001b209012230 DEOPT UNPACKING pc=0x000001b215987da2 sp=0x0000001b0d5fc190 mode 2

Classes loaded (20 events):
Event: 12.877 Loading class jdk/internal/math/FloatingDecimal$1
Event: 12.877 Loading class jdk/internal/math/FloatingDecimal$1 done
Event: 12.877 Loading class jdk/internal/math/FloatingDecimal$PreparedASCIIToBinaryBuffer
Event: 12.877 Loading class jdk/internal/math/FloatingDecimal$ASCIIToBinaryConverter
Event: 12.877 Loading class jdk/internal/math/FloatingDecimal$ASCIIToBinaryConverter done
Event: 12.877 Loading class jdk/internal/math/FloatingDecimal$PreparedASCIIToBinaryBuffer done
Event: 12.877 Loading class jdk/internal/math/FloatingDecimal$ASCIIToBinaryBuffer
Event: 12.877 Loading class jdk/internal/math/FloatingDecimal$ASCIIToBinaryBuffer done
Event: 12.890 Loading class java/lang/invoke/DirectMethodHandle$1
Event: 12.890 Loading class java/lang/invoke/DirectMethodHandle$1 done
Event: 12.899 Loading class java/text/FieldPosition
Event: 12.899 Loading class java/text/FieldPosition done
Event: 12.899 Loading class java/util/Date
Event: 12.900 Loading class java/util/Date done
Event: 12.900 Loading class java/text/MessageFormat$Field
Event: 12.900 Loading class java/text/Format$Field
Event: 12.900 Loading class java/text/AttributedCharacterIterator$Attribute
Event: 12.900 Loading class java/text/AttributedCharacterIterator$Attribute done
Event: 12.900 Loading class java/text/Format$Field done
Event: 12.900 Loading class java/text/MessageFormat$Field done

Classes unloaded (0 events):
No events

Classes redefined (0 events):
No events

Internal exceptions (20 events):
Event: 7.768 Thread 0x000001b209012230 Implicit null exception at 0x000001b21621cb9f to 0x000001b21621e018
Event: 7.768 Thread 0x000001b209012230 Implicit null exception at 0x000001b216202069 to 0x000001b21620281e
Event: 7.782 Thread 0x000001b209012230 Exception <a 'java/lang/NoSuchMethodError'{0x00000000c8f56c30}: 'java.lang.Object java.lang.invoke.DirectMethodHandle$Holder.invokeInterface(java.lang.Object, java.lang.Object, java.lang.Object)'> (0x00000000c8f56c30) 
thrown [s\src\hotspot\share\interpreter\linkResolver.cpp, line 784]
Event: 7.782 Thread 0x000001b209012230 Exception <a 'java/lang/IncompatibleClassChangeError'{0x00000000c8f5a2d8}: Found class java.lang.Object, but interface was expected> (0x00000000c8f5a2d8) 
thrown [s\src\hotspot\share\interpreter\linkResolver.cpp, line 851]
Event: 7.916 Thread 0x000001b209012230 Exception <a 'java/lang/NoSuchMethodError'{0x00000000c8d69868}: 'int java.lang.invoke.DirectMethodHandle$Holder.invokeStaticInit(java.lang.Object, int)'> (0x00000000c8d69868) 
thrown [s\src\hotspot\share\interpreter\linkResolver.cpp, line 784]
Event: 8.025 Thread 0x000001b209012230 Exception <a 'java/lang/NoSuchMethodError'{0x00000000c8b10b38}: 'java.lang.Object java.lang.invoke.DirectMethodHandle$Holder.newInvokeSpecial(java.lang.Object, int, java.lang.Object, java.lang.Object)'> (0x00000000c8b10b38) 
thrown [s\src\hotspot\share\interpreter\linkResolver.cpp, line 784]
Event: 8.253 Thread 0x000001b209012230 Implicit null exception at 0x000001b2162108ca to 0x000001b216210b1c
Event: 8.411 Thread 0x000001b209012230 Exception <a 'java/lang/NoSuchMethodError'{0x00000000c815a4c0}: 'void java.lang.invoke.DirectMethodHandle$Holder.invokeSpecial(java.lang.Object, java.lang.Object, int, java.lang.Object)'> (0x00000000c815a4c0) 
thrown [s\src\hotspot\share\interpreter\linkResolver.cpp, line 784]
Event: 8.590 Thread 0x000001b209012230 Exception <a 'java/lang/IncompatibleClassChangeError'{0x00000000ca774b68}: Found class java.lang.Object, but interface was expected> (0x00000000ca774b68) 
thrown [s\src\hotspot\share\interpreter\linkResolver.cpp, line 851]
Event: 9.560 Thread 0x000001b209012230 Exception <a 'java/lang/NoSuchMethodError'{0x00000000c9188068}: 'java.lang.Object java.lang.invoke.DirectMethodHandle$Holder.invokeStatic(java.lang.Object, int, java.lang.Object)'> (0x00000000c9188068) 
thrown [s\src\hotspot\share\interpreter\linkResolver.cpp, line 784]
Event: 12.189 Thread 0x000001b209012230 Implicit null exception at 0x000001b216492232 to 0x000001b2164949c3
Event: 12.843 Thread 0x000001b209012230 Exception <a 'java/lang/NoSuchMethodError'{0x00000000ca49afb0}: 'int java.lang.invoke.Invokers$Holder.invokeExact_MT(java.lang.Object, java.lang.Object, java.lang.Object)'> (0x00000000ca49afb0) 
thrown [s\src\hotspot\share\interpreter\linkResolver.cpp, line 784]
Event: 12.844 Thread 0x000001b209012230 Exception <a 'java/lang/NoSuchMethodError'{0x00000000ca49f6e8}: 'void java.lang.invoke.Invokers$Holder.invokeExact_MT(java.lang.Object, java.lang.Object, java.lang.Object, java.lang.Object)'> (0x00000000ca49f6e8) 
thrown [s\src\hotspot\share\interpreter\linkResolver.cpp, line 784]
Event: 12.853 Thread 0x000001b209012230 Implicit null exception at 0x000001b216483049 to 0x000001b2164838ac
Event: 12.867 Thread 0x000001b209012230 Exception <a 'java/lang/NoSuchMethodError'{0x00000000ca3c2b20}: 'java.lang.Object java.lang.invoke.DirectMethodHandle$Holder.invokeStaticInit(java.lang.Object, java.lang.Object, java.lang.Object, java.lang.Object)'> (0x00000000ca3c2b20) 
thrown [s\src\hotspot\share\interpreter\linkResolver.cpp, line 784]
Event: 13.090 Thread 0x000001b209012230 Exception <a 'java/lang/NoSuchMethodError'{0x00000000cabd05e0}: 'java.lang.Object java.lang.invoke.DirectMethodHandle$Holder.newInvokeSpecial(java.lang.Object, java.lang.Object, java.lang.Object, int, int)'> (0x00000000cabd05e0) 
thrown [s\src\hotspot\share\interpreter\linkResolver.cpp, line 784]
Event: 13.090 Thread 0x000001b209012230 Exception <a 'java/lang/NoSuchMethodError'{0x00000000cabd41c0}: 'java.lang.Object java.lang.invoke.DirectMethodHandle$Holder.invokeSpecial(java.lang.Object, java.lang.Object, java.lang.Object, java.lang.Object, int, int)'> (0x00000000cabd41c0) 
thrown [s\src\hotspot\share\interpreter\linkResolver.cpp, line 784]
Event: 13.121 Thread 0x000001b209012230 Exception <a 'java/lang/NoSuchMethodError'{0x00000000ca9825b0}: 'java.lang.Object java.lang.invoke.DirectMethodHandle$Holder.invokeSpecial(java.lang.Object, java.lang.Object, int, int, java.lang.Object, java.lang.Object, java.lang.Object, java.lang.Object, java.lang.Object)'> (0x00000000ca9825b0) 
thrown [s\src\hotspot\share\interpreter\linkResolver.cpp, line 784]
Event: 13.727 Thread 0x000001b209012230 Implicit null exception at 0x000001b215f49da0 to 0x000001b215f4a020
Event: 15.233 Thread 0x000001b209012230 Implicit null exception at 0x000001b216191be0 to 0x000001b216191e2a

ZGC Phase Switch (0 events):
No events

VM Operations (20 events):
Event: 15.153 Executing VM operation: HandshakeAllThreads (Deoptimize)
Event: 15.153 Executing VM operation: HandshakeAllThreads (Deoptimize) done
Event: 15.216 Executing VM operation: HandshakeAllThreads (Deoptimize)
Event: 15.216 Executing VM operation: HandshakeAllThreads (Deoptimize) done
Event: 15.230 Executing VM operation: HandshakeAllThreads (Deoptimize)
Event: 15.230 Executing VM operation: HandshakeAllThreads (Deoptimize) done
Event: 15.244 Executing VM operation: ICBufferFull
Event: 15.245 Executing VM operation: ICBufferFull done
Event: 15.316 Executing VM operation: ICBufferFull
Event: 15.316 Executing VM operation: ICBufferFull done
Event: 15.324 Executing VM operation: HandshakeAllThreads (Deoptimize)
Event: 15.324 Executing VM operation: HandshakeAllThreads (Deoptimize) done
Event: 15.326 Executing VM operation: HandshakeAllThreads (Deoptimize)
Event: 15.326 Executing VM operation: HandshakeAllThreads (Deoptimize) done
Event: 15.424 Executing VM operation: ICBufferFull
Event: 15.424 Executing VM operation: ICBufferFull done
Event: 15.445 Executing VM operation: HandshakeAllThreads (Deoptimize)
Event: 15.445 Executing VM operation: HandshakeAllThreads (Deoptimize) done
Event: 15.461 Executing VM operation: HandshakeAllThreads (Deoptimize)
Event: 15.461 Executing VM operation: HandshakeAllThreads (Deoptimize) done

Memory protections (0 events):
No events

Nmethod flushes (20 events):
Event: 14.736 Thread 0x000001b20b37e210 flushing  nmethod 0x000001b20f53af90
Event: 14.736 Thread 0x000001b20b37e210 flushing  nmethod 0x000001b20f570290
Event: 14.736 Thread 0x000001b20b37e210 flushing  nmethod 0x000001b20f570a10
Event: 14.736 Thread 0x000001b20b37e210 flushing  nmethod 0x000001b20f5a5c10
Event: 14.736 Thread 0x000001b20b37e210 flushing  nmethod 0x000001b20f5d2690
Event: 14.736 Thread 0x000001b20b37e210 flushing  nmethod 0x000001b20f62c310
Event: 14.736 Thread 0x000001b20b37e210 flushing  nmethod 0x000001b20f62d090
Event: 14.736 Thread 0x000001b20b37e210 flushing  nmethod 0x000001b20f668710
Event: 14.736 Thread 0x000001b20b37e210 flushing  nmethod 0x000001b20f66c310
Event: 14.736 Thread 0x000001b20b37e210 flushing  nmethod 0x000001b20f6b3090
Event: 14.736 Thread 0x000001b20b37e210 flushing  nmethod 0x000001b20f73dc10
Event: 14.736 Thread 0x000001b20b37e210 flushing  nmethod 0x000001b20f860090
Event: 14.736 Thread 0x000001b20b37e210 flushing  nmethod 0x000001b20f8a6f90
Event: 14.736 Thread 0x000001b20b37e210 flushing  nmethod 0x000001b20fabbd10
Event: 14.736 Thread 0x000001b20b37e210 flushing  nmethod 0x000001b20fc72b90
Event: 14.736 Thread 0x000001b20b37e210 flushing  nmethod 0x000001b20fcf1e90
Event: 14.736 Thread 0x000001b20b37e210 flushing  nmethod 0x000001b20fd72910
Event: 14.736 Thread 0x000001b20b37e210 flushing  nmethod 0x000001b20fd73490
Event: 14.736 Thread 0x000001b20b37e210 flushing  nmethod 0x000001b20fe71810
Event: 14.736 Thread 0x000001b20b37e210 flushing  nmethod 0x000001b20ffdc710

Events (20 events):
Event: 0.024 Thread 0x000001b209012230 Thread added: 0x000001b209012230
Event: 0.074 Thread 0x000001b209012230 Thread added: 0x000001b2250105a0
Event: 0.075 Thread 0x000001b209012230 Thread added: 0x000001b220bb27c0
Event: 0.076 Thread 0x000001b209012230 Thread added: 0x000001b220bbe6c0
Event: 0.076 Thread 0x000001b209012230 Thread added: 0x000001b220bbee90
Event: 0.076 Thread 0x000001b209012230 Thread added: 0x000001b220bc1910
Event: 0.077 Thread 0x000001b209012230 Thread added: 0x000001b2250210a0
Event: 0.077 Thread 0x000001b209012230 Thread added: 0x000001b220bc8e60
Event: 0.077 Thread 0x000001b209012230 Thread added: 0x000001b220bcb520
Event: 0.129 Thread 0x000001b209012230 Thread added: 0x000001b2250e0110
Event: 0.135 Thread 0x000001b209012230 Thread added: 0x000001b2250e1b50
Event: 0.145 Loaded shared library C:\Program Files\Android\Android Studio\jbr\bin\net.dll
Event: 0.147 Loaded shared library C:\Program Files\Android\Android Studio\jbr\bin\nio.dll
Event: 0.173 Thread 0x000001b220bc8e60 Thread added: 0x000001b2252474a0
Event: 0.183 Loaded shared library C:\Program Files\Android\Android Studio\jbr\bin\zip.dll
Event: 0.218 Loaded shared library C:\Program Files\Android\Android Studio\jbr\bin\jimage.dll
Event: 1.927 Thread 0x000001b2252474a0 Thread exited: 0x000001b2252474a0
Event: 2.053 Thread 0x000001b220bcb520 Thread added: 0x000001b22740ee60
Event: 2.839 Thread 0x000001b22740ee60 Thread exited: 0x000001b22740ee60
Event: 3.276 Thread 0x000001b220bcb520 Thread added: 0x000001b227cb22a0


Dynamic libraries:
0x00007ff7c23b0000 - 0x00007ff7c23ba000 	C:\Program Files\Android\Android Studio\jbr\bin\java.exe
0x00007ffb39b70000 - 0x00007ffb39d87000 	C:\WINDOWS\SYSTEM32\ntdll.dll
0x00007ffb38af0000 - 0x00007ffb38bb4000 	C:\WINDOWS\System32\KERNEL32.DLL
0x00007ffb36dd0000 - 0x00007ffb371a1000 	C:\WINDOWS\System32\KERNELBASE.dll
0x00007ffb371b0000 - 0x00007ffb372c1000 	C:\WINDOWS\System32\ucrtbase.dll
0x00007ffb1e3d0000 - 0x00007ffb1e3e8000 	C:\Program Files\Android\Android Studio\jbr\bin\jli.dll
0x00007ffb292c0000 - 0x00007ffb292db000 	C:\Program Files\Android\Android Studio\jbr\bin\VCRUNTIME140.dll
0x00007ffb390e0000 - 0x00007ffb39291000 	C:\WINDOWS\System32\USER32.dll
0x00007ffb376a0000 - 0x00007ffb376c6000 	C:\WINDOWS\System32\win32u.dll
0x00007ffb38d80000 - 0x00007ffb38da9000 	C:\WINDOWS\System32\GDI32.dll
0x00007ffb1e890000 - 0x00007ffb1eb22000 	C:\WINDOWS\WinSxS\amd64_microsoft.windows.common-controls_6595b64144ccf1df_6.0.22621.4830_none_270fe7d773858e80\COMCTL32.dll
0x00007ffb36cb0000 - 0x00007ffb36dcb000 	C:\WINDOWS\System32\gdi32full.dll
0x00007ffb37a10000 - 0x00007ffb37ab7000 	C:\WINDOWS\System32\msvcrt.dll
0x00007ffb37600000 - 0x00007ffb3769a000 	C:\WINDOWS\System32\msvcp_win.dll
0x00007ffb38cf0000 - 0x00007ffb38d21000 	C:\WINDOWS\System32\IMM32.DLL
0x00007ffb28bf0000 - 0x00007ffb28bfc000 	C:\Program Files\Android\Android Studio\jbr\bin\vcruntime140_1.dll
0x00007ffaf4b50000 - 0x00007ffaf4bdd000 	C:\Program Files\Android\Android Studio\jbr\bin\msvcp140.dll
0x00007ffad5c70000 - 0x00007ffad68f3000 	C:\Program Files\Android\Android Studio\jbr\bin\server\jvm.dll
0x00007ffb38c30000 - 0x00007ffb38ce1000 	C:\WINDOWS\System32\ADVAPI32.dll
0x00007ffb39440000 - 0x00007ffb394e7000 	C:\WINDOWS\System32\sechost.dll
0x00007ffb37490000 - 0x00007ffb374b8000 	C:\WINDOWS\System32\bcrypt.dll
0x00007ffb37b20000 - 0x00007ffb37c34000 	C:\WINDOWS\System32\RPCRT4.dll
0x00007ffb37c40000 - 0x00007ffb37cb1000 	C:\WINDOWS\System32\WS2_32.dll
0x00007ffb2e020000 - 0x00007ffb2e054000 	C:\WINDOWS\SYSTEM32\WINMM.dll
0x00007ffb369d0000 - 0x00007ffb36a1d000 	C:\WINDOWS\SYSTEM32\POWRPROF.dll
0x00007ffb2dc10000 - 0x00007ffb2dc1a000 	C:\WINDOWS\SYSTEM32\VERSION.dll
0x00007ffb369b0000 - 0x00007ffb369c3000 	C:\WINDOWS\SYSTEM32\UMPDC.dll
0x00007ffb35cc0000 - 0x00007ffb35cd8000 	C:\WINDOWS\SYSTEM32\kernel.appcore.dll
0x00007ffb28bc0000 - 0x00007ffb28bca000 	C:\Program Files\Android\Android Studio\jbr\bin\jimage.dll
0x00007ffb346c0000 - 0x00007ffb348f2000 	C:\WINDOWS\SYSTEM32\DBGHELP.DLL
0x00007ffb37ed0000 - 0x00007ffb38260000 	C:\WINDOWS\System32\combase.dll
0x00007ffb392b0000 - 0x00007ffb39387000 	C:\WINDOWS\System32\OLEAUT32.dll
0x00007ffb0c2a0000 - 0x00007ffb0c2d2000 	C:\WINDOWS\SYSTEM32\dbgcore.DLL
0x00007ffb37350000 - 0x00007ffb373cb000 	C:\WINDOWS\System32\bcryptPrimitives.dll
0x00007ffb28ad0000 - 0x00007ffb28af0000 	C:\Program Files\Android\Android Studio\jbr\bin\java.dll
0x00007ffb28ab0000 - 0x00007ffb28ac8000 	C:\Program Files\Android\Android Studio\jbr\bin\zip.dll
0x00007ffb38260000 - 0x00007ffb38ae8000 	C:\WINDOWS\System32\SHELL32.dll
0x00007ffb374c0000 - 0x00007ffb375ff000 	C:\WINDOWS\System32\wintypes.dll
0x00007ffb34bc0000 - 0x00007ffb354cc000 	C:\WINDOWS\SYSTEM32\windows.storage.dll
0x00007ffb38e30000 - 0x00007ffb38f3a000 	C:\WINDOWS\System32\SHCORE.dll
0x00007ffb37cc0000 - 0x00007ffb37d1e000 	C:\WINDOWS\System32\shlwapi.dll
0x00007ffb36be0000 - 0x00007ffb36c0b000 	C:\WINDOWS\SYSTEM32\profapi.dll
0x00007ffb28a40000 - 0x00007ffb28a50000 	C:\Program Files\Android\Android Studio\jbr\bin\net.dll
0x00007ffb2ded0000 - 0x00007ffb2dffc000 	C:\WINDOWS\SYSTEM32\WINHTTP.dll
0x00007ffb36120000 - 0x00007ffb3618a000 	C:\WINDOWS\system32\mswsock.dll
0x00007ffb28250000 - 0x00007ffb28266000 	C:\Program Files\Android\Android Studio\jbr\bin\nio.dll
0x00007ffb280b0000 - 0x00007ffb280c0000 	C:\Program Files\Android\Android Studio\jbr\bin\verify.dll

dbghelp: loaded successfully - version: 4.0.5 - missing functions: none
symbol engine: initialized successfully - sym options: 0x614 - pdb path: .;C:\Program Files\Android\Android Studio\jbr\bin;C:\WINDOWS\SYSTEM32;C:\WINDOWS\WinSxS\amd64_microsoft.windows.common-controls_6595b64144ccf1df_6.0.22621.4830_none_270fe7d773858e80;C:\Program Files\Android\Android Studio\jbr\bin\server

VM Arguments:
java_command: org.jetbrains.kotlin.cli.jvm.K2JVMCompiler @C:\Users\Graphic\AndroidStudioProjects\NewsApplication\app\build\20250306_14101988093126023000.compiler.options
java_class_path (initial): C:\Users\Graphic\.gradle\caches\modules-2\files-2.1\org.jetbrains.kotlin\kotlin-compiler-embeddable\1.9.0\2c8c3a7402becca891f12739b3e9fd2dc2adbd7a\kotlin-compiler-embeddable-1.9.0.jar;C:\Users\Graphic\.gradle\caches\modules-2\files-2.1\org.jetbrains.kotlin\kotlin-stdlib\1.9.0\8ee15ef0c67dc83d874f412d84378d7f0eb50b63\kotlin-stdlib-1.9.0.jar;C:\Users\Graphic\.gradle\caches\modules-2\files-2.1\org.jetbrains.kotlin\kotlin-script-runtime\1.9.0\4b3102cbbb7e1b58d9d1adf89563f00069ffa7d1\kotlin-script-runtime-1.9.0.jar;C:\Users\Graphic\.gradle\caches\modules-2\files-2.1\org.jetbrains.kotlin\kotlin-reflect\1.6.10\1cbe9c92c12a94eea200d23c2bbaedaf3daf5132\kotlin-reflect-1.6.10.jar;C:\Users\Graphic\.gradle\caches\modules-2\files-2.1\org.jetbrains.kotlin\kotlin-daemon-embeddable\1.9.0\186543f5e28cf8d9a0290fecc2cf34301c40a65c\kotlin-daemon-embeddable-1.9.0.jar;C:\Users\Graphic\.gradle\caches\modules-2\files-2.1\org.jetbrains.intellij.deps\trove4j\1.0.20200330\3afb14d5f9ceb459d724e907a21145e8ff394f02\trove4j-1.0.20200330.jar;C:\Users\Graphic\.gradle\caches\modules-2\files-2.1\org.jetbrains.kotlin\kotlin-stdlib-common\1.9.0\cd65c21cfd1eec4d44ef09f9f52b6d9f8a720636\kotlin-stdlib-common-1.9.0.jar;C:\Users\Graphic\.gradle\caches\modules-2\files-2.1\org.jetbrains\annotations\13.0\919f0dfe192fb4e063e7dacadee7f8bb9a2672a9\annotations-13.0.jar
Launcher Type: SUN_STANDARD

[Global flags]
     intx CICompilerCount                          = 3                                         {product} {ergonomic}
     uint ConcGCThreads                            = 1                                         {product} {ergonomic}
     uint G1ConcRefinementThreads                  = 4                                         {product} {ergonomic}
   size_t G1HeapRegionSize                         = 1048576                                   {product} {ergonomic}
    uintx GCDrainStackTargetSize                   = 64                                        {product} {ergonomic}
   size_t InitialHeapSize                          = 62914560                                  {product} {ergonomic}
   size_t MarkStackSize                            = 4194304                                   {product} {ergonomic}
   size_t MaxHeapSize                              = 994050048                                 {product} {ergonomic}
   size_t MaxNewSize                               = 595591168                                 {product} {ergonomic}
   size_t MinHeapDeltaBytes                        = 1048576                                   {product} {ergonomic}
   size_t MinHeapSize                              = 8388608                                   {product} {ergonomic}
    uintx NonNMethodCodeHeapSize                   = 5832780                                {pd product} {ergonomic}
    uintx NonProfiledCodeHeapSize                  = 122912730                              {pd product} {ergonomic}
    uintx ProfiledCodeHeapSize                     = 122912730                              {pd product} {ergonomic}
    uintx ReservedCodeCacheSize                    = 251658240                              {pd product} {ergonomic}
     bool SegmentedCodeCache                       = true                                      {product} {ergonomic}
   size_t SoftMaxHeapSize                          = 994050048                              {manageable} {ergonomic}
     bool UseCompressedOops                        = true                           {product lp64_product} {ergonomic}
     bool UseG1GC                                  = true                                      {product} {ergonomic}
     bool UseLargePagesIndividualAllocation        = false                                  {pd product} {ergonomic}

Logging:
Log output configuration:
 #0: stdout all=warning uptime,level,tags foldmultilines=false
 #1: stderr all=off uptime,level,tags foldmultilines=false

Environment Variables:
PATH=C:\WINDOWS\system32;C:\WINDOWS;C:\WINDOWS\System32\Wbem;C:\WINDOWS\System32\WindowsPowerShell\v1.0\;C:\WINDOWS\System32\OpenSSH\;C:\msys64\mingw64\bin;C:\MinGW\bin;C:\Program Files (x86)\Microsoft SQL Server\160\Tools\Binn\;C:\Program Files\Microsoft SQL Server\160\Tools\Binn\;C:\Program Files\Microsoft SQL Server\Client SDK\ODBC\170\Tools\Binn\;C:\Program Files\Microsoft SQL Server\160\DTS\Binn\;C:\Program Files (x86)\Microsoft SQL Server\160\DTS\Binn\;C:\Program Files\Azure Data Studio\bin;C:\Program Files\Git\cmd;C:\Program Files (x86)\Windows Kits\10\Windows Performance Toolkit\;C:\Users\Graphic\AppData\Local\Programs\Python\Launcher\;C:\Users\Graphic\AppData\Local\Microsoft\WindowsApps;C:\Program Files\Azure Data Studio\bin;C:\Program Files\JetBrains\IntelliJ IDEA 2024.1\bin;;C:\Program Files\JetBrains\IntelliJ IDEA Community Edition 2024.1\bin;;C:\Users\Graphic\Downloads\dartsdk-windows-x64-release.zip\dart-sdk\bin;C:\Program Files\JetBrains\PyCharm 2024.3.3\bin;;C:\Program Files\JetBrains\PyCharm Community Edition 2024.3.3\bin;
USERNAME=Graphic
OS=Windows_NT
PROCESSOR_IDENTIFIER=Intel64 Family 6 Model 140 Stepping 1, GenuineIntel
TMP=C:\Users\Graphic\AppData\Local\Temp
TEMP=C:\Users\Graphic\AppData\Local\Temp




Periodic native trim disabled

JNI global refs:
JNI global refs: 12, weak refs: 12

JNI global refs memory usage: 835, weak refs: 833

Process memory usage:
Resident Set Size: 372580K (9% of 3881580K total physical memory with 457320K free physical memory)

OOME stack traces (most recent first):
Classloader memory used:
Loader jdk.internal.loader.ClassLoaders$AppClassLoader                                 : 73873K
Loader bootstrap                                                                       : 13001K

---------------  S Y S T E M  ---------------

OS:
 Windows 11 , 64 bit Build 22621 (10.0.22621.4974)
OS uptime: 8 days 4:45 hours
Hyper-V role detected

CPU: total 4 (initial active 4) (2 cores per cpu, 2 threads per core) family 6 model 140 stepping 1 microcode 0xa4, cx8, cmov, fxsr, ht, mmx, 3dnowpref, sse, sse2, sse3, ssse3, sse4.1, sse4.2, popcnt, lzcnt, tsc, tscinvbit, avx, avx2, aes, erms, clmul, bmi1, bmi2, adx, avx512f, avx512dq, avx512cd, avx512bw, avx512vl, sha, fma, vzeroupper, avx512_vpopcntdq, avx512_vpclmulqdq, avx512_vaes, avx512_vnni, clflush, clflushopt, clwb, avx512_vbmi2, avx512_vbmi, hv, rdtscp, rdpid, fsrm, gfni, avx512_bitalg, f16c, cet_ibt, cet_ss, avx512_ifma
Processor Information for all 4 processors :
  Max Mhz: 2995, Current Mhz: 2995, Mhz Limit: 2995

Memory: 4k page, system-wide physical 3790M (442M free)
TotalPageFile size 15566M (AvailPageFile size 9M)
current process WorkingSet (physical memory assigned to process): 364M, peak: 367M
current process commit charge ("private bytes"): 393M, peak: 397M

vm_info: OpenJDK 64-Bit Server VM (21.0.4+-12508038-b607.1) for windows-amd64 JRE (21.0.4+-12508038-b607.1), built on 2024-10-16T17:23:34Z by "builder" with MS VC++ 16.10 / 16.11 (VS2019)

END.
