#
# There is insufficient memory for the Java Runtime Environment to continue.
# Native memory allocation (mmap) failed to map 36700160 bytes. Error detail: G1 virtual space
# Possible reasons:
#   The system is out of physical RAM or swap space
#   This process is running with CompressedOops enabled, and the Java Heap may be blocking the growth of the native heap
# Possible solutions:
#   Reduce memory load on the system
#   Increase physical memory or swap space
#   Check if swap backing store is full
#   Decrease Java heap size (-Xmx/-Xms)
#   Decrease number of Java threads
#   Decrease Java thread stack sizes (-Xss)
#   Set larger code cache with -XX:ReservedCodeCacheSize=
#   JVM is running with Unscaled Compressed Oops mode in which the Java heap is
#     placed in the first 4GB address space. The Java Heap base address is the
#     maximum limit for the native heap growth. Please use -XX:HeapBaseMinAddress
#     to set the Java Heap base and to place the Java Heap above 4GB virtual address.
# This output file may be truncated or incomplete.
#
#  Out of Memory Error (os_windows.cpp:3828), pid=16436, tid=16912
#
# JRE version: OpenJDK Runtime Environment (21.0.4) (build 21.0.4+-12508038-b607.1)
# Java VM: OpenJDK 64-Bit Server VM (21.0.4+-12508038-b607.1, mixed mode, tiered, compressed oops, compressed class ptrs, g1 gc, windows-amd64)
# No core dump will be written. Minidumps are not enabled by default on client versions of Windows
#

---------------  S U M M A R Y ------------

Command Line: org.jetbrains.kotlin.cli.jvm.K2JVMCompiler @C:\Users\Graphic\AndroidStudioProjects\NewsApplication\app\build\20250306_7865090680742275028.compiler.options

Host: 11th Gen Intel(R) Core(TM) i3-1115G4 @ 3.00GHz, 4 cores, 3G,  Windows 11 , 64 bit Build 22621 (10.0.22621.4974)
Time: Thu Mar  6 23:17:26 2025 Egypt Standard Time elapsed time: 14.744646 seconds (0d 0h 0m 14s)

---------------  T H R E A D  ---------------

Current thread (0x00000215c19be6e0):  VMThread "VM Thread"          [id=16912, stack(0x000000c2f0500000,0x000000c2f0600000) (1024K)]

Stack: [0x000000c2f0500000,0x000000c2f0600000]
Native frames: (J=compiled Java code, j=interpreted, Vv=VM code, C=native code)
V  [jvm.dll+0x6ce539]
V  [jvm.dll+0x85bf03]
V  [jvm.dll+0x85e45e]
V  [jvm.dll+0x85eb43]
V  [jvm.dll+0x27dd06]
V  [jvm.dll+0x6cada5]
V  [jvm.dll+0x6bf27a]
V  [jvm.dll+0x3541fb]
V  [jvm.dll+0x35be36]
V  [jvm.dll+0x3adbc6]
V  [jvm.dll+0x3ade98]
V  [jvm.dll+0x32691c]
V  [jvm.dll+0x3269a7]
V  [jvm.dll+0x36c78c]
V  [jvm.dll+0x36af3e]
V  [jvm.dll+0x326071]
V  [jvm.dll+0x36a650]
V  [jvm.dll+0x8648c8]
V  [jvm.dll+0x865c44]
V  [jvm.dll+0x866180]
V  [jvm.dll+0x866413]
V  [jvm.dll+0x804418]
V  [jvm.dll+0x6cce0d]
C  [ucrtbase.dll+0x29333]
C  [KERNEL32.DLL+0x1259d]
C  [ntdll.dll+0x5af38]

VM_Operation (0x000000c2efefb940): G1CollectForAllocation, mode: safepoint, requested by thread 0x00000215bf610600


---------------  P R O C E S S  ---------------

Threads class SMR info:
_java_thread_list=0x00000215d77e3000, length=11, elements={
0x00000215bf610600, 0x00000215d73605a0, 0x00000215d7112090, 0x00000215d7129900,
0x00000215d71276f0, 0x00000215d7117130, 0x00000215d7368f70, 0x00000215d7117b90,
0x00000215d712df90, 0x00000215d74ffd40, 0x00000215d75039a0
}

Java Threads: ( => current thread )
  0x00000215bf610600 JavaThread "main"                              [_thread_blocked, id=6672, stack(0x000000c2efe00000,0x000000c2eff00000) (1024K)]
  0x00000215d73605a0 JavaThread "Reference Handler"          daemon [_thread_blocked, id=18280, stack(0x000000c2f0600000,0x000000c2f0700000) (1024K)]
  0x00000215d7112090 JavaThread "Finalizer"                  daemon [_thread_blocked, id=4220, stack(0x000000c2f0700000,0x000000c2f0800000) (1024K)]
  0x00000215d7129900 JavaThread "Signal Dispatcher"          daemon [_thread_blocked, id=8440, stack(0x000000c2f0800000,0x000000c2f0900000) (1024K)]
  0x00000215d71276f0 JavaThread "Attach Listener"            daemon [_thread_blocked, id=5704, stack(0x000000c2f0900000,0x000000c2f0a00000) (1024K)]
  0x00000215d7117130 JavaThread "Service Thread"             daemon [_thread_blocked, id=6368, stack(0x000000c2f0a00000,0x000000c2f0b00000) (1024K)]
  0x00000215d7368f70 JavaThread "Monitor Deflation Thread"   daemon [_thread_blocked, id=14224, stack(0x000000c2f0b00000,0x000000c2f0c00000) (1024K)]
  0x00000215d7117b90 JavaThread "C2 CompilerThread0"         daemon [_thread_blocked, id=10684, stack(0x000000c2f0c00000,0x000000c2f0d00000) (1024K)]
  0x00000215d712df90 JavaThread "C1 CompilerThread0"         daemon [_thread_blocked, id=3856, stack(0x000000c2f0d00000,0x000000c2f0e00000) (1024K)]
  0x00000215d74ffd40 JavaThread "Notification Thread"        daemon [_thread_blocked, id=15248, stack(0x000000c2f0e00000,0x000000c2f0f00000) (1024K)]
  0x00000215d75039a0 JavaThread "Common-Cleaner"             daemon [_thread_blocked, id=9184, stack(0x000000c2f0f00000,0x000000c2f1000000) (1024K)]
Total: 11

Other Threads:
=>0x00000215c19be6e0 VMThread "VM Thread"                           [id=16912, stack(0x000000c2f0500000,0x000000c2f0600000) (1024K)]
  0x00000215c19a6350 WatcherThread "VM Periodic Task Thread"        [id=14912, stack(0x000000c2f0400000,0x000000c2f0500000) (1024K)]
  0x00000215c192f140 WorkerThread "GC Thread#0"                     [id=12252, stack(0x000000c2eff00000,0x000000c2f0000000) (1024K)]
  0x00000215d79fb400 WorkerThread "GC Thread#1"                     [id=9124, stack(0x000000c2f1000000,0x000000c2f1100000) (1024K)]
  0x00000215d7a8de80 WorkerThread "GC Thread#2"                     [id=7344, stack(0x000000c2f1100000,0x000000c2f1200000) (1024K)]
  0x00000215d7a8e220 WorkerThread "GC Thread#3"                     [id=11720, stack(0x000000c2f1200000,0x000000c2f1300000) (1024K)]
  0x00000215c1937fb0 ConcurrentGCThread "G1 Main Marker"            [id=5480, stack(0x000000c2f0000000,0x000000c2f0100000) (1024K)]
  0x00000215c1938c20 WorkerThread "G1 Conc#0"                       [id=1060, stack(0x000000c2f0100000,0x000000c2f0200000) (1024K)]
  0x00000215c1993cf0 ConcurrentGCThread "G1 Refine#0"               [id=9604, stack(0x000000c2f0200000,0x000000c2f0300000) (1024K)]
  0x00000215c1995870 ConcurrentGCThread "G1 Service"                [id=13520, stack(0x000000c2f0300000,0x000000c2f0400000) (1024K)]
Total: 10

Threads with active compile tasks:
Total: 0

VM state: at safepoint (normal execution)

VM Mutex/Monitor currently owned by a thread:  ([mutex/lock_event])
[0x00007ffad68172f8] Threads_lock - owner thread: 0x00000215c19be6e0
[0x00007ffad68173f8] Heap_lock - owner thread: 0x00000215bf610600

Heap address: 0x00000000c4c00000, size: 948 MB, Compressed Oops mode: 32-bit

CDS archive(s) not mapped
Compressed class space mapped at: 0x0000000100000000-0x0000000140000000, reserved size: 1073741824
Narrow klass base: 0x0000000000000000, Narrow klass shift: 3, Narrow klass range: 0x140000000

GC Precious Log:
 CardTable entry size: 512
 Card Set container configuration: InlinePtr #cards 5 size 8 Array Of Cards #cards 12 size 40 Howl #buckets 4 coarsen threshold 1843 Howl Bitmap #cards 512 size 80 coarsen threshold 460 Card regions per heap region 1 cards per card region 2048
 CPUs: 4 total, 4 available
 Memory: 3790M
 Large Page Support: Disabled
 NUMA Support: Disabled
 Compressed Oops: Enabled (32-bit)
 Heap Region Size: 1M
 Heap Min Capacity: 8M
 Heap Initial Capacity: 60M
 Heap Max Capacity: 948M
 Pre-touch: Disabled
 Parallel Workers: 4
 Concurrent Workers: 1
 Concurrent Refinement Workers: 4
 Periodic GC: Disabled

Heap:
 garbage-first heap   total 119808K, used 76431K [0x00000000c4c00000, 0x0000000100000000)
  region size 1024K, 2 young (2048K), 2 survivors (2048K)
 Metaspace       used 88097K, committed 88832K, reserved 1179648K
  class space    used 9595K, committed 9920K, reserved 1048576K

Heap Regions: E=young(eden), S=young(survivor), O=old, HS=humongous(starts), HC=humongous(continues), CS=collection set, F=free, TAMS=top-at-mark-start, PB=parsable bottom
|   0|0x00000000c4c00000, 0x00000000c4d00000, 0x00000000c4d00000|100%|HS|  |TAMS 0x00000000c4d00000| PB 0x00000000c4c00000| Complete 
|   1|0x00000000c4d00000, 0x00000000c4e00000, 0x00000000c4e00000|100%|HC|  |TAMS 0x00000000c4e00000| PB 0x00000000c4d00000| Complete 
|   2|0x00000000c4e00000, 0x00000000c4f00000, 0x00000000c4f00000|100%|HC|  |TAMS 0x00000000c4f00000| PB 0x00000000c4e00000| Complete 
|   3|0x00000000c4f00000, 0x00000000c5000000, 0x00000000c5000000|100%|HC|  |TAMS 0x00000000c5000000| PB 0x00000000c4f00000| Complete 
|   4|0x00000000c5000000, 0x00000000c5100000, 0x00000000c5100000|100%| O|  |TAMS 0x00000000c5100000| PB 0x00000000c5000000| Untracked 
|   5|0x00000000c5100000, 0x00000000c5200000, 0x00000000c5200000|100%| O|  |TAMS 0x00000000c5200000| PB 0x00000000c5100000| Untracked 
|   6|0x00000000c5200000, 0x00000000c5300000, 0x00000000c5300000|100%| O|  |TAMS 0x00000000c5300000| PB 0x00000000c5200000| Untracked 
|   7|0x00000000c5300000, 0x00000000c5400000, 0x00000000c5400000|100%| O|  |TAMS 0x00000000c5400000| PB 0x00000000c5300000| Untracked 
|   8|0x00000000c5400000, 0x00000000c5500000, 0x00000000c5500000|100%| O|  |TAMS 0x00000000c5500000| PB 0x00000000c5400000| Untracked 
|   9|0x00000000c5500000, 0x00000000c5600000, 0x00000000c5600000|100%| O|  |TAMS 0x00000000c5600000| PB 0x00000000c5500000| Untracked 
|  10|0x00000000c5600000, 0x00000000c5700000, 0x00000000c5700000|100%| O|  |TAMS 0x00000000c5700000| PB 0x00000000c5600000| Untracked 
|  11|0x00000000c5700000, 0x00000000c5800000, 0x00000000c5800000|100%| O|  |TAMS 0x00000000c5800000| PB 0x00000000c5700000| Untracked 
|  12|0x00000000c5800000, 0x00000000c5900000, 0x00000000c5900000|100%| O|  |TAMS 0x00000000c5900000| PB 0x00000000c5800000| Untracked 
|  13|0x00000000c5900000, 0x00000000c5a00000, 0x00000000c5a00000|100%| O|  |TAMS 0x00000000c5a00000| PB 0x00000000c5900000| Untracked 
|  14|0x00000000c5a00000, 0x00000000c5b00000, 0x00000000c5b00000|100%| O|  |TAMS 0x00000000c5b00000| PB 0x00000000c5a00000| Untracked 
|  15|0x00000000c5b00000, 0x00000000c5c00000, 0x00000000c5c00000|100%| O|  |TAMS 0x00000000c5c00000| PB 0x00000000c5b00000| Untracked 
|  16|0x00000000c5c00000, 0x00000000c5d00000, 0x00000000c5d00000|100%|HS|  |TAMS 0x00000000c5d00000| PB 0x00000000c5c00000| Complete 
|  17|0x00000000c5d00000, 0x00000000c5e00000, 0x00000000c5e00000|100%|HC|  |TAMS 0x00000000c5e00000| PB 0x00000000c5d00000| Complete 
|  18|0x00000000c5e00000, 0x00000000c5f00000, 0x00000000c5f00000|100%| O|  |TAMS 0x00000000c5f00000| PB 0x00000000c5e00000| Untracked 
|  19|0x00000000c5f00000, 0x00000000c6000000, 0x00000000c6000000|100%| O|  |TAMS 0x00000000c6000000| PB 0x00000000c5f00000| Untracked 
|  20|0x00000000c6000000, 0x00000000c6100000, 0x00000000c6100000|100%| O|  |TAMS 0x00000000c6100000| PB 0x00000000c6000000| Untracked 
|  21|0x00000000c6100000, 0x00000000c6200000, 0x00000000c6200000|100%| O|  |TAMS 0x00000000c6200000| PB 0x00000000c6100000| Untracked 
|  22|0x00000000c6200000, 0x00000000c6300000, 0x00000000c6300000|100%| O|  |TAMS 0x00000000c6300000| PB 0x00000000c6200000| Untracked 
|  23|0x00000000c6300000, 0x00000000c6400000, 0x00000000c6400000|100%| O|  |TAMS 0x00000000c6400000| PB 0x00000000c6300000| Untracked 
|  24|0x00000000c6400000, 0x00000000c6500000, 0x00000000c6500000|100%| O|  |TAMS 0x00000000c6500000| PB 0x00000000c6400000| Untracked 
|  25|0x00000000c6500000, 0x00000000c6600000, 0x00000000c6600000|100%| O|  |TAMS 0x00000000c6600000| PB 0x00000000c6500000| Untracked 
|  26|0x00000000c6600000, 0x00000000c6700000, 0x00000000c6700000|100%| O|  |TAMS 0x00000000c6700000| PB 0x00000000c6600000| Untracked 
|  27|0x00000000c6700000, 0x00000000c6800000, 0x00000000c6800000|100%| O|  |TAMS 0x00000000c6800000| PB 0x00000000c6700000| Untracked 
|  28|0x00000000c6800000, 0x00000000c6900000, 0x00000000c6900000|100%| O|  |TAMS 0x00000000c6900000| PB 0x00000000c6800000| Untracked 
|  29|0x00000000c6900000, 0x00000000c6a00000, 0x00000000c6a00000|100%| O|  |TAMS 0x00000000c6a00000| PB 0x00000000c6900000| Untracked 
|  30|0x00000000c6a00000, 0x00000000c6b00000, 0x00000000c6b00000|100%| O|  |TAMS 0x00000000c6b00000| PB 0x00000000c6a00000| Untracked 
|  31|0x00000000c6b00000, 0x00000000c6c00000, 0x00000000c6c00000|100%| O|  |TAMS 0x00000000c6c00000| PB 0x00000000c6b00000| Untracked 
|  32|0x00000000c6c00000, 0x00000000c6d00000, 0x00000000c6d00000|100%| O|  |TAMS 0x00000000c6d00000| PB 0x00000000c6c00000| Untracked 
|  33|0x00000000c6d00000, 0x00000000c6e00000, 0x00000000c6e00000|100%| O|  |TAMS 0x00000000c6e00000| PB 0x00000000c6d00000| Untracked 
|  34|0x00000000c6e00000, 0x00000000c6f00000, 0x00000000c6f00000|100%| O|  |TAMS 0x00000000c6f00000| PB 0x00000000c6e00000| Untracked 
|  35|0x00000000c6f00000, 0x00000000c7000000, 0x00000000c7000000|100%| O|  |TAMS 0x00000000c7000000| PB 0x00000000c6f00000| Untracked 
|  36|0x00000000c7000000, 0x00000000c7100000, 0x00000000c7100000|100%| O|  |TAMS 0x00000000c7100000| PB 0x00000000c7000000| Untracked 
|  37|0x00000000c7100000, 0x00000000c7200000, 0x00000000c7200000|100%| O|  |TAMS 0x00000000c7200000| PB 0x00000000c7100000| Untracked 
|  38|0x00000000c7200000, 0x00000000c7300000, 0x00000000c7300000|100%| O|  |TAMS 0x00000000c7300000| PB 0x00000000c7200000| Untracked 
|  39|0x00000000c7300000, 0x00000000c7400000, 0x00000000c7400000|100%| O|  |TAMS 0x00000000c7400000| PB 0x00000000c7300000| Untracked 
|  40|0x00000000c7400000, 0x00000000c7500000, 0x00000000c7500000|100%| O|  |TAMS 0x00000000c7500000| PB 0x00000000c7400000| Untracked 
|  41|0x00000000c7500000, 0x00000000c7600000, 0x00000000c7600000|100%| O|  |TAMS 0x00000000c7600000| PB 0x00000000c7500000| Untracked 
|  42|0x00000000c7600000, 0x00000000c7700000, 0x00000000c7700000|100%| O|  |TAMS 0x00000000c7700000| PB 0x00000000c7600000| Untracked 
|  43|0x00000000c7700000, 0x00000000c7800000, 0x00000000c7800000|100%| O|  |TAMS 0x00000000c7800000| PB 0x00000000c7700000| Untracked 
|  44|0x00000000c7800000, 0x00000000c7900000, 0x00000000c7900000|100%| O|  |TAMS 0x00000000c7900000| PB 0x00000000c7800000| Untracked 
|  45|0x00000000c7900000, 0x00000000c7a00000, 0x00000000c7a00000|100%| O|  |TAMS 0x00000000c7a00000| PB 0x00000000c7900000| Untracked 
|  46|0x00000000c7a00000, 0x00000000c7b00000, 0x00000000c7b00000|100%| O|  |TAMS 0x00000000c7b00000| PB 0x00000000c7a00000| Untracked 
|  47|0x00000000c7b00000, 0x00000000c7c00000, 0x00000000c7c00000|100%| O|  |TAMS 0x00000000c7b00000| PB 0x00000000c7b00000| Untracked 
|  48|0x00000000c7c00000, 0x00000000c7d00000, 0x00000000c7d00000|100%| O|  |TAMS 0x00000000c7d00000| PB 0x00000000c7c00000| Untracked 
|  49|0x00000000c7d00000, 0x00000000c7e00000, 0x00000000c7e00000|100%| O|  |TAMS 0x00000000c7e00000| PB 0x00000000c7d00000| Untracked 
|  50|0x00000000c7e00000, 0x00000000c7f00000, 0x00000000c7f00000|100%| O|  |TAMS 0x00000000c7f00000| PB 0x00000000c7e00000| Untracked 
|  51|0x00000000c7f00000, 0x00000000c8000000, 0x00000000c8000000|100%| O|  |TAMS 0x00000000c8000000| PB 0x00000000c7f00000| Untracked 
|  52|0x00000000c8000000, 0x00000000c8100000, 0x00000000c8100000|100%| O|  |TAMS 0x00000000c8100000| PB 0x00000000c8000000| Untracked 
|  53|0x00000000c8100000, 0x00000000c8200000, 0x00000000c8200000|100%| O|  |TAMS 0x00000000c8200000| PB 0x00000000c8100000| Untracked 
|  54|0x00000000c8200000, 0x00000000c8300000, 0x00000000c8300000|100%| O|  |TAMS 0x00000000c8300000| PB 0x00000000c8200000| Untracked 
|  55|0x00000000c8300000, 0x00000000c8400000, 0x00000000c8400000|100%| O|  |TAMS 0x00000000c8400000| PB 0x00000000c8300000| Untracked 
|  56|0x00000000c8400000, 0x00000000c8500000, 0x00000000c8500000|100%| O|  |TAMS 0x00000000c8500000| PB 0x00000000c8400000| Untracked 
|  57|0x00000000c8500000, 0x00000000c8600000, 0x00000000c8600000|100%| O|  |TAMS 0x00000000c8500000| PB 0x00000000c8500000| Untracked 
|  58|0x00000000c8600000, 0x00000000c8700000, 0x00000000c8700000|100%| O|  |TAMS 0x00000000c8600000| PB 0x00000000c8600000| Untracked 
|  59|0x00000000c8700000, 0x00000000c8800000, 0x00000000c8800000|100%| O|  |TAMS 0x00000000c8800000| PB 0x00000000c8700000| Untracked 
|  60|0x00000000c8800000, 0x00000000c8900000, 0x00000000c8900000|100%| O|  |TAMS 0x00000000c8900000| PB 0x00000000c8800000| Untracked 
|  61|0x00000000c8900000, 0x00000000c8a00000, 0x00000000c8a00000|100%| O|  |TAMS 0x00000000c8a00000| PB 0x00000000c8900000| Untracked 
|  62|0x00000000c8a00000, 0x00000000c8b00000, 0x00000000c8b00000|100%| O|  |TAMS 0x00000000c8b00000| PB 0x00000000c8a00000| Untracked 
|  63|0x00000000c8b00000, 0x00000000c8c00000, 0x00000000c8c00000|100%| O|  |TAMS 0x00000000c8c00000| PB 0x00000000c8b00000| Untracked 
|  64|0x00000000c8c00000, 0x00000000c8d00000, 0x00000000c8d00000|100%| O|  |TAMS 0x00000000c8d00000| PB 0x00000000c8c00000| Untracked 
|  65|0x00000000c8d00000, 0x00000000c8e00000, 0x00000000c8e00000|100%| O|  |TAMS 0x00000000c8e00000| PB 0x00000000c8d00000| Untracked 
|  66|0x00000000c8e00000, 0x00000000c8f00000, 0x00000000c8f00000|100%| O|  |TAMS 0x00000000c8f00000| PB 0x00000000c8e00000| Untracked 
|  67|0x00000000c8f00000, 0x00000000c9000000, 0x00000000c9000000|100%| O|  |TAMS 0x00000000c9000000| PB 0x00000000c8f00000| Untracked 
|  68|0x00000000c9000000, 0x00000000c9100000, 0x00000000c9100000|100%| O|  |TAMS 0x00000000c9100000| PB 0x00000000c9000000| Untracked 
|  69|0x00000000c9100000, 0x00000000c9200000, 0x00000000c9200000|100%| O|  |TAMS 0x00000000c9200000| PB 0x00000000c9100000| Untracked 
|  70|0x00000000c9200000, 0x00000000c9300000, 0x00000000c9300000|100%| O|  |TAMS 0x00000000c9300000| PB 0x00000000c9200000| Untracked 
|  71|0x00000000c9300000, 0x00000000c9359c50, 0x00000000c9400000| 35%| O|  |TAMS 0x00000000c9300000| PB 0x00000000c9300000| Untracked 
|  72|0x00000000c9400000, 0x00000000c9400000, 0x00000000c9500000|  0%| F|  |TAMS 0x00000000c9400000| PB 0x00000000c9400000| Untracked 
|  73|0x00000000c9500000, 0x00000000c9500000, 0x00000000c9600000|  0%| F|  |TAMS 0x00000000c9500000| PB 0x00000000c9500000| Untracked 
|  74|0x00000000c9600000, 0x00000000c9600000, 0x00000000c9700000|  0%| F|  |TAMS 0x00000000c9600000| PB 0x00000000c9600000| Untracked 
|  75|0x00000000c9700000, 0x00000000c9700000, 0x00000000c9800000|  0%| F|  |TAMS 0x00000000c9700000| PB 0x00000000c9700000| Untracked 
|  76|0x00000000c9800000, 0x00000000c9800000, 0x00000000c9900000|  0%| F|  |TAMS 0x00000000c9800000| PB 0x00000000c9800000| Untracked 
|  77|0x00000000c9900000, 0x00000000c9900000, 0x00000000c9a00000|  0%| F|  |TAMS 0x00000000c9900000| PB 0x00000000c9900000| Untracked 
|  78|0x00000000c9a00000, 0x00000000c9a00000, 0x00000000c9b00000|  0%| F|  |TAMS 0x00000000c9a00000| PB 0x00000000c9a00000| Untracked 
|  79|0x00000000c9b00000, 0x00000000c9b00000, 0x00000000c9c00000|  0%| F|  |TAMS 0x00000000c9b00000| PB 0x00000000c9b00000| Untracked 
|  80|0x00000000c9c00000, 0x00000000c9c00000, 0x00000000c9d00000|  0%| F|  |TAMS 0x00000000c9c00000| PB 0x00000000c9c00000| Untracked 
|  81|0x00000000c9d00000, 0x00000000c9d4a010, 0x00000000c9e00000| 28%| S|CS|TAMS 0x00000000c9d00000| PB 0x00000000c9d00000| Complete 
|  82|0x00000000c9e00000, 0x00000000c9f00000, 0x00000000c9f00000|100%| S|CS|TAMS 0x00000000c9e00000| PB 0x00000000c9e00000| Complete 
|  83|0x00000000c9f00000, 0x00000000c9f00000, 0x00000000ca000000|  0%| F|  |TAMS 0x00000000c9f00000| PB 0x00000000c9f00000| Untracked 
|  84|0x00000000ca000000, 0x00000000ca000000, 0x00000000ca100000|  0%| F|  |TAMS 0x00000000ca000000| PB 0x00000000ca000000| Untracked 
|  85|0x00000000ca100000, 0x00000000ca100000, 0x00000000ca200000|  0%| F|  |TAMS 0x00000000ca100000| PB 0x00000000ca100000| Untracked 
|  86|0x00000000ca200000, 0x00000000ca200000, 0x00000000ca300000|  0%| F|  |TAMS 0x00000000ca200000| PB 0x00000000ca200000| Untracked 
|  87|0x00000000ca300000, 0x00000000ca300000, 0x00000000ca400000|  0%| F|  |TAMS 0x00000000ca300000| PB 0x00000000ca300000| Untracked 
|  88|0x00000000ca400000, 0x00000000ca400000, 0x00000000ca500000|  0%| F|  |TAMS 0x00000000ca400000| PB 0x00000000ca400000| Untracked 
|  89|0x00000000ca500000, 0x00000000ca500000, 0x00000000ca600000|  0%| F|  |TAMS 0x00000000ca500000| PB 0x00000000ca500000| Untracked 
|  90|0x00000000ca600000, 0x00000000ca600000, 0x00000000ca700000|  0%| F|  |TAMS 0x00000000ca600000| PB 0x00000000ca600000| Untracked 
|  91|0x00000000ca700000, 0x00000000ca700000, 0x00000000ca800000|  0%| F|  |TAMS 0x00000000ca700000| PB 0x00000000ca700000| Untracked 
|  92|0x00000000ca800000, 0x00000000ca800000, 0x00000000ca900000|  0%| F|  |TAMS 0x00000000ca800000| PB 0x00000000ca800000| Untracked 
|  93|0x00000000ca900000, 0x00000000ca900000, 0x00000000caa00000|  0%| F|  |TAMS 0x00000000ca900000| PB 0x00000000ca900000| Untracked 
|  94|0x00000000caa00000, 0x00000000caa00000, 0x00000000cab00000|  0%| F|  |TAMS 0x00000000caa00000| PB 0x00000000caa00000| Untracked 
|  95|0x00000000cab00000, 0x00000000cab00000, 0x00000000cac00000|  0%| F|  |TAMS 0x00000000cab00000| PB 0x00000000cab00000| Untracked 
|  96|0x00000000cac00000, 0x00000000cac00000, 0x00000000cad00000|  0%| F|  |TAMS 0x00000000cac00000| PB 0x00000000cac00000| Untracked 
|  97|0x00000000cad00000, 0x00000000cad00000, 0x00000000cae00000|  0%| F|  |TAMS 0x00000000cad00000| PB 0x00000000cad00000| Untracked 
|  98|0x00000000cae00000, 0x00000000cae00000, 0x00000000caf00000|  0%| F|  |TAMS 0x00000000cae00000| PB 0x00000000cae00000| Untracked 
|  99|0x00000000caf00000, 0x00000000caf00000, 0x00000000cb000000|  0%| F|  |TAMS 0x00000000caf00000| PB 0x00000000caf00000| Untracked 
| 100|0x00000000cb000000, 0x00000000cb000000, 0x00000000cb100000|  0%| F|  |TAMS 0x00000000cb000000| PB 0x00000000cb000000| Untracked 
| 101|0x00000000cb100000, 0x00000000cb100000, 0x00000000cb200000|  0%| F|  |TAMS 0x00000000cb100000| PB 0x00000000cb100000| Untracked 
| 102|0x00000000cb200000, 0x00000000cb200000, 0x00000000cb300000|  0%| F|  |TAMS 0x00000000cb200000| PB 0x00000000cb200000| Untracked 
| 103|0x00000000cb300000, 0x00000000cb300000, 0x00000000cb400000|  0%| F|  |TAMS 0x00000000cb300000| PB 0x00000000cb300000| Untracked 
| 104|0x00000000cb400000, 0x00000000cb400000, 0x00000000cb500000|  0%| F|  |TAMS 0x00000000cb400000| PB 0x00000000cb400000| Untracked 
| 105|0x00000000cb500000, 0x00000000cb500000, 0x00000000cb600000|  0%| F|  |TAMS 0x00000000cb500000| PB 0x00000000cb500000| Untracked 
| 106|0x00000000cb600000, 0x00000000cb600000, 0x00000000cb700000|  0%| F|  |TAMS 0x00000000cb600000| PB 0x00000000cb600000| Untracked 
| 107|0x00000000cb700000, 0x00000000cb700000, 0x00000000cb800000|  0%| F|  |TAMS 0x00000000cb700000| PB 0x00000000cb700000| Untracked 
| 108|0x00000000cb800000, 0x00000000cb800000, 0x00000000cb900000|  0%| F|  |TAMS 0x00000000cb800000| PB 0x00000000cb800000| Untracked 
| 109|0x00000000cb900000, 0x00000000cb900000, 0x00000000cba00000|  0%| F|  |TAMS 0x00000000cb900000| PB 0x00000000cb900000| Untracked 
| 110|0x00000000cba00000, 0x00000000cba00000, 0x00000000cbb00000|  0%| F|  |TAMS 0x00000000cba00000| PB 0x00000000cba00000| Untracked 
| 111|0x00000000cbb00000, 0x00000000cbb00000, 0x00000000cbc00000|  0%| F|  |TAMS 0x00000000cbb00000| PB 0x00000000cbb00000| Untracked 
| 943|0x00000000ffb00000, 0x00000000ffc00000, 0x00000000ffc00000|100%| O|  |TAMS 0x00000000ffc00000| PB 0x00000000ffb00000| Untracked 
| 944|0x00000000ffc00000, 0x00000000ffc00000, 0x00000000ffd00000|  0%| F|  |TAMS 0x00000000ffc00000| PB 0x00000000ffc00000| Untracked 
| 945|0x00000000ffd00000, 0x00000000ffe00000, 0x00000000ffe00000|100%| O|  |TAMS 0x00000000ffe00000| PB 0x00000000ffd00000| Untracked 
| 946|0x00000000ffe00000, 0x00000000ffe00000, 0x00000000fff00000|  0%| F|  |TAMS 0x00000000ffe00000| PB 0x00000000ffe00000| Untracked 
| 947|0x00000000fff00000, 0x00000000fff00000, 0x0000000100000000|  0%| F|  |TAMS 0x00000000fff00000| PB 0x00000000fff00000| Untracked 

Card table byte_map: [0x00000215d3a40000,0x00000215d3c20000] _byte_map_base: 0x00000215d341a000

Marking Bits: (CMBitMap*) 0x00000215c1930050
 Bits: [0x00000215d3c20000, 0x00000215d4af0000)

Polling page: 0x00000215bf820000

Metaspace:

Usage:
  Non-class:     76.66 MB used.
      Class:      9.37 MB used.
       Both:     86.03 MB used.

Virtual space:
  Non-class space:      128.00 MB reserved,      77.06 MB ( 60%) committed,  2 nodes.
      Class space:        1.00 GB reserved,       9.69 MB ( <1%) committed,  1 nodes.
             Both:        1.12 GB reserved,      86.75 MB (  8%) committed. 

Chunk freelists:
   Non-Class:  2.94 MB
       Class:  6.31 MB
        Both:  9.25 MB

MaxMetaspaceSize: unlimited
CompressedClassSpaceSize: 1.00 GB
Initial GC threshold: 21.00 MB
Current GC threshold: 132.12 MB
CDS: off
 - commit_granule_bytes: 65536.
 - commit_granule_words: 8192.
 - virtual_space_node_default_size: 8388608.
 - enlarge_chunks_in_place: 1.
 - use_allocation_guard: 0.


Internal statistics:

num_allocs_failed_limit: 6.
num_arena_births: 1342.
num_arena_deaths: 0.
num_vsnodes_births: 3.
num_vsnodes_deaths: 0.
num_space_committed: 1386.
num_space_uncommitted: 0.
num_chunks_returned_to_freelist: 6.
num_chunks_taken_from_freelist: 4354.
num_chunk_merges: 6.
num_chunk_splits: 3371.
num_chunks_enlarged: 2712.
num_inconsistent_stats: 0.

CodeHeap 'non-profiled nmethods': size=120000Kb used=5811Kb max_used=5811Kb free=114188Kb
 bounds [0x00000215cc510000, 0x00000215ccac0000, 0x00000215d3a40000]
CodeHeap 'profiled nmethods': size=120000Kb used=41251Kb max_used=41251Kb free=78748Kb
 bounds [0x00000215c4a40000, 0x00000215c72c0000, 0x00000215cbf70000]
CodeHeap 'non-nmethods': size=5760Kb used=1937Kb max_used=1964Kb free=3823Kb
 bounds [0x00000215cbf70000, 0x00000215cc1e0000, 0x00000215cc510000]
 total_blobs=13798 nmethods=13045 adapters=653
 compilation: enabled
              stopped_count=0, restarted_count=0
 full_count=0

Compilation events (20 events):
Event: 14.707 Thread 0x00000215d712df90 nmethod 14916 0x00000215ccab9510 code [0x00000215ccab96a0, 0x00000215ccab9768]
Event: 14.707 Thread 0x00000215d712df90 14952       1       org.jetbrains.kotlin.ir.expressions.impl.IrTypeOperatorCallImpl::getStartOffset (5 bytes)
Event: 14.707 Thread 0x00000215d712df90 nmethod 14952 0x00000215ccab9810 code [0x00000215ccab99a0, 0x00000215ccab9a68]
Event: 14.707 Thread 0x00000215d712df90 14953       1       org.jetbrains.kotlin.ir.expressions.impl.IrTypeOperatorCallImpl::getEndOffset (5 bytes)
Event: 14.707 Thread 0x00000215d712df90 nmethod 14953 0x00000215ccab9b10 code [0x00000215ccab9ca0, 0x00000215ccab9d68]
Event: 14.707 Thread 0x00000215d712df90 14915       1       org.jetbrains.kotlin.ir.declarations.lazy.IrLazyConstructor::getTypeTranslator (5 bytes)
Event: 14.707 Thread 0x00000215d712df90 nmethod 14915 0x00000215ccab9e10 code [0x00000215ccab9fa0, 0x00000215ccaba068]
Event: 14.707 Thread 0x00000215d712df90 14892       1       org.jetbrains.kotlin.ir.expressions.impl.IrVarargImpl::getType (5 bytes)
Event: 14.707 Thread 0x00000215d712df90 nmethod 14892 0x00000215ccaba110 code [0x00000215ccaba2a0, 0x00000215ccaba368]
Event: 14.708 Thread 0x00000215d7117b90 nmethod 14982 0x00000215ccaba410 code [0x00000215ccaba5a0, 0x00000215ccaba730]
Event: 14.708 Thread 0x00000215d7117b90 14995       4       org.jetbrains.kotlin.ir.visitors.IrElementTransformerVoid::visitVariable (15 bytes)
Event: 14.709 Thread 0x00000215d7117b90 nmethod 14995 0x00000215ccaba910 code [0x00000215ccabaaa0, 0x00000215ccabab70]
Event: 14.709 Thread 0x00000215d7117b90 14993       4       org.jetbrains.kotlin.ir.util.AdditionalIrUtilsKt::isInlineArrayConstructor (58 bytes)
Event: 14.711 Thread 0x00000215d7117b90 nmethod 14993 0x00000215ccabac90 code [0x00000215ccabae60, 0x00000215ccabb128]
Event: 14.711 Thread 0x00000215d7117b90 14990       4       org.jetbrains.kotlin.backend.common.ClassLoweringVisitor::visitConst (13 bytes)
Event: 14.711 Thread 0x00000215d7117b90 nmethod 14990 0x00000215ccabb410 code [0x00000215ccabb5a0, 0x00000215ccabb680]
Event: 14.712 Thread 0x00000215d7117b90 14996   !   4       jdk.internal.loader.Resource::getBytes (244 bytes)
Event: 14.719 Thread 0x00000215d7117b90 nmethod 14996 0x00000215ccabb810 code [0x00000215ccabba40, 0x00000215ccabc668]
Event: 14.730 Thread 0x00000215d712df90 14997       3       org.jetbrains.kotlin.types.AbstractTypeMapper::mapType (36 bytes)
Event: 14.730 Thread 0x00000215d712df90 nmethod 14997 0x00000215c72aff10 code [0x00000215c72b0220, 0x00000215c72b11d0]

GC Heap History (20 events):
Event: 7.279 GC heap after
{Heap after GC invocations=22 (full 0):
 garbage-first heap   total 73728K, used 45854K [0x00000000c4c00000, 0x0000000100000000)
  region size 1024K, 2 young (2048K), 2 survivors (2048K)
 Metaspace       used 59867K, committed 60608K, reserved 1114112K
  class space    used 6981K, committed 7360K, reserved 1048576K
}
Event: 7.383 GC heap before
{Heap before GC invocations=22 (full 0):
 garbage-first heap   total 73728K, used 64286K [0x00000000c4c00000, 0x0000000100000000)
  region size 1024K, 20 young (20480K), 2 survivors (2048K)
 Metaspace       used 60432K, committed 61184K, reserved 1114112K
  class space    used 7051K, committed 7424K, reserved 1048576K
}
Event: 7.390 GC heap after
{Heap after GC invocations=23 (full 0):
 garbage-first heap   total 103424K, used 46080K [0x00000000c4c00000, 0x0000000100000000)
  region size 1024K, 1 young (1024K), 1 survivors (1024K)
 Metaspace       used 60432K, committed 61184K, reserved 1114112K
  class space    used 7051K, committed 7424K, reserved 1048576K
}
Event: 8.567 GC heap before
{Heap before GC invocations=23 (full 0):
 garbage-first heap   total 103424K, used 86016K [0x00000000c4c00000, 0x0000000100000000)
  region size 1024K, 40 young (40960K), 1 survivors (1024K)
 Metaspace       used 65248K, committed 66048K, reserved 1114112K
  class space    used 7621K, committed 8000K, reserved 1048576K
}
Event: 8.576 GC heap after
{Heap after GC invocations=24 (full 0):
 garbage-first heap   total 103424K, used 50484K [0x00000000c4c00000, 0x0000000100000000)
  region size 1024K, 5 young (5120K), 5 survivors (5120K)
 Metaspace       used 65248K, committed 66048K, reserved 1114112K
  class space    used 7621K, committed 8000K, reserved 1048576K
}
Event: 9.968 GC heap before
{Heap before GC invocations=24 (full 0):
 garbage-first heap   total 103424K, used 86324K [0x00000000c4c00000, 0x0000000100000000)
  region size 1024K, 40 young (40960K), 5 survivors (5120K)
 Metaspace       used 67498K, committed 68224K, reserved 1114112K
  class space    used 7718K, committed 8064K, reserved 1048576K
}
Event: 9.988 GC heap after
{Heap after GC invocations=25 (full 0):
 garbage-first heap   total 103424K, used 57058K [0x00000000c4c00000, 0x0000000100000000)
  region size 1024K, 5 young (5120K), 5 survivors (5120K)
 Metaspace       used 67498K, committed 68224K, reserved 1114112K
  class space    used 7718K, committed 8064K, reserved 1048576K
}
Event: 11.516 GC heap before
{Heap before GC invocations=25 (full 0):
 garbage-first heap   total 103424K, used 88802K [0x00000000c4c00000, 0x0000000100000000)
  region size 1024K, 36 young (36864K), 5 survivors (5120K)
 Metaspace       used 69610K, committed 70400K, reserved 1114112K
  class space    used 7879K, committed 8256K, reserved 1048576K
}
Event: 11.527 GC heap after
{Heap after GC invocations=26 (full 0):
 garbage-first heap   total 103424K, used 61892K [0x00000000c4c00000, 0x0000000100000000)
  region size 1024K, 4 young (4096K), 4 survivors (4096K)
 Metaspace       used 69610K, committed 70400K, reserved 1114112K
  class space    used 7879K, committed 8256K, reserved 1048576K
}
Event: 12.346 GC heap before
{Heap before GC invocations=27 (full 0):
 garbage-first heap   total 104448K, used 90564K [0x00000000c4c00000, 0x0000000100000000)
  region size 1024K, 32 young (32768K), 4 survivors (4096K)
 Metaspace       used 70551K, committed 71296K, reserved 1114112K
  class space    used 7930K, committed 8320K, reserved 1048576K
}
Event: 12.354 GC heap after
{Heap after GC invocations=28 (full 0):
 garbage-first heap   total 104448K, used 65285K [0x00000000c4c00000, 0x0000000100000000)
  region size 1024K, 3 young (3072K), 3 survivors (3072K)
 Metaspace       used 70551K, committed 71296K, reserved 1114112K
  class space    used 7930K, committed 8320K, reserved 1048576K
}
Event: 12.828 GC heap before
{Heap before GC invocations=28 (full 0):
 garbage-first heap   total 104448K, used 93957K [0x00000000c4c00000, 0x0000000100000000)
  region size 1024K, 31 young (31744K), 3 survivors (3072K)
 Metaspace       used 75953K, committed 76736K, reserved 1179648K
  class space    used 8449K, committed 8832K, reserved 1048576K
}
Event: 12.839 GC heap after
{Heap after GC invocations=29 (full 0):
 garbage-first heap   total 104448K, used 67187K [0x00000000c4c00000, 0x0000000100000000)
  region size 1024K, 3 young (3072K), 3 survivors (3072K)
 Metaspace       used 75953K, committed 76736K, reserved 1179648K
  class space    used 8449K, committed 8832K, reserved 1048576K
}
Event: 13.498 GC heap before
{Heap before GC invocations=29 (full 0):
 garbage-first heap   total 104448K, used 94835K [0x00000000c4c00000, 0x0000000100000000)
  region size 1024K, 30 young (30720K), 3 survivors (3072K)
 Metaspace       used 79705K, committed 80384K, reserved 1179648K
  class space    used 8827K, committed 9152K, reserved 1048576K
}
Event: 13.508 GC heap after
{Heap after GC invocations=30 (full 0):
 garbage-first heap   total 104448K, used 70998K [0x00000000c4c00000, 0x0000000100000000)
  region size 1024K, 4 young (4096K), 4 survivors (4096K)
 Metaspace       used 79705K, committed 80384K, reserved 1179648K
  class space    used 8827K, committed 9152K, reserved 1048576K
}
Event: 13.854 GC heap before
{Heap before GC invocations=31 (full 0):
 garbage-first heap   total 119808K, used 92502K [0x00000000c4c00000, 0x0000000100000000)
  region size 1024K, 25 young (25600K), 4 survivors (4096K)
 Metaspace       used 82501K, committed 83200K, reserved 1179648K
  class space    used 9079K, committed 9408K, reserved 1048576K
}
Event: 13.865 GC heap after
{Heap after GC invocations=32 (full 0):
 garbage-first heap   total 119808K, used 73708K [0x00000000c4c00000, 0x0000000100000000)
  region size 1024K, 3 young (3072K), 3 survivors (3072K)
 Metaspace       used 82501K, committed 83200K, reserved 1179648K
  class space    used 9079K, committed 9408K, reserved 1048576K
}
Event: 14.377 GC heap before
{Heap before GC invocations=32 (full 0):
 garbage-first heap   total 119808K, used 106476K [0x00000000c4c00000, 0x0000000100000000)
  region size 1024K, 36 young (36864K), 3 survivors (3072K)
 Metaspace       used 86845K, committed 87552K, reserved 1179648K
  class space    used 9523K, committed 9856K, reserved 1048576K
}
Event: 14.390 GC heap after
{Heap after GC invocations=33 (full 0):
 garbage-first heap   total 119808K, used 74752K [0x00000000c4c00000, 0x0000000100000000)
  region size 1024K, 3 young (3072K), 3 survivors (3072K)
 Metaspace       used 86845K, committed 87552K, reserved 1179648K
  class space    used 9523K, committed 9856K, reserved 1048576K
}
Event: 14.734 GC heap before
{Heap before GC invocations=33 (full 0):
 garbage-first heap   total 119808K, used 107520K [0x00000000c4c00000, 0x0000000100000000)
  region size 1024K, 35 young (35840K), 3 survivors (3072K)
 Metaspace       used 88097K, committed 88832K, reserved 1179648K
  class space    used 9595K, committed 9920K, reserved 1048576K
}

Dll operation events (3 events):
Event: 0.008 Loaded shared library C:\Program Files\Android\Android Studio\jbr\bin\java.dll
Event: 0.020 Loaded shared library C:\Program Files\Android\Android Studio\jbr\bin\zip.dll
Event: 2.080 Loaded shared library C:\Program Files\Android\Android Studio\jbr\bin\verify.dll

Deoptimization events (20 events):
Event: 14.623 Thread 0x00000215bf610600 Uncommon trap: trap_request=0xffffffde fr.pc=0x00000215cc90d548 relative=0x0000000000000ee8
Event: 14.623 Thread 0x00000215bf610600 Uncommon trap: reason=class_check action=maybe_recompile pc=0x00000215cc90d548 method=org.jetbrains.kotlin.ir.util.IrFakeOverrideUtilsKt.collectAndFilterRealOverrides$collectRealOverrides(Ljava/util/Set;Lkotlin/jvm/functions/Function1;Lkotlin/jvm/function
Event: 14.623 Thread 0x00000215bf610600 DEOPT PACKING pc=0x00000215cc90d548 sp=0x000000c2efefce30
Event: 14.623 Thread 0x00000215bf610600 DEOPT UNPACKING pc=0x00000215cbfc7da2 sp=0x000000c2efefce40 mode 2
Event: 14.649 Thread 0x00000215bf610600 Uncommon trap: trap_request=0xffffffde fr.pc=0x00000215cc827204 relative=0x0000000000002324
Event: 14.649 Thread 0x00000215bf610600 Uncommon trap: reason=class_check action=maybe_recompile pc=0x00000215cc827204 method=org.jetbrains.kotlin.ir.util.TypeTranslator.translateTypeAnnotations(Lorg/jetbrains/kotlin/types/KotlinType;Lorg/jetbrains/kotlin/types/KotlinType;)Ljava/util/List; @ 67
Event: 14.649 Thread 0x00000215bf610600 DEOPT PACKING pc=0x00000215cc827204 sp=0x000000c2efefc3c0
Event: 14.649 Thread 0x00000215bf610600 DEOPT UNPACKING pc=0x00000215cbfc7da2 sp=0x000000c2efefc328 mode 2
Event: 14.653 Thread 0x00000215bf610600 Uncommon trap: trap_request=0xffffffde fr.pc=0x00000215cca9874c relative=0x00000000000034ec
Event: 14.653 Thread 0x00000215bf610600 Uncommon trap: reason=class_check action=maybe_recompile pc=0x00000215cca9874c method=org.jetbrains.kotlin.backend.jvm.MfvcNodeKt.needsMfvcFlattening(Lorg/jetbrains/kotlin/ir/types/IrType;)Z @ 43 c2
Event: 14.653 Thread 0x00000215bf610600 DEOPT PACKING pc=0x00000215cca9874c sp=0x000000c2efefc410
Event: 14.653 Thread 0x00000215bf610600 DEOPT UNPACKING pc=0x00000215cbfc7da2 sp=0x000000c2efefc2e8 mode 2
Event: 14.705 Thread 0x00000215bf610600 Uncommon trap: trap_request=0xffffffc6 fr.pc=0x00000215cc7c3d58 relative=0x0000000000000518
Event: 14.705 Thread 0x00000215bf610600 Uncommon trap: reason=bimorphic_or_optimized_type_check action=maybe_recompile pc=0x00000215cc7c3d58 method=kotlin.collections.CollectionsKt___CollectionsKt.toSet(Ljava/lang/Iterable;)Ljava/util/Set; @ 96 c2
Event: 14.705 Thread 0x00000215bf610600 DEOPT PACKING pc=0x00000215cc7c3d58 sp=0x000000c2efefe840
Event: 14.705 Thread 0x00000215bf610600 DEOPT UNPACKING pc=0x00000215cbfc7da2 sp=0x000000c2efefe818 mode 2
Event: 14.733 Thread 0x00000215bf610600 Uncommon trap: trap_request=0xffffff45 fr.pc=0x00000215ccab2c4c relative=0x00000000000000ac
Event: 14.733 Thread 0x00000215bf610600 Uncommon trap: reason=unstable_if action=reinterpret pc=0x00000215ccab2c4c method=org.jetbrains.kotlin.ir.util.IrFakeOverrideUtilsKt.isFakeOverride(Lorg/jetbrains/kotlin/ir/declarations/IrDeclaration;)Z @ 29 c2
Event: 14.733 Thread 0x00000215bf610600 DEOPT PACKING pc=0x00000215ccab2c4c sp=0x000000c2efefdc60
Event: 14.733 Thread 0x00000215bf610600 DEOPT UNPACKING pc=0x00000215cbfc7da2 sp=0x000000c2efefdbf8 mode 2

Classes loaded (20 events):
Event: 12.414 Loading class jdk/internal/math/FloatingDecimal$1
Event: 12.414 Loading class jdk/internal/math/FloatingDecimal$1 done
Event: 12.415 Loading class jdk/internal/math/FloatingDecimal$PreparedASCIIToBinaryBuffer
Event: 12.415 Loading class jdk/internal/math/FloatingDecimal$ASCIIToBinaryConverter
Event: 12.415 Loading class jdk/internal/math/FloatingDecimal$ASCIIToBinaryConverter done
Event: 12.415 Loading class jdk/internal/math/FloatingDecimal$PreparedASCIIToBinaryBuffer done
Event: 12.415 Loading class jdk/internal/math/FloatingDecimal$ASCIIToBinaryBuffer
Event: 12.415 Loading class jdk/internal/math/FloatingDecimal$ASCIIToBinaryBuffer done
Event: 12.424 Loading class java/lang/invoke/DirectMethodHandle$1
Event: 12.424 Loading class java/lang/invoke/DirectMethodHandle$1 done
Event: 12.430 Loading class java/text/FieldPosition
Event: 12.430 Loading class java/text/FieldPosition done
Event: 12.430 Loading class java/util/Date
Event: 12.431 Loading class java/util/Date done
Event: 12.431 Loading class java/text/MessageFormat$Field
Event: 12.431 Loading class java/text/Format$Field
Event: 12.431 Loading class java/text/AttributedCharacterIterator$Attribute
Event: 12.431 Loading class java/text/AttributedCharacterIterator$Attribute done
Event: 12.431 Loading class java/text/Format$Field done
Event: 12.431 Loading class java/text/MessageFormat$Field done

Classes unloaded (0 events):
No events

Classes redefined (0 events):
No events

Internal exceptions (20 events):
Event: 6.951 Thread 0x00000215bf610600 Implicit null exception at 0x00000215cc5788bd to 0x00000215cc578939
Event: 7.540 Thread 0x00000215bf610600 Implicit null exception at 0x00000215cc6727e3 to 0x00000215cc672875
Event: 7.708 Thread 0x00000215bf610600 Implicit null exception at 0x00000215cc727b03 to 0x00000215cc727fa8
Event: 7.728 Thread 0x00000215bf610600 Exception <a 'java/lang/NoSuchMethodError'{0x00000000c9b17d58}: 'java.lang.Object java.lang.invoke.DirectMethodHandle$Holder.invokeInterface(java.lang.Object, java.lang.Object, java.lang.Object)'> (0x00000000c9b17d58) 
thrown [s\src\hotspot\share\interpreter\linkResolver.cpp, line 784]
Event: 7.728 Thread 0x00000215bf610600 Exception <a 'java/lang/IncompatibleClassChangeError'{0x00000000c9b1b400}: Found class java.lang.Object, but interface was expected> (0x00000000c9b1b400) 
thrown [s\src\hotspot\share\interpreter\linkResolver.cpp, line 851]
Event: 7.786 Thread 0x00000215bf610600 Exception <a 'java/lang/NoSuchMethodError'{0x00000000c9928b80}: 'int java.lang.invoke.DirectMethodHandle$Holder.invokeStaticInit(java.lang.Object, int)'> (0x00000000c9928b80) 
thrown [s\src\hotspot\share\interpreter\linkResolver.cpp, line 784]
Event: 7.867 Thread 0x00000215bf610600 Exception <a 'java/lang/NoSuchMethodError'{0x00000000c98d8ce0}: 'java.lang.Object java.lang.invoke.DirectMethodHandle$Holder.newInvokeSpecial(java.lang.Object, int, java.lang.Object, java.lang.Object)'> (0x00000000c98d8ce0) 
thrown [s\src\hotspot\share\interpreter\linkResolver.cpp, line 784]
Event: 8.200 Thread 0x00000215bf610600 Implicit null exception at 0x00000215cc6a806a to 0x00000215cc6a8738
Event: 8.360 Thread 0x00000215bf610600 Exception <a 'java/lang/NoSuchMethodError'{0x00000000c8d3bd88}: 'void java.lang.invoke.DirectMethodHandle$Holder.invokeSpecial(java.lang.Object, java.lang.Object, int, java.lang.Object)'> (0x00000000c8d3bd88) 
thrown [s\src\hotspot\share\interpreter\linkResolver.cpp, line 784]
Event: 8.472 Thread 0x00000215bf610600 Exception <a 'java/lang/IncompatibleClassChangeError'{0x00000000c8a40918}: Found class java.lang.Object, but interface was expected> (0x00000000c8a40918) 
thrown [s\src\hotspot\share\interpreter\linkResolver.cpp, line 851]
Event: 9.143 Thread 0x00000215bf610600 Exception <a 'java/lang/NoSuchMethodError'{0x00000000c9bc8be0}: 'java.lang.Object java.lang.invoke.DirectMethodHandle$Holder.invokeStatic(java.lang.Object, int, java.lang.Object)'> (0x00000000c9bc8be0) 
thrown [s\src\hotspot\share\interpreter\linkResolver.cpp, line 784]
Event: 10.411 Thread 0x00000215bf610600 Implicit null exception at 0x00000215cc8e21cd to 0x00000215cc8e2ab8
Event: 12.390 Thread 0x00000215bf610600 Exception <a 'java/lang/NoSuchMethodError'{0x00000000ffebe7d0}: 'int java.lang.invoke.Invokers$Holder.invokeExact_MT(java.lang.Object, java.lang.Object, java.lang.Object)'> (0x00000000ffebe7d0) 
thrown [s\src\hotspot\share\interpreter\linkResolver.cpp, line 784]
Event: 12.391 Thread 0x00000215bf610600 Exception <a 'java/lang/NoSuchMethodError'{0x00000000ffec3168}: 'void java.lang.invoke.Invokers$Holder.invokeExact_MT(java.lang.Object, java.lang.Object, java.lang.Object, java.lang.Object)'> (0x00000000ffec3168) 
thrown [s\src\hotspot\share\interpreter\linkResolver.cpp, line 784]
Event: 12.397 Thread 0x00000215bf610600 Implicit null exception at 0x00000215cc998dc9 to 0x00000215cc99962c
Event: 12.408 Thread 0x00000215bf610600 Exception <a 'java/lang/NoSuchMethodError'{0x00000000ffce6828}: 'java.lang.Object java.lang.invoke.DirectMethodHandle$Holder.invokeStaticInit(java.lang.Object, java.lang.Object, java.lang.Object, java.lang.Object)'> (0x00000000ffce6828) 
thrown [s\src\hotspot\share\interpreter\linkResolver.cpp, line 784]
Event: 12.626 Thread 0x00000215bf610600 Exception <a 'java/lang/NoSuchMethodError'{0x00000000c9ef1d90}: 'java.lang.Object java.lang.invoke.DirectMethodHandle$Holder.newInvokeSpecial(java.lang.Object, java.lang.Object, java.lang.Object, int, int)'> (0x00000000c9ef1d90) 
thrown [s\src\hotspot\share\interpreter\linkResolver.cpp, line 784]
Event: 12.627 Thread 0x00000215bf610600 Exception <a 'java/lang/NoSuchMethodError'{0x00000000c9ef5970}: 'java.lang.Object java.lang.invoke.DirectMethodHandle$Holder.invokeSpecial(java.lang.Object, java.lang.Object, java.lang.Object, java.lang.Object, int, int)'> (0x00000000c9ef5970) 
thrown [s\src\hotspot\share\interpreter\linkResolver.cpp, line 784]
Event: 12.664 Thread 0x00000215bf610600 Exception <a 'java/lang/NoSuchMethodError'{0x00000000c9ca5b88}: 'java.lang.Object java.lang.invoke.DirectMethodHandle$Holder.invokeSpecial(java.lang.Object, java.lang.Object, int, int, java.lang.Object, java.lang.Object, java.lang.Object, java.lang.Object, java.lang.Object)'> (0x00000000c9ca5b88) 
thrown [s\src\hotspot\share\interpreter\linkResolver.cpp, line 784]
Event: 13.165 Thread 0x00000215bf610600 Implicit null exception at 0x00000215cc586da0 to 0x00000215cc587020

ZGC Phase Switch (0 events):
No events

VM Operations (20 events):
Event: 14.363 Executing VM operation: HandshakeAllThreads (Deoptimize) done
Event: 14.374 Executing VM operation: ICBufferFull
Event: 14.374 Executing VM operation: ICBufferFull done
Event: 14.377 Executing VM operation: G1CollectForAllocation (G1 Evacuation Pause)
Event: 14.391 Executing VM operation: G1CollectForAllocation (G1 Evacuation Pause) done
Event: 14.459 Executing VM operation: ICBufferFull
Event: 14.459 Executing VM operation: ICBufferFull done
Event: 14.518 Executing VM operation: ICBufferFull
Event: 14.519 Executing VM operation: ICBufferFull done
Event: 14.625 Executing VM operation: ICBufferFull
Event: 14.625 Executing VM operation: ICBufferFull done
Event: 14.714 Executing VM operation: HandshakeAllThreads (Deoptimize)
Event: 14.714 Executing VM operation: HandshakeAllThreads (Deoptimize) done
Event: 14.723 Executing VM operation: HandshakeAllThreads (Deoptimize)
Event: 14.723 Executing VM operation: HandshakeAllThreads (Deoptimize) done
Event: 14.727 Executing VM operation: HandshakeAllThreads (Deoptimize)
Event: 14.727 Executing VM operation: HandshakeAllThreads (Deoptimize) done
Event: 14.729 Executing VM operation: HandshakeAllThreads (Deoptimize)
Event: 14.729 Executing VM operation: HandshakeAllThreads (Deoptimize) done
Event: 14.734 Executing VM operation: G1CollectForAllocation (G1 Evacuation Pause)

Memory protections (0 events):
No events

Nmethod flushes (20 events):
Event: 13.635 Thread 0x00000215c19be6e0 flushing  nmethod 0x00000215c5dcf010
Event: 13.635 Thread 0x00000215c19be6e0 flushing  nmethod 0x00000215c5dd3a10
Event: 13.635 Thread 0x00000215c19be6e0 flushing  nmethod 0x00000215c5dd5a90
Event: 13.635 Thread 0x00000215c19be6e0 flushing  nmethod 0x00000215c5e16590
Event: 13.635 Thread 0x00000215c19be6e0 flushing  nmethod 0x00000215c5e20c90
Event: 13.635 Thread 0x00000215c19be6e0 flushing  nmethod 0x00000215c5e29b90
Event: 13.635 Thread 0x00000215c19be6e0 flushing  nmethod 0x00000215c5e4a690
Event: 13.635 Thread 0x00000215c19be6e0 flushing  nmethod 0x00000215c5ed2310
Event: 13.635 Thread 0x00000215c19be6e0 flushing  nmethod 0x00000215c5f72990
Event: 13.635 Thread 0x00000215c19be6e0 flushing  nmethod 0x00000215c5f75990
Event: 13.635 Thread 0x00000215c19be6e0 flushing  nmethod 0x00000215c5fa7190
Event: 13.635 Thread 0x00000215c19be6e0 flushing  nmethod 0x00000215c6027f90
Event: 13.635 Thread 0x00000215c19be6e0 flushing  nmethod 0x00000215c608ee90
Event: 13.635 Thread 0x00000215c19be6e0 flushing  nmethod 0x00000215c60bca90
Event: 13.635 Thread 0x00000215c19be6e0 flushing  nmethod 0x00000215c60c6090
Event: 13.635 Thread 0x00000215c19be6e0 flushing  nmethod 0x00000215c6147c10
Event: 13.635 Thread 0x00000215c19be6e0 flushing  nmethod 0x00000215c6373510
Event: 13.635 Thread 0x00000215c19be6e0 flushing  nmethod 0x00000215c6377390
Event: 13.635 Thread 0x00000215c19be6e0 flushing  nmethod 0x00000215c6495090
Event: 13.635 Thread 0x00000215c19be6e0 flushing  nmethod 0x00000215c6499190

Events (17 events):
Event: 0.019 Thread 0x00000215bf610600 Thread added: 0x00000215bf610600
Event: 0.068 Thread 0x00000215bf610600 Thread added: 0x00000215d73605a0
Event: 0.068 Thread 0x00000215bf610600 Thread added: 0x00000215d7112090
Event: 0.069 Thread 0x00000215bf610600 Thread added: 0x00000215d7129900
Event: 0.069 Thread 0x00000215bf610600 Thread added: 0x00000215d71276f0
Event: 0.069 Thread 0x00000215bf610600 Thread added: 0x00000215d7117130
Event: 0.069 Thread 0x00000215bf610600 Thread added: 0x00000215d7368f70
Event: 0.069 Thread 0x00000215bf610600 Thread added: 0x00000215d7117b90
Event: 0.069 Thread 0x00000215bf610600 Thread added: 0x00000215d712df90
Event: 0.121 Thread 0x00000215bf610600 Thread added: 0x00000215d74ffd40
Event: 0.126 Thread 0x00000215bf610600 Thread added: 0x00000215d75039a0
Event: 0.135 Loaded shared library C:\Program Files\Android\Android Studio\jbr\bin\net.dll
Event: 0.137 Loaded shared library C:\Program Files\Android\Android Studio\jbr\bin\nio.dll
Event: 0.159 Thread 0x00000215d7117b90 Thread added: 0x00000215d756cb40
Event: 0.180 Loaded shared library C:\Program Files\Android\Android Studio\jbr\bin\zip.dll
Event: 0.218 Loaded shared library C:\Program Files\Android\Android Studio\jbr\bin\jimage.dll
Event: 0.485 Thread 0x00000215d756cb40 Thread exited: 0x00000215d756cb40


Dynamic libraries:
0x00007ff7c23b0000 - 0x00007ff7c23ba000 	C:\Program Files\Android\Android Studio\jbr\bin\java.exe
0x00007ffb39b70000 - 0x00007ffb39d87000 	C:\WINDOWS\SYSTEM32\ntdll.dll
0x00007ffb38af0000 - 0x00007ffb38bb4000 	C:\WINDOWS\System32\KERNEL32.DLL
0x00007ffb36dd0000 - 0x00007ffb371a1000 	C:\WINDOWS\System32\KERNELBASE.dll
0x00007ffb371b0000 - 0x00007ffb372c1000 	C:\WINDOWS\System32\ucrtbase.dll
0x00007ffb1e3d0000 - 0x00007ffb1e3e8000 	C:\Program Files\Android\Android Studio\jbr\bin\jli.dll
0x00007ffb292c0000 - 0x00007ffb292db000 	C:\Program Files\Android\Android Studio\jbr\bin\VCRUNTIME140.dll
0x00007ffb390e0000 - 0x00007ffb39291000 	C:\WINDOWS\System32\USER32.dll
0x00007ffb376a0000 - 0x00007ffb376c6000 	C:\WINDOWS\System32\win32u.dll
0x00007ffb38d80000 - 0x00007ffb38da9000 	C:\WINDOWS\System32\GDI32.dll
0x00007ffb36cb0000 - 0x00007ffb36dcb000 	C:\WINDOWS\System32\gdi32full.dll
0x00007ffb1e890000 - 0x00007ffb1eb22000 	C:\WINDOWS\WinSxS\amd64_microsoft.windows.common-controls_6595b64144ccf1df_6.0.22621.4830_none_270fe7d773858e80\COMCTL32.dll
0x00007ffb37600000 - 0x00007ffb3769a000 	C:\WINDOWS\System32\msvcp_win.dll
0x00007ffb37a10000 - 0x00007ffb37ab7000 	C:\WINDOWS\System32\msvcrt.dll
0x00007ffb38cf0000 - 0x00007ffb38d21000 	C:\WINDOWS\System32\IMM32.DLL
0x00007ffb28bf0000 - 0x00007ffb28bfc000 	C:\Program Files\Android\Android Studio\jbr\bin\vcruntime140_1.dll
0x00007ffaf4b50000 - 0x00007ffaf4bdd000 	C:\Program Files\Android\Android Studio\jbr\bin\msvcp140.dll
0x00007ffad5c70000 - 0x00007ffad68f3000 	C:\Program Files\Android\Android Studio\jbr\bin\server\jvm.dll
0x00007ffb38c30000 - 0x00007ffb38ce1000 	C:\WINDOWS\System32\ADVAPI32.dll
0x00007ffb39440000 - 0x00007ffb394e7000 	C:\WINDOWS\System32\sechost.dll
0x00007ffb37490000 - 0x00007ffb374b8000 	C:\WINDOWS\System32\bcrypt.dll
0x00007ffb37b20000 - 0x00007ffb37c34000 	C:\WINDOWS\System32\RPCRT4.dll
0x00007ffb37c40000 - 0x00007ffb37cb1000 	C:\WINDOWS\System32\WS2_32.dll
0x00007ffb369d0000 - 0x00007ffb36a1d000 	C:\WINDOWS\SYSTEM32\POWRPROF.dll
0x00007ffb2dc10000 - 0x00007ffb2dc1a000 	C:\WINDOWS\SYSTEM32\VERSION.dll
0x00007ffb2e020000 - 0x00007ffb2e054000 	C:\WINDOWS\SYSTEM32\WINMM.dll
0x00007ffb369b0000 - 0x00007ffb369c3000 	C:\WINDOWS\SYSTEM32\UMPDC.dll
0x00007ffb35cc0000 - 0x00007ffb35cd8000 	C:\WINDOWS\SYSTEM32\kernel.appcore.dll
0x00007ffb28bc0000 - 0x00007ffb28bca000 	C:\Program Files\Android\Android Studio\jbr\bin\jimage.dll
0x00007ffb346c0000 - 0x00007ffb348f2000 	C:\WINDOWS\SYSTEM32\DBGHELP.DLL
0x00007ffb37ed0000 - 0x00007ffb38260000 	C:\WINDOWS\System32\combase.dll
0x00007ffb392b0000 - 0x00007ffb39387000 	C:\WINDOWS\System32\OLEAUT32.dll
0x00007ffb0c2a0000 - 0x00007ffb0c2d2000 	C:\WINDOWS\SYSTEM32\dbgcore.DLL
0x00007ffb37350000 - 0x00007ffb373cb000 	C:\WINDOWS\System32\bcryptPrimitives.dll
0x00007ffb28ad0000 - 0x00007ffb28af0000 	C:\Program Files\Android\Android Studio\jbr\bin\java.dll
0x00007ffb28ab0000 - 0x00007ffb28ac8000 	C:\Program Files\Android\Android Studio\jbr\bin\zip.dll
0x00007ffb38260000 - 0x00007ffb38ae8000 	C:\WINDOWS\System32\SHELL32.dll
0x00007ffb374c0000 - 0x00007ffb375ff000 	C:\WINDOWS\System32\wintypes.dll
0x00007ffb34bc0000 - 0x00007ffb354cc000 	C:\WINDOWS\SYSTEM32\windows.storage.dll
0x00007ffb38e30000 - 0x00007ffb38f3a000 	C:\WINDOWS\System32\SHCORE.dll
0x00007ffb37cc0000 - 0x00007ffb37d1e000 	C:\WINDOWS\System32\shlwapi.dll
0x00007ffb36be0000 - 0x00007ffb36c0b000 	C:\WINDOWS\SYSTEM32\profapi.dll
0x00007ffb28a40000 - 0x00007ffb28a50000 	C:\Program Files\Android\Android Studio\jbr\bin\net.dll
0x00007ffb2ded0000 - 0x00007ffb2dffc000 	C:\WINDOWS\SYSTEM32\WINHTTP.dll
0x00007ffb36120000 - 0x00007ffb3618a000 	C:\WINDOWS\system32\mswsock.dll
0x00007ffb28250000 - 0x00007ffb28266000 	C:\Program Files\Android\Android Studio\jbr\bin\nio.dll
0x00007ffb280b0000 - 0x00007ffb280c0000 	C:\Program Files\Android\Android Studio\jbr\bin\verify.dll

dbghelp: loaded successfully - version: 4.0.5 - missing functions: none
symbol engine: initialized successfully - sym options: 0x614 - pdb path: .;C:\Program Files\Android\Android Studio\jbr\bin;C:\WINDOWS\SYSTEM32;C:\WINDOWS\WinSxS\amd64_microsoft.windows.common-controls_6595b64144ccf1df_6.0.22621.4830_none_270fe7d773858e80;C:\Program Files\Android\Android Studio\jbr\bin\server

VM Arguments:
java_command: org.jetbrains.kotlin.cli.jvm.K2JVMCompiler @C:\Users\Graphic\AndroidStudioProjects\NewsApplication\app\build\20250306_7865090680742275028.compiler.options
java_class_path (initial): C:\Users\Graphic\.gradle\caches\modules-2\files-2.1\org.jetbrains.kotlin\kotlin-compiler-embeddable\1.9.0\2c8c3a7402becca891f12739b3e9fd2dc2adbd7a\kotlin-compiler-embeddable-1.9.0.jar;C:\Users\Graphic\.gradle\caches\modules-2\files-2.1\org.jetbrains.kotlin\kotlin-stdlib\1.9.0\8ee15ef0c67dc83d874f412d84378d7f0eb50b63\kotlin-stdlib-1.9.0.jar;C:\Users\Graphic\.gradle\caches\modules-2\files-2.1\org.jetbrains.kotlin\kotlin-script-runtime\1.9.0\4b3102cbbb7e1b58d9d1adf89563f00069ffa7d1\kotlin-script-runtime-1.9.0.jar;C:\Users\Graphic\.gradle\caches\modules-2\files-2.1\org.jetbrains.kotlin\kotlin-reflect\1.6.10\1cbe9c92c12a94eea200d23c2bbaedaf3daf5132\kotlin-reflect-1.6.10.jar;C:\Users\Graphic\.gradle\caches\modules-2\files-2.1\org.jetbrains.kotlin\kotlin-daemon-embeddable\1.9.0\186543f5e28cf8d9a0290fecc2cf34301c40a65c\kotlin-daemon-embeddable-1.9.0.jar;C:\Users\Graphic\.gradle\caches\modules-2\files-2.1\org.jetbrains.intellij.deps\trove4j\1.0.20200330\3afb14d5f9ceb459d724e907a21145e8ff394f02\trove4j-1.0.20200330.jar;C:\Users\Graphic\.gradle\caches\modules-2\files-2.1\org.jetbrains.kotlin\kotlin-stdlib-common\1.9.0\cd65c21cfd1eec4d44ef09f9f52b6d9f8a720636\kotlin-stdlib-common-1.9.0.jar;C:\Users\Graphic\.gradle\caches\modules-2\files-2.1\org.jetbrains\annotations\13.0\919f0dfe192fb4e063e7dacadee7f8bb9a2672a9\annotations-13.0.jar
Launcher Type: SUN_STANDARD

[Global flags]
     intx CICompilerCount                          = 3                                         {product} {ergonomic}
     uint ConcGCThreads                            = 1                                         {product} {ergonomic}
     uint G1ConcRefinementThreads                  = 4                                         {product} {ergonomic}
   size_t G1HeapRegionSize                         = 1048576                                   {product} {ergonomic}
    uintx GCDrainStackTargetSize                   = 64                                        {product} {ergonomic}
   size_t InitialHeapSize                          = 62914560                                  {product} {ergonomic}
   size_t MarkStackSize                            = 4194304                                   {product} {ergonomic}
   size_t MaxHeapSize                              = 994050048                                 {product} {ergonomic}
   size_t MaxNewSize                               = 595591168                                 {product} {ergonomic}
   size_t MinHeapDeltaBytes                        = 1048576                                   {product} {ergonomic}
   size_t MinHeapSize                              = 8388608                                   {product} {ergonomic}
    uintx NonNMethodCodeHeapSize                   = 5832780                                {pd product} {ergonomic}
    uintx NonProfiledCodeHeapSize                  = 122912730                              {pd product} {ergonomic}
    uintx ProfiledCodeHeapSize                     = 122912730                              {pd product} {ergonomic}
    uintx ReservedCodeCacheSize                    = 251658240                              {pd product} {ergonomic}
     bool SegmentedCodeCache                       = true                                      {product} {ergonomic}
   size_t SoftMaxHeapSize                          = 994050048                              {manageable} {ergonomic}
     bool UseCompressedOops                        = true                           {product lp64_product} {ergonomic}
     bool UseG1GC                                  = true                                      {product} {ergonomic}
     bool UseLargePagesIndividualAllocation        = false                                  {pd product} {ergonomic}

Logging:
Log output configuration:
 #0: stdout all=warning uptime,level,tags foldmultilines=false
 #1: stderr all=off uptime,level,tags foldmultilines=false

Environment Variables:
PATH=C:\WINDOWS\system32;C:\WINDOWS;C:\WINDOWS\System32\Wbem;C:\WINDOWS\System32\WindowsPowerShell\v1.0\;C:\WINDOWS\System32\OpenSSH\;C:\msys64\mingw64\bin;C:\MinGW\bin;C:\Program Files (x86)\Microsoft SQL Server\160\Tools\Binn\;C:\Program Files\Microsoft SQL Server\160\Tools\Binn\;C:\Program Files\Microsoft SQL Server\Client SDK\ODBC\170\Tools\Binn\;C:\Program Files\Microsoft SQL Server\160\DTS\Binn\;C:\Program Files (x86)\Microsoft SQL Server\160\DTS\Binn\;C:\Program Files\Azure Data Studio\bin;C:\Program Files\Git\cmd;C:\Program Files (x86)\Windows Kits\10\Windows Performance Toolkit\;C:\Users\Graphic\AppData\Local\Programs\Python\Launcher\;C:\Users\Graphic\AppData\Local\Microsoft\WindowsApps;C:\Program Files\Azure Data Studio\bin;C:\Program Files\JetBrains\IntelliJ IDEA 2024.1\bin;;C:\Program Files\JetBrains\IntelliJ IDEA Community Edition 2024.1\bin;;C:\Users\Graphic\Downloads\dartsdk-windows-x64-release.zip\dart-sdk\bin;C:\Program Files\JetBrains\PyCharm 2024.3.3\bin;;C:\Program Files\JetBrains\PyCharm Community Edition 2024.3.3\bin;
USERNAME=Graphic
OS=Windows_NT
PROCESSOR_IDENTIFIER=Intel64 Family 6 Model 140 Stepping 1, GenuineIntel
TMP=C:\Users\Graphic\AppData\Local\Temp
TEMP=C:\Users\Graphic\AppData\Local\Temp




Periodic native trim disabled

JNI global refs:
JNI global refs: 8, weak refs: 0

JNI global refs memory usage: 835, weak refs: 833

Process memory usage:
Resident Set Size: 349968K (9% of 3881580K total physical memory with 286992K free physical memory)

OOME stack traces (most recent first):
Classloader memory used:
Loader jdk.internal.loader.ClassLoaders$AppClassLoader                                 : 75065K
Loader bootstrap                                                                       : 13032K

---------------  S Y S T E M  ---------------

OS:
 Windows 11 , 64 bit Build 22621 (10.0.22621.4974)
OS uptime: 8 days 4:25 hours
Hyper-V role detected

CPU: total 4 (initial active 4) (2 cores per cpu, 2 threads per core) family 6 model 140 stepping 1 microcode 0xa4, cx8, cmov, fxsr, ht, mmx, 3dnowpref, sse, sse2, sse3, ssse3, sse4.1, sse4.2, popcnt, lzcnt, tsc, tscinvbit, avx, avx2, aes, erms, clmul, bmi1, bmi2, adx, avx512f, avx512dq, avx512cd, avx512bw, avx512vl, sha, fma, vzeroupper, avx512_vpopcntdq, avx512_vpclmulqdq, avx512_vaes, avx512_vnni, clflush, clflushopt, clwb, avx512_vbmi2, avx512_vbmi, hv, rdtscp, rdpid, fsrm, gfni, avx512_bitalg, f16c, cet_ibt, cet_ss, avx512_ifma
Processor Information for all 4 processors :
  Max Mhz: 2995, Current Mhz: 2995, Mhz Limit: 2995

Memory: 4k page, system-wide physical 3790M (280M free)
TotalPageFile size 15566M (AvailPageFile size 23M)
current process WorkingSet (physical memory assigned to process): 341M, peak: 341M
current process commit charge ("private bytes"): 387M, peak: 423M

vm_info: OpenJDK 64-Bit Server VM (21.0.4+-12508038-b607.1) for windows-amd64 JRE (21.0.4+-12508038-b607.1), built on 2024-10-16T17:23:34Z by "builder" with MS VC++ 16.10 / 16.11 (VS2019)

END.
