#
# There is insufficient memory for the Java Runtime Environment to continue.
# Native memory allocation (malloc) failed to allocate 1200160 bytes. Error detail: Chunk::new
# Possible reasons:
#   The system is out of physical RAM or swap space
#   This process is running with CompressedOops enabled, and the Java Heap may be blocking the growth of the native heap
# Possible solutions:
#   Reduce memory load on the system
#   Increase physical memory or swap space
#   Check if swap backing store is full
#   Decrease Java heap size (-Xmx/-Xms)
#   Decrease number of Java threads
#   Decrease Java thread stack sizes (-Xss)
#   Set larger code cache with -XX:ReservedCodeCacheSize=
#   JVM is running with Unscaled Compressed Oops mode in which the Java heap is
#     placed in the first 4GB address space. The Java Heap base address is the
#     maximum limit for the native heap growth. Please use -XX:HeapBaseMinAddress
#     to set the Java Heap base and to place the Java Heap above 4GB virtual address.
# This output file may be truncated or incomplete.
#
#  Out of Memory Error (arena.cpp:168), pid=5532, tid=12228
#
# JRE version: OpenJDK Runtime Environment (21.0.4) (build 21.0.4+-12508038-b607.1)
# Java VM: OpenJDK 64-Bit Server VM (21.0.4+-12508038-b607.1, mixed mode, tiered, compressed oops, compressed class ptrs, g1 gc, windows-amd64)
# No core dump will be written. Minidumps are not enabled by default on client versions of Windows
#

---------------  S U M M A R Y ------------

Command Line: org.jetbrains.kotlin.cli.jvm.K2JVMCompiler @C:\Users\Graphic\AndroidStudioProjects\NewsApplication\app\build\20250306_4316106252420244577.compiler.options

Host: 11th Gen Intel(R) Core(TM) i3-1115G4 @ 3.00GHz, 4 cores, 3G,  Windows 11 , 64 bit Build 22621 (10.0.22621.4974)
Time: Thu Mar  6 23:33:48 2025 Egypt Standard Time elapsed time: 14.334237 seconds (0d 0h 0m 14s)

---------------  T H R E A D  ---------------

Current thread (0x0000016106006590):  JavaThread "C2 CompilerThread0" daemon [_thread_in_native, id=12228, stack(0x00000022f9c00000,0x00000022f9d00000) (1024K)]


Current CompileTask:
C2:  14334 14454       4       org.jetbrains.kotlin.load.kotlin.TypeSignatureMappingKt::mapBuiltInType (339 bytes)

Stack: [0x00000022f9c00000,0x00000022f9d00000]
Native frames: (J=compiled Java code, j=interpreted, Vv=VM code, C=native code)
V  [jvm.dll+0x6ce539]
V  [jvm.dll+0x85bf03]
V  [jvm.dll+0x85e45e]
V  [jvm.dll+0x85eb43]
V  [jvm.dll+0x27dd06]
V  [jvm.dll+0xbf9cd]
V  [jvm.dll+0xbff03]
V  [jvm.dll+0x3b4deb]
V  [jvm.dll+0x380f07]
V  [jvm.dll+0x38037a]
V  [jvm.dll+0x2473f2]
V  [jvm.dll+0x2469c1]
V  [jvm.dll+0x1c58a4]
V  [jvm.dll+0x255fec]
V  [jvm.dll+0x254536]
V  [jvm.dll+0x3efab6]
V  [jvm.dll+0x804418]
V  [jvm.dll+0x6cce0d]
C  [ucrtbase.dll+0x29333]
C  [KERNEL32.DLL+0x1259d]
C  [ntdll.dll+0x5af38]


---------------  P R O C E S S  ---------------

Threads class SMR info:
_java_thread_list=0x0000016106507620, length=11, elements={
0x000001616a28f6d0, 0x000001610601fa90, 0x000001617fd90d20, 0x0000016106000080,
0x0000016106000ae0, 0x0000016106003e60, 0x00000161060048c0, 0x0000016106006590,
0x000001610600acd0, 0x00000161061c0af0, 0x00000161061c3980
}

Java Threads: ( => current thread )
  0x000001616a28f6d0 JavaThread "main"                              [_thread_in_vm, id=4504, stack(0x00000022f8e00000,0x00000022f8f00000) (1024K)]
  0x000001610601fa90 JavaThread "Reference Handler"          daemon [_thread_blocked, id=17528, stack(0x00000022f9600000,0x00000022f9700000) (1024K)]
  0x000001617fd90d20 JavaThread "Finalizer"                  daemon [_thread_blocked, id=17080, stack(0x00000022f9700000,0x00000022f9800000) (1024K)]
  0x0000016106000080 JavaThread "Signal Dispatcher"          daemon [_thread_blocked, id=7644, stack(0x00000022f9800000,0x00000022f9900000) (1024K)]
  0x0000016106000ae0 JavaThread "Attach Listener"            daemon [_thread_blocked, id=5116, stack(0x00000022f9900000,0x00000022f9a00000) (1024K)]
  0x0000016106003e60 JavaThread "Service Thread"             daemon [_thread_blocked, id=11968, stack(0x00000022f9a00000,0x00000022f9b00000) (1024K)]
  0x00000161060048c0 JavaThread "Monitor Deflation Thread"   daemon [_thread_blocked, id=3380, stack(0x00000022f9b00000,0x00000022f9c00000) (1024K)]
=>0x0000016106006590 JavaThread "C2 CompilerThread0"         daemon [_thread_in_native, id=12228, stack(0x00000022f9c00000,0x00000022f9d00000) (1024K)]
  0x000001610600acd0 JavaThread "C1 CompilerThread0"         daemon [_thread_blocked, id=10092, stack(0x00000022f9d00000,0x00000022f9e00000) (1024K)]
  0x00000161061c0af0 JavaThread "Notification Thread"        daemon [_thread_blocked, id=7648, stack(0x00000022f9e00000,0x00000022f9f00000) (1024K)]
  0x00000161061c3980 JavaThread "Common-Cleaner"             daemon [_thread_blocked, id=10612, stack(0x00000022f9f00000,0x00000022fa000000) (1024K)]
Total: 11

Other Threads:
  0x000001617fd13b00 VMThread "VM Thread"                           [id=4920, stack(0x00000022f9500000,0x00000022f9600000) (1024K)]
  0x000001616c5533b0 WatcherThread "VM Periodic Task Thread"        [id=3136, stack(0x00000022f9400000,0x00000022f9500000) (1024K)]
  0x000001616c4cf4f0 WorkerThread "GC Thread#0"                     [id=14456, stack(0x00000022f8f00000,0x00000022f9000000) (1024K)]
  0x00000161067071e0 WorkerThread "GC Thread#1"                     [id=14208, stack(0x00000022fa100000,0x00000022fa200000) (1024K)]
  0x0000016106763ab0 WorkerThread "GC Thread#2"                     [id=9196, stack(0x00000022fa200000,0x00000022fa300000) (1024K)]
  0x0000016106764260 WorkerThread "GC Thread#3"                     [id=10736, stack(0x00000022fa300000,0x00000022fa400000) (1024K)]
  0x000001616c4e5f20 ConcurrentGCThread "G1 Main Marker"            [id=16900, stack(0x00000022f9000000,0x00000022f9100000) (1024K)]
  0x000001616c4e7230 WorkerThread "G1 Conc#0"                       [id=3260, stack(0x00000022f9100000,0x00000022f9200000) (1024K)]
  0x000001616c541f90 ConcurrentGCThread "G1 Refine#0"               [id=17396, stack(0x00000022f9200000,0x00000022f9300000) (1024K)]
  0x000001616c543b10 ConcurrentGCThread "G1 Service"                [id=2072, stack(0x00000022f9300000,0x00000022f9400000) (1024K)]
Total: 10

Threads with active compile tasks:
C2 CompilerThread0    14362 14454       4       org.jetbrains.kotlin.load.kotlin.TypeSignatureMappingKt::mapBuiltInType (339 bytes)
Total: 1

VM state: not at safepoint (normal execution)

VM Mutex/Monitor currently owned by a thread:  ([mutex/lock_event])
[0x00007ffad6815cf8] CompiledIC_lock - owner thread: 0x000001616a28f6d0
[0x00007ffad6817278] CompiledMethod_lock - owner thread: 0x0000000000000000

Heap address: 0x00000000c4c00000, size: 948 MB, Compressed Oops mode: 32-bit

CDS archive(s) not mapped
Compressed class space mapped at: 0x0000000100000000-0x0000000140000000, reserved size: 1073741824
Narrow klass base: 0x0000000000000000, Narrow klass shift: 3, Narrow klass range: 0x140000000

GC Precious Log:
 CardTable entry size: 512
 Card Set container configuration: InlinePtr #cards 5 size 8 Array Of Cards #cards 12 size 40 Howl #buckets 4 coarsen threshold 1843 Howl Bitmap #cards 512 size 80 coarsen threshold 460 Card regions per heap region 1 cards per card region 2048
 CPUs: 4 total, 4 available
 Memory: 3790M
 Large Page Support: Disabled
 NUMA Support: Disabled
 Compressed Oops: Enabled (32-bit)
 Heap Region Size: 1M
 Heap Min Capacity: 8M
 Heap Initial Capacity: 60M
 Heap Max Capacity: 948M
 Pre-touch: Disabled
 Parallel Workers: 4
 Concurrent Workers: 1
 Concurrent Refinement Workers: 4
 Periodic GC: Disabled

Heap:
 garbage-first heap   total 124928K, used 99826K [0x00000000c4c00000, 0x0000000100000000)
  region size 1024K, 31 young (31744K), 5 survivors (5120K)
 Metaspace       used 86827K, committed 87616K, reserved 1179648K
  class space    used 9511K, committed 9856K, reserved 1048576K

Heap Regions: E=young(eden), S=young(survivor), O=old, HS=humongous(starts), HC=humongous(continues), CS=collection set, F=free, TAMS=top-at-mark-start, PB=parsable bottom
|   0|0x00000000c4c00000, 0x00000000c4d00000, 0x00000000c4d00000|100%|HS|  |TAMS 0x00000000c4c00000| PB 0x00000000c4c00000| Complete 
|   1|0x00000000c4d00000, 0x00000000c4e00000, 0x00000000c4e00000|100%|HC|  |TAMS 0x00000000c4d00000| PB 0x00000000c4d00000| Complete 
|   2|0x00000000c4e00000, 0x00000000c4f00000, 0x00000000c4f00000|100%|HC|  |TAMS 0x00000000c4e00000| PB 0x00000000c4e00000| Complete 
|   3|0x00000000c4f00000, 0x00000000c5000000, 0x00000000c5000000|100%|HC|  |TAMS 0x00000000c4f00000| PB 0x00000000c4f00000| Complete 
|   4|0x00000000c5000000, 0x00000000c5100000, 0x00000000c5100000|100%| O|  |TAMS 0x00000000c5000000| PB 0x00000000c5000000| Untracked 
|   5|0x00000000c5100000, 0x00000000c5200000, 0x00000000c5200000|100%| O|  |TAMS 0x00000000c5100000| PB 0x00000000c5100000| Untracked 
|   6|0x00000000c5200000, 0x00000000c5300000, 0x00000000c5300000|100%| O|  |TAMS 0x00000000c5200000| PB 0x00000000c5200000| Untracked 
|   7|0x00000000c5300000, 0x00000000c5400000, 0x00000000c5400000|100%| O|  |TAMS 0x00000000c5300000| PB 0x00000000c5300000| Untracked 
|   8|0x00000000c5400000, 0x00000000c5500000, 0x00000000c5500000|100%| O|  |TAMS 0x00000000c5400000| PB 0x00000000c5400000| Untracked 
|   9|0x00000000c5500000, 0x00000000c5600000, 0x00000000c5600000|100%| O|  |TAMS 0x00000000c5500000| PB 0x00000000c5500000| Untracked 
|  10|0x00000000c5600000, 0x00000000c5700000, 0x00000000c5700000|100%| O|  |TAMS 0x00000000c5600000| PB 0x00000000c5600000| Untracked 
|  11|0x00000000c5700000, 0x00000000c5800000, 0x00000000c5800000|100%| O|  |TAMS 0x00000000c5700000| PB 0x00000000c5700000| Untracked 
|  12|0x00000000c5800000, 0x00000000c5900000, 0x00000000c5900000|100%| O|  |TAMS 0x00000000c5800000| PB 0x00000000c5800000| Untracked 
|  13|0x00000000c5900000, 0x00000000c5a00000, 0x00000000c5a00000|100%| O|  |TAMS 0x00000000c5900000| PB 0x00000000c5900000| Untracked 
|  14|0x00000000c5a00000, 0x00000000c5b00000, 0x00000000c5b00000|100%| O|  |TAMS 0x00000000c5a00000| PB 0x00000000c5a00000| Untracked 
|  15|0x00000000c5b00000, 0x00000000c5c00000, 0x00000000c5c00000|100%| O|  |TAMS 0x00000000c5b00000| PB 0x00000000c5b00000| Untracked 
|  16|0x00000000c5c00000, 0x00000000c5d00000, 0x00000000c5d00000|100%| O|  |TAMS 0x00000000c5c00000| PB 0x00000000c5c00000| Untracked 
|  17|0x00000000c5d00000, 0x00000000c5e00000, 0x00000000c5e00000|100%| O|  |TAMS 0x00000000c5d00000| PB 0x00000000c5d00000| Untracked 
|  18|0x00000000c5e00000, 0x00000000c5f00000, 0x00000000c5f00000|100%|HS|  |TAMS 0x00000000c5e00000| PB 0x00000000c5e00000| Complete 
|  19|0x00000000c5f00000, 0x00000000c6000000, 0x00000000c6000000|100%|HC|  |TAMS 0x00000000c5f00000| PB 0x00000000c5f00000| Complete 
|  20|0x00000000c6000000, 0x00000000c6100000, 0x00000000c6100000|100%| O|  |TAMS 0x00000000c6000000| PB 0x00000000c6000000| Untracked 
|  21|0x00000000c6100000, 0x00000000c6200000, 0x00000000c6200000|100%| O|  |TAMS 0x00000000c6100000| PB 0x00000000c6100000| Untracked 
|  22|0x00000000c6200000, 0x00000000c6300000, 0x00000000c6300000|100%| O|  |TAMS 0x00000000c6200000| PB 0x00000000c6200000| Untracked 
|  23|0x00000000c6300000, 0x00000000c6400000, 0x00000000c6400000|100%| O|  |TAMS 0x00000000c6300000| PB 0x00000000c6300000| Untracked 
|  24|0x00000000c6400000, 0x00000000c6500000, 0x00000000c6500000|100%| O|  |TAMS 0x00000000c6400000| PB 0x00000000c6400000| Untracked 
|  25|0x00000000c6500000, 0x00000000c6600000, 0x00000000c6600000|100%| O|  |TAMS 0x00000000c6500000| PB 0x00000000c6500000| Untracked 
|  26|0x00000000c6600000, 0x00000000c6700000, 0x00000000c6700000|100%| O|  |TAMS 0x00000000c6600000| PB 0x00000000c6600000| Untracked 
|  27|0x00000000c6700000, 0x00000000c6800000, 0x00000000c6800000|100%| O|  |TAMS 0x00000000c6700000| PB 0x00000000c6700000| Untracked 
|  28|0x00000000c6800000, 0x00000000c6900000, 0x00000000c6900000|100%| O|  |TAMS 0x00000000c6800000| PB 0x00000000c6800000| Untracked 
|  29|0x00000000c6900000, 0x00000000c6a00000, 0x00000000c6a00000|100%| O|  |TAMS 0x00000000c6900000| PB 0x00000000c6900000| Untracked 
|  30|0x00000000c6a00000, 0x00000000c6b00000, 0x00000000c6b00000|100%| O|  |TAMS 0x00000000c6a00000| PB 0x00000000c6a00000| Untracked 
|  31|0x00000000c6b00000, 0x00000000c6c00000, 0x00000000c6c00000|100%| O|  |TAMS 0x00000000c6b00000| PB 0x00000000c6b00000| Untracked 
|  32|0x00000000c6c00000, 0x00000000c6d00000, 0x00000000c6d00000|100%| O|  |TAMS 0x00000000c6c00000| PB 0x00000000c6c00000| Untracked 
|  33|0x00000000c6d00000, 0x00000000c6e00000, 0x00000000c6e00000|100%| O|  |TAMS 0x00000000c6d00000| PB 0x00000000c6d00000| Untracked 
|  34|0x00000000c6e00000, 0x00000000c6f00000, 0x00000000c6f00000|100%| O|  |TAMS 0x00000000c6e00000| PB 0x00000000c6e00000| Untracked 
|  35|0x00000000c6f00000, 0x00000000c7000000, 0x00000000c7000000|100%| O|  |TAMS 0x00000000c6f00000| PB 0x00000000c6f00000| Untracked 
|  36|0x00000000c7000000, 0x00000000c7100000, 0x00000000c7100000|100%| O|  |TAMS 0x00000000c7000000| PB 0x00000000c7000000| Untracked 
|  37|0x00000000c7100000, 0x00000000c7200000, 0x00000000c7200000|100%| O|  |TAMS 0x00000000c7100000| PB 0x00000000c7100000| Untracked 
|  38|0x00000000c7200000, 0x00000000c7300000, 0x00000000c7300000|100%| O|  |TAMS 0x00000000c7200000| PB 0x00000000c7200000| Untracked 
|  39|0x00000000c7300000, 0x00000000c7400000, 0x00000000c7400000|100%| O|  |TAMS 0x00000000c7300000| PB 0x00000000c7300000| Untracked 
|  40|0x00000000c7400000, 0x00000000c7500000, 0x00000000c7500000|100%| O|  |TAMS 0x00000000c7400000| PB 0x00000000c7400000| Untracked 
|  41|0x00000000c7500000, 0x00000000c7600000, 0x00000000c7600000|100%| O|  |TAMS 0x00000000c7500000| PB 0x00000000c7500000| Untracked 
|  42|0x00000000c7600000, 0x00000000c7700000, 0x00000000c7700000|100%| O|  |TAMS 0x00000000c7600000| PB 0x00000000c7600000| Untracked 
|  43|0x00000000c7700000, 0x00000000c7800000, 0x00000000c7800000|100%| O|  |TAMS 0x00000000c7700000| PB 0x00000000c7700000| Untracked 
|  44|0x00000000c7800000, 0x00000000c7900000, 0x00000000c7900000|100%| O|  |TAMS 0x00000000c7800000| PB 0x00000000c7800000| Untracked 
|  45|0x00000000c7900000, 0x00000000c7a00000, 0x00000000c7a00000|100%| O|  |TAMS 0x00000000c7900000| PB 0x00000000c7900000| Untracked 
|  46|0x00000000c7a00000, 0x00000000c7b00000, 0x00000000c7b00000|100%| O|  |TAMS 0x00000000c7a00000| PB 0x00000000c7a00000| Untracked 
|  47|0x00000000c7b00000, 0x00000000c7c00000, 0x00000000c7c00000|100%| O|  |TAMS 0x00000000c7b00000| PB 0x00000000c7b00000| Untracked 
|  48|0x00000000c7c00000, 0x00000000c7d00000, 0x00000000c7d00000|100%| O|  |TAMS 0x00000000c7c00000| PB 0x00000000c7c00000| Untracked 
|  49|0x00000000c7d00000, 0x00000000c7e00000, 0x00000000c7e00000|100%| O|  |TAMS 0x00000000c7d00000| PB 0x00000000c7d00000| Untracked 
|  50|0x00000000c7e00000, 0x00000000c7f00000, 0x00000000c7f00000|100%| O|  |TAMS 0x00000000c7e00000| PB 0x00000000c7e00000| Untracked 
|  51|0x00000000c7f00000, 0x00000000c8000000, 0x00000000c8000000|100%| O|  |TAMS 0x00000000c7f00000| PB 0x00000000c7f00000| Untracked 
|  52|0x00000000c8000000, 0x00000000c8100000, 0x00000000c8100000|100%| O|  |TAMS 0x00000000c8000000| PB 0x00000000c8000000| Untracked 
|  53|0x00000000c8100000, 0x00000000c8200000, 0x00000000c8200000|100%| O|  |TAMS 0x00000000c8100000| PB 0x00000000c8100000| Untracked 
|  54|0x00000000c8200000, 0x00000000c8300000, 0x00000000c8300000|100%| O|  |TAMS 0x00000000c8200000| PB 0x00000000c8200000| Untracked 
|  55|0x00000000c8300000, 0x00000000c8400000, 0x00000000c8400000|100%| O|Cm|TAMS 0x00000000c8300000| PB 0x00000000c8300000| Complete 
|  56|0x00000000c8400000, 0x00000000c8500000, 0x00000000c8500000|100%| O|  |TAMS 0x00000000c8400000| PB 0x00000000c8400000| Untracked 
|  57|0x00000000c8500000, 0x00000000c8600000, 0x00000000c8600000|100%| O|  |TAMS 0x00000000c8500000| PB 0x00000000c8500000| Untracked 
|  58|0x00000000c8600000, 0x00000000c8700000, 0x00000000c8700000|100%| O|Cm|TAMS 0x00000000c8600000| PB 0x00000000c8600000| Complete 
|  59|0x00000000c8700000, 0x00000000c8800000, 0x00000000c8800000|100%| O|  |TAMS 0x00000000c8700000| PB 0x00000000c8700000| Untracked 
|  60|0x00000000c8800000, 0x00000000c8900000, 0x00000000c8900000|100%| O|  |TAMS 0x00000000c8800000| PB 0x00000000c8800000| Untracked 
|  61|0x00000000c8900000, 0x00000000c8a00000, 0x00000000c8a00000|100%| O|Cm|TAMS 0x00000000c8900000| PB 0x00000000c8900000| Complete 
|  62|0x00000000c8a00000, 0x00000000c8b00000, 0x00000000c8b00000|100%| O|  |TAMS 0x00000000c8a00000| PB 0x00000000c8a00000| Untracked 
|  63|0x00000000c8b00000, 0x00000000c8c00000, 0x00000000c8c00000|100%| O|  |TAMS 0x00000000c8b00000| PB 0x00000000c8b00000| Untracked 
|  64|0x00000000c8c00000, 0x00000000c8d00000, 0x00000000c8d00000|100%| O|  |TAMS 0x00000000c8c00000| PB 0x00000000c8c00000| Untracked 
|  65|0x00000000c8d00000, 0x00000000c8db35c0, 0x00000000c8e00000| 70%| O|  |TAMS 0x00000000c8d00000| PB 0x00000000c8d00000| Untracked 
|  66|0x00000000c8e00000, 0x00000000c8e00000, 0x00000000c8f00000|  0%| F|  |TAMS 0x00000000c8e00000| PB 0x00000000c8e00000| Untracked 
|  67|0x00000000c8f00000, 0x00000000c8f00000, 0x00000000c9000000|  0%| F|  |TAMS 0x00000000c8f00000| PB 0x00000000c8f00000| Untracked 
|  68|0x00000000c9000000, 0x00000000c9000000, 0x00000000c9100000|  0%| F|  |TAMS 0x00000000c9000000| PB 0x00000000c9000000| Untracked 
|  69|0x00000000c9100000, 0x00000000c9100000, 0x00000000c9200000|  0%| F|  |TAMS 0x00000000c9100000| PB 0x00000000c9100000| Untracked 
|  70|0x00000000c9200000, 0x00000000c9200000, 0x00000000c9300000|  0%| F|  |TAMS 0x00000000c9200000| PB 0x00000000c9200000| Untracked 
|  71|0x00000000c9300000, 0x00000000c9300000, 0x00000000c9400000|  0%| F|  |TAMS 0x00000000c9300000| PB 0x00000000c9300000| Untracked 
|  72|0x00000000c9400000, 0x00000000c94c9520, 0x00000000c9500000| 78%| S|CS|TAMS 0x00000000c9400000| PB 0x00000000c9400000| Complete 
|  73|0x00000000c9500000, 0x00000000c9600000, 0x00000000c9600000|100%| S|CS|TAMS 0x00000000c9500000| PB 0x00000000c9500000| Complete 
|  74|0x00000000c9600000, 0x00000000c9600000, 0x00000000c9700000|  0%| F|  |TAMS 0x00000000c9600000| PB 0x00000000c9600000| Untracked 
|  75|0x00000000c9700000, 0x00000000c9800000, 0x00000000c9800000|100%| S|CS|TAMS 0x00000000c9700000| PB 0x00000000c9700000| Complete 
|  76|0x00000000c9800000, 0x00000000c9900000, 0x00000000c9900000|100%| S|CS|TAMS 0x00000000c9800000| PB 0x00000000c9800000| Complete 
|  77|0x00000000c9900000, 0x00000000c9a00000, 0x00000000c9a00000|100%| S|CS|TAMS 0x00000000c9900000| PB 0x00000000c9900000| Complete 
|  78|0x00000000c9a00000, 0x00000000c9a00000, 0x00000000c9b00000|  0%| F|  |TAMS 0x00000000c9a00000| PB 0x00000000c9a00000| Untracked 
|  79|0x00000000c9b00000, 0x00000000c9b00000, 0x00000000c9c00000|  0%| F|  |TAMS 0x00000000c9b00000| PB 0x00000000c9b00000| Untracked 
|  80|0x00000000c9c00000, 0x00000000c9c00000, 0x00000000c9d00000|  0%| F|  |TAMS 0x00000000c9c00000| PB 0x00000000c9c00000| Untracked 
|  81|0x00000000c9d00000, 0x00000000c9d00000, 0x00000000c9e00000|  0%| F|  |TAMS 0x00000000c9d00000| PB 0x00000000c9d00000| Untracked 
|  82|0x00000000c9e00000, 0x00000000c9e00000, 0x00000000c9f00000|  0%| F|  |TAMS 0x00000000c9e00000| PB 0x00000000c9e00000| Untracked 
|  83|0x00000000c9f00000, 0x00000000c9f00000, 0x00000000ca000000|  0%| F|  |TAMS 0x00000000c9f00000| PB 0x00000000c9f00000| Untracked 
|  84|0x00000000ca000000, 0x00000000ca000000, 0x00000000ca100000|  0%| F|  |TAMS 0x00000000ca000000| PB 0x00000000ca000000| Untracked 
|  85|0x00000000ca100000, 0x00000000ca100000, 0x00000000ca200000|  0%| F|  |TAMS 0x00000000ca100000| PB 0x00000000ca100000| Untracked 
|  86|0x00000000ca200000, 0x00000000ca200000, 0x00000000ca300000|  0%| F|  |TAMS 0x00000000ca200000| PB 0x00000000ca200000| Untracked 
|  87|0x00000000ca300000, 0x00000000ca300000, 0x00000000ca400000|  0%| F|  |TAMS 0x00000000ca300000| PB 0x00000000ca300000| Untracked 
|  88|0x00000000ca400000, 0x00000000ca400000, 0x00000000ca500000|  0%| F|  |TAMS 0x00000000ca400000| PB 0x00000000ca400000| Untracked 
|  89|0x00000000ca500000, 0x00000000ca500000, 0x00000000ca600000|  0%| F|  |TAMS 0x00000000ca500000| PB 0x00000000ca500000| Untracked 
|  90|0x00000000ca600000, 0x00000000ca600000, 0x00000000ca700000|  0%| F|  |TAMS 0x00000000ca600000| PB 0x00000000ca600000| Untracked 
|  91|0x00000000ca700000, 0x00000000ca700000, 0x00000000ca800000|  0%| F|  |TAMS 0x00000000ca700000| PB 0x00000000ca700000| Untracked 
|  92|0x00000000ca800000, 0x00000000ca800000, 0x00000000ca900000|  0%| F|  |TAMS 0x00000000ca800000| PB 0x00000000ca800000| Untracked 
|  93|0x00000000ca900000, 0x00000000ca900000, 0x00000000caa00000|  0%| F|  |TAMS 0x00000000ca900000| PB 0x00000000ca900000| Untracked 
|  94|0x00000000caa00000, 0x00000000caa8db08, 0x00000000cab00000| 55%| E|  |TAMS 0x00000000caa00000| PB 0x00000000caa00000| Complete 
|  95|0x00000000cab00000, 0x00000000cac00000, 0x00000000cac00000|100%| E|CS|TAMS 0x00000000cab00000| PB 0x00000000cab00000| Complete 
|  96|0x00000000cac00000, 0x00000000cad00000, 0x00000000cad00000|100%| E|CS|TAMS 0x00000000cac00000| PB 0x00000000cac00000| Complete 
|  97|0x00000000cad00000, 0x00000000cae00000, 0x00000000cae00000|100%| E|CS|TAMS 0x00000000cad00000| PB 0x00000000cad00000| Complete 
|  98|0x00000000cae00000, 0x00000000caf00000, 0x00000000caf00000|100%| E|CS|TAMS 0x00000000cae00000| PB 0x00000000cae00000| Complete 
|  99|0x00000000caf00000, 0x00000000cb000000, 0x00000000cb000000|100%| E|CS|TAMS 0x00000000caf00000| PB 0x00000000caf00000| Complete 
| 100|0x00000000cb000000, 0x00000000cb100000, 0x00000000cb100000|100%| E|CS|TAMS 0x00000000cb000000| PB 0x00000000cb000000| Complete 
| 101|0x00000000cb100000, 0x00000000cb200000, 0x00000000cb200000|100%| E|CS|TAMS 0x00000000cb100000| PB 0x00000000cb100000| Complete 
| 102|0x00000000cb200000, 0x00000000cb300000, 0x00000000cb300000|100%| E|CS|TAMS 0x00000000cb200000| PB 0x00000000cb200000| Complete 
| 103|0x00000000cb300000, 0x00000000cb400000, 0x00000000cb400000|100%| E|CS|TAMS 0x00000000cb300000| PB 0x00000000cb300000| Complete 
| 104|0x00000000cb400000, 0x00000000cb500000, 0x00000000cb500000|100%| E|CS|TAMS 0x00000000cb400000| PB 0x00000000cb400000| Complete 
| 105|0x00000000cb500000, 0x00000000cb600000, 0x00000000cb600000|100%| E|CS|TAMS 0x00000000cb500000| PB 0x00000000cb500000| Complete 
| 106|0x00000000cb600000, 0x00000000cb700000, 0x00000000cb700000|100%| E|CS|TAMS 0x00000000cb600000| PB 0x00000000cb600000| Complete 
| 107|0x00000000cb700000, 0x00000000cb800000, 0x00000000cb800000|100%| E|CS|TAMS 0x00000000cb700000| PB 0x00000000cb700000| Complete 
| 108|0x00000000cb800000, 0x00000000cb900000, 0x00000000cb900000|100%| E|CS|TAMS 0x00000000cb800000| PB 0x00000000cb800000| Complete 
| 109|0x00000000cb900000, 0x00000000cba00000, 0x00000000cba00000|100%| E|CS|TAMS 0x00000000cb900000| PB 0x00000000cb900000| Complete 
| 110|0x00000000cba00000, 0x00000000cbb00000, 0x00000000cbb00000|100%| E|CS|TAMS 0x00000000cba00000| PB 0x00000000cba00000| Complete 
| 111|0x00000000cbb00000, 0x00000000cbc00000, 0x00000000cbc00000|100%| E|CS|TAMS 0x00000000cbb00000| PB 0x00000000cbb00000| Complete 
| 112|0x00000000cbc00000, 0x00000000cbd00000, 0x00000000cbd00000|100%| E|CS|TAMS 0x00000000cbc00000| PB 0x00000000cbc00000| Complete 
| 113|0x00000000cbd00000, 0x00000000cbe00000, 0x00000000cbe00000|100%| E|CS|TAMS 0x00000000cbd00000| PB 0x00000000cbd00000| Complete 
| 114|0x00000000cbe00000, 0x00000000cbf00000, 0x00000000cbf00000|100%| E|CS|TAMS 0x00000000cbe00000| PB 0x00000000cbe00000| Complete 
| 115|0x00000000cbf00000, 0x00000000cc000000, 0x00000000cc000000|100%| E|CS|TAMS 0x00000000cbf00000| PB 0x00000000cbf00000| Complete 
| 116|0x00000000cc000000, 0x00000000cc100000, 0x00000000cc100000|100%| E|CS|TAMS 0x00000000cc000000| PB 0x00000000cc000000| Complete 
| 943|0x00000000ffb00000, 0x00000000ffc00000, 0x00000000ffc00000|100%| E|CS|TAMS 0x00000000ffb00000| PB 0x00000000ffb00000| Complete 
| 944|0x00000000ffc00000, 0x00000000ffd00000, 0x00000000ffd00000|100%| E|CS|TAMS 0x00000000ffc00000| PB 0x00000000ffc00000| Complete 
| 945|0x00000000ffd00000, 0x00000000ffe00000, 0x00000000ffe00000|100%| O|  |TAMS 0x00000000ffd00000| PB 0x00000000ffd00000| Untracked 
| 946|0x00000000ffe00000, 0x00000000fff00000, 0x00000000fff00000|100%| E|CS|TAMS 0x00000000ffe00000| PB 0x00000000ffe00000| Complete 
| 947|0x00000000fff00000, 0x0000000100000000, 0x0000000100000000|100%| O|  |TAMS 0x00000000fff00000| PB 0x00000000fff00000| Untracked 

Card table byte_map: [0x000001617e7c0000,0x000001617e9a0000] _byte_map_base: 0x000001617e19a000

Marking Bits: (CMBitMap*) 0x000001616c4cfbf0
 Bits: [0x000001617e9a0000, 0x000001617f870000)

Polling page: 0x000001616bc60000

Metaspace:

Usage:
  Non-class:     75.52 MB used.
      Class:      9.29 MB used.
       Both:     84.81 MB used.

Virtual space:
  Non-class space:      128.00 MB reserved,      75.94 MB ( 59%) committed,  2 nodes.
      Class space:        1.00 GB reserved,       9.62 MB ( <1%) committed,  1 nodes.
             Both:        1.12 GB reserved,      85.56 MB (  7%) committed. 

Chunk freelists:
   Non-Class:  3.83 MB
       Class:  6.39 MB
        Both:  10.22 MB

MaxMetaspaceSize: unlimited
CompressedClassSpaceSize: 1.00 GB
Initial GC threshold: 21.00 MB
Current GC threshold: 137.31 MB
CDS: off
 - commit_granule_bytes: 65536.
 - commit_granule_words: 8192.
 - virtual_space_node_default_size: 8388608.
 - enlarge_chunks_in_place: 1.
 - use_allocation_guard: 0.


Internal statistics:

num_allocs_failed_limit: 6.
num_arena_births: 1322.
num_arena_deaths: 0.
num_vsnodes_births: 3.
num_vsnodes_deaths: 0.
num_space_committed: 1367.
num_space_uncommitted: 0.
num_chunks_returned_to_freelist: 6.
num_chunks_taken_from_freelist: 4261.
num_chunk_merges: 6.
num_chunk_splits: 3316.
num_chunks_enlarged: 2708.
num_inconsistent_stats: 0.

CodeHeap 'non-profiled nmethods': size=120000Kb used=7086Kb max_used=7256Kb free=112913Kb
 bounds [0x00000161770b0000, 0x00000161777d0000, 0x000001617e5e0000]
CodeHeap 'profiled nmethods': size=120000Kb used=39209Kb max_used=39209Kb free=80790Kb
 bounds [0x000001616f5e0000, 0x0000016171c40000, 0x0000016176b10000]
CodeHeap 'non-nmethods': size=5760Kb used=1929Kb max_used=1973Kb free=3830Kb
 bounds [0x0000016176b10000, 0x0000016176d80000, 0x00000161770b0000]
 total_blobs=13348 nmethods=12600 adapters=649
 compilation: enabled
              stopped_count=0, restarted_count=0
 full_count=0

Compilation events (20 events):
Event: 14.307 Thread 0x000001610600acd0 14483       3       org.jetbrains.kotlin.backend.common.ClassLoweringVisitor::visitExpressionBody (13 bytes)
Event: 14.308 Thread 0x000001610600acd0 nmethod 14483 0x0000016171c30610 code [0x0000016171c30920, 0x0000016171c31788]
Event: 14.308 Thread 0x000001610600acd0 14487       3       kotlin.collections.builders.ListBuilder$Itr::next (60 bytes)
Event: 14.308 Thread 0x000001610600acd0 nmethod 14487 0x0000016170e18310 code [0x0000016170e184c0, 0x0000016170e18758]
Event: 14.308 Thread 0x000001610600acd0 14484       3       org.jetbrains.kotlin.backend.common.ClassLoweringVisitor::visitTypeOperator (13 bytes)
Event: 14.309 Thread 0x000001610600acd0 nmethod 14484 0x0000016171c31d10 code [0x0000016171c32020, 0x0000016171c32e88]
Event: 14.309 Thread 0x000001610600acd0 14490       2       org.jetbrains.kotlin.ir.declarations.IrFunction::acceptChildren (183 bytes)
Event: 14.310 Thread 0x000001610600acd0 nmethod 14490 0x0000016171c33410 code [0x0000016171c33800, 0x0000016171c345f0]
Event: 14.310 Thread 0x000001610600acd0 14485       3       org.jetbrains.kotlin.backend.common.ClassLoweringVisitor::visitTypeOperator (7 bytes)
Event: 14.311 Thread 0x000001610600acd0 nmethod 14485 0x0000016171c34f10 code [0x0000016171c35200, 0x0000016171c35f18]
Event: 14.311 Thread 0x000001610600acd0 14486       3       org.jetbrains.kotlin.backend.common.ClassLoweringVisitor::visitTypeOperator (6 bytes)
Event: 14.311 Thread 0x000001610600acd0 nmethod 14486 0x0000016171c36410 code [0x0000016171c36720, 0x0000016171c37570]
Event: 14.311 Thread 0x000001610600acd0 14488       1       org.jetbrains.kotlin.backend.common.lower.SpecialBridgeMethods$SpecialMethodDescription::getName (5 bytes)
Event: 14.311 Thread 0x000001610600acd0 nmethod 14488 0x00000161772fae90 code [0x00000161772fb020, 0x00000161772fb0e8]
Event: 14.311 Thread 0x000001610600acd0 14491       3       org.jetbrains.kotlin.backend.common.lower.ProvisionalFunctionExpressionLowering::visitDeclarationReference (10 bytes)
Event: 14.312 Thread 0x000001610600acd0 nmethod 14491 0x0000016171c37b10 code [0x0000016171c37d80, 0x0000016171c387a0]
Event: 14.312 Thread 0x000001610600acd0 14492       3       org.jetbrains.kotlin.backend.common.lower.ProvisionalFunctionExpressionLowering::visitDeclarationReference (7 bytes)
Event: 14.312 Thread 0x000001610600acd0 nmethod 14492 0x0000016171c38b90 code [0x0000016171c38e40, 0x0000016171c399d0]
Event: 14.312 Thread 0x000001610600acd0 14494       3       org.jetbrains.kotlin.util.capitalizeDecapitalize.CapitalizeDecapitalizeKt::toUpperCaseAsciiOnly (96 bytes)
Event: 14.313 Thread 0x000001610600acd0 nmethod 14494 0x0000016171c39e10 code [0x0000016171c3a160, 0x0000016171c3b438]

GC Heap History (20 events):
Event: 5.195 GC heap before
{Heap before GC invocations=16 (full 0):
 garbage-first heap   total 75776K, used 63264K [0x00000000c4c00000, 0x0000000100000000)
  region size 1024K, 25 young (25600K), 4 survivors (4096K)
 Metaspace       used 60016K, committed 60736K, reserved 1114112K
  class space    used 6993K, committed 7360K, reserved 1048576K
}
Event: 5.207 GC heap after
{Heap after GC invocations=17 (full 0):
 garbage-first heap   total 75776K, used 47347K [0x00000000c4c00000, 0x0000000100000000)
  region size 1024K, 4 young (4096K), 4 survivors (4096K)
 Metaspace       used 60016K, committed 60736K, reserved 1114112K
  class space    used 6993K, committed 7360K, reserved 1048576K
}
Event: 5.379 GC heap before
{Heap before GC invocations=18 (full 0):
 garbage-first heap   total 80896K, used 65779K [0x00000000c4c00000, 0x0000000100000000)
  region size 1024K, 22 young (22528K), 4 survivors (4096K)
 Metaspace       used 60832K, committed 61504K, reserved 1114112K
  class space    used 7104K, committed 7424K, reserved 1048576K
}
Event: 5.383 GC heap after
{Heap after GC invocations=19 (full 0):
 garbage-first heap   total 80896K, used 47950K [0x00000000c4c00000, 0x0000000100000000)
  region size 1024K, 1 young (1024K), 1 survivors (1024K)
 Metaspace       used 60832K, committed 61504K, reserved 1114112K
  class space    used 7104K, committed 7424K, reserved 1048576K
}
Event: 6.217 GC heap before
{Heap before GC invocations=19 (full 0):
 garbage-first heap   total 80896K, used 71502K [0x00000000c4c00000, 0x0000000100000000)
  region size 1024K, 24 young (24576K), 1 survivors (1024K)
 Metaspace       used 63337K, committed 64000K, reserved 1114112K
  class space    used 7350K, committed 7680K, reserved 1048576K
}
Event: 6.223 GC heap after
{Heap after GC invocations=20 (full 0):
 garbage-first heap   total 80896K, used 49501K [0x00000000c4c00000, 0x0000000100000000)
  region size 1024K, 3 young (3072K), 3 survivors (3072K)
 Metaspace       used 63337K, committed 64000K, reserved 1114112K
  class space    used 7350K, committed 7680K, reserved 1048576K
}
Event: 7.047 GC heap before
{Heap before GC invocations=20 (full 0):
 garbage-first heap   total 80896K, used 71005K [0x00000000c4c00000, 0x0000000100000000)
  region size 1024K, 24 young (24576K), 3 survivors (3072K)
 Metaspace       used 65965K, committed 66688K, reserved 1114112K
  class space    used 7663K, committed 8000K, reserved 1048576K
}
Event: 7.058 GC heap after
{Heap after GC invocations=21 (full 0):
 garbage-first heap   total 80896K, used 53420K [0x00000000c4c00000, 0x0000000100000000)
  region size 1024K, 3 young (3072K), 3 survivors (3072K)
 Metaspace       used 65965K, committed 66688K, reserved 1114112K
  class space    used 7663K, committed 8000K, reserved 1048576K
}
Event: 7.836 GC heap before
{Heap before GC invocations=22 (full 0):
 garbage-first heap   total 91136K, used 71852K [0x00000000c4c00000, 0x0000000100000000)
  region size 1024K, 21 young (21504K), 3 survivors (3072K)
 Metaspace       used 67176K, committed 67904K, reserved 1114112K
  class space    used 7713K, committed 8064K, reserved 1048576K
}
Event: 7.847 GC heap after
{Heap after GC invocations=23 (full 0):
 garbage-first heap   total 91136K, used 56957K [0x00000000c4c00000, 0x0000000100000000)
  region size 1024K, 3 young (3072K), 3 survivors (3072K)
 Metaspace       used 67176K, committed 67904K, reserved 1114112K
  class space    used 7713K, committed 8064K, reserved 1048576K
}
Event: 8.628 GC heap before
{Heap before GC invocations=23 (full 0):
 garbage-first heap   total 91136K, used 80509K [0x00000000c4c00000, 0x0000000100000000)
  region size 1024K, 26 young (26624K), 3 survivors (3072K)
 Metaspace       used 68994K, committed 69760K, reserved 1114112K
  class space    used 7843K, committed 8192K, reserved 1048576K
}
Event: 8.643 GC heap after
{Heap after GC invocations=24 (full 0):
 garbage-first heap   total 91136K, used 59798K [0x00000000c4c00000, 0x0000000100000000)
  region size 1024K, 4 young (4096K), 4 survivors (4096K)
 Metaspace       used 68994K, committed 69760K, reserved 1114112K
  class space    used 7843K, committed 8192K, reserved 1048576K
}
Event: 9.568 GC heap before
{Heap before GC invocations=24 (full 0):
 garbage-first heap   total 91136K, used 81302K [0x00000000c4c00000, 0x0000000100000000)
  region size 1024K, 25 young (25600K), 4 survivors (4096K)
 Metaspace       used 69762K, committed 70528K, reserved 1114112K
  class space    used 7880K, committed 8256K, reserved 1048576K
}
Event: 9.581 GC heap after
{Heap after GC invocations=25 (full 0):
 garbage-first heap   total 114688K, used 62464K [0x00000000c4c00000, 0x0000000100000000)
  region size 1024K, 3 young (3072K), 3 survivors (3072K)
 Metaspace       used 69762K, committed 70528K, reserved 1114112K
  class space    used 7880K, committed 8256K, reserved 1048576K
}
Event: 10.526 GC heap before
{Heap before GC invocations=26 (full 0):
 garbage-first heap   total 114688K, used 98304K [0x00000000c4c00000, 0x0000000100000000)
  region size 1024K, 39 young (39936K), 3 survivors (3072K)
 Metaspace       used 74077K, committed 74816K, reserved 1179648K
  class space    used 8272K, committed 8640K, reserved 1048576K
}
Event: 10.534 GC heap after
{Heap after GC invocations=27 (full 0):
 garbage-first heap   total 114688K, used 65354K [0x00000000c4c00000, 0x0000000100000000)
  region size 1024K, 3 young (3072K), 3 survivors (3072K)
 Metaspace       used 74077K, committed 74816K, reserved 1179648K
  class space    used 8272K, committed 8640K, reserved 1048576K
}
Event: 11.992 GC heap before
{Heap before GC invocations=27 (full 0):
 garbage-first heap   total 114688K, used 101194K [0x00000000c4c00000, 0x0000000100000000)
  region size 1024K, 38 young (38912K), 3 survivors (3072K)
 Metaspace       used 78795K, committed 79488K, reserved 1179648K
  class space    used 8740K, committed 9088K, reserved 1048576K
}
Event: 12.043 GC heap after
{Heap after GC invocations=28 (full 0):
 garbage-first heap   total 114688K, used 69390K [0x00000000c4c00000, 0x0000000100000000)
  region size 1024K, 5 young (5120K), 5 survivors (5120K)
 Metaspace       used 78795K, committed 79488K, reserved 1179648K
  class space    used 8740K, committed 9088K, reserved 1048576K
}
Event: 13.232 GC heap before
{Heap before GC invocations=28 (full 0):
 garbage-first heap   total 114688K, used 102158K [0x00000000c4c00000, 0x0000000100000000)
  region size 1024K, 37 young (37888K), 5 survivors (5120K)
 Metaspace       used 82731K, committed 83392K, reserved 1179648K
  class space    used 9084K, committed 9408K, reserved 1048576K
}
Event: 13.257 GC heap after
{Heap after GC invocations=29 (full 0):
 garbage-first heap   total 114688K, used 74226K [0x00000000c4c00000, 0x0000000100000000)
  region size 1024K, 5 young (5120K), 5 survivors (5120K)
 Metaspace       used 82731K, committed 83392K, reserved 1179648K
  class space    used 9084K, committed 9408K, reserved 1048576K
}

Dll operation events (3 events):
Event: 0.007 Loaded shared library C:\Program Files\Android\Android Studio\jbr\bin\java.dll
Event: 0.011 Loaded shared library C:\Program Files\Android\Android Studio\jbr\bin\zip.dll
Event: 1.141 Loaded shared library C:\Program Files\Android\Android Studio\jbr\bin\verify.dll

Deoptimization events (20 events):
Event: 14.239 Thread 0x000001616a28f6d0 Uncommon trap: trap_request=0xffffffde fr.pc=0x00000161772c6308 relative=0x0000000000000988
Event: 14.239 Thread 0x000001616a28f6d0 Uncommon trap: reason=class_check action=maybe_recompile pc=0x00000161772c6308 method=org.jetbrains.kotlin.resolve.OverridingUtil.filterOutOverridden(Ljava/util/Set;)Ljava/util/Set; @ 10 c2
Event: 14.239 Thread 0x000001616a28f6d0 DEOPT PACKING pc=0x00000161772c6308 sp=0x00000022f8efbab0
Event: 14.239 Thread 0x000001616a28f6d0 DEOPT UNPACKING pc=0x0000016176b67da2 sp=0x00000022f8efba80 mode 2
Event: 14.248 Thread 0x000001616a28f6d0 Uncommon trap: trap_request=0xffffffde fr.pc=0x00000161772c6308 relative=0x0000000000000988
Event: 14.248 Thread 0x000001616a28f6d0 Uncommon trap: reason=class_check action=maybe_recompile pc=0x00000161772c6308 method=org.jetbrains.kotlin.resolve.OverridingUtil.filterOutOverridden(Ljava/util/Set;)Ljava/util/Set; @ 10 c2
Event: 14.248 Thread 0x000001616a28f6d0 DEOPT PACKING pc=0x00000161772c6308 sp=0x00000022f8efbab0
Event: 14.248 Thread 0x000001616a28f6d0 DEOPT UNPACKING pc=0x0000016176b67da2 sp=0x00000022f8efba80 mode 2
Event: 14.252 Thread 0x000001616a28f6d0 Uncommon trap: trap_request=0xffffffde fr.pc=0x00000161772c6308 relative=0x0000000000000988
Event: 14.252 Thread 0x000001616a28f6d0 Uncommon trap: reason=class_check action=maybe_recompile pc=0x00000161772c6308 method=org.jetbrains.kotlin.resolve.OverridingUtil.filterOutOverridden(Ljava/util/Set;)Ljava/util/Set; @ 10 c2
Event: 14.252 Thread 0x000001616a28f6d0 DEOPT PACKING pc=0x00000161772c6308 sp=0x00000022f8efbab0
Event: 14.252 Thread 0x000001616a28f6d0 DEOPT UNPACKING pc=0x0000016176b67da2 sp=0x00000022f8efba80 mode 2
Event: 14.303 Thread 0x000001616a28f6d0 Uncommon trap: trap_request=0xffffff76 fr.pc=0x000001617757e868 relative=0x0000000000002208
Event: 14.303 Thread 0x000001616a28f6d0 Uncommon trap: reason=predicate action=maybe_recompile pc=0x000001617757e868 method=org.jetbrains.kotlin.ir.util.TransformKt.transformIfNeeded(Ljava/util/List;Lorg/jetbrains/kotlin/ir/visitors/IrElementTransformer;Ljava/lang/Object;)Ljava/util/List; @ 32 
Event: 14.303 Thread 0x000001616a28f6d0 DEOPT PACKING pc=0x000001617757e868 sp=0x00000022f8efcfb0
Event: 14.303 Thread 0x000001616a28f6d0 DEOPT UNPACKING pc=0x0000016176b67da2 sp=0x00000022f8efcf40 mode 2
Event: 14.304 Thread 0x000001616a28f6d0 Uncommon trap: trap_request=0xffffff76 fr.pc=0x0000016177578d98 relative=0x0000000000000a38
Event: 14.304 Thread 0x000001616a28f6d0 Uncommon trap: reason=predicate action=maybe_recompile pc=0x0000016177578d98 method=org.jetbrains.kotlin.ir.declarations.IrFunction.acceptChildren(Lorg/jetbrains/kotlin/ir/visitors/IrElementVisitor;Ljava/lang/Object;)V @ 129 c2
Event: 14.304 Thread 0x000001616a28f6d0 DEOPT PACKING pc=0x0000016177578d98 sp=0x00000022f8efd0f0
Event: 14.304 Thread 0x000001616a28f6d0 DEOPT UNPACKING pc=0x0000016176b67da2 sp=0x00000022f8efd078 mode 2

Classes loaded (20 events):
Event: 10.365 Loading class jdk/internal/math/FloatingDecimal$1
Event: 10.365 Loading class jdk/internal/math/FloatingDecimal$1 done
Event: 10.365 Loading class jdk/internal/math/FloatingDecimal$PreparedASCIIToBinaryBuffer
Event: 10.365 Loading class jdk/internal/math/FloatingDecimal$ASCIIToBinaryConverter
Event: 10.365 Loading class jdk/internal/math/FloatingDecimal$ASCIIToBinaryConverter done
Event: 10.365 Loading class jdk/internal/math/FloatingDecimal$PreparedASCIIToBinaryBuffer done
Event: 10.365 Loading class jdk/internal/math/FloatingDecimal$ASCIIToBinaryBuffer
Event: 10.365 Loading class jdk/internal/math/FloatingDecimal$ASCIIToBinaryBuffer done
Event: 10.375 Loading class java/lang/invoke/DirectMethodHandle$1
Event: 10.375 Loading class java/lang/invoke/DirectMethodHandle$1 done
Event: 10.379 Loading class java/text/FieldPosition
Event: 10.380 Loading class java/text/FieldPosition done
Event: 10.380 Loading class java/util/Date
Event: 10.380 Loading class java/util/Date done
Event: 10.380 Loading class java/text/MessageFormat$Field
Event: 10.380 Loading class java/text/Format$Field
Event: 10.380 Loading class java/text/AttributedCharacterIterator$Attribute
Event: 10.380 Loading class java/text/AttributedCharacterIterator$Attribute done
Event: 10.380 Loading class java/text/Format$Field done
Event: 10.380 Loading class java/text/MessageFormat$Field done

Classes unloaded (0 events):
No events

Classes redefined (0 events):
No events

Internal exceptions (20 events):
Event: 5.702 Thread 0x000001616a28f6d0 Exception <a 'java/lang/NoSuchMethodError'{0x00000000c8960838}: 'int java.lang.invoke.DirectMethodHandle$Holder.invokeStaticInit(java.lang.Object, int)'> (0x00000000c8960838) 
thrown [s\src\hotspot\share\interpreter\linkResolver.cpp, line 784]
Event: 5.816 Thread 0x000001616a28f6d0 Exception <a 'java/lang/NoSuchMethodError'{0x00000000c8707958}: 'java.lang.Object java.lang.invoke.DirectMethodHandle$Holder.newInvokeSpecial(java.lang.Object, int, java.lang.Object, java.lang.Object)'> (0x00000000c8707958) 
thrown [s\src\hotspot\share\interpreter\linkResolver.cpp, line 784]
Event: 6.114 Thread 0x000001616a28f6d0 Implicit null exception at 0x00000161773d954a to 0x00000161773d979c
Event: 6.288 Thread 0x000001616a28f6d0 Exception <a 'java/lang/NoSuchMethodError'{0x00000000c9553808}: 'void java.lang.invoke.DirectMethodHandle$Holder.invokeSpecial(java.lang.Object, java.lang.Object, int, java.lang.Object)'> (0x00000000c9553808) 
thrown [s\src\hotspot\share\interpreter\linkResolver.cpp, line 784]
Event: 6.383 Thread 0x000001616a28f6d0 Exception <a 'java/lang/IncompatibleClassChangeError'{0x00000000c9259748}: Found class java.lang.Object, but interface was expected> (0x00000000c9259748) 
thrown [s\src\hotspot\share\interpreter\linkResolver.cpp, line 851]
Event: 7.289 Thread 0x000001616a28f6d0 Implicit null exception at 0x000001617723ac5a to 0x000001617723adc0
Event: 7.354 Thread 0x000001616a28f6d0 Exception <a 'java/lang/NoSuchMethodError'{0x00000000c9b668d0}: 'java.lang.Object java.lang.invoke.DirectMethodHandle$Holder.invokeStatic(java.lang.Object, int, java.lang.Object)'> (0x00000000c9b668d0) 
thrown [s\src\hotspot\share\interpreter\linkResolver.cpp, line 784]
Event: 8.122 Thread 0x000001616a28f6d0 Implicit null exception at 0x00000161775473b0 to 0x0000016177547d00
Event: 8.533 Thread 0x000001616a28f6d0 Implicit null exception at 0x0000016177322de9 to 0x000001617732356c
Event: 8.586 Thread 0x000001616a28f6d0 Implicit null exception at 0x000001617754b6e7 to 0x000001617754f1cc
Event: 9.731 Thread 0x000001616a28f6d0 Implicit null exception at 0x0000016177657032 to 0x00000161776597cb
Event: 10.336 Thread 0x000001616a28f6d0 Exception <a 'java/lang/NoSuchMethodError'{0x00000000ca4ac690}: 'int java.lang.invoke.Invokers$Holder.invokeExact_MT(java.lang.Object, java.lang.Object, java.lang.Object)'> (0x00000000ca4ac690) 
thrown [s\src\hotspot\share\interpreter\linkResolver.cpp, line 784]
Event: 10.337 Thread 0x000001616a28f6d0 Exception <a 'java/lang/NoSuchMethodError'{0x00000000ca4b1060}: 'void java.lang.invoke.Invokers$Holder.invokeExact_MT(java.lang.Object, java.lang.Object, java.lang.Object, java.lang.Object)'> (0x00000000ca4b1060) 
thrown [s\src\hotspot\share\interpreter\linkResolver.cpp, line 784]
Event: 10.347 Thread 0x000001616a28f6d0 Implicit null exception at 0x0000016177581c49 to 0x00000161775824a8
Event: 10.347 Thread 0x000001616a28f6d0 Implicit null exception at 0x000001617735ece3 to 0x000001617735f100
Event: 10.358 Thread 0x000001616a28f6d0 Exception <a 'java/lang/NoSuchMethodError'{0x00000000ca3d44f8}: 'java.lang.Object java.lang.invoke.DirectMethodHandle$Holder.invokeStaticInit(java.lang.Object, java.lang.Object, java.lang.Object, java.lang.Object)'> (0x00000000ca3d44f8) 
thrown [s\src\hotspot\share\interpreter\linkResolver.cpp, line 784]
Event: 10.551 Thread 0x000001616a28f6d0 Exception <a 'java/lang/NoSuchMethodError'{0x00000000ffce4250}: 'java.lang.Object java.lang.invoke.DirectMethodHandle$Holder.newInvokeSpecial(java.lang.Object, java.lang.Object, java.lang.Object, int, int)'> (0x00000000ffce4250) 
thrown [s\src\hotspot\share\interpreter\linkResolver.cpp, line 784]
Event: 10.552 Thread 0x000001616a28f6d0 Exception <a 'java/lang/NoSuchMethodError'{0x00000000ffce7e30}: 'java.lang.Object java.lang.invoke.DirectMethodHandle$Holder.invokeSpecial(java.lang.Object, java.lang.Object, java.lang.Object, java.lang.Object, int, int)'> (0x00000000ffce7e30) 
thrown [s\src\hotspot\share\interpreter\linkResolver.cpp, line 784]
Event: 10.574 Thread 0x000001616a28f6d0 Exception <a 'java/lang/NoSuchMethodError'{0x00000000cb698440}: 'java.lang.Object java.lang.invoke.DirectMethodHandle$Holder.invokeSpecial(java.lang.Object, java.lang.Object, int, int, java.lang.Object, java.lang.Object, java.lang.Object, java.lang.Object, java.lang.Object)'> (0x00000000cb698440) 
thrown [s\src\hotspot\share\interpreter\linkResolver.cpp, line 784]
Event: 11.485 Thread 0x000001616a28f6d0 Implicit null exception at 0x0000016177127825 to 0x0000016177127a70

ZGC Phase Switch (0 events):
No events

VM Operations (20 events):
Event: 13.693 Executing VM operation: HandshakeAllThreads (Deoptimize)
Event: 13.693 Executing VM operation: HandshakeAllThreads (Deoptimize) done
Event: 13.846 Executing VM operation: ICBufferFull
Event: 13.847 Executing VM operation: ICBufferFull done
Event: 13.926 Executing VM operation: HandshakeAllThreads (Deoptimize)
Event: 13.926 Executing VM operation: HandshakeAllThreads (Deoptimize) done
Event: 13.954 Executing VM operation: HandshakeAllThreads (Deoptimize)
Event: 13.954 Executing VM operation: HandshakeAllThreads (Deoptimize) done
Event: 14.032 Executing VM operation: ICBufferFull
Event: 14.032 Executing VM operation: ICBufferFull done
Event: 14.088 Executing VM operation: HandshakeAllThreads (Deoptimize)
Event: 14.088 Executing VM operation: HandshakeAllThreads (Deoptimize) done
Event: 14.091 Executing VM operation: HandshakeAllThreads (Deoptimize)
Event: 14.091 Executing VM operation: HandshakeAllThreads (Deoptimize) done
Event: 14.116 Executing VM operation: ICBufferFull
Event: 14.116 Executing VM operation: ICBufferFull done
Event: 14.310 Executing VM operation: ICBufferFull
Event: 14.311 Executing VM operation: ICBufferFull done
Event: 14.329 Executing VM operation: HandshakeAllThreads (Deoptimize)
Event: 14.329 Executing VM operation: HandshakeAllThreads (Deoptimize) done

Memory protections (0 events):
No events

Nmethod flushes (20 events):
Event: 13.486 Thread 0x000001617fd13b00 flushing  nmethod 0x00000161706cec90
Event: 13.486 Thread 0x000001617fd13b00 flushing  nmethod 0x0000016170751290
Event: 13.486 Thread 0x000001617fd13b00 flushing  nmethod 0x0000016170810110
Event: 13.486 Thread 0x000001617fd13b00 flushing  nmethod 0x0000016170836f10
Event: 13.486 Thread 0x000001617fd13b00 flushing  nmethod 0x0000016170838510
Event: 13.486 Thread 0x000001617fd13b00 flushing  nmethod 0x000001617083a490
Event: 13.486 Thread 0x000001617fd13b00 flushing  nmethod 0x0000016170872510
Event: 13.486 Thread 0x000001617fd13b00 flushing  nmethod 0x000001617087a790
Event: 13.486 Thread 0x000001617fd13b00 flushing  nmethod 0x000001617087ee10
Event: 13.486 Thread 0x000001617fd13b00 flushing  nmethod 0x000001617087f790
Event: 13.486 Thread 0x000001617fd13b00 flushing  nmethod 0x000001617088e810
Event: 13.486 Thread 0x000001617fd13b00 flushing  nmethod 0x000001617089dd10
Event: 13.486 Thread 0x000001617fd13b00 flushing  nmethod 0x00000161708b9710
Event: 13.486 Thread 0x000001617fd13b00 flushing  nmethod 0x00000161708f4890
Event: 13.486 Thread 0x000001617fd13b00 flushing  nmethod 0x00000161708f9e10
Event: 13.486 Thread 0x000001617fd13b00 flushing  nmethod 0x00000161709a7c10
Event: 13.486 Thread 0x000001617fd13b00 flushing  nmethod 0x0000016170a47c10
Event: 13.486 Thread 0x000001617fd13b00 flushing  nmethod 0x0000016170b05010
Event: 13.486 Thread 0x000001617fd13b00 flushing  nmethod 0x0000016170e04190
Event: 13.486 Thread 0x000001617fd13b00 flushing  nmethod 0x0000016171025590

Events (17 events):
Event: 0.011 Thread 0x000001616a28f6d0 Thread added: 0x000001616a28f6d0
Event: 0.051 Thread 0x000001616a28f6d0 Thread added: 0x000001610601fa90
Event: 0.051 Thread 0x000001616a28f6d0 Thread added: 0x000001617fd90d20
Event: 0.052 Thread 0x000001616a28f6d0 Thread added: 0x0000016106000080
Event: 0.052 Thread 0x000001616a28f6d0 Thread added: 0x0000016106000ae0
Event: 0.052 Thread 0x000001616a28f6d0 Thread added: 0x0000016106003e60
Event: 0.052 Thread 0x000001616a28f6d0 Thread added: 0x00000161060048c0
Event: 0.052 Thread 0x000001616a28f6d0 Thread added: 0x0000016106006590
Event: 0.052 Thread 0x000001616a28f6d0 Thread added: 0x000001610600acd0
Event: 0.084 Thread 0x000001616a28f6d0 Thread added: 0x00000161061c0af0
Event: 0.088 Thread 0x000001616a28f6d0 Thread added: 0x00000161061c3980
Event: 0.094 Loaded shared library C:\Program Files\Android\Android Studio\jbr\bin\net.dll
Event: 0.095 Loaded shared library C:\Program Files\Android\Android Studio\jbr\bin\nio.dll
Event: 0.107 Thread 0x0000016106006590 Thread added: 0x0000016106244580
Event: 0.118 Loaded shared library C:\Program Files\Android\Android Studio\jbr\bin\zip.dll
Event: 0.139 Loaded shared library C:\Program Files\Android\Android Studio\jbr\bin\jimage.dll
Event: 11.948 Thread 0x0000016106244580 Thread exited: 0x0000016106244580


Dynamic libraries:
0x00007ff7c23b0000 - 0x00007ff7c23ba000 	C:\Program Files\Android\Android Studio\jbr\bin\java.exe
0x00007ffb39b70000 - 0x00007ffb39d87000 	C:\WINDOWS\SYSTEM32\ntdll.dll
0x00007ffb38af0000 - 0x00007ffb38bb4000 	C:\WINDOWS\System32\KERNEL32.DLL
0x00007ffb36dd0000 - 0x00007ffb371a1000 	C:\WINDOWS\System32\KERNELBASE.dll
0x00007ffb371b0000 - 0x00007ffb372c1000 	C:\WINDOWS\System32\ucrtbase.dll
0x00007ffb1e3d0000 - 0x00007ffb1e3e8000 	C:\Program Files\Android\Android Studio\jbr\bin\jli.dll
0x00007ffb292c0000 - 0x00007ffb292db000 	C:\Program Files\Android\Android Studio\jbr\bin\VCRUNTIME140.dll
0x00007ffb390e0000 - 0x00007ffb39291000 	C:\WINDOWS\System32\USER32.dll
0x00007ffb1e890000 - 0x00007ffb1eb22000 	C:\WINDOWS\WinSxS\amd64_microsoft.windows.common-controls_6595b64144ccf1df_6.0.22621.4830_none_270fe7d773858e80\COMCTL32.dll
0x00007ffb376a0000 - 0x00007ffb376c6000 	C:\WINDOWS\System32\win32u.dll
0x00007ffb37a10000 - 0x00007ffb37ab7000 	C:\WINDOWS\System32\msvcrt.dll
0x00007ffb38d80000 - 0x00007ffb38da9000 	C:\WINDOWS\System32\GDI32.dll
0x00007ffb36cb0000 - 0x00007ffb36dcb000 	C:\WINDOWS\System32\gdi32full.dll
0x00007ffb37600000 - 0x00007ffb3769a000 	C:\WINDOWS\System32\msvcp_win.dll
0x00007ffb38cf0000 - 0x00007ffb38d21000 	C:\WINDOWS\System32\IMM32.DLL
0x00007ffb28bf0000 - 0x00007ffb28bfc000 	C:\Program Files\Android\Android Studio\jbr\bin\vcruntime140_1.dll
0x00007ffaf4b50000 - 0x00007ffaf4bdd000 	C:\Program Files\Android\Android Studio\jbr\bin\msvcp140.dll
0x00007ffad5c70000 - 0x00007ffad68f3000 	C:\Program Files\Android\Android Studio\jbr\bin\server\jvm.dll
0x00007ffb38c30000 - 0x00007ffb38ce1000 	C:\WINDOWS\System32\ADVAPI32.dll
0x00007ffb39440000 - 0x00007ffb394e7000 	C:\WINDOWS\System32\sechost.dll
0x00007ffb37490000 - 0x00007ffb374b8000 	C:\WINDOWS\System32\bcrypt.dll
0x00007ffb37b20000 - 0x00007ffb37c34000 	C:\WINDOWS\System32\RPCRT4.dll
0x00007ffb37c40000 - 0x00007ffb37cb1000 	C:\WINDOWS\System32\WS2_32.dll
0x00007ffb369d0000 - 0x00007ffb36a1d000 	C:\WINDOWS\SYSTEM32\POWRPROF.dll
0x00007ffb2dc10000 - 0x00007ffb2dc1a000 	C:\WINDOWS\SYSTEM32\VERSION.dll
0x00007ffb2e020000 - 0x00007ffb2e054000 	C:\WINDOWS\SYSTEM32\WINMM.dll
0x00007ffb369b0000 - 0x00007ffb369c3000 	C:\WINDOWS\SYSTEM32\UMPDC.dll
0x00007ffb35cc0000 - 0x00007ffb35cd8000 	C:\WINDOWS\SYSTEM32\kernel.appcore.dll
0x00007ffb28bc0000 - 0x00007ffb28bca000 	C:\Program Files\Android\Android Studio\jbr\bin\jimage.dll
0x00007ffb346c0000 - 0x00007ffb348f2000 	C:\WINDOWS\SYSTEM32\DBGHELP.DLL
0x00007ffb37ed0000 - 0x00007ffb38260000 	C:\WINDOWS\System32\combase.dll
0x00007ffb392b0000 - 0x00007ffb39387000 	C:\WINDOWS\System32\OLEAUT32.dll
0x00007ffb0c2a0000 - 0x00007ffb0c2d2000 	C:\WINDOWS\SYSTEM32\dbgcore.DLL
0x00007ffb37350000 - 0x00007ffb373cb000 	C:\WINDOWS\System32\bcryptPrimitives.dll
0x00007ffb28ad0000 - 0x00007ffb28af0000 	C:\Program Files\Android\Android Studio\jbr\bin\java.dll
0x00007ffb28ab0000 - 0x00007ffb28ac8000 	C:\Program Files\Android\Android Studio\jbr\bin\zip.dll
0x00007ffb38260000 - 0x00007ffb38ae8000 	C:\WINDOWS\System32\SHELL32.dll
0x00007ffb374c0000 - 0x00007ffb375ff000 	C:\WINDOWS\System32\wintypes.dll
0x00007ffb34bc0000 - 0x00007ffb354cc000 	C:\WINDOWS\SYSTEM32\windows.storage.dll
0x00007ffb38e30000 - 0x00007ffb38f3a000 	C:\WINDOWS\System32\SHCORE.dll
0x00007ffb37cc0000 - 0x00007ffb37d1e000 	C:\WINDOWS\System32\shlwapi.dll
0x00007ffb36be0000 - 0x00007ffb36c0b000 	C:\WINDOWS\SYSTEM32\profapi.dll
0x00007ffb28a40000 - 0x00007ffb28a50000 	C:\Program Files\Android\Android Studio\jbr\bin\net.dll
0x00007ffb2ded0000 - 0x00007ffb2dffc000 	C:\WINDOWS\SYSTEM32\WINHTTP.dll
0x00007ffb36120000 - 0x00007ffb3618a000 	C:\WINDOWS\system32\mswsock.dll
0x00007ffb28250000 - 0x00007ffb28266000 	C:\Program Files\Android\Android Studio\jbr\bin\nio.dll
0x00007ffb280b0000 - 0x00007ffb280c0000 	C:\Program Files\Android\Android Studio\jbr\bin\verify.dll

dbghelp: loaded successfully - version: 4.0.5 - missing functions: none
symbol engine: initialized successfully - sym options: 0x614 - pdb path: .;C:\Program Files\Android\Android Studio\jbr\bin;C:\WINDOWS\SYSTEM32;C:\WINDOWS\WinSxS\amd64_microsoft.windows.common-controls_6595b64144ccf1df_6.0.22621.4830_none_270fe7d773858e80;C:\Program Files\Android\Android Studio\jbr\bin\server

VM Arguments:
java_command: org.jetbrains.kotlin.cli.jvm.K2JVMCompiler @C:\Users\Graphic\AndroidStudioProjects\NewsApplication\app\build\20250306_4316106252420244577.compiler.options
java_class_path (initial): C:\Users\Graphic\.gradle\caches\modules-2\files-2.1\org.jetbrains.kotlin\kotlin-compiler-embeddable\1.9.0\2c8c3a7402becca891f12739b3e9fd2dc2adbd7a\kotlin-compiler-embeddable-1.9.0.jar;C:\Users\Graphic\.gradle\caches\modules-2\files-2.1\org.jetbrains.kotlin\kotlin-stdlib\1.9.0\8ee15ef0c67dc83d874f412d84378d7f0eb50b63\kotlin-stdlib-1.9.0.jar;C:\Users\Graphic\.gradle\caches\modules-2\files-2.1\org.jetbrains.kotlin\kotlin-script-runtime\1.9.0\4b3102cbbb7e1b58d9d1adf89563f00069ffa7d1\kotlin-script-runtime-1.9.0.jar;C:\Users\Graphic\.gradle\caches\modules-2\files-2.1\org.jetbrains.kotlin\kotlin-reflect\1.6.10\1cbe9c92c12a94eea200d23c2bbaedaf3daf5132\kotlin-reflect-1.6.10.jar;C:\Users\Graphic\.gradle\caches\modules-2\files-2.1\org.jetbrains.kotlin\kotlin-daemon-embeddable\1.9.0\186543f5e28cf8d9a0290fecc2cf34301c40a65c\kotlin-daemon-embeddable-1.9.0.jar;C:\Users\Graphic\.gradle\caches\modules-2\files-2.1\org.jetbrains.intellij.deps\trove4j\1.0.20200330\3afb14d5f9ceb459d724e907a21145e8ff394f02\trove4j-1.0.20200330.jar;C:\Users\Graphic\.gradle\caches\modules-2\files-2.1\org.jetbrains.kotlin\kotlin-stdlib-common\1.9.0\cd65c21cfd1eec4d44ef09f9f52b6d9f8a720636\kotlin-stdlib-common-1.9.0.jar;C:\Users\Graphic\.gradle\caches\modules-2\files-2.1\org.jetbrains\annotations\13.0\919f0dfe192fb4e063e7dacadee7f8bb9a2672a9\annotations-13.0.jar
Launcher Type: SUN_STANDARD

[Global flags]
     intx CICompilerCount                          = 3                                         {product} {ergonomic}
     uint ConcGCThreads                            = 1                                         {product} {ergonomic}
     uint G1ConcRefinementThreads                  = 4                                         {product} {ergonomic}
   size_t G1HeapRegionSize                         = 1048576                                   {product} {ergonomic}
    uintx GCDrainStackTargetSize                   = 64                                        {product} {ergonomic}
   size_t InitialHeapSize                          = 62914560                                  {product} {ergonomic}
   size_t MarkStackSize                            = 4194304                                   {product} {ergonomic}
   size_t MaxHeapSize                              = 994050048                                 {product} {ergonomic}
   size_t MaxNewSize                               = 595591168                                 {product} {ergonomic}
   size_t MinHeapDeltaBytes                        = 1048576                                   {product} {ergonomic}
   size_t MinHeapSize                              = 8388608                                   {product} {ergonomic}
    uintx NonNMethodCodeHeapSize                   = 5832780                                {pd product} {ergonomic}
    uintx NonProfiledCodeHeapSize                  = 122912730                              {pd product} {ergonomic}
    uintx ProfiledCodeHeapSize                     = 122912730                              {pd product} {ergonomic}
    uintx ReservedCodeCacheSize                    = 251658240                              {pd product} {ergonomic}
     bool SegmentedCodeCache                       = true                                      {product} {ergonomic}
   size_t SoftMaxHeapSize                          = 994050048                              {manageable} {ergonomic}
     bool UseCompressedOops                        = true                           {product lp64_product} {ergonomic}
     bool UseG1GC                                  = true                                      {product} {ergonomic}
     bool UseLargePagesIndividualAllocation        = false                                  {pd product} {ergonomic}

Logging:
Log output configuration:
 #0: stdout all=warning uptime,level,tags foldmultilines=false
 #1: stderr all=off uptime,level,tags foldmultilines=false

Environment Variables:
PATH=C:\WINDOWS\system32;C:\WINDOWS;C:\WINDOWS\System32\Wbem;C:\WINDOWS\System32\WindowsPowerShell\v1.0\;C:\WINDOWS\System32\OpenSSH\;C:\msys64\mingw64\bin;C:\MinGW\bin;C:\Program Files (x86)\Microsoft SQL Server\160\Tools\Binn\;C:\Program Files\Microsoft SQL Server\160\Tools\Binn\;C:\Program Files\Microsoft SQL Server\Client SDK\ODBC\170\Tools\Binn\;C:\Program Files\Microsoft SQL Server\160\DTS\Binn\;C:\Program Files (x86)\Microsoft SQL Server\160\DTS\Binn\;C:\Program Files\Azure Data Studio\bin;C:\Program Files\Git\cmd;C:\Program Files (x86)\Windows Kits\10\Windows Performance Toolkit\;C:\Users\Graphic\AppData\Local\Programs\Python\Launcher\;C:\Users\Graphic\AppData\Local\Microsoft\WindowsApps;C:\Program Files\Azure Data Studio\bin;C:\Program Files\JetBrains\IntelliJ IDEA 2024.1\bin;;C:\Program Files\JetBrains\IntelliJ IDEA Community Edition 2024.1\bin;;C:\Users\Graphic\Downloads\dartsdk-windows-x64-release.zip\dart-sdk\bin;C:\Program Files\JetBrains\PyCharm 2024.3.3\bin;;C:\Program Files\JetBrains\PyCharm Community Edition 2024.3.3\bin;
USERNAME=Graphic
OS=Windows_NT
PROCESSOR_IDENTIFIER=Intel64 Family 6 Model 140 Stepping 1, GenuineIntel
TMP=C:\Users\Graphic\AppData\Local\Temp
TEMP=C:\Users\Graphic\AppData\Local\Temp




Periodic native trim disabled

JNI global refs:
JNI global refs: 10, weak refs: 4

JNI global refs memory usage: 835, weak refs: 833

Process memory usage:
Resident Set Size: 309452K (7% of 3881580K total physical memory with 263060K free physical memory)

OOME stack traces (most recent first):
Classloader memory used:
Loader jdk.internal.loader.ClassLoaders$AppClassLoader                                 : 73915K
Loader bootstrap                                                                       : 12996K

---------------  S Y S T E M  ---------------

OS:
 Windows 11 , 64 bit Build 22621 (10.0.22621.4974)
OS uptime: 8 days 4:42 hours
Hyper-V role detected

CPU: total 4 (initial active 4) (2 cores per cpu, 2 threads per core) family 6 model 140 stepping 1 microcode 0xa4, cx8, cmov, fxsr, ht, mmx, 3dnowpref, sse, sse2, sse3, ssse3, sse4.1, sse4.2, popcnt, lzcnt, tsc, tscinvbit, avx, avx2, aes, erms, clmul, bmi1, bmi2, adx, avx512f, avx512dq, avx512cd, avx512bw, avx512vl, sha, fma, vzeroupper, avx512_vpopcntdq, avx512_vpclmulqdq, avx512_vaes, avx512_vnni, clflush, clflushopt, clwb, avx512_vbmi2, avx512_vbmi, hv, rdtscp, rdpid, fsrm, gfni, avx512_bitalg, f16c, cet_ibt, cet_ss, avx512_ifma
Processor Information for all 4 processors :
  Max Mhz: 2995, Current Mhz: 2995, Mhz Limit: 2995

Memory: 4k page, system-wide physical 3790M (258M free)
TotalPageFile size 15566M (AvailPageFile size 12M)
current process WorkingSet (physical memory assigned to process): 302M, peak: 321M
current process commit charge ("private bytes"): 402M, peak: 404M

vm_info: OpenJDK 64-Bit Server VM (21.0.4+-12508038-b607.1) for windows-amd64 JRE (21.0.4+-12508038-b607.1), built on 2024-10-16T17:23:34Z by "builder" with MS VC++ 16.10 / 16.11 (VS2019)

END.
